[2016.01.07-01.03.44:621][  0]Log file open, 01/07/16 09:03:44
[2016.01.07-01.03.44:621][  0]LogInit:Display: Running engine for game: ExampleCollection10
[2016.01.07-01.03.44:621][  0]LogPlatformFile: Not using cached read wrapper
[2016.01.07-01.03.44:621][  0]LogInit:Display: RandInit(40124635) SRandInit(40124638).
[2016.01.07-01.03.44:621][  0]LogTaskGraph: Started task graph with 4 named threads and 7 total threads.
[2016.01.07-01.03.44:621][  0]LogStats: Stats thread started at 4.214306
[2016.01.07-01.03.44:621][  0]LogInit: Version: 4.10.1-2791327+++depot+UE4-Releases+4.10
[2016.01.07-01.03.44:621][  0]LogInit: API Version: 2758231
[2016.01.07-01.03.44:621][  0]LogInit: Compiled (64-bit): Dec  4 2015 19:44:40
[2016.01.07-01.03.44:621][  0]LogInit: Compiled with Visual C++: 19.00.23026.00
[2016.01.07-01.03.44:621][  0]LogInit: Build Configuration: Development
[2016.01.07-01.03.44:621][  0]LogInit: Branch Name: ++depot+UE4-Releases+4.10
[2016.01.07-01.03.44:621][  0]LogInit: Command line:  
[2016.01.07-01.03.44:621][  0]LogInit: Base directory: D:/Program Files/Epic Games/4.10/Engine/Binaries/Win64/
[2016.01.07-01.03.44:621][  0]LogInit: Rocket: 1
[2016.01.07-01.03.44:916][  0]LogInit: Using libcurl 7.41.0
[2016.01.07-01.03.44:916][  0]LogInit:  - built for x86_64-pc-win32
[2016.01.07-01.03.44:916][  0]LogInit:  - supports SSL with WinSSL
[2016.01.07-01.03.44:916][  0]LogInit:  - other features:
[2016.01.07-01.03.44:916][  0]LogInit:      CURL_VERSION_SSL
[2016.01.07-01.03.44:917][  0]LogInit:      CURL_VERSION_IPV6
[2016.01.07-01.03.44:917][  0]LogInit:      CURL_VERSION_ASYNCHDNS
[2016.01.07-01.03.44:917][  0]LogInit:      CURL_VERSION_LARGEFILE
[2016.01.07-01.03.44:917][  0]LogInit:      CURL_VERSION_IDN
[2016.01.07-01.03.44:917][  0]LogInit:  CurlRequestOptions (configurable via config and command line):
[2016.01.07-01.03.44:917][  0]LogInit:  - bVerifyPeer = true  - Libcurl will verify peer certificate
[2016.01.07-01.03.44:917][  0]LogInit:  - bUseHttpProxy = false  - Libcurl will NOT use HTTP proxy
[2016.01.07-01.03.44:917][  0]LogInit:  - bDontReuseConnections = false  - Libcurl will reuse connections
[2016.01.07-01.03.44:917][  0]LogInit:  - CertBundlePath = nullptr  - Libcurl will use whatever was configured at build time.
[2016.01.07-01.03.45:071][  0]LogInit: Presizing for 0 objects not considered by GC, pre-allocating 0 bytes.
[2016.01.07-01.03.45:159][  0]LogInit: Object subsystem initialized
[2016.01.07-01.03.45:246][  0]LogInit: Selected Device Profile: [Windows]
[2016.01.07-01.03.45:246][  0]LogInit: Applying CVar settings loaded from the selected device profile: [Windows]
[2016.01.07-01.03.45:338][  0]LogInit: Computer: PLAN-CHENXINGHU
[2016.01.07-01.03.45:338][  0]LogInit: User: chenxinghui
[2016.01.07-01.03.45:338][  0]LogInit: CPU Page size=4096, Cores=4
[2016.01.07-01.03.45:338][  0]LogInit: High frequency timer resolution =3.117822 MHz
[2016.01.07-01.03.45:338][  0]LogMemory: Memory total: Physical=7.9GB (8GB approx)
[2016.01.07-01.03.45:348][  0]LogMemory: Platform Memory Stats for Windows
[2016.01.07-01.03.45:348][  0]LogMemory: Process Physical Memory: 56.44 MB used, 56.44 MB peak
[2016.01.07-01.03.45:348][  0]LogMemory: Process Virtual Memory: 57.81 MB used, 57.81 MB peak
[2016.01.07-01.03.45:348][  0]LogMemory: Physical Memory: 3424.46 MB used, 8130.04 MB total
[2016.01.07-01.03.45:348][  0]LogMemory: Virtual Memory: 351.46 MB used, 8388608.00 MB total
[2016.01.07-01.03.48:384][  0]LogD3D11RHI: Found D3D11 adapter 0: NVIDIA GeForce GTX 660   (Feature Level 11_0)
[2016.01.07-01.03.48:384][  0]LogD3D11RHI: Adapter has 1989MB of dedicated video memory, 0MB of dedicated system memory, and 2048MB of shared system memory, 2 output[s]
[2016.01.07-01.03.48:384][  0]LogD3D11RHI: Chosen D3D11 Adapter Id = 0
[2016.01.07-01.03.48:449][  0]LogD3D11RHI: !Direct3DDevice
[2016.01.07-01.03.48:449][  0]LogRHI: Texture pool is 1361 MB (70% of 1945 MB)
[2016.01.07-01.03.48:459][  0]LogD3D11RHI: Async texture creation enabled
[2016.01.07-01.03.48:709][  0]LogShaderCompilers: Guid format shader working directory is 8 characters bigger than the processId version (E:/Unreal Work Space/ExampleCollection10/Intermediate/Shaders/WorkingDirectory/10588/).
[2016.01.07-01.03.48:710][  0]LogShaderCompilers: Cleaned the shader compiler working directory 'C:/Users/CHENXI~1/AppData/Local/Temp/UnrealShaderWorkingDir/D41BCA4D43862B3C3109A381F5211944/'.
[2016.01.07-01.03.48:710][  0]LogShaderCompilers:Display: Using Local Shader Compiler.
[2016.01.07-01.04.03:097][  0]LogTemp:Display: Loaded TP AllDesktopTargetPlatform
[2016.01.07-01.04.03:112][  0]LogTemp:Display: Loaded TP WindowsClientTargetPlatform
[2016.01.07-01.04.03:124][  0]LogTemp:Display: Loaded TP WindowsNoEditorTargetPlatform
[2016.01.07-01.04.03:137][  0]LogTemp:Display: Loaded TP WindowsServerTargetPlatform
[2016.01.07-01.04.03:167][  0]LogTemp:Display: Loaded TP WindowsTargetPlatform
[2016.01.07-01.04.03:216][  0]LogTemp:Display: Loaded TP AndroidTargetPlatform
[2016.01.07-01.04.03:223][  0]LogTemp:Display: Loaded TP Android_ASTCTargetPlatform
[2016.01.07-01.04.03:270][  0]LogTemp:Display: Loaded TP Android_ATCTargetPlatform
[2016.01.07-01.04.03:312][  0]LogTemp:Display: Loaded TP Android_DXTTargetPlatform
[2016.01.07-01.04.03:352][  0]LogTemp:Display: Loaded TP Android_ETC1TargetPlatform
[2016.01.07-01.04.03:390][  0]LogTemp:Display: Loaded TP Android_ETC2TargetPlatform
[2016.01.07-01.04.03:458][  0]LogTemp:Display: Loaded TP Android_MultiTargetPlatform
[2016.01.07-01.04.03:459][  0]LogTemp:Display: Loaded TP Android_PVRTCTargetPlatform
[2016.01.07-01.04.03:461][  0]LogTemp:Display: Loaded TP HTML5TargetPlatform
[2016.01.07-01.04.03:787][  0]LogTemp:Display: Loaded TP IOSTargetPlatform
[2016.01.07-01.04.03:811][  0]LogTemp:Display: Loaded TP LinuxNoEditorTargetPlatform
[2016.01.07-01.04.03:841][  0]LogTemp:Display: Loaded TP LinuxServerTargetPlatform
[2016.01.07-01.04.03:895][  0]LogTemp:Display: Loaded TP LinuxTargetPlatform
[2016.01.07-01.04.03:895][  0]LogTargetPlatformManager:Display: Building Assets For Windows
[2016.01.07-01.04.07:085][  0]LogDerivedDataCache:Display: Max Cache Size: 512 MB
[2016.01.07-01.04.12:705][  0]LogDerivedDataCache: Loaded boot cache 5.59s 41MB C:/Users/chenxinghui/AppData/Local/UnrealEngine/4.10/DerivedDataCache/Boot.ddc.
[2016.01.07-01.04.12:705][  0]LogDerivedDataCache:Display: Loaded Boot cache: C:/Users/chenxinghui/AppData/Local/UnrealEngine/4.10/DerivedDataCache/Boot.ddc
[2016.01.07-01.04.12:705][  0]LogDerivedDataCache: FDerivedDataBackendGraph:  Pak pak cache file E:/Unreal Work Space/ExampleCollection10/DerivedDataCache/DDC.ddp not found, will not use a pak cache.
[2016.01.07-01.04.12:705][  0]LogDerivedDataCache: Unable to find inner node Pak for hierarchical cache Hierarchy.
[2016.01.07-01.04.12:706][  0]LogDerivedDataCache: FDerivedDataBackendGraph:  CompressedPak pak cache file E:/Unreal Work Space/ExampleCollection10/DerivedDataCache/Compressed.ddp not found, will not use a pak cache.
[2016.01.07-01.04.12:706][  0]LogDerivedDataCache: Unable to find inner node CompressedPak for hierarchical cache Hierarchy.
[2016.01.07-01.04.12:830][  0]LogDerivedDataCache:Display: Pak cache opened for reading ../../../Engine/DerivedDataCache/Compressed.ddp.
[2016.01.07-01.04.12:842][  0]LogDerivedDataCache: Using Local data cache path C:/Users/chenxinghui/AppData/Local/UnrealEngine/Common/DerivedDataCache: Writable
[2016.01.07-01.04.46:858][  0]LogInit: Selected Device Profile: [Windows]
[2016.01.07-01.04.46:901][  0]LogContentStreaming: Texture pool size is 0.000000MB
[2016.01.07-01.04.48:533][  0]LogMeshUtilities: No automatic mesh reduction module available
[2016.01.07-01.04.48:533][  0]LogMeshUtilities: No automatic mesh merging module available
[2016.01.07-01.04.54:250][  0]LogInit: WinSock: version 1.1 (2.2), MaxSocks=32767, MaxUdp=65467
[2016.01.07-01.05.08:181][  0]UdpMessaging: Initializing bridge on interface 0.0.0.0:0 to multicast group 230.0.0.1:6666.
[2016.01.07-01.05.09:029][  0]LogAssetRegistry: FAssetRegistry took 0.0110 seconds to start up
[2016.01.07-01.05.12:007][  0]SourceControl: Info Source control is disabled
[2016.01.07-01.05.12:008][  0]SourceControl: Info Source control is disabled
[2016.01.07-01.05.12:060][  0]SourceControl: Info Source control is disabled
[2016.01.07-01.05.12:102][  0]SourceControl: Info Source control is disabled
[2016.01.07-01.05.13:329][  0]LogObj: 28633 objects as part of root set at end of initial load.
[2016.01.07-01.05.13:329][  0]LogUObjectAllocator: 6099744 out of 0 bytes used by permanent object pool.
[2016.01.07-01.05.14:127][  0]LogEngine: Initializing Engine...
[2016.01.07-01.05.14:157][  0]LogHMD: Can't find Oculus library dev build: is proper Runtime installed? Version: 0.8.0.0
[2016.01.07-01.05.14:244][  0]LogHMD: SteamVR failed to initialize.  Err: 110
[2016.01.07-01.05.15:218][  0]LogAIModule: Creating AISystem for world NewWorld
[2016.01.07-01.05.15:489][  0]LogInit: XAudio2 using '扬声器 (Realtek High Definition Audio)' : 2 channels at 48 kHz using 32 bits per sample (channel mask 0x3)
[2016.01.07-01.05.15:717][  0]LogInit: FAudioDevice initialized.
[2016.01.07-01.05.15:745][  0]LogDerivedDataCache: Saved boot cache 0.03s 41MB C:/Users/chenxinghui/AppData/Local/UnrealEngine/4.10/DerivedDataCache/Boot.ddc.
[2016.01.07-01.05.15:751][  0]LogInit: Texture streaming: Enabled
[2016.01.07-01.05.15:813][  0]LogAnalytics: Creating configured Analytics provider AnalyticsET
[2016.01.07-01.05.15:813][  0]LogAnalytics: [UEEditor.Rocket.Release] APIServer = http://et2.epicgames.com/ET2/. AppVersion = 4.10.1-2791327+++depot+UE4-Releases+4.10
[2016.01.07-01.05.15:814][  0]LogAnalytics: [UEEditor.Rocket.Release] SetUserId fcc8beb743eb3f315b3205bc8f91fbb8|ecc15fb7c1f4439e807eef072eca5f98|c014cd18-b694-4710-a8b7-958888126c98
[2016.01.07-01.05.15:829][  0]LogAnalytics: [UEEditor.Rocket.Release] AnalyticsET::StartSession
[2016.01.07-01.05.16:518][  0]LogInit: Transaction tracking system initialized
[2016.01.07-01.05.17:884][  0]BlueprintLog: New page: Editor Load
[2016.01.07-01.05.20:177][  0]LocalizationService: Info Localization service is disabled
[2016.01.07-01.05.21:024][  0]LogConsoleResponse:Display: 
[2016.01.07-01.05.25:306][  0]LogFileCache: Scanning file cache for directory 'E:/Unreal Work Space/ExampleCollection10/Content/' took 0.01s
[2016.01.07-01.05.25:306][  0]LogCook:Display: Done creating registry. It took  0.00s.
[2016.01.07-01.05.26:650][  0]SourceControl: Info Source control is disabled
[2016.01.07-01.05.26:680][  0]Cmd: MAP LOAD FILE="E:/Unreal Work Space/ExampleCollection10/Content/ThirdPersonBP/Maps/ThirdPersonExampleMap.umap" TEMPLATE=0 SHOWPROGRESS=1 FEATURELEVEL=3
[2016.01.07-01.05.26:708][  0]LightingResults: New page: Lighting Build
[2016.01.07-01.05.27:036][  0]MapCheck: New page: Map Check
[2016.01.07-01.05.27:036][  0]LightingResults: New page: Lighting Build
[2016.01.07-01.05.27:568][  0]LogParticles: Destroying 0 GPU particle simulations for FXSystem 0x0000000023F82AC0
[2016.01.07-01.05.32:041][  0]LogAIModule: Creating AISystem for world ThirdPersonExampleMap
[2016.01.07-01.05.33:761][  0]LogEditorServer: Finished looking for orphan Actors (0.006 secs)
[2016.01.07-01.05.33:818][  0]Cmd: MAP CHECKDEP NOCLEARLOG
[2016.01.07-01.05.33:935][  0]MapCheck: Info Map check complete: 0 Error(s), 0 Warning(s), took 116.715ms to complete.
[2016.01.07-01.05.33:935][  0]LogFileHelpers: Loading map 'ThirdPersonExampleMap' took 7.266
[2016.01.07-01.05.35:778][  0]LogCollectionManager: Loaded 0 collections in 0.002440 seconds
[2016.01.07-01.05.35:918][  0]LogFileCache: Scanning file cache for directory 'E:/Unreal Work Space/ExampleCollection10/Saved/Collections/' took 0.01s
[2016.01.07-01.05.35:918][  0]LogFileCache: Scanning file cache for directory 'E:/Unreal Work Space/ExampleCollection10/Content/Developers/chenxinghui/Collections/' took 0.01s
[2016.01.07-01.05.35:918][  0]LogFileCache: Scanning file cache for directory 'E:/Unreal Work Space/ExampleCollection10/Content/Collections/' took 0.01s
[2016.01.07-01.05.35:918][  0]LogCollectionManager: Rebuilt the GUID cache for 0 collections in 0.000011 seconds
[2016.01.07-01.05.35:987][  0]LogContentBrowser: Native class hierarchy populated in 0.0355 seconds. Added 1893 classes and 338 folders.
[2016.01.07-01.05.36:036][  0]LogContentBrowser: Native class hierarchy updated for 'WidgetCarousel' in 0.0005 seconds. Added 0 classes and 0 folders.
[2016.01.07-01.05.36:758][  0]LogContentBrowser: Native class hierarchy updated for 'AddContentDialog' in 0.0003 seconds. Added 0 classes and 0 folders.
[2016.01.07-01.05.36:887][  0]LogContentBrowser: Native class hierarchy updated for 'SceneOutliner' in 0.0011 seconds. Added 1 classes and 2 folders.
[2016.01.07-01.05.37:440][  0]LogCrashTracker: Crashtracker disabled due to settings.
[2016.01.07-01.05.37:698][  0]LogUObjectGlobals:Warning: Failed to find object 'Class None.'
[2016.01.07-01.05.37:757][  0]LogLoad: Full Startup: 122.02 seconds (BP compile: 0.94 seconds)
[2016.01.07-01.05.38:096][  0]LogOcInput: Can't find Oculus library dev build: is proper Runtime installed? Version: 0.8.0.0
[2016.01.07-01.05.38:808][  0]LogContentStreaming: Texture pool size now 1000 MB
[2016.01.07-01.05.40:083][  0]LogRenderer: Reallocating scene render targets to support 824x580 (Frame:2).
[2016.01.07-01.05.42:868][  7]LogAssetRegistry: Asset discovery search completed in 33.8511 seconds
[2016.01.07-01.05.42:901][  7]LogCollectionManager: Rebuilt the object cache for 0 collections in 0.000001 seconds (found 0 objects)
[2016.01.07-01.05.42:901][  7]LogCollectionManager: Fixed up redirectors for 0 collections in 0.017571 seconds (updated 0 objects)
[2016.01.07-01.06.08:601][828]LogEditorViewport: Clicking on Actor (LMB): StaticMeshActor (Floor)
[2016.01.07-01.06.32:131][478]LogEditorViewport: Clicking on Actor (LMB): StaticMeshActor (Ramp_StaticMesh)
[2016.01.07-01.06.33:658][639]LogEditorViewport: Clicking on Actor (LMB): StaticMeshActor (Floor)
[2016.01.07-01.07.34:295][372]Cmd: QUIT_EDITOR
[2016.01.07-01.07.34:661][372]LogExit: Preparing to exit.
[2016.01.07-01.07.36:185][372]LogExit: Editor shut down
[2016.01.07-01.07.36:186][372]LogExit: Transaction tracking system shut down
[2016.01.07-01.07.36:695][372]LogParticles: Destroying 0 GPU particle simulations for FXSystem 0x0000000011D1FD80
[2016.01.07-01.07.36:696][372]LogParticles: Destroying 0 GPU particle simulations for FXSystem 0x0000000033C61260
[2016.01.07-01.07.36:696][372]LogParticles: Destroying 0 GPU particle simulations for FXSystem 0x0000000034556700
[2016.01.07-01.07.36:696][372]LogParticles: Destroying 0 GPU particle simulations for FXSystem 0x0000000050275940
[2016.01.07-01.07.38:976][372]LogExit: Object subsystem successfully closed.
[2016.01.07-01.07.39:532][372]LogD3D11RHI: Shutdown
[2016.01.07-01.07.39:532][372]LogD3D11RHI: CleanupD3DDevice
[2016.01.07-01.07.39:669][372]LogD3D11RHI: ~FD3D11DynamicRHI
[2016.01.07-01.07.40:555][372]LogModuleManager: Shutting down and abandoning module CrashTracker (198)
[2016.01.07-01.07.40:555][372]LogModuleManager: Shutting down and abandoning module SceneOutliner (197)
[2016.01.07-01.07.40:555][372]LogModuleManager: Shutting down and abandoning module SuperSearch (196)
[2016.01.07-01.07.40:555][372]LogModuleManager: Shutting down and abandoning module WidgetCarousel (195)
[2016.01.07-01.07.40:555][372]LogModuleManager: Shutting down and abandoning module AddContentDialog (194)
[2016.01.07-01.07.40:556][372]LogModuleManager: Shutting down and abandoning module EditorWidgets (193)
[2016.01.07-01.07.40:556][372]LogModuleManager: Shutting down and abandoning module CollectionManager (192)
[2016.01.07-01.07.40:556][372]LogModuleManager: Shutting down and abandoning module StatsViewer (191)
[2016.01.07-01.07.40:556][372]LogModuleManager: Shutting down and abandoning module FoliageEdit (190)
[2016.01.07-01.07.40:556][372]LogModuleManager: Shutting down and abandoning module LandscapeEditor (189)
[2016.01.07-01.07.40:608][372]LogModuleManager: Shutting down and abandoning module ActorPickerMode (188)
[2016.01.07-01.07.40:608][372]LogModuleManager: Shutting down and abandoning module GeometryMode (187)
[2016.01.07-01.07.40:608][372]LogModuleManager: Shutting down and abandoning module TextureAlignMode (186)
[2016.01.07-01.07.40:608][372]LogModuleManager: Shutting down and abandoning module BspMode (185)
[2016.01.07-01.07.40:608][372]LogModuleManager: Shutting down and abandoning module PlacementMode (184)
[2016.01.07-01.07.40:608][372]LogModuleManager: Shutting down and abandoning module AutomationWorker (183)
[2016.01.07-01.07.40:608][372]LogModuleManager: Shutting down and abandoning module CharacterAI (182)
[2016.01.07-01.07.40:608][372]LogModuleManager: Shutting down and abandoning module SmartSnapping (181)
[2016.01.07-01.07.40:608][372]LogModuleManager: Shutting down and abandoning module ViewportSnapping (180)
[2016.01.07-01.07.40:608][372]LogModuleManager: Shutting down and abandoning module LogVisualizer (179)
[2016.01.07-01.07.40:608][372]LogModuleManager: Shutting down and abandoning module GameProjectGeneration (178)
[2016.01.07-01.07.40:659][372]LogModuleManager: Shutting down and abandoning module IntroTutorials (177)
[2016.01.07-01.07.40:660][372]LogModuleManager: Shutting down and abandoning module EditorLiveStreaming (176)
[2016.01.07-01.07.40:660][372]LogModuleManager: Shutting down and abandoning module IOSPlatformEditor (175)
[2016.01.07-01.07.40:660][372]LogModuleManager: Shutting down and abandoning module HTML5PlatformEditor (174)
[2016.01.07-01.07.40:660][372]LogModuleManager: Shutting down and abandoning module AndroidDeviceDetection (173)
[2016.01.07-01.07.41:441][372]LogModuleManager: Shutting down and abandoning module AndroidPlatformEditor (172)
[2016.01.07-01.07.41:441][372]LogModuleManager: Shutting down and abandoning module IOSRuntimeSettings (171)
[2016.01.07-01.07.41:441][372]LogModuleManager: Shutting down and abandoning module AndroidRuntimeSettings (170)
[2016.01.07-01.07.41:441][372]LogModuleManager: Shutting down and abandoning module MergeActors (169)
[2016.01.07-01.07.41:441][372]LogModuleManager: Shutting down and abandoning module SizeMap (168)
[2016.01.07-01.07.41:441][372]LogModuleManager: Shutting down and abandoning module TreeMap (167)
[2016.01.07-01.07.41:441][372]LogModuleManager: Shutting down and abandoning module ReferenceViewer (166)
[2016.01.07-01.07.41:441][372]LogModuleManager: Shutting down and abandoning module LocalizationService (165)
[2016.01.07-01.07.41:441][372]LogModuleManager: Shutting down and abandoning module LocalizationDashboard (164)
[2016.01.07-01.07.41:456][372]LogModuleManager: Shutting down and abandoning module HardwareTargeting (163)
[2016.01.07-01.07.41:456][372]LogModuleManager: Shutting down and abandoning module DeviceProfileEditor (162)
[2016.01.07-01.07.41:456][372]LogModuleManager: Shutting down and abandoning module UndoHistory (161)
[2016.01.07-01.07.41:456][372]LogModuleManager: Shutting down and abandoning module GameplayTagsEditor (160)
[2016.01.07-01.07.41:456][372]LogModuleManager: Shutting down and abandoning module UserFeedback (159)
[2016.01.07-01.07.41:456][372]LogModuleManager: Shutting down and abandoning module XmlParser (158)
[2016.01.07-01.07.41:456][372]LogModuleManager: Shutting down and abandoning module Blutility (157)
[2016.01.07-01.07.41:456][372]LogModuleManager: Shutting down and abandoning module ProjectTargetPlatformEditor (156)
[2016.01.07-01.07.41:456][372]LogModuleManager: Shutting down and abandoning module ProjectSettingsViewer (155)
[2016.01.07-01.07.41:456][372]LogModuleManager: Shutting down and abandoning module InputBindingEditor (154)
[2016.01.07-01.07.41:456][372]LogModuleManager: Shutting down and abandoning module EditorSettingsViewer (153)
[2016.01.07-01.07.41:456][372]LogModuleManager: Shutting down and abandoning module SettingsEditor (152)
[2016.01.07-01.07.41:456][372]LogModuleManager: Shutting down and abandoning module ProjectLauncher (151)
[2016.01.07-01.07.41:480][372]LogModuleManager: Shutting down and abandoning module SessionFrontend (150)
[2016.01.07-01.07.41:480][372]LogModuleManager: Shutting down and abandoning module ProfilerClient (149)
[2016.01.07-01.07.41:500][372]LogModuleManager: Shutting down and abandoning module TargetDeviceServices (148)
[2016.01.07-01.07.41:500][372]LogModuleManager: Shutting down and abandoning module DeviceManager (147)
[2016.01.07-01.07.41:500][372]LogModuleManager: Shutting down and abandoning module AutomationController (146)
[2016.01.07-01.07.41:500][372]LogModuleManager: Shutting down and abandoning module AutomationWindow (145)
[2016.01.07-01.07.41:522][372]LogModuleManager: Shutting down and abandoning module Layers (144)
[2016.01.07-01.07.41:547][372]LogModuleManager: Shutting down and abandoning module ComponentVisualizers (143)
[2016.01.07-01.07.41:547][372]LogModuleManager: Shutting down and abandoning module DetailCustomizations (142)
[2016.01.07-01.07.41:547][372]LogModuleManager: Shutting down and abandoning module PackagesDialog (141)
[2016.01.07-01.07.41:547][372]LogModuleManager: Shutting down and abandoning module Persona (140)
[2016.01.07-01.07.41:567][372]LogModuleManager: Shutting down and abandoning module Kismet (139)
[2016.01.07-01.07.41:567][372]LogModuleManager: Shutting down and abandoning module GraphEditor (138)
[2016.01.07-01.07.41:609][372]LogModuleManager: Shutting down and abandoning module ClassViewer (137)
[2016.01.07-01.07.41:609][372]LogModuleManager: Shutting down and abandoning module Toolbox (136)
[2016.01.07-01.07.41:609][372]LogModuleManager: Shutting down and abandoning module ModuleUI (135)
[2016.01.07-01.07.41:626][372]LogModuleManager: Shutting down and abandoning module MovieSceneTools (134)
[2016.01.07-01.07.41:637][372]LogModuleManager: Shutting down and abandoning module OutputLog (133)
[2016.01.07-01.07.41:637][372]LogModuleManager: Shutting down and abandoning module GammaUI (132)
[2016.01.07-01.07.41:663][372]LogModuleManager: Shutting down and abandoning module Documentation (131)
[2016.01.07-01.07.41:663][372]LogModuleManager: Shutting down and abandoning module GameLiveStreaming (130)
[2016.01.07-01.07.41:663][372]LogModuleManager: Shutting down and abandoning module StreamingPauseRendering (129)
[2016.01.07-01.07.41:663][372]LogModuleManager: Shutting down and abandoning module AnalyticsET (128)
[2016.01.07-01.07.41:663][372]LogModuleManager: Shutting down and abandoning module Analytics (127)
[2016.01.07-01.07.41:663][372]LogModuleManager: Shutting down and abandoning module AITestSuite (126)
[2016.01.07-01.07.41:663][372]LogModuleManager: Shutting down and abandoning module GameplayDebugger (125)
[2016.01.07-01.07.41:663][372]LogModuleManager: Shutting down and abandoning module AIModule (124)
[2016.01.07-01.07.41:663][372]LogModuleManager: Shutting down and abandoning module ProfilerService (123)
[2016.01.07-01.07.41:711][372]LogModuleManager: Shutting down and abandoning module TaskGraph (122)
[2016.01.07-01.07.41:721][372]LogModuleManager: Shutting down and abandoning module SlateRemote (121)
[2016.01.07-01.07.41:721][372]LogModuleManager: Shutting down and abandoning module SteamVRController (120)
[2016.01.07-01.07.41:721][372]LogModuleManager: Shutting down and abandoning module SteamVR (119)
[2016.01.07-01.07.41:721][372]LogModuleManager: Shutting down and abandoning module ProceduralMeshComponent (118)
[2016.01.07-01.07.41:721][372]LogModuleManager: Shutting down and abandoning module OculusLibrary (117)
[2016.01.07-01.07.41:721][372]LogModuleManager: Shutting down and abandoning module OculusInput (116)
[2016.01.07-01.07.41:721][372]LogModuleManager: Shutting down and abandoning module LeapMotionController (115)
[2016.01.07-01.07.41:729][372]LogModuleManager: Shutting down and abandoning module CustomMeshComponent (114)
[2016.01.07-01.07.41:730][372]LogModuleManager: Shutting down and abandoning module CableComponent (113)
[2016.01.07-01.07.41:730][372]LogModuleManager: Shutting down and abandoning module ArchVisCharacter (112)
[2016.01.07-01.07.41:730][372]LogModuleManager: Shutting down and abandoning module MessagingDebugger (111)
[2016.01.07-01.07.41:742][372]LogModuleManager: Shutting down and abandoning module MediaPlayerEditor (110)
[2016.01.07-01.07.41:749][372]LogModuleManager: Shutting down and abandoning module HTML5Networking (109)
[2016.01.07-01.07.41:749][372]LogModuleManager: Shutting down and abandoning module SpeedTreeImporter (108)
[2016.01.07-01.07.41:749][372]LogModuleManager: Shutting down and abandoning module PluginBrowser (107)
[2016.01.07-01.07.41:761][372]LogModuleManager: Shutting down and abandoning module EpicSurvey (106)
[2016.01.07-01.07.41:761][372]LogModuleManager: Shutting down and abandoning module DesktopPlatform (105)
[2016.01.07-01.07.41:769][372]LogModuleManager: Shutting down and abandoning module VisualStudioSourceCodeAccess (104)
[2016.01.07-01.07.41:769][372]LogModuleManager: Shutting down and abandoning module UObjectPlugin (103)
[2016.01.07-01.07.41:769][372]LogModuleManager: Shutting down and abandoning module SubversionSourceControl (102)
[2016.01.07-01.07.41:769][372]LogModuleManager: Shutting down and abandoning module PerforceSourceControl (101)
[2016.01.07-01.07.41:769][372]LogModuleManager: Shutting down and abandoning module SourceControl (100)
[2016.01.07-01.07.41:780][372]LogModuleManager: Shutting down and abandoning module GitSourceControl (99)
[2016.01.07-01.07.41:780][372]LogModuleManager: Shutting down and abandoning module LightPropagationVolumeEditor (98)
[2016.01.07-01.07.41:780][372]LogModuleManager: Shutting down and abandoning module PaperTiledImporter (97)
[2016.01.07-01.07.41:780][372]LogModuleManager: Shutting down and abandoning module PaperSpriteSheetImporter (96)
[2016.01.07-01.07.41:780][372]LogModuleManager: Shutting down and abandoning module MeshPaint (95)
[2016.01.07-01.07.41:780][372]LogModuleManager: Shutting down and abandoning module SlateReflector (94)
[2016.01.07-01.07.41:791][372]LogModuleManager: Shutting down and abandoning module HotReload (93)
[2016.01.07-01.07.41:791][372]LogModuleManager: Shutting down and abandoning module MainFrame (92)
[2016.01.07-01.07.41:791][372]LogModuleManager: Shutting down and abandoning module LevelEditor (91)
[2016.01.07-01.07.41:792][372]LogModuleManager: Shutting down and abandoning module DirectoryWatcher (90)
[2016.01.07-01.07.41:792][372]LogModuleManager: Shutting down and abandoning module AssetRegistry (89)
[2016.01.07-01.07.41:860][372]LogModuleManager: Shutting down and abandoning module ContentBrowser (88)
[2016.01.07-01.07.41:861][372]LogModuleManager: Shutting down and abandoning module Paper2DEditor (87)
[2016.01.07-01.07.41:861][372]LogModuleManager: Shutting down and abandoning module UdpMessaging (86)
[2016.01.07-01.07.41:961][372]LogModuleManager: Shutting down and abandoning module LightPropagationVolumeRuntime (85)
[2016.01.07-01.07.41:961][372]LogModuleManager: Shutting down and abandoning module Paper2D (84)
[2016.01.07-01.07.41:961][372]LogModuleManager: Shutting down and abandoning module WindowsMoviePlayer (83)
[2016.01.07-01.07.41:963][372]LogModuleManager: Shutting down and abandoning module Media (82)
[2016.01.07-01.07.41:963][372]LogModuleManager: Shutting down and abandoning module WmfMedia (81)
[2016.01.07-01.07.41:984][372]LogModuleManager: Shutting down and abandoning module OnlineBlueprintSupport (80)
[2016.01.07-01.07.41:984][372]LogModuleManager: Shutting down and abandoning module GameplayTasksEditor (79)
[2016.01.07-01.07.41:984][372]LogModuleManager: Shutting down and abandoning module PropertyEditor (78)
[2016.01.07-01.07.41:984][372]LogModuleManager: Shutting down and abandoning module BehaviorTreeEditor (77)
[2016.01.07-01.07.42:012][372]LogModuleManager: Shutting down and abandoning module FunctionalTesting (76)
[2016.01.07-01.07.42:012][372]LogModuleManager: Shutting down and abandoning module CollisionAnalyzer (75)
[2016.01.07-01.07.42:012][372]LogModuleManager: Shutting down and abandoning module WorkspaceMenuStructure (74)
[2016.01.07-01.07.42:012][372]LogModuleManager: Shutting down and abandoning module MessageLog (73)
[2016.01.07-01.07.42:012][372]LogModuleManager: Shutting down and abandoning module Sequencer (72)
[2016.01.07-01.07.42:032][372]LogModuleManager: Shutting down and abandoning module AssetTools (71)
[2016.01.07-01.07.42:050][372]LogModuleManager: Shutting down and abandoning module UMGEditor (70)
[2016.01.07-01.07.42:072][372]LogModuleManager: Shutting down and abandoning module UMG (69)
[2016.01.07-01.07.42:090][372]LogModuleManager: Shutting down and abandoning module Slate (68)
[2016.01.07-01.07.42:090][372]LogModuleManager: Shutting down and abandoning module EditorStyle (67)
[2016.01.07-01.07.42:091][372]LogModuleManager: Shutting down and abandoning module SessionServices (66)
[2016.01.07-01.07.42:091][372]LogModuleManager: Shutting down and abandoning module SourceCodeAccess (65)
[2016.01.07-01.07.42:091][372]LogModuleManager: Shutting down and abandoning module HeadMountedDisplay (64)
[2016.01.07-01.07.42:092][372]LogModuleManager: Shutting down and abandoning module XAudio2 (63)
[2016.01.07-01.07.42:092][372]LogModuleManager: Shutting down and abandoning module Networking (61)
[2016.01.07-01.07.42:092][372]LogModuleManager: Shutting down and abandoning module Core (60)
[2016.01.07-01.07.42:092][372]LogModuleManager: Shutting down and abandoning module KismetCompiler (59)
[2016.01.07-01.07.42:092][372]LogModuleManager: Shutting down and abandoning module PhysXFormats (58)
[2016.01.07-01.07.42:092][372]LogModuleManager: Shutting down and abandoning module MeshUtilities (57)
[2016.01.07-01.07.42:118][372]LogModuleManager: Shutting down and abandoning module DerivedDataCache (56)
[2016.01.07-01.07.42:146][372]LogDerivedDataCache: Shutdown
[2016.01.07-01.07.42:146][372]LogModuleManager: Shutting down and abandoning module ShaderFormatOpenGL (55)
[2016.01.07-01.07.42:198][372]LogModuleManager: Shutting down and abandoning module ShaderFormatD3D (54)
[2016.01.07-01.07.42:198][372]LogModuleManager: Shutting down and abandoning module MetalShaderFormat (53)
[2016.01.07-01.07.42:218][372]LogModuleManager: Shutting down and abandoning module TextureFormatUncompressed (52)
[2016.01.07-01.07.42:218][372]LogModuleManager: Shutting down and abandoning module TextureFormatPVR (51)
[2016.01.07-01.07.42:218][372]LogModuleManager: Shutting down and abandoning module TextureFormatIntelISPCTexComp (50)
[2016.01.07-01.07.42:218][372]LogModuleManager: Shutting down and abandoning module TextureFormatDXT (49)
[2016.01.07-01.07.42:218][372]LogModuleManager: Shutting down and abandoning module ImageWrapper (48)
[2016.01.07-01.07.42:218][372]LogModuleManager: Shutting down and abandoning module TextureFormatASTC (47)
[2016.01.07-01.07.42:218][372]LogModuleManager: Shutting down and abandoning module TextureFormatAndroid (46)
[2016.01.07-01.07.42:218][372]LogModuleManager: Shutting down and abandoning module AudioFormatOpus (45)
[2016.01.07-01.07.42:218][372]LogModuleManager: Shutting down and abandoning module AudioFormatOgg (44)
[2016.01.07-01.07.42:218][372]LogModuleManager: Shutting down and abandoning module AudioFormatADPCM (43)
[2016.01.07-01.07.42:218][372]LogModuleManager: Shutting down and abandoning module LinuxTargetPlatform (42)
[2016.01.07-01.07.42:218][372]LogModuleManager: Shutting down and abandoning module LinuxServerTargetPlatform (41)
[2016.01.07-01.07.42:218][372]LogModuleManager: Shutting down and abandoning module LinuxNoEditorTargetPlatform (40)
[2016.01.07-01.07.42:218][372]LogModuleManager: Shutting down and abandoning module Messaging (39)
[2016.01.07-01.07.42:218][372]LogModuleManager: Shutting down and abandoning module IOSTargetPlatform (38)
[2016.01.07-01.07.42:218][372]LogModuleManager: Shutting down and abandoning module HTML5TargetPlatform (37)
[2016.01.07-01.07.42:218][372]LogModuleManager: Shutting down and abandoning module Android_PVRTCTargetPlatform (36)
[2016.01.07-01.07.42:218][372]LogModuleManager: Shutting down and abandoning module Android_MultiTargetPlatform (35)
[2016.01.07-01.07.42:218][372]LogModuleManager: Shutting down and abandoning module Android_ETC2TargetPlatform (34)
[2016.01.07-01.07.42:218][372]LogModuleManager: Shutting down and abandoning module Android_ETC1TargetPlatform (33)
[2016.01.07-01.07.42:218][372]LogModuleManager: Shutting down and abandoning module Android_DXTTargetPlatform (32)
[2016.01.07-01.07.42:218][372]LogModuleManager: Shutting down and abandoning module Android_ATCTargetPlatform (31)
[2016.01.07-01.07.42:218][372]LogModuleManager: Shutting down and abandoning module Android_ASTCTargetPlatform (30)
[2016.01.07-01.07.42:218][372]LogModuleManager: Shutting down and abandoning module AndroidTargetPlatform (29)
[2016.01.07-01.07.42:218][372]LogModuleManager: Shutting down and abandoning module WindowsTargetPlatform (28)
[2016.01.07-01.07.42:218][372]LogModuleManager: Shutting down and abandoning module WindowsServerTargetPlatform (27)
[2016.01.07-01.07.42:218][372]LogModuleManager: Shutting down and abandoning module WindowsNoEditorTargetPlatform (26)
[2016.01.07-01.07.42:218][372]LogModuleManager: Shutting down and abandoning module WindowsClientTargetPlatform (25)
[2016.01.07-01.07.42:218][372]LogModuleManager: Shutting down and abandoning module AllDesktopTargetPlatform (24)
[2016.01.07-01.07.42:218][372]LogModuleManager: Shutting down and abandoning module TargetPlatform (23)
[2016.01.07-01.07.42:218][372]LogModuleManager: Shutting down and abandoning module InputCore (22)
[2016.01.07-01.07.42:218][372]LogModuleManager: Shutting down and abandoning module Settings (21)
[2016.01.07-01.07.42:218][372]LogModuleManager: Shutting down and abandoning module OnlineSubsystem (19)
[2016.01.07-01.07.42:218][372]LogModuleManager: Shutting down and abandoning module HTTP (18)
[2016.01.07-01.07.44:218][372]LogModuleManager: Shutting down and abandoning module XMPP (17)
[2016.01.07-01.07.44:247][372]LogModuleManager: Shutting down and abandoning module OculusRift (16)
[2016.01.07-01.07.44:267][372]LogModuleManager: Shutting down and abandoning module ExampleDeviceProfileSelector (15)
[2016.01.07-01.07.44:267][372]LogModuleManager: Shutting down and abandoning module TextureCompressor (14)
[2016.01.07-01.07.44:267][372]LogModuleManager: Shutting down and abandoning module ShaderCore (13)
[2016.01.07-01.07.44:267][372]LogModuleManager: Shutting down and abandoning module Landscape (12)
[2016.01.07-01.07.44:267][372]LogModuleManager: Shutting down and abandoning module SlateRHIRenderer (11)
[2016.01.07-01.07.44:278][372]LogModuleManager: Shutting down and abandoning module OpenGLDrv (10)
[2016.01.07-01.07.44:294][372]LogModuleManager: Shutting down and abandoning module D3D11RHI (9)
[2016.01.07-01.07.44:294][372]LogModuleManager: Shutting down and abandoning module AnimGraphRuntime (8)
[2016.01.07-01.07.44:307][372]LogModuleManager: Shutting down and abandoning module Renderer (7)
[2016.01.07-01.07.44:307][372]LogModuleManager: Shutting down and abandoning module Engine (6)
[2016.01.07-01.07.44:307][372]LogModuleManager: Shutting down and abandoning module CoreUObject (5)
[2016.01.07-01.07.44:307][372]LogModuleManager: Shutting down and abandoning module NetworkFile (4)
[2016.01.07-01.07.44:322][372]LogModuleManager: Shutting down and abandoning module StreamingFile (3)
[2016.01.07-01.07.44:322][372]LogModuleManager: Shutting down and abandoning module SandboxFile (2)
[2016.01.07-01.07.44:322][372]LogModuleManager: Shutting down and abandoning module PakFile (1)
[2016.01.07-01.07.44:329][372]LogExit: Exiting.
[2016.01.07-01.07.44:330][372]Log file closed, 01/07/16 09:07:44
