[2016.01.12-01.30.22:783][  0]Log file open, 01/12/16 09:30:22
[2016.01.12-01.30.22:783][  0]LogInit:Display: Running engine for game: ExampleCollection10
[2016.01.12-01.30.22:783][  0]LogPlatformFile: Not using cached read wrapper
[2016.01.12-01.30.22:783][  0]LogInit:Display: RandInit(1178474742) SRandInit(1178474745).
[2016.01.12-01.30.22:783][  0]LogTaskGraph: Started task graph with 4 named threads and 7 total threads.
[2016.01.12-01.30.22:783][  0]LogStats: Stats thread started at 7.447191
[2016.01.12-01.30.22:783][  0]LogInit: Version: 4.10.1-2791327+++depot+UE4-Releases+4.10
[2016.01.12-01.30.22:783][  0]LogInit: API Version: 2758231
[2016.01.12-01.30.22:783][  0]LogInit: Compiled (64-bit): Dec  4 2015 19:44:40
[2016.01.12-01.30.22:783][  0]LogInit: Compiled with Visual C++: 19.00.23026.00
[2016.01.12-01.30.22:783][  0]LogInit: Build Configuration: Development
[2016.01.12-01.30.22:783][  0]LogInit: Branch Name: ++depot+UE4-Releases+4.10
[2016.01.12-01.30.22:783][  0]LogInit: Command line:  
[2016.01.12-01.30.22:783][  0]LogInit: Base directory: D:/Program Files/Epic Games/4.10/Engine/Binaries/Win64/
[2016.01.12-01.30.22:783][  0]LogInit: Rocket: 1
[2016.01.12-01.30.23:701][  0]LogInit: Using libcurl 7.41.0
[2016.01.12-01.30.23:701][  0]LogInit:  - built for x86_64-pc-win32
[2016.01.12-01.30.23:701][  0]LogInit:  - supports SSL with WinSSL
[2016.01.12-01.30.23:701][  0]LogInit:  - other features:
[2016.01.12-01.30.23:701][  0]LogInit:      CURL_VERSION_SSL
[2016.01.12-01.30.23:743][  0]LogInit:      CURL_VERSION_IPV6
[2016.01.12-01.30.23:761][  0]LogInit:      CURL_VERSION_ASYNCHDNS
[2016.01.12-01.30.23:761][  0]LogInit:      CURL_VERSION_LARGEFILE
[2016.01.12-01.30.23:761][  0]LogInit:      CURL_VERSION_IDN
[2016.01.12-01.30.23:761][  0]LogInit:  CurlRequestOptions (configurable via config and command line):
[2016.01.12-01.30.23:761][  0]LogInit:  - bVerifyPeer = true  - Libcurl will verify peer certificate
[2016.01.12-01.30.23:761][  0]LogInit:  - bUseHttpProxy = false  - Libcurl will NOT use HTTP proxy
[2016.01.12-01.30.23:761][  0]LogInit:  - bDontReuseConnections = false  - Libcurl will reuse connections
[2016.01.12-01.30.23:761][  0]LogInit:  - CertBundlePath = nullptr  - Libcurl will use whatever was configured at build time.
[2016.01.12-01.30.24:644][  0]LogInit: Presizing for 0 objects not considered by GC, pre-allocating 0 bytes.
[2016.01.12-01.30.24:815][  0]LogInit: Object subsystem initialized
[2016.01.12-01.30.24:924][  0]LogInit: Selected Device Profile: [Windows]
[2016.01.12-01.30.24:924][  0]LogInit: Applying CVar settings loaded from the selected device profile: [Windows]
[2016.01.12-01.30.25:144][  0]LogInit: Computer: PLAN-CHENXINGHU
[2016.01.12-01.30.25:144][  0]LogInit: User: chenxinghui
[2016.01.12-01.30.25:144][  0]LogInit: CPU Page size=4096, Cores=4
[2016.01.12-01.30.25:144][  0]LogInit: High frequency timer resolution =3.117812 MHz
[2016.01.12-01.30.25:144][  0]LogMemory: Memory total: Physical=7.9GB (8GB approx)
[2016.01.12-01.30.25:144][  0]LogMemory: Platform Memory Stats for Windows
[2016.01.12-01.30.25:144][  0]LogMemory: Process Physical Memory: 56.20 MB used, 56.20 MB peak
[2016.01.12-01.30.25:144][  0]LogMemory: Process Virtual Memory: 57.67 MB used, 57.67 MB peak
[2016.01.12-01.30.25:144][  0]LogMemory: Physical Memory: 2681.08 MB used, 8130.04 MB total
[2016.01.12-01.30.25:144][  0]LogMemory: Virtual Memory: 350.46 MB used, 8388608.00 MB total
[2016.01.12-01.30.34:741][  0]LogD3D11RHI: Found D3D11 adapter 0: NVIDIA GeForce GTX 660   (Feature Level 11_0)
[2016.01.12-01.30.34:741][  0]LogD3D11RHI: Adapter has 1989MB of dedicated video memory, 0MB of dedicated system memory, and 2048MB of shared system memory, 2 output[s]
[2016.01.12-01.30.34:741][  0]LogD3D11RHI: Chosen D3D11 Adapter Id = 0
[2016.01.12-01.30.34:761][  0]LogD3D11RHI: !Direct3DDevice
[2016.01.12-01.30.34:761][  0]LogRHI: Texture pool is 1361 MB (70% of 1945 MB)
[2016.01.12-01.30.34:806][  0]LogD3D11RHI: Async texture creation enabled
[2016.01.12-01.30.35:164][  0]LogShaderCompilers: Guid format shader working directory is 9 characters bigger than the processId version (E:/Unreal Work Space/ExampleCollection10/Intermediate/Shaders/WorkingDirectory/5308/).
[2016.01.12-01.30.35:164][  0]LogShaderCompilers: Cleaned the shader compiler working directory 'C:/Users/CHENXI~1/AppData/Local/Temp/UnrealShaderWorkingDir/2A0C265D479DF9B52FA483B41CD397DA/'.
[2016.01.12-01.30.35:165][  0]LogShaderCompilers:Display: Using Local Shader Compiler.
[2016.01.12-01.31.14:524][  0]LogTemp:Display: Loaded TP AllDesktopTargetPlatform
[2016.01.12-01.31.14:530][  0]LogTemp:Display: Loaded TP WindowsClientTargetPlatform
[2016.01.12-01.31.14:536][  0]LogTemp:Display: Loaded TP WindowsNoEditorTargetPlatform
[2016.01.12-01.31.14:542][  0]LogTemp:Display: Loaded TP WindowsServerTargetPlatform
[2016.01.12-01.31.14:577][  0]LogTemp:Display: Loaded TP WindowsTargetPlatform
[2016.01.12-01.31.14:661][  0]LogTemp:Display: Loaded TP AndroidTargetPlatform
[2016.01.12-01.31.14:671][  0]LogTemp:Display: Loaded TP Android_ASTCTargetPlatform
[2016.01.12-01.31.14:681][  0]LogTemp:Display: Loaded TP Android_ATCTargetPlatform
[2016.01.12-01.31.14:687][  0]LogTemp:Display: Loaded TP Android_DXTTargetPlatform
[2016.01.12-01.31.14:691][  0]LogTemp:Display: Loaded TP Android_ETC1TargetPlatform
[2016.01.12-01.31.14:695][  0]LogTemp:Display: Loaded TP Android_ETC2TargetPlatform
[2016.01.12-01.31.14:832][  0]LogTemp:Display: Loaded TP Android_MultiTargetPlatform
[2016.01.12-01.31.14:832][  0]LogTemp:Display: Loaded TP Android_PVRTCTargetPlatform
[2016.01.12-01.31.14:834][  0]LogTemp:Display: Loaded TP HTML5TargetPlatform
[2016.01.12-01.31.15:193][  0]LogTemp:Display: Loaded TP IOSTargetPlatform
[2016.01.12-01.31.15:199][  0]LogTemp:Display: Loaded TP LinuxNoEditorTargetPlatform
[2016.01.12-01.31.15:206][  0]LogTemp:Display: Loaded TP LinuxServerTargetPlatform
[2016.01.12-01.31.15:282][  0]LogTemp:Display: Loaded TP LinuxTargetPlatform
[2016.01.12-01.31.15:282][  0]LogTargetPlatformManager:Display: Building Assets For Windows
[2016.01.12-01.31.17:377][  0]LogDerivedDataCache:Display: Max Cache Size: 512 MB
[2016.01.12-01.31.20:601][  0]LogDerivedDataCache: Loaded boot cache 3.22s 41MB C:/Users/chenxinghui/AppData/Local/UnrealEngine/4.10/DerivedDataCache/Boot.ddc.
[2016.01.12-01.31.20:601][  0]LogDerivedDataCache:Display: Loaded Boot cache: C:/Users/chenxinghui/AppData/Local/UnrealEngine/4.10/DerivedDataCache/Boot.ddc
[2016.01.12-01.31.20:602][  0]LogDerivedDataCache: FDerivedDataBackendGraph:  Pak pak cache file E:/Unreal Work Space/ExampleCollection10/DerivedDataCache/DDC.ddp not found, will not use a pak cache.
[2016.01.12-01.31.20:602][  0]LogDerivedDataCache: Unable to find inner node Pak for hierarchical cache Hierarchy.
[2016.01.12-01.31.20:602][  0]LogDerivedDataCache: FDerivedDataBackendGraph:  CompressedPak pak cache file E:/Unreal Work Space/ExampleCollection10/DerivedDataCache/Compressed.ddp not found, will not use a pak cache.
[2016.01.12-01.31.20:602][  0]LogDerivedDataCache: Unable to find inner node CompressedPak for hierarchical cache Hierarchy.
[2016.01.12-01.31.20:931][  0]LogDerivedDataCache:Display: Pak cache opened for reading ../../../Engine/DerivedDataCache/Compressed.ddp.
[2016.01.12-01.31.20:979][  0]LogDerivedDataCache: Using Local data cache path C:/Users/chenxinghui/AppData/Local/UnrealEngine/Common/DerivedDataCache: Writable
[2016.01.12-01.31.52:104][  0]LogInit: Selected Device Profile: [Windows]
[2016.01.12-01.31.52:121][  0]LogContentStreaming: Texture pool size is 0.000000MB
[2016.01.12-01.31.53:261][  0]LogMeshUtilities: No automatic mesh reduction module available
[2016.01.12-01.31.53:261][  0]LogMeshUtilities: No automatic mesh merging module available
[2016.01.12-01.32.00:389][  0]LogInit: WinSock: version 1.1 (2.2), MaxSocks=32767, MaxUdp=65467
[2016.01.12-01.32.54:433][  0]UdpMessaging: Initializing bridge on interface 0.0.0.0:0 to multicast group 230.0.0.1:6666.
[2016.01.12-01.32.56:523][  0]LogAssetRegistry: FAssetRegistry took 0.0109 seconds to start up
[2016.01.12-01.33.03:020][  0]SourceControl: Info Source control is disabled
[2016.01.12-01.33.03:087][  0]SourceControl: Info Source control is disabled
[2016.01.12-01.33.03:096][  0]SourceControl: Info Source control is disabled
[2016.01.12-01.33.03:200][  0]SourceControl: Info Source control is disabled
[2016.01.12-01.33.07:290][  0]LogObj: 28633 objects as part of root set at end of initial load.
[2016.01.12-01.33.07:290][  0]LogUObjectAllocator: 6099752 out of 0 bytes used by permanent object pool.
[2016.01.12-01.33.08:318][  0]LogEngine: Initializing Engine...
[2016.01.12-01.33.08:356][  0]LogHMD: Can't find Oculus library dev build: is proper Runtime installed? Version: 0.8.0.0
[2016.01.12-01.33.08:514][  0]LogHMD: SteamVR failed to initialize.  Err: 110
[2016.01.12-01.33.10:033][  0]LogAIModule: Creating AISystem for world NewWorld
[2016.01.12-01.33.10:176][  0]LogInit: XAudio2 using '扬声器 (Realtek High Definition Audio)' : 2 channels at 48 kHz using 32 bits per sample (channel mask 0x3)
[2016.01.12-01.33.10:310][  0]LogInit: FAudioDevice initialized.
[2016.01.12-01.33.10:337][  0]LogDerivedDataCache: Saved boot cache 0.03s 41MB C:/Users/chenxinghui/AppData/Local/UnrealEngine/4.10/DerivedDataCache/Boot.ddc.
[2016.01.12-01.33.10:344][  0]LogInit: Texture streaming: Enabled
[2016.01.12-01.33.10:382][  0]LogAnalytics: Creating configured Analytics provider AnalyticsET
[2016.01.12-01.33.10:382][  0]LogAnalytics: [UEEditor.Rocket.Release] APIServer = http://et2.epicgames.com/ET2/. AppVersion = 4.10.1-2791327+++depot+UE4-Releases+4.10
[2016.01.12-01.33.10:383][  0]LogAnalytics: [UEEditor.Rocket.Release] SetUserId fcc8beb743eb3f315b3205bc8f91fbb8|ecc15fb7c1f4439e807eef072eca5f98|c014cd18-b694-4710-a8b7-958888126c98
[2016.01.12-01.33.10:383][  0]LogAnalytics: [UEEditor.Rocket.Release] AnalyticsET::StartSession
[2016.01.12-01.33.12:101][  0]LogInit: Transaction tracking system initialized
[2016.01.12-01.33.12:825][  0]BlueprintLog: New page: Editor Load
[2016.01.12-01.33.15:445][  0]LocalizationService: Info Localization service is disabled
[2016.01.12-01.33.18:259][  0]LogConsoleResponse:Display: 
[2016.01.12-01.33.25:295][  0]LogFileCache: Scanning file cache for directory 'E:/Unreal Work Space/ExampleCollection10/Content/' took 0.03s
[2016.01.12-01.33.25:296][  0]LogCook:Display: Done creating registry. It took  0.00s.
[2016.01.12-01.33.27:307][  0]SourceControl: Info Source control is disabled
[2016.01.12-01.33.27:307][  0]Cmd: MAP LOAD FILE="E:/Unreal Work Space/ExampleCollection10/Content/My/TestMap/MatTestMap.umap" TEMPLATE=0 SHOWPROGRESS=1 FEATURELEVEL=3
[2016.01.12-01.33.27:677][  0]LightingResults: New page: Lighting Build
[2016.01.12-01.33.27:682][  0]MapCheck: New page: Map Check
[2016.01.12-01.33.27:682][  0]LightingResults: New page: Lighting Build
[2016.01.12-01.33.27:696][  0]LogParticles: Destroying 0 GPU particle simulations for FXSystem 0x000000002322AAC0
[2016.01.12-01.33.57:751][  0]LogAIModule: Creating AISystem for world MatTestMap
[2016.01.12-01.33.57:828][  0]LogEditorServer: Finished looking for orphan Actors (0.000 secs)
[2016.01.12-01.33.57:905][  0]Cmd: MAP CHECKDEP NOCLEARLOG
[2016.01.12-01.33.57:965][  0]MapCheck: Info Map check complete: 0 Error(s), 0 Warning(s), took 60.205ms to complete.
[2016.01.12-01.33.57:966][  0]LogFileHelpers: Loading map 'MatTestMap' took 30.660
[2016.01.12-01.34.01:533][  0]LogCollectionManager: Loaded 0 collections in 0.004118 seconds
[2016.01.12-01.34.01:714][  0]LogFileCache: Scanning file cache for directory 'E:/Unreal Work Space/ExampleCollection10/Saved/Collections/' took 0.01s
[2016.01.12-01.34.01:714][  0]LogFileCache: Scanning file cache for directory 'E:/Unreal Work Space/ExampleCollection10/Content/Developers/chenxinghui/Collections/' took 0.01s
[2016.01.12-01.34.01:714][  0]LogFileCache: Scanning file cache for directory 'E:/Unreal Work Space/ExampleCollection10/Content/Collections/' took 0.01s
[2016.01.12-01.34.01:714][  0]LogCollectionManager: Rebuilt the GUID cache for 0 collections in 0.000002 seconds
[2016.01.12-01.34.01:826][  0]LogContentBrowser: Native class hierarchy populated in 0.0599 seconds. Added 1893 classes and 338 folders.
[2016.01.12-01.34.01:932][  0]LogContentBrowser: Native class hierarchy updated for 'WidgetCarousel' in 0.0004 seconds. Added 0 classes and 0 folders.
[2016.01.12-01.34.15:902][  0]LogContentBrowser: Native class hierarchy updated for 'AddContentDialog' in 0.0003 seconds. Added 0 classes and 0 folders.
[2016.01.12-01.34.15:955][  0]LogContentBrowser: Native class hierarchy updated for 'SceneOutliner' in 0.0004 seconds. Added 1 classes and 2 folders.
[2016.01.12-01.34.17:691][  0]LogCrashTracker: Crashtracker disabled due to settings.
[2016.01.12-01.34.17:724][  0]LogUObjectGlobals:Warning: Failed to find object 'Class None.'
[2016.01.12-01.34.17:770][  0]LogLoad: Full Startup: 255.35 seconds (BP compile: 0.68 seconds)
[2016.01.12-01.34.17:784][  0]LogOcInput: Can't find Oculus library dev build: is proper Runtime installed? Version: 0.8.0.0
[2016.01.12-01.34.18:934][  0]LogContentStreaming: Texture pool size now 1000 MB
[2016.01.12-01.34.19:579][  0]LogRenderer: Reallocating scene render targets to support 824x580 (Frame:2).
[2016.01.12-01.34.20:447][  3]LogAssetRegistry: Asset discovery search completed in 83.9387 seconds
[2016.01.12-01.34.20:447][  3]LogCollectionManager: Rebuilt the object cache for 0 collections in 0.000001 seconds (found 0 objects)
[2016.01.12-01.34.20:447][  3]LogCollectionManager: Fixed up redirectors for 0 collections in 0.000027 seconds (updated 0 objects)
[2016.01.12-01.34.34:173][386]LogEditorViewport: Clicking on Actor (context menu): StaticMeshActor (SM_Hallway_Wall_Corner_Outer_Curved_600)
[2016.01.12-01.34.37:024][507]LogPlayLevel: PlayLevel: No blueprints needed recompiling
[2016.01.12-01.34.37:157][507]PIE: New page: PIE session: MatTestMap (Jan 12, 2016, 5:34:37 PM)
[2016.01.12-01.34.37:157][507]LogPlayLevel: Creating play world package: /Game/My/TestMap/UEDPIE_0_MatTestMap
[2016.01.12-01.34.37:786][507]LogPlayLevel: PIE: StaticDuplicateObject took: (0.628432s)
[2016.01.12-01.34.37:786][507]LogAIModule: Creating AISystem for world MatTestMap
[2016.01.12-01.34.37:787][507]LogPlayLevel: PIE: World Init took: (0.000768s)
[2016.01.12-01.34.37:885][507]LogPlayLevel: PIE: Created PIE world by copying editor world from /Game/My/TestMap/MatTestMap.MatTestMap to /Game/My/TestMap/UEDPIE_0_MatTestMap.MatTestMap (0.728016s)
[2016.01.12-01.34.38:022][507]LogInit: XAudio2 using '扬声器 (Realtek High Definition Audio)' : 2 channels at 48 kHz using 32 bits per sample (channel mask 0x3)
[2016.01.12-01.34.38:046][507]LogInit: FAudioDevice initialized.
[2016.01.12-01.34.48:173][507]LogWorld: Game class is 'ThirdPersonGameMode_C'
[2016.01.12-01.34.48:364][507]LogWorld: Bringing World /Game/My/TestMap/UEDPIE_0_MatTestMap.MatTestMap up for play (max tick rate 0) at 2016.01.12-09.34.48
[2016.01.12-01.34.48:364][507]LogActor:Warning: GameSession /Game/My/TestMap/UEDPIE_0_MatTestMap.MatTestMap:PersistentLevel.GameSession_0 has natively added scene component(s), but none of them were set as the actor's RootComponent - picking one arbitrarily
[2016.01.12-01.34.48:399][507]LogActor:Warning: GameNetworkManager /Game/My/TestMap/UEDPIE_0_MatTestMap.MatTestMap:PersistentLevel.GameNetworkManager_0 has natively added scene component(s), but none of them were set as the actor's RootComponent - picking one arbitrarily
[2016.01.12-01.34.48:498][507]LogWorld: Bringing up level for play took: 0.137562
[2016.01.12-01.34.51:011][507]PIE: Info Play in editor start time for /Game/My/TestMap/UEDPIE_0_MatTestMap 14.85
[2016.01.12-01.35.38:728][658]LogParticles: Destroying 0 GPU particle simulations for FXSystem 0x00000000525D5EE0
[2016.01.12-01.35.49:825][645]LogPlayLevel: PlayLevel: No blueprints needed recompiling
[2016.01.12-01.35.49:825][645]PIE: New page: PIE session: MatTestMap (Jan 12, 2016, 5:35:49 PM)
[2016.01.12-01.35.49:825][645]LogPlayLevel: Creating play world package: /Game/My/TestMap/UEDPIE_0_MatTestMap
[2016.01.12-01.35.49:831][645]LogPlayLevel: PIE: StaticDuplicateObject took: (0.005572s)
[2016.01.12-01.35.49:832][645]LogAIModule: Creating AISystem for world MatTestMap
[2016.01.12-01.35.49:832][645]LogPlayLevel: PIE: World Init took: (0.000781s)
[2016.01.12-01.35.49:832][645]LogPlayLevel: PIE: Created PIE world by copying editor world from /Game/My/TestMap/MatTestMap.MatTestMap to /Game/My/TestMap/UEDPIE_0_MatTestMap.MatTestMap (0.006565s)
[2016.01.12-01.35.49:855][645]LogInit: XAudio2 using '扬声器 (Realtek High Definition Audio)' : 2 channels at 48 kHz using 32 bits per sample (channel mask 0x3)
[2016.01.12-01.35.49:876][645]LogInit: FAudioDevice initialized.
[2016.01.12-01.35.49:904][645]LogWorld: Game class is 'ThirdPersonGameMode_C'
[2016.01.12-01.35.49:907][645]LogWorld: Bringing World /Game/My/TestMap/UEDPIE_0_MatTestMap.MatTestMap up for play (max tick rate 0) at 2016.01.12-09.35.49
[2016.01.12-01.35.49:907][645]LogActor:Warning: GameSession /Game/My/TestMap/UEDPIE_0_MatTestMap.MatTestMap:PersistentLevel.GameSession_1 has natively added scene component(s), but none of them were set as the actor's RootComponent - picking one arbitrarily
[2016.01.12-01.35.49:907][645]LogActor:Warning: GameNetworkManager /Game/My/TestMap/UEDPIE_0_MatTestMap.MatTestMap:PersistentLevel.GameNetworkManager_1 has natively added scene component(s), but none of them were set as the actor's RootComponent - picking one arbitrarily
[2016.01.12-01.35.49:908][645]LogWorld: Bringing up level for play took: 0.002420
[2016.01.12-01.35.49:909][645]PIE: Info Play in editor start time for /Game/My/TestMap/UEDPIE_0_MatTestMap -0.248
[2016.01.12-01.36.08:410][851]LogParticles: Destroying 0 GPU particle simulations for FXSystem 0x0000000051A240E0
[2016.01.12-01.36.09:398][969]LogEditorViewport: Clicking on Actor (LMB): SpotLight (SpotLight)
[2016.01.12-01.37.31:232][280]LogEditorViewport: Clicking on Actor (LMB): StaticMeshActor (Floor)
[2016.01.12-01.37.34:562][605]LogMaterial: Missing cached shader map for material M_Wood_Floor_Walnut_Worn, compiling. 
[2016.01.12-01.37.34:643][605]LogMaterial: Missing cached shader map for material M_Wood_Floor_Walnut_Worn, compiling. 
[2016.01.12-01.37.34:648][605]LogMaterial: 0.000030 seconds spent updating 1 materials, 1 interfaces, 0 instances, 0 with static permutations.
[2016.01.12-01.37.34:857][605]LogMaterial: Missing cached shader map for material FMatExpressionPreview MaterialExpressionTextureSample_1, compiling. 
[2016.01.12-01.37.34:972][605]LogMaterial: Missing cached shader map for material FMatExpressionPreview MaterialExpressionTextureSample_2, compiling. 
[2016.01.12-01.37.35:082][605]LogMaterial: Missing cached shader map for material FMatExpressionPreview MaterialExpressionTextureSample_0, compiling. 
[2016.01.12-01.37.35:253][605]LogMaterial: Missing cached shader map for material FMatExpressionPreview MaterialExpressionTextureSample_32, compiling. 
[2016.01.12-01.37.35:256][605]LogMaterial: Missing cached shader map for material FMatExpressionPreview MaterialExpressionTextureSample_33, compiling. 
[2016.01.12-01.37.35:260][605]LogMaterial: Missing cached shader map for material FMatExpressionPreview MaterialExpressionTextureSample_34, compiling. 
[2016.01.12-01.37.44:205][ 71]MaterialEditorStats: Info Base pass shader with static lighting: 99 instructions
[2016.01.12-01.37.44:205][ 71]MaterialEditorStats: Info Base pass shader with only dynamic lighting: 65 instructions
[2016.01.12-01.37.44:205][ 71]MaterialEditorStats: Info Vertex shader: 33 instructions
[2016.01.12-01.37.44:205][ 71]MaterialEditorStats: Info Texture samplers: 6/16
[2016.01.12-01.38.06:529][987]LogEditorViewport: Clicking on Actor (LMB): StaticMeshActor (Floor)
[2016.01.12-01.38.07:088][ 52]LogEditorViewport: Clicking on Actor (LMB): StaticMeshActor (Floor)
[2016.01.12-01.38.07:379][ 85]LogEditorViewport: Clicking on Actor (LMB): StaticMeshActor (Floor)
[2016.01.12-01.38.07:775][131]LogEditorViewport: Clicking on Actor (LMB): BP_Sky_Sphere_C (Sky Sphere)
[2016.01.12-01.38.25:208][201]LogEditorViewport: Clicking on Actor (LMB): BP_Sky_Sphere_C (Sky Sphere)
[2016.01.12-01.38.25:547][240]LogEditorViewport: Clicking on Actor (LMB): SpotLight (SpotLight)
[2016.01.12-01.39.32:719][998]LogEditorViewport: Clicking on Actor (LMB): SpotLight (SpotLight)
[2016.01.12-01.40.03:447][ 49]LogPlayLevel: PlayLevel: No blueprints needed recompiling
[2016.01.12-01.40.03:447][ 49]PIE: New page: PIE session: MatTestMap (Jan 12, 2016, 5:40:03 PM)
[2016.01.12-01.40.03:447][ 49]LogPlayLevel: Creating play world package: /Game/My/TestMap/UEDPIE_0_MatTestMap
[2016.01.12-01.40.03:453][ 49]LogPlayLevel: PIE: StaticDuplicateObject took: (0.006004s)
[2016.01.12-01.40.03:453][ 49]LogAIModule: Creating AISystem for world MatTestMap
[2016.01.12-01.40.03:454][ 49]LogPlayLevel: PIE: World Init took: (0.000704s)
[2016.01.12-01.40.03:454][ 49]LogPlayLevel: PIE: Created PIE world by copying editor world from /Game/My/TestMap/MatTestMap.MatTestMap to /Game/My/TestMap/UEDPIE_0_MatTestMap.MatTestMap (0.006873s)
[2016.01.12-01.40.03:477][ 49]LogParticles: Destroying 0 GPU particle simulations for FXSystem 0x000000003A52F380
[2016.01.12-01.40.03:477][ 49]LogInit: XAudio2 using '扬声器 (Realtek High Definition Audio)' : 2 channels at 48 kHz using 32 bits per sample (channel mask 0x3)
[2016.01.12-01.40.03:495][ 49]LogInit: FAudioDevice initialized.
[2016.01.12-01.40.03:526][ 49]LogWorld: Game class is 'ThirdPersonGameMode_C'
[2016.01.12-01.40.03:529][ 49]LogWorld: Bringing World /Game/My/TestMap/UEDPIE_0_MatTestMap.MatTestMap up for play (max tick rate 0) at 2016.01.12-09.40.03
[2016.01.12-01.40.03:529][ 49]LogActor:Warning: GameSession /Game/My/TestMap/UEDPIE_0_MatTestMap.MatTestMap:PersistentLevel.GameSession_2 has natively added scene component(s), but none of them were set as the actor's RootComponent - picking one arbitrarily
[2016.01.12-01.40.03:529][ 49]LogActor:Warning: GameNetworkManager /Game/My/TestMap/UEDPIE_0_MatTestMap.MatTestMap:PersistentLevel.GameNetworkManager_2 has natively added scene component(s), but none of them were set as the actor's RootComponent - picking one arbitrarily
[2016.01.12-01.40.03:530][ 49]LogWorld: Bringing up level for play took: 0.002480
[2016.01.12-01.40.03:532][ 49]PIE: Info Play in editor start time for /Game/My/TestMap/UEDPIE_0_MatTestMap -0.629
[2016.01.12-01.40.19:415][947]LogParticles: Destroying 0 GPU particle simulations for FXSystem 0x000000002E7084A0
[2016.01.12-01.44.06:615][186]LogEditorViewport: Clicking on Actor (LMB): SpotLight (SpotLight4)
[2016.01.12-01.46.00:166][  1]Cmd: OBJ SAVEPACKAGE PACKAGE="/Game/My/TestMap/MatTestMap" FILE="E:/Unreal Work Space/ExampleCollection10/Saved/Autosaves/Game/My/TestMap/MatTestMap_Auto1.umap" SILENT=true AUTOSAVING=true KEEPDIRTY=false
[2016.01.12-01.46.00:748][  1]LogSavePackage: Save=221.881882ms
[2016.01.12-01.46.00:749][  1]LogSavePackage: Moving 'E:/Unreal Work Space/ExampleCollection10/Saved/MatTestMap_Auto1AEDA03514AD991A81E8ACEA98AEED56B.tmp' to 'E:/Unreal Work Space/ExampleCollection10/Saved/Autosaves/Game/My/TestMap/MatTestMap_Auto1.umap'
[2016.01.12-01.46.00:768][  1]LogSavePackage: Total save time: 574.973408ms
[2016.01.12-01.46.00:768][  1]LogSavePackage:Display: Finished SavePackage E:/Unreal Work Space/ExampleCollection10/Saved/Autosaves/Game/My/TestMap/MatTestMap_Auto1.umap
[2016.01.12-01.46.00:787][  1]LogFileHelpers: Editor autosave (incl. sublevels) for '/Game/My/TestMap/MatTestMap' took 0.776
[2016.01.12-01.46.00:787][  1]LogFileHelpers: Editor autosave (incl. sublevels) for all levels took 0.776
[2016.01.12-01.50.36:958][ 32]Cmd: OBJ SAVEPACKAGE PACKAGE="/Game/My/TestMap/MatTestMap" FILE="E:/Unreal Work Space/ExampleCollection10/Content/My/TestMap/MatTestMap.umap" SILENT=true AUTOSAVING=false KEEPDIRTY=false
[2016.01.12-01.50.37:051][ 32]LogSavePackage: Save=67.369682ms
[2016.01.12-01.50.37:052][ 32]LogSavePackage: Moving 'E:/Unreal Work Space/ExampleCollection10/Saved/MatTestMap1DAE02F74E75D79A2FECEDAE1A32AD17.tmp' to 'E:/Unreal Work Space/ExampleCollection10/Content/My/TestMap/MatTestMap.umap'
[2016.01.12-01.50.37:098][ 32]LogSavePackage: Total save time: 124.421552ms
[2016.01.12-01.50.37:098][ 32]LogSavePackage:Display: Finished SavePackage E:/Unreal Work Space/ExampleCollection10/Content/My/TestMap/MatTestMap.umap
[2016.01.12-01.50.37:177][ 32]LogFileHelpers: Saving map 'MatTestMap' took 0.270
[2016.01.12-01.50.37:857][ 33]Cmd: QUIT_EDITOR
[2016.01.12-01.50.38:401][ 33]LogExit: Preparing to exit.
[2016.01.12-01.50.38:964][ 33]LogExit: Editor shut down
[2016.01.12-01.50.38:964][ 33]LogExit: Transaction tracking system shut down
[2016.01.12-01.50.39:001][ 33]LogParticles: Destroying 0 GPU particle simulations for FXSystem 0x0000000012683A60
[2016.01.12-01.50.39:001][ 33]LogParticles: Destroying 0 GPU particle simulations for FXSystem 0x0000000032F33880
[2016.01.12-01.50.39:001][ 33]LogParticles: Destroying 0 GPU particle simulations for FXSystem 0x000000001EE39BC0
[2016.01.12-01.50.39:001][ 33]LogParticles: Destroying 0 GPU particle simulations for FXSystem 0x000000001EE39440
[2016.01.12-01.50.41:263][ 33]LogExit: Object subsystem successfully closed.
[2016.01.12-01.50.41:800][ 33]LogD3D11RHI: Shutdown
[2016.01.12-01.50.41:800][ 33]LogD3D11RHI: CleanupD3DDevice
[2016.01.12-01.50.42:006][ 33]LogD3D11RHI: ~FD3D11DynamicRHI
[2016.01.12-01.50.43:127][ 33]LogModuleManager: Shutting down and abandoning module CookingStats (200)
[2016.01.12-01.50.43:127][ 33]LogModuleManager: Shutting down and abandoning module MaterialEditor (199)
[2016.01.12-01.50.43:127][ 33]LogModuleManager: Shutting down and abandoning module CrashTracker (198)
[2016.01.12-01.50.43:127][ 33]LogModuleManager: Shutting down and abandoning module SceneOutliner (197)
[2016.01.12-01.50.43:127][ 33]LogModuleManager: Shutting down and abandoning module SuperSearch (196)
[2016.01.12-01.50.43:127][ 33]LogModuleManager: Shutting down and abandoning module WidgetCarousel (195)
[2016.01.12-01.50.43:158][ 33]LogModuleManager: Shutting down and abandoning module AddContentDialog (194)
[2016.01.12-01.50.43:200][ 33]LogModuleManager: Shutting down and abandoning module EditorWidgets (193)
[2016.01.12-01.50.43:200][ 33]LogModuleManager: Shutting down and abandoning module CollectionManager (192)
[2016.01.12-01.50.43:258][ 33]LogModuleManager: Shutting down and abandoning module StatsViewer (191)
[2016.01.12-01.50.43:279][ 33]LogModuleManager: Shutting down and abandoning module FoliageEdit (190)
[2016.01.12-01.50.43:292][ 33]LogModuleManager: Shutting down and abandoning module LandscapeEditor (189)
[2016.01.12-01.50.43:326][ 33]LogModuleManager: Shutting down and abandoning module ActorPickerMode (188)
[2016.01.12-01.50.43:326][ 33]LogModuleManager: Shutting down and abandoning module GeometryMode (187)
[2016.01.12-01.50.43:326][ 33]LogModuleManager: Shutting down and abandoning module TextureAlignMode (186)
[2016.01.12-01.50.43:326][ 33]LogModuleManager: Shutting down and abandoning module BspMode (185)
[2016.01.12-01.50.43:326][ 33]LogModuleManager: Shutting down and abandoning module PlacementMode (184)
[2016.01.12-01.50.43:326][ 33]LogModuleManager: Shutting down and abandoning module AutomationWorker (183)
[2016.01.12-01.50.43:326][ 33]LogModuleManager: Shutting down and abandoning module CharacterAI (182)
[2016.01.12-01.50.43:326][ 33]LogModuleManager: Shutting down and abandoning module SmartSnapping (181)
[2016.01.12-01.50.43:326][ 33]LogModuleManager: Shutting down and abandoning module ViewportSnapping (180)
[2016.01.12-01.50.43:326][ 33]LogModuleManager: Shutting down and abandoning module LogVisualizer (179)
[2016.01.12-01.50.43:365][ 33]LogModuleManager: Shutting down and abandoning module GameProjectGeneration (178)
[2016.01.12-01.50.43:419][ 33]LogModuleManager: Shutting down and abandoning module IntroTutorials (177)
[2016.01.12-01.50.43:476][ 33]LogModuleManager: Shutting down and abandoning module EditorLiveStreaming (176)
[2016.01.12-01.50.43:476][ 33]LogModuleManager: Shutting down and abandoning module IOSPlatformEditor (175)
[2016.01.12-01.50.43:487][ 33]LogModuleManager: Shutting down and abandoning module HTML5PlatformEditor (174)
[2016.01.12-01.50.43:487][ 33]LogModuleManager: Shutting down and abandoning module AndroidDeviceDetection (173)
[2016.01.12-01.50.43:555][ 33]LogModuleManager: Shutting down and abandoning module AndroidPlatformEditor (172)
[2016.01.12-01.50.43:555][ 33]LogModuleManager: Shutting down and abandoning module IOSRuntimeSettings (171)
[2016.01.12-01.50.43:555][ 33]LogModuleManager: Shutting down and abandoning module AndroidRuntimeSettings (170)
[2016.01.12-01.50.43:555][ 33]LogModuleManager: Shutting down and abandoning module MergeActors (169)
[2016.01.12-01.50.43:575][ 33]LogModuleManager: Shutting down and abandoning module SizeMap (168)
[2016.01.12-01.50.43:575][ 33]LogModuleManager: Shutting down and abandoning module TreeMap (167)
[2016.01.12-01.50.43:603][ 33]LogModuleManager: Shutting down and abandoning module ReferenceViewer (166)
[2016.01.12-01.50.43:638][ 33]LogModuleManager: Shutting down and abandoning module LocalizationService (165)
[2016.01.12-01.50.43:668][ 33]LogModuleManager: Shutting down and abandoning module LocalizationDashboard (164)
[2016.01.12-01.50.43:733][ 33]LogModuleManager: Shutting down and abandoning module HardwareTargeting (163)
[2016.01.12-01.50.43:769][ 33]LogModuleManager: Shutting down and abandoning module DeviceProfileEditor (162)
[2016.01.12-01.50.43:809][ 33]LogModuleManager: Shutting down and abandoning module UndoHistory (161)
[2016.01.12-01.50.43:809][ 33]LogModuleManager: Shutting down and abandoning module GameplayTagsEditor (160)
[2016.01.12-01.50.43:844][ 33]LogModuleManager: Shutting down and abandoning module UserFeedback (159)
[2016.01.12-01.50.43:844][ 33]LogModuleManager: Shutting down and abandoning module XmlParser (158)
[2016.01.12-01.50.43:844][ 33]LogModuleManager: Shutting down and abandoning module Blutility (157)
[2016.01.12-01.50.43:844][ 33]LogModuleManager: Shutting down and abandoning module ProjectTargetPlatformEditor (156)
[2016.01.12-01.50.43:844][ 33]LogModuleManager: Shutting down and abandoning module ProjectSettingsViewer (155)
[2016.01.12-01.50.43:844][ 33]LogModuleManager: Shutting down and abandoning module InputBindingEditor (154)
[2016.01.12-01.50.43:978][ 33]LogModuleManager: Shutting down and abandoning module EditorSettingsViewer (153)
[2016.01.12-01.50.43:978][ 33]LogModuleManager: Shutting down and abandoning module SettingsEditor (152)
[2016.01.12-01.50.44:169][ 33]LogModuleManager: Shutting down and abandoning module ProjectLauncher (151)
[2016.01.12-01.50.44:245][ 33]LogModuleManager: Shutting down and abandoning module SessionFrontend (150)
[2016.01.12-01.50.44:340][ 33]LogModuleManager: Shutting down and abandoning module ProfilerClient (149)
[2016.01.12-01.50.44:415][ 33]LogModuleManager: Shutting down and abandoning module TargetDeviceServices (148)
[2016.01.12-01.50.44:415][ 33]LogModuleManager: Shutting down and abandoning module DeviceManager (147)
[2016.01.12-01.50.44:449][ 33]LogModuleManager: Shutting down and abandoning module AutomationController (146)
[2016.01.12-01.50.44:520][ 33]LogModuleManager: Shutting down and abandoning module AutomationWindow (145)
[2016.01.12-01.50.44:595][ 33]LogModuleManager: Shutting down and abandoning module Layers (144)
[2016.01.12-01.50.44:728][ 33]LogModuleManager: Shutting down and abandoning module ComponentVisualizers (143)
[2016.01.12-01.50.44:728][ 33]LogModuleManager: Shutting down and abandoning module DetailCustomizations (142)
[2016.01.12-01.50.44:728][ 33]LogModuleManager: Shutting down and abandoning module PackagesDialog (141)
[2016.01.12-01.50.44:728][ 33]LogModuleManager: Shutting down and abandoning module Persona (140)
[2016.01.12-01.50.44:882][ 33]LogModuleManager: Shutting down and abandoning module Kismet (139)
[2016.01.12-01.50.44:918][ 33]LogModuleManager: Shutting down and abandoning module GraphEditor (138)
[2016.01.12-01.50.44:918][ 33]LogModuleManager: Shutting down and abandoning module ClassViewer (137)
[2016.01.12-01.50.44:948][ 33]LogModuleManager: Shutting down and abandoning module Toolbox (136)
[2016.01.12-01.50.44:948][ 33]LogModuleManager: Shutting down and abandoning module ModuleUI (135)
[2016.01.12-01.50.45:016][ 33]LogModuleManager: Shutting down and abandoning module MovieSceneTools (134)
[2016.01.12-01.50.45:089][ 33]LogModuleManager: Shutting down and abandoning module OutputLog (133)
[2016.01.12-01.50.45:090][ 33]LogModuleManager: Shutting down and abandoning module GammaUI (132)
[2016.01.12-01.50.45:119][ 33]LogModuleManager: Shutting down and abandoning module Documentation (131)
[2016.01.12-01.50.45:119][ 33]LogModuleManager: Shutting down and abandoning module GameLiveStreaming (130)
[2016.01.12-01.50.45:119][ 33]LogModuleManager: Shutting down and abandoning module StreamingPauseRendering (129)
[2016.01.12-01.50.45:119][ 33]LogModuleManager: Shutting down and abandoning module AnalyticsET (128)
[2016.01.12-01.50.45:119][ 33]LogModuleManager: Shutting down and abandoning module Analytics (127)
[2016.01.12-01.50.45:119][ 33]LogModuleManager: Shutting down and abandoning module AITestSuite (126)
[2016.01.12-01.50.45:155][ 33]LogModuleManager: Shutting down and abandoning module GameplayDebugger (125)
[2016.01.12-01.50.45:168][ 33]LogModuleManager: Shutting down and abandoning module AIModule (124)
[2016.01.12-01.50.45:168][ 33]LogModuleManager: Shutting down and abandoning module ProfilerService (123)
[2016.01.12-01.50.45:304][ 33]LogModuleManager: Shutting down and abandoning module TaskGraph (122)
[2016.01.12-01.50.45:510][ 33]LogModuleManager: Shutting down and abandoning module SlateRemote (121)
[2016.01.12-01.50.45:511][ 33]LogModuleManager: Shutting down and abandoning module SteamVRController (120)
[2016.01.12-01.50.45:511][ 33]LogModuleManager: Shutting down and abandoning module SteamVR (119)
[2016.01.12-01.50.45:511][ 33]LogModuleManager: Shutting down and abandoning module ProceduralMeshComponent (118)
[2016.01.12-01.50.45:511][ 33]LogModuleManager: Shutting down and abandoning module OculusLibrary (117)
[2016.01.12-01.50.45:511][ 33]LogModuleManager: Shutting down and abandoning module OculusInput (116)
[2016.01.12-01.50.45:511][ 33]LogModuleManager: Shutting down and abandoning module LeapMotionController (115)
[2016.01.12-01.50.45:594][ 33]LogModuleManager: Shutting down and abandoning module CustomMeshComponent (114)
[2016.01.12-01.50.45:594][ 33]LogModuleManager: Shutting down and abandoning module CableComponent (113)
[2016.01.12-01.50.45:622][ 33]LogModuleManager: Shutting down and abandoning module ArchVisCharacter (112)
[2016.01.12-01.50.45:622][ 33]LogModuleManager: Shutting down and abandoning module MessagingDebugger (111)
[2016.01.12-01.50.45:757][ 33]LogModuleManager: Shutting down and abandoning module MediaPlayerEditor (110)
[2016.01.12-01.50.45:813][ 33]LogModuleManager: Shutting down and abandoning module HTML5Networking (109)
[2016.01.12-01.50.45:813][ 33]LogModuleManager: Shutting down and abandoning module SpeedTreeImporter (108)
[2016.01.12-01.50.45:813][ 33]LogModuleManager: Shutting down and abandoning module PluginBrowser (107)
[2016.01.12-01.50.45:876][ 33]LogModuleManager: Shutting down and abandoning module EpicSurvey (106)
[2016.01.12-01.50.45:878][ 33]LogModuleManager: Shutting down and abandoning module DesktopPlatform (105)
[2016.01.12-01.50.45:974][ 33]LogModuleManager: Shutting down and abandoning module VisualStudioSourceCodeAccess (104)
[2016.01.12-01.50.45:974][ 33]LogModuleManager: Shutting down and abandoning module UObjectPlugin (103)
[2016.01.12-01.50.45:974][ 33]LogModuleManager: Shutting down and abandoning module SubversionSourceControl (102)
[2016.01.12-01.50.46:012][ 33]LogModuleManager: Shutting down and abandoning module PerforceSourceControl (101)
[2016.01.12-01.50.46:115][ 33]LogModuleManager: Shutting down and abandoning module SourceControl (100)
[2016.01.12-01.50.46:169][ 33]LogModuleManager: Shutting down and abandoning module GitSourceControl (99)
[2016.01.12-01.50.46:251][ 33]LogModuleManager: Shutting down and abandoning module LightPropagationVolumeEditor (98)
[2016.01.12-01.50.46:251][ 33]LogModuleManager: Shutting down and abandoning module PaperTiledImporter (97)
[2016.01.12-01.50.46:284][ 33]LogModuleManager: Shutting down and abandoning module PaperSpriteSheetImporter (96)
[2016.01.12-01.50.46:284][ 33]LogModuleManager: Shutting down and abandoning module MeshPaint (95)
[2016.01.12-01.50.46:284][ 33]LogModuleManager: Shutting down and abandoning module SlateReflector (94)
[2016.01.12-01.50.46:356][ 33]LogModuleManager: Shutting down and abandoning module HotReload (93)
[2016.01.12-01.50.46:362][ 33]LogModuleManager: Shutting down and abandoning module MainFrame (92)
[2016.01.12-01.50.46:362][ 33]LogModuleManager: Shutting down and abandoning module LevelEditor (91)
[2016.01.12-01.50.46:411][ 33]LogModuleManager: Shutting down and abandoning module DirectoryWatcher (90)
[2016.01.12-01.50.46:413][ 33]LogModuleManager: Shutting down and abandoning module AssetRegistry (89)
[2016.01.12-01.50.46:489][ 33]LogModuleManager: Shutting down and abandoning module ContentBrowser (88)
[2016.01.12-01.50.46:490][ 33]LogModuleManager: Shutting down and abandoning module Paper2DEditor (87)
[2016.01.12-01.50.46:530][ 33]LogModuleManager: Shutting down and abandoning module UdpMessaging (86)
[2016.01.12-01.50.46:630][ 33]LogModuleManager: Shutting down and abandoning module LightPropagationVolumeRuntime (85)
[2016.01.12-01.50.46:630][ 33]LogModuleManager: Shutting down and abandoning module Paper2D (84)
[2016.01.12-01.50.46:678][ 33]LogModuleManager: Shutting down and abandoning module WindowsMoviePlayer (83)
[2016.01.12-01.50.46:678][ 33]LogModuleManager: Shutting down and abandoning module Media (82)
[2016.01.12-01.50.46:678][ 33]LogModuleManager: Shutting down and abandoning module WmfMedia (81)
[2016.01.12-01.50.46:701][ 33]LogModuleManager: Shutting down and abandoning module OnlineBlueprintSupport (80)
[2016.01.12-01.50.46:701][ 33]LogModuleManager: Shutting down and abandoning module GameplayTasksEditor (79)
[2016.01.12-01.50.46:701][ 33]LogModuleManager: Shutting down and abandoning module PropertyEditor (78)
[2016.01.12-01.50.46:701][ 33]LogModuleManager: Shutting down and abandoning module BehaviorTreeEditor (77)
[2016.01.12-01.50.46:860][ 33]LogModuleManager: Shutting down and abandoning module FunctionalTesting (76)
[2016.01.12-01.50.46:860][ 33]LogModuleManager: Shutting down and abandoning module CollisionAnalyzer (75)
[2016.01.12-01.50.46:911][ 33]LogModuleManager: Shutting down and abandoning module WorkspaceMenuStructure (74)
[2016.01.12-01.50.46:911][ 33]LogModuleManager: Shutting down and abandoning module MessageLog (73)
[2016.01.12-01.50.46:911][ 33]LogModuleManager: Shutting down and abandoning module Sequencer (72)
[2016.01.12-01.50.46:998][ 33]LogModuleManager: Shutting down and abandoning module AssetTools (71)
[2016.01.12-01.50.47:165][ 33]LogModuleManager: Shutting down and abandoning module UMGEditor (70)
[2016.01.12-01.50.47:337][ 33]LogModuleManager: Shutting down and abandoning module UMG (69)
[2016.01.12-01.50.47:545][ 33]LogModuleManager: Shutting down and abandoning module Slate (68)
[2016.01.12-01.50.47:545][ 33]LogModuleManager: Shutting down and abandoning module EditorStyle (67)
[2016.01.12-01.50.47:547][ 33]LogModuleManager: Shutting down and abandoning module SessionServices (66)
[2016.01.12-01.50.47:547][ 33]LogModuleManager: Shutting down and abandoning module SourceCodeAccess (65)
[2016.01.12-01.50.47:547][ 33]LogModuleManager: Shutting down and abandoning module HeadMountedDisplay (64)
[2016.01.12-01.50.47:547][ 33]LogModuleManager: Shutting down and abandoning module XAudio2 (63)
[2016.01.12-01.50.47:547][ 33]LogModuleManager: Shutting down and abandoning module Networking (61)
[2016.01.12-01.50.47:547][ 33]LogModuleManager: Shutting down and abandoning module Core (60)
[2016.01.12-01.50.47:547][ 33]LogModuleManager: Shutting down and abandoning module KismetCompiler (59)
[2016.01.12-01.50.47:547][ 33]LogModuleManager: Shutting down and abandoning module PhysXFormats (58)
[2016.01.12-01.50.47:547][ 33]LogModuleManager: Shutting down and abandoning module MeshUtilities (57)
[2016.01.12-01.50.47:658][ 33]LogModuleManager: Shutting down and abandoning module DerivedDataCache (56)
[2016.01.12-01.50.47:906][ 33]LogDerivedDataCache: Shutdown
[2016.01.12-01.50.47:906][ 33]LogModuleManager: Shutting down and abandoning module ShaderFormatOpenGL (55)
[2016.01.12-01.50.47:993][ 33]LogModuleManager: Shutting down and abandoning module ShaderFormatD3D (54)
[2016.01.12-01.50.47:993][ 33]LogModuleManager: Shutting down and abandoning module MetalShaderFormat (53)
[2016.01.12-01.50.48:049][ 33]LogModuleManager: Shutting down and abandoning module TextureFormatUncompressed (52)
[2016.01.12-01.50.48:049][ 33]LogModuleManager: Shutting down and abandoning module TextureFormatPVR (51)
[2016.01.12-01.50.48:049][ 33]LogModuleManager: Shutting down and abandoning module TextureFormatIntelISPCTexComp (50)
[2016.01.12-01.50.48:049][ 33]LogModuleManager: Shutting down and abandoning module TextureFormatDXT (49)
[2016.01.12-01.50.48:049][ 33]LogModuleManager: Shutting down and abandoning module ImageWrapper (48)
[2016.01.12-01.50.48:049][ 33]LogModuleManager: Shutting down and abandoning module TextureFormatASTC (47)
[2016.01.12-01.50.48:049][ 33]LogModuleManager: Shutting down and abandoning module TextureFormatAndroid (46)
[2016.01.12-01.50.48:049][ 33]LogModuleManager: Shutting down and abandoning module AudioFormatOpus (45)
[2016.01.12-01.50.48:092][ 33]LogModuleManager: Shutting down and abandoning module AudioFormatOgg (44)
[2016.01.12-01.50.48:092][ 33]LogModuleManager: Shutting down and abandoning module AudioFormatADPCM (43)
[2016.01.12-01.50.48:092][ 33]LogModuleManager: Shutting down and abandoning module LinuxTargetPlatform (42)
[2016.01.12-01.50.48:092][ 33]LogModuleManager: Shutting down and abandoning module LinuxServerTargetPlatform (41)
[2016.01.12-01.50.48:092][ 33]LogModuleManager: Shutting down and abandoning module LinuxNoEditorTargetPlatform (40)
[2016.01.12-01.50.48:092][ 33]LogModuleManager: Shutting down and abandoning module Messaging (39)
[2016.01.12-01.50.48:092][ 33]LogModuleManager: Shutting down and abandoning module IOSTargetPlatform (38)
[2016.01.12-01.50.48:092][ 33]LogModuleManager: Shutting down and abandoning module HTML5TargetPlatform (37)
[2016.01.12-01.50.48:092][ 33]LogModuleManager: Shutting down and abandoning module Android_PVRTCTargetPlatform (36)
[2016.01.12-01.50.48:092][ 33]LogModuleManager: Shutting down and abandoning module Android_MultiTargetPlatform (35)
[2016.01.12-01.50.48:092][ 33]LogModuleManager: Shutting down and abandoning module Android_ETC2TargetPlatform (34)
[2016.01.12-01.50.48:092][ 33]LogModuleManager: Shutting down and abandoning module Android_ETC1TargetPlatform (33)
[2016.01.12-01.50.48:092][ 33]LogModuleManager: Shutting down and abandoning module Android_DXTTargetPlatform (32)
[2016.01.12-01.50.48:092][ 33]LogModuleManager: Shutting down and abandoning module Android_ATCTargetPlatform (31)
[2016.01.12-01.50.48:092][ 33]LogModuleManager: Shutting down and abandoning module Android_ASTCTargetPlatform (30)
[2016.01.12-01.50.48:092][ 33]LogModuleManager: Shutting down and abandoning module AndroidTargetPlatform (29)
[2016.01.12-01.50.48:092][ 33]LogModuleManager: Shutting down and abandoning module WindowsTargetPlatform (28)
[2016.01.12-01.50.48:092][ 33]LogModuleManager: Shutting down and abandoning module WindowsServerTargetPlatform (27)
[2016.01.12-01.50.48:092][ 33]LogModuleManager: Shutting down and abandoning module WindowsNoEditorTargetPlatform (26)
[2016.01.12-01.50.48:092][ 33]LogModuleManager: Shutting down and abandoning module WindowsClientTargetPlatform (25)
[2016.01.12-01.50.48:092][ 33]LogModuleManager: Shutting down and abandoning module AllDesktopTargetPlatform (24)
[2016.01.12-01.50.48:092][ 33]LogModuleManager: Shutting down and abandoning module TargetPlatform (23)
[2016.01.12-01.50.48:092][ 33]LogModuleManager: Shutting down and abandoning module InputCore (22)
[2016.01.12-01.50.48:092][ 33]LogModuleManager: Shutting down and abandoning module Settings (21)
[2016.01.12-01.50.48:092][ 33]LogModuleManager: Shutting down and abandoning module OnlineSubsystem (19)
[2016.01.12-01.50.48:092][ 33]LogModuleManager: Shutting down and abandoning module HTTP (18)
[2016.01.12-01.50.49:593][ 33]LogModuleManager: Shutting down and abandoning module XMPP (17)
[2016.01.12-01.50.49:655][ 33]LogModuleManager: Shutting down and abandoning module OculusRift (16)
[2016.01.12-01.50.49:740][ 33]LogModuleManager: Shutting down and abandoning module ExampleDeviceProfileSelector (15)
[2016.01.12-01.50.49:740][ 33]LogModuleManager: Shutting down and abandoning module TextureCompressor (14)
[2016.01.12-01.50.49:776][ 33]LogModuleManager: Shutting down and abandoning module ShaderCore (13)
[2016.01.12-01.50.49:776][ 33]LogModuleManager: Shutting down and abandoning module Landscape (12)
[2016.01.12-01.50.49:776][ 33]LogModuleManager: Shutting down and abandoning module SlateRHIRenderer (11)
[2016.01.12-01.50.49:813][ 33]LogModuleManager: Shutting down and abandoning module OpenGLDrv (10)
[2016.01.12-01.50.49:867][ 33]LogModuleManager: Shutting down and abandoning module D3D11RHI (9)
[2016.01.12-01.50.49:867][ 33]LogModuleManager: Shutting down and abandoning module AnimGraphRuntime (8)
[2016.01.12-01.50.49:930][ 33]LogModuleManager: Shutting down and abandoning module Renderer (7)
[2016.01.12-01.50.49:930][ 33]LogModuleManager: Shutting down and abandoning module Engine (6)
[2016.01.12-01.50.49:930][ 33]LogModuleManager: Shutting down and abandoning module CoreUObject (5)
[2016.01.12-01.50.49:931][ 33]LogModuleManager: Shutting down and abandoning module NetworkFile (4)
[2016.01.12-01.50.49:962][ 33]LogModuleManager: Shutting down and abandoning module StreamingFile (3)
[2016.01.12-01.50.49:962][ 33]LogModuleManager: Shutting down and abandoning module SandboxFile (2)
[2016.01.12-01.50.49:962][ 33]LogModuleManager: Shutting down and abandoning module PakFile (1)
[2016.01.12-01.50.50:041][ 33]LogExit: Exiting.
[2016.01.12-01.50.50:093][ 33]Log file closed, 01/12/16 09:50:50
