[2016.01.22-02.20.35:071][  0]Log file open, 01/22/16 10:20:35
[2016.01.22-02.20.35:071][  0]LogInit:Display: Running engine for game: ExampleCollection10
[2016.01.22-02.20.35:071][  0]LogPlatformFile: Not using cached read wrapper
[2016.01.22-02.20.35:071][  0]LogInit:Display: RandInit(-607819038) SRandInit(-607819036).
[2016.01.22-02.20.35:071][  0]LogTaskGraph: Started task graph with 4 named threads and 7 total threads.
[2016.01.22-02.20.35:071][  0]LogStats: Stats thread started at 0.147393
[2016.01.22-02.20.35:071][  0]LogInit: Version: 4.10.1-2791327+++depot+UE4-Releases+4.10
[2016.01.22-02.20.35:071][  0]LogInit: API Version: 2758231
[2016.01.22-02.20.35:071][  0]LogInit: Compiled (64-bit): Dec  4 2015 19:44:40
[2016.01.22-02.20.35:071][  0]LogInit: Compiled with Visual C++: 19.00.23026.00
[2016.01.22-02.20.35:071][  0]LogInit: Build Configuration: Development
[2016.01.22-02.20.35:071][  0]LogInit: Branch Name: ++depot+UE4-Releases+4.10
[2016.01.22-02.20.35:071][  0]LogInit: Command line:  
[2016.01.22-02.20.35:071][  0]LogInit: Base directory: D:/Program Files/Epic Games/4.10/Engine/Binaries/Win64/
[2016.01.22-02.20.35:071][  0]LogInit: Rocket: 1
[2016.01.22-02.20.35:111][  0]LogInit: Using libcurl 7.41.0
[2016.01.22-02.20.35:111][  0]LogInit:  - built for x86_64-pc-win32
[2016.01.22-02.20.35:111][  0]LogInit:  - supports SSL with WinSSL
[2016.01.22-02.20.35:111][  0]LogInit:  - other features:
[2016.01.22-02.20.35:111][  0]LogInit:      CURL_VERSION_SSL
[2016.01.22-02.20.35:111][  0]LogInit:      CURL_VERSION_IPV6
[2016.01.22-02.20.35:111][  0]LogInit:      CURL_VERSION_ASYNCHDNS
[2016.01.22-02.20.35:111][  0]LogInit:      CURL_VERSION_LARGEFILE
[2016.01.22-02.20.35:111][  0]LogInit:      CURL_VERSION_IDN
[2016.01.22-02.20.35:111][  0]LogInit:  CurlRequestOptions (configurable via config and command line):
[2016.01.22-02.20.35:111][  0]LogInit:  - bVerifyPeer = true  - Libcurl will verify peer certificate
[2016.01.22-02.20.35:111][  0]LogInit:  - bUseHttpProxy = false  - Libcurl will NOT use HTTP proxy
[2016.01.22-02.20.35:111][  0]LogInit:  - bDontReuseConnections = false  - Libcurl will reuse connections
[2016.01.22-02.20.35:111][  0]LogInit:  - CertBundlePath = nullptr  - Libcurl will use whatever was configured at build time.
[2016.01.22-02.20.35:217][  0]LogInit: Presizing for 0 objects not considered by GC, pre-allocating 0 bytes.
[2016.01.22-02.20.35:222][  0]LogInit: Object subsystem initialized
[2016.01.22-02.20.35:223][  0]LogInit: Selected Device Profile: [Windows]
[2016.01.22-02.20.35:223][  0]LogInit: Applying CVar settings loaded from the selected device profile: [Windows]
[2016.01.22-02.20.35:240][  0]LogInit: Computer: PLAN-CHENXINGHU
[2016.01.22-02.20.35:240][  0]LogInit: User: chenxinghui
[2016.01.22-02.20.35:240][  0]LogInit: CPU Page size=4096, Cores=4
[2016.01.22-02.20.35:240][  0]LogInit: High frequency timer resolution =3.117802 MHz
[2016.01.22-02.20.35:240][  0]LogMemory: Memory total: Physical=7.9GB (8GB approx)
[2016.01.22-02.20.35:240][  0]LogMemory: Platform Memory Stats for Windows
[2016.01.22-02.20.35:240][  0]LogMemory: Process Physical Memory: 56.35 MB used, 56.35 MB peak
[2016.01.22-02.20.35:240][  0]LogMemory: Process Virtual Memory: 57.71 MB used, 57.71 MB peak
[2016.01.22-02.20.35:240][  0]LogMemory: Physical Memory: 2627.08 MB used, 8130.04 MB total
[2016.01.22-02.20.35:240][  0]LogMemory: Virtual Memory: 350.46 MB used, 8388608.00 MB total
[2016.01.22-02.20.36:348][  0]LogD3D11RHI: Found D3D11 adapter 0: NVIDIA GeForce GTX 660   (Feature Level 11_0)
[2016.01.22-02.20.36:348][  0]LogD3D11RHI: Adapter has 1989MB of dedicated video memory, 0MB of dedicated system memory, and 2048MB of shared system memory, 2 output[s]
[2016.01.22-02.20.36:348][  0]LogD3D11RHI: Chosen D3D11 Adapter Id = 0
[2016.01.22-02.20.36:355][  0]LogD3D11RHI: !Direct3DDevice
[2016.01.22-02.20.36:355][  0]LogRHI: Texture pool is 1361 MB (70% of 1945 MB)
[2016.01.22-02.20.36:364][  0]LogD3D11RHI: Async texture creation enabled
[2016.01.22-02.20.36:377][  0]LogShaderCompilers: Guid format shader working directory is 9 characters bigger than the processId version (E:/Unreal Work Space/ExampleCollection10/Intermediate/Shaders/WorkingDirectory/3308/).
[2016.01.22-02.20.36:377][  0]LogShaderCompilers: Cleaned the shader compiler working directory 'C:/Users/CHENXI~1/AppData/Local/Temp/UnrealShaderWorkingDir/8597EBFE4FD8D7C6354B43918477B96E/'.
[2016.01.22-02.20.36:377][  0]LogShaderCompilers:Display: Using Local Shader Compiler.
[2016.01.22-02.20.39:350][  0]LogTemp:Display: Loaded TP AllDesktopTargetPlatform
[2016.01.22-02.20.39:354][  0]LogTemp:Display: Loaded TP WindowsClientTargetPlatform
[2016.01.22-02.20.39:359][  0]LogTemp:Display: Loaded TP WindowsNoEditorTargetPlatform
[2016.01.22-02.20.39:363][  0]LogTemp:Display: Loaded TP WindowsServerTargetPlatform
[2016.01.22-02.20.39:368][  0]LogTemp:Display: Loaded TP WindowsTargetPlatform
[2016.01.22-02.20.39:373][  0]LogTemp:Display: Loaded TP AndroidTargetPlatform
[2016.01.22-02.20.39:376][  0]LogTemp:Display: Loaded TP Android_ASTCTargetPlatform
[2016.01.22-02.20.39:379][  0]LogTemp:Display: Loaded TP Android_ATCTargetPlatform
[2016.01.22-02.20.39:382][  0]LogTemp:Display: Loaded TP Android_DXTTargetPlatform
[2016.01.22-02.20.39:384][  0]LogTemp:Display: Loaded TP Android_ETC1TargetPlatform
[2016.01.22-02.20.39:387][  0]LogTemp:Display: Loaded TP Android_ETC2TargetPlatform
[2016.01.22-02.20.39:392][  0]LogTemp:Display: Loaded TP Android_MultiTargetPlatform
[2016.01.22-02.20.39:392][  0]LogTemp:Display: Loaded TP Android_PVRTCTargetPlatform
[2016.01.22-02.20.39:393][  0]LogTemp:Display: Loaded TP HTML5TargetPlatform
[2016.01.22-02.20.39:468][  0]LogTemp:Display: Loaded TP IOSTargetPlatform
[2016.01.22-02.20.39:470][  0]LogTemp:Display: Loaded TP LinuxNoEditorTargetPlatform
[2016.01.22-02.20.39:473][  0]LogTemp:Display: Loaded TP LinuxServerTargetPlatform
[2016.01.22-02.20.39:486][  0]LogTemp:Display: Loaded TP LinuxTargetPlatform
[2016.01.22-02.20.39:486][  0]LogTargetPlatformManager:Display: Building Assets For Windows
[2016.01.22-02.20.40:133][  0]LogDerivedDataCache:Display: Max Cache Size: 512 MB
[2016.01.22-02.20.40:597][  0]LogDerivedDataCache: Loaded boot cache 0.46s 41MB C:/Users/chenxinghui/AppData/Local/UnrealEngine/4.10/DerivedDataCache/Boot.ddc.
[2016.01.22-02.20.40:598][  0]LogDerivedDataCache:Display: Loaded Boot cache: C:/Users/chenxinghui/AppData/Local/UnrealEngine/4.10/DerivedDataCache/Boot.ddc
[2016.01.22-02.20.40:598][  0]LogDerivedDataCache: FDerivedDataBackendGraph:  Pak pak cache file E:/Unreal Work Space/ExampleCollection10/DerivedDataCache/DDC.ddp not found, will not use a pak cache.
[2016.01.22-02.20.40:598][  0]LogDerivedDataCache: Unable to find inner node Pak for hierarchical cache Hierarchy.
[2016.01.22-02.20.40:598][  0]LogDerivedDataCache: FDerivedDataBackendGraph:  CompressedPak pak cache file E:/Unreal Work Space/ExampleCollection10/DerivedDataCache/Compressed.ddp not found, will not use a pak cache.
[2016.01.22-02.20.40:598][  0]LogDerivedDataCache: Unable to find inner node CompressedPak for hierarchical cache Hierarchy.
[2016.01.22-02.20.40:884][  0]LogDerivedDataCache:Display: Pak cache opened for reading ../../../Engine/DerivedDataCache/Compressed.ddp.
[2016.01.22-02.20.40:896][  0]LogDerivedDataCache: Using Local data cache path C:/Users/chenxinghui/AppData/Local/UnrealEngine/Common/DerivedDataCache: Writable
[2016.01.22-02.20.49:757][  0]LogInit: Selected Device Profile: [Windows]
[2016.01.22-02.20.49:757][  0]LogContentStreaming: Texture pool size is 0.000000MB
[2016.01.22-02.20.49:799][  0]LogMeshUtilities: No automatic mesh reduction module available
[2016.01.22-02.20.49:799][  0]LogMeshUtilities: No automatic mesh merging module available
[2016.01.22-02.20.50:668][  0]LogInit: WinSock: version 1.1 (2.2), MaxSocks=32767, MaxUdp=65467
[2016.01.22-02.20.59:911][  0]UdpMessaging: Initializing bridge on interface 0.0.0.0:0 to multicast group 230.0.0.1:6666.
[2016.01.22-02.21.00:551][  0]LogAssetRegistry: FAssetRegistry took 0.0111 seconds to start up
[2016.01.22-02.21.02:161][  0]SourceControl: Info Source control is disabled
[2016.01.22-02.21.02:247][  0]SourceControl: Info Source control is disabled
[2016.01.22-02.21.02:280][  0]SourceControl: Info Source control is disabled
[2016.01.22-02.21.02:305][  0]SourceControl: Info Source control is disabled
[2016.01.22-02.21.03:510][  0]LogObj: 28633 objects as part of root set at end of initial load.
[2016.01.22-02.21.03:510][  0]LogUObjectAllocator: 6099752 out of 0 bytes used by permanent object pool.
[2016.01.22-02.21.03:653][  0]LogEngine: Initializing Engine...
[2016.01.22-02.21.03:655][  0]LogHMD: Can't find Oculus library dev build: is proper Runtime installed? Version: 0.8.0.0
[2016.01.22-02.21.03:690][  0]LogHMD: SteamVR failed to initialize.  Err: 110
[2016.01.22-02.21.03:868][  0]LogAIModule: Creating AISystem for world NewWorld
[2016.01.22-02.21.03:891][  0]LogInit: XAudio2 using '扬声器 (Realtek High Definition Audio)' : 2 channels at 48 kHz using 32 bits per sample (channel mask 0x3)
[2016.01.22-02.21.04:149][  0]LogInit: FAudioDevice initialized.
[2016.01.22-02.21.04:174][  0]LogDerivedDataCache: Saved boot cache 0.03s 41MB C:/Users/chenxinghui/AppData/Local/UnrealEngine/4.10/DerivedDataCache/Boot.ddc.
[2016.01.22-02.21.04:180][  0]LogInit: Texture streaming: Enabled
[2016.01.22-02.21.04:185][  0]LogAnalytics: Creating configured Analytics provider AnalyticsET
[2016.01.22-02.21.04:185][  0]LogAnalytics: [UEEditor.Rocket.Release] APIServer = http://et2.epicgames.com/ET2/. AppVersion = 4.10.1-2791327+++depot+UE4-Releases+4.10
[2016.01.22-02.21.04:185][  0]LogAnalytics: [UEEditor.Rocket.Release] SetUserId fcc8beb743eb3f315b3205bc8f91fbb8|ecc15fb7c1f4439e807eef072eca5f98|c014cd18-b694-4710-a8b7-958888126c98
[2016.01.22-02.21.04:185][  0]LogAnalytics: [UEEditor.Rocket.Release] AnalyticsET::StartSession
[2016.01.22-02.21.04:240][  0]LogInit: Transaction tracking system initialized
[2016.01.22-02.21.04:292][  0]BlueprintLog: New page: Editor Load
[2016.01.22-02.21.04:648][  0]LocalizationService: Info Localization service is disabled
[2016.01.22-02.21.05:050][  0]LogConsoleResponse:Display: 
[2016.01.22-02.21.06:916][  0]LogFileCache: Scanning file cache for directory 'E:/Unreal Work Space/ExampleCollection10/Content/' took 0.02s
[2016.01.22-02.21.06:916][  0]LogCook:Display: Done creating registry. It took  0.00s.
[2016.01.22-02.21.07:787][  0]SourceControl: Info Source control is disabled
[2016.01.22-02.21.07:805][  0]Cmd: MAP LOAD FILE="E:/Unreal Work Space/ExampleCollection10/Content/My/TestMap/MatTestMap.umap" TEMPLATE=0 SHOWPROGRESS=1 FEATURELEVEL=3
[2016.01.22-02.21.07:936][  0]LightingResults: New page: Lighting Build
[2016.01.22-02.21.08:044][  0]MapCheck: New page: Map Check
[2016.01.22-02.21.08:044][  0]LightingResults: New page: Lighting Build
[2016.01.22-02.21.08:053][  0]LogParticles: Destroying 0 GPU particle simulations for FXSystem 0x00000000231CAAC0
[2016.01.22-02.21.18:673][  0]LogAIModule: Creating AISystem for world MatTestMap
[2016.01.22-02.21.18:699][  0]LogEditorServer: Finished looking for orphan Actors (0.000 secs)
[2016.01.22-02.21.18:705][  0]Cmd: MAP CHECKDEP NOCLEARLOG
[2016.01.22-02.21.18:749][  0]MapCheck: Info Map check complete: 0 Error(s), 0 Warning(s), took 43.393ms to complete.
[2016.01.22-02.21.18:749][  0]LogFileHelpers: Loading map 'MatTestMap' took 10.945
[2016.01.22-02.21.19:397][  0]LogCollectionManager: Loaded 0 collections in 0.012101 seconds
[2016.01.22-02.21.19:468][  0]LogFileCache: Scanning file cache for directory 'E:/Unreal Work Space/ExampleCollection10/Saved/Collections/' took 0.01s
[2016.01.22-02.21.19:468][  0]LogFileCache: Scanning file cache for directory 'E:/Unreal Work Space/ExampleCollection10/Content/Developers/chenxinghui/Collections/' took 0.01s
[2016.01.22-02.21.19:468][  0]LogFileCache: Scanning file cache for directory 'E:/Unreal Work Space/ExampleCollection10/Content/Collections/' took 0.01s
[2016.01.22-02.21.19:468][  0]LogCollectionManager: Rebuilt the GUID cache for 0 collections in 0.000002 seconds
[2016.01.22-02.21.19:475][  0]LogContentBrowser: Native class hierarchy populated in 0.0065 seconds. Added 1893 classes and 338 folders.
[2016.01.22-02.21.19:518][  0]LogContentBrowser: Native class hierarchy updated for 'WidgetCarousel' in 0.0003 seconds. Added 0 classes and 0 folders.
[2016.01.22-02.21.20:252][  0]LogContentBrowser: Native class hierarchy updated for 'AddContentDialog' in 0.0003 seconds. Added 0 classes and 0 folders.
[2016.01.22-02.21.20:255][  0]LogContentBrowser: Native class hierarchy updated for 'SceneOutliner' in 0.0003 seconds. Added 1 classes and 2 folders.
[2016.01.22-02.21.20:412][  0]LogCrashTracker: Crashtracker disabled due to settings.
[2016.01.22-02.21.20:437][  0]LogUObjectGlobals:Warning: Failed to find object 'Class None.'
[2016.01.22-02.21.20:480][  0]LogLoad: Full Startup: 46.57 seconds (BP compile: 0.08 seconds)
[2016.01.22-02.21.20:819][  0]LogOcInput: Can't find Oculus library dev build: is proper Runtime installed? Version: 0.8.0.0
[2016.01.22-02.21.21:012][  0]LogContentStreaming: Texture pool size now 1000 MB
[2016.01.22-02.21.21:627][  0]LogRenderer: Reallocating scene render targets to support 824x552 (Frame:2).
[2016.01.22-02.21.22:335][  3]LogAssetRegistry: Asset discovery search completed in 21.7968 seconds
[2016.01.22-02.21.22:336][  3]LogCollectionManager: Rebuilt the object cache for 0 collections in 0.000001 seconds (found 0 objects)
[2016.01.22-02.21.22:336][  3]LogCollectionManager: Fixed up redirectors for 0 collections in 0.000037 seconds (updated 0 objects)
[2016.01.22-02.24.29:738][568]LogEditorViewport: Clicking on Actor (context menu): StaticMeshActor (Floor)
[2016.01.22-02.25.34:782][  5]LogEditorViewport: Clicking on Actor (LMB): StaticMeshActor (Floor)
[2016.01.22-02.25.40:488][661]LogRenderer: Reallocating scene render targets to support 824x640 (Frame:862).
[2016.01.22-02.25.42:133][851]LogRenderer: Reallocating scene render targets to support 896x640 (Frame:995).
[2016.01.22-02.25.43:422][998]LogPlayLevel: PlayLevel: No blueprints needed recompiling
[2016.01.22-02.25.43:422][998]PIE: New page: PIE session: MatTestMap (Jan 22, 2016, 6:25:43 PM)
[2016.01.22-02.25.43:423][998]LogPlayLevel: Creating play world package: /Game/My/TestMap/UEDPIE_0_MatTestMap
[2016.01.22-02.25.43:430][998]LogPlayLevel: PIE: StaticDuplicateObject took: (0.007450s)
[2016.01.22-02.25.43:431][998]LogAIModule: Creating AISystem for world MatTestMap
[2016.01.22-02.25.43:431][998]LogPlayLevel: PIE: World Init took: (0.000894s)
[2016.01.22-02.25.43:431][998]LogPlayLevel: PIE: Created PIE world by copying editor world from /Game/My/TestMap/MatTestMap.MatTestMap to /Game/My/TestMap/UEDPIE_0_MatTestMap.MatTestMap (0.008545s)
[2016.01.22-02.25.43:466][998]LogInit: XAudio2 using '扬声器 (Realtek High Definition Audio)' : 2 channels at 48 kHz using 32 bits per sample (channel mask 0x3)
[2016.01.22-02.25.43:489][998]LogInit: FAudioDevice initialized.
[2016.01.22-02.25.43:769][998]LogWorld: Game class is 'ThirdPersonGameMode_C'
[2016.01.22-02.25.43:774][998]LogWorld: Bringing World /Game/My/TestMap/UEDPIE_0_MatTestMap.MatTestMap up for play (max tick rate 0) at 2016.01.22-10.25.43
[2016.01.22-02.25.43:774][998]LogActor:Warning: GameSession /Game/My/TestMap/UEDPIE_0_MatTestMap.MatTestMap:PersistentLevel.GameSession_0 has natively added scene component(s), but none of them were set as the actor's RootComponent - picking one arbitrarily
[2016.01.22-02.25.43:774][998]LogActor:Warning: GameNetworkManager /Game/My/TestMap/UEDPIE_0_MatTestMap.MatTestMap:PersistentLevel.GameNetworkManager_0 has natively added scene component(s), but none of them were set as the actor's RootComponent - picking one arbitrarily
[2016.01.22-02.25.43:774][998]LogWorld: Bringing up level for play took: 0.003449
[2016.01.22-02.25.43:777][998]PIE: Info Play in editor start time for /Game/My/TestMap/UEDPIE_0_MatTestMap -0.052
[2016.01.22-02.26.34:995][132]LogSelection:Warning: PIE object was selected: "StaticMeshActor /Game/My/TestMap/UEDPIE_0_MatTestMap.MatTestMap:PersistentLevel.Floor"
[2016.01.22-02.26.43:471][562]LogActorComponent: UnregisterComponent: (/Engine/Transient.CharMoveComp) Not registered. Aborting.
[2016.01.22-02.36.39:904][185]LogEditorViewport: Clicking on Actor (LMB): StaticMeshActor (Floor)
[2016.01.22-02.36.39:904][185]LogSelection:Warning: PIE object was selected: "StaticMeshActor /Game/My/TestMap/UEDPIE_0_MatTestMap.MatTestMap:PersistentLevel.Floor"
[2016.01.22-02.36.42:174][327]LogParticles: Destroying 0 GPU particle simulations for FXSystem 0x00000000454D5300
[2016.01.22-02.36.43:179][412]LogLinker:Warning: Asset '../../../Engine/Content/ArtTools/RenderToTexture/Macros/RenderToTextureMacros.uasset' has been saved with empty engine version. The asset will be loaded but may be incompatible.
[2016.01.22-02.36.44:051][412]LogContentBrowser: Native class hierarchy updated for 'BlueprintGraph' in 0.0020 seconds. Added 107 classes and 0 folders.
[2016.01.22-02.36.47:986][560]LogRenderer: Reallocating scene render targets to support 896x688 (Frame:13632).
[2016.01.22-02.36.59:194][383]LogActorComponent: UnregisterComponent: (/Engine/Transient.CharMoveComp) Not registered. Aborting.
[2016.01.22-02.37.01:428][574]LogActorComponent: UnregisterComponent: (/Engine/Transient.CharacterMovementComponent_0) Not registered. Aborting.
[2016.01.22-02.37.23:735][449]LogActorComponent: UnregisterComponent: (/Engine/Transient.CharacterMovementComponent_1) Not registered. Aborting.
[2016.01.22-02.37.33:624][326]LogActorComponent: UnregisterComponent: (/Engine/Transient.CharacterMovementComponent_2) Not registered. Aborting.
[2016.01.22-02.37.35:714][509]LogActorComponent: UnregisterComponent: (/Engine/Transient.CharacterMovementComponent_3) Not registered. Aborting.
[2016.01.22-02.37.47:552][694]LogActorComponent: UnregisterComponent: (/Engine/Transient.CharacterMovementComponent_4) Not registered. Aborting.
[2016.01.22-02.37.53:173][235]LogActorComponent: UnregisterComponent: (/Engine/Transient.CharacterMovementComponent_5) Not registered. Aborting.
[2016.01.22-02.38.11:041][807]LogActorComponent: UnregisterComponent: (/Engine/Transient.CharacterMovementComponent_6) Not registered. Aborting.
[2016.01.22-02.38.14:649][ 93]LogActorComponent: UnregisterComponent: (/Engine/Transient.CharacterMovementComponent_7) Not registered. Aborting.
[2016.01.22-02.38.17:245][299]LogActorComponent: UnregisterComponent: (/Engine/Transient.CharacterMovementComponent_8) Not registered. Aborting.
[2016.01.22-02.38.22:630][728]LogActorComponent: UnregisterComponent: (/Engine/Transient.CharacterMovementComponent_9) Not registered. Aborting.
[2016.01.22-02.38.23:805][818]BlueprintLog: New page: Compile ThirdPersonCharacter
[2016.01.22-02.38.23:883][818]LogActorComponent: UnregisterComponent: (/Engine/Transient.CharacterMovementComponent_10) Not registered. Aborting.
[2016.01.22-02.38.23:914][818]BlueprintEditorCompileResults: Info [1070.01] Compile of ThirdPersonCharacter successful! [in 108 ms]
[2016.01.22-02.38.27:028][  4]LogRenderer: Reallocating scene render targets to support 896x720 (Frame:23418).
[2016.01.22-02.38.28:401][110]LogPlayLevel: PlayLevel: No blueprints needed recompiling
[2016.01.22-02.38.28:401][110]PIE: New page: PIE session: MatTestMap (Jan 22, 2016, 6:38:28 PM)
[2016.01.22-02.38.28:401][110]LogPlayLevel: Creating play world package: /Game/My/TestMap/UEDPIE_0_MatTestMap
[2016.01.22-02.38.28:410][110]LogPlayLevel: PIE: StaticDuplicateObject took: (0.008627s)
[2016.01.22-02.38.28:411][110]LogAIModule: Creating AISystem for world MatTestMap
[2016.01.22-02.38.28:411][110]LogPlayLevel: PIE: World Init took: (0.000863s)
[2016.01.22-02.38.28:411][110]LogPlayLevel: PIE: Created PIE world by copying editor world from /Game/My/TestMap/MatTestMap.MatTestMap to /Game/My/TestMap/UEDPIE_0_MatTestMap.MatTestMap (0.009660s)
[2016.01.22-02.38.28:411][110]LogActorComponent: UnregisterComponent: (/Engine/Transient.CharMoveComp) Not registered. Aborting.
[2016.01.22-02.38.28:451][110]LogInit: XAudio2 using '扬声器 (Realtek High Definition Audio)' : 2 channels at 48 kHz using 32 bits per sample (channel mask 0x3)
[2016.01.22-02.38.28:472][110]LogInit: FAudioDevice initialized.
[2016.01.22-02.38.28:500][110]LogWorld: Game class is 'ThirdPersonGameMode_C'
[2016.01.22-02.38.28:504][110]LogWorld: Bringing World /Game/My/TestMap/UEDPIE_0_MatTestMap.MatTestMap up for play (max tick rate 0) at 2016.01.22-10.38.28
[2016.01.22-02.38.28:504][110]LogActor:Warning: GameSession /Game/My/TestMap/UEDPIE_0_MatTestMap.MatTestMap:PersistentLevel.GameSession_1 has natively added scene component(s), but none of them were set as the actor's RootComponent - picking one arbitrarily
[2016.01.22-02.38.28:504][110]LogActor:Warning: GameNetworkManager /Game/My/TestMap/UEDPIE_0_MatTestMap.MatTestMap:PersistentLevel.GameNetworkManager_1 has natively added scene component(s), but none of them were set as the actor's RootComponent - picking one arbitrarily
[2016.01.22-02.38.28:504][110]LogWorld: Bringing up level for play took: 0.003743
[2016.01.22-02.38.28:506][110]PIE: Info Play in editor start time for /Game/My/TestMap/UEDPIE_0_MatTestMap 0.67
[2016.01.22-02.39.03:656][454]LogParticles: Destroying 0 GPU particle simulations for FXSystem 0x0000000031C17C40
[2016.01.22-02.39.09:827][931]BlueprintLog: New page: Compile ThirdPersonCharacter
[2016.01.22-02.39.09:900][931]LogActorComponent: UnregisterComponent: (/Engine/Transient.CharMoveComp) Not registered. Aborting.
[2016.01.22-02.39.09:926][931]BlueprintEditorCompileResults: Info [1116.02] Compile of ThirdPersonCharacter successful! [in 99 ms]
[2016.01.22-02.39.13:542][206]LogActorComponent: UnregisterComponent: (/Engine/Transient.CharMoveComp) Not registered. Aborting.
[2016.01.22-02.39.15:676][380]LogActorComponent: UnregisterComponent: (/Engine/Transient.CharacterMovementComponent_11) Not registered. Aborting.
[2016.01.22-02.39.22:460][926]BlueprintLog: New page: Compile ThirdPersonCharacter
[2016.01.22-02.39.22:532][926]LogActorComponent: UnregisterComponent: (/Engine/Transient.CharacterMovementComponent_12) Not registered. Aborting.
[2016.01.22-02.39.22:559][926]BlueprintEditorCompileResults: Info [1128.65] Compile of ThirdPersonCharacter successful! [in 99 ms]
[2016.01.22-02.39.28:111][359]LogPlayLevel: PlayLevel: No blueprints needed recompiling
[2016.01.22-02.39.28:111][359]PIE: New page: PIE session: MatTestMap (Jan 22, 2016, 6:39:28 PM)
[2016.01.22-02.39.28:111][359]LogPlayLevel: Creating play world package: /Game/My/TestMap/UEDPIE_0_MatTestMap
[2016.01.22-02.39.28:119][359]LogPlayLevel: PIE: StaticDuplicateObject took: (0.007486s)
[2016.01.22-02.39.28:120][359]LogAIModule: Creating AISystem for world MatTestMap
[2016.01.22-02.39.28:120][359]LogPlayLevel: PIE: World Init took: (0.000740s)
[2016.01.22-02.39.28:120][359]LogPlayLevel: PIE: Created PIE world by copying editor world from /Game/My/TestMap/MatTestMap.MatTestMap to /Game/My/TestMap/UEDPIE_0_MatTestMap.MatTestMap (0.008408s)
[2016.01.22-02.39.28:120][359]LogActorComponent: UnregisterComponent: (/Engine/Transient.CharMoveComp) Not registered. Aborting.
[2016.01.22-02.39.28:157][359]LogInit: XAudio2 using '扬声器 (Realtek High Definition Audio)' : 2 channels at 48 kHz using 32 bits per sample (channel mask 0x3)
[2016.01.22-02.39.28:177][359]LogInit: FAudioDevice initialized.
[2016.01.22-02.39.28:207][359]LogWorld: Game class is 'ThirdPersonGameMode_C'
[2016.01.22-02.39.28:211][359]LogWorld: Bringing World /Game/My/TestMap/UEDPIE_0_MatTestMap.MatTestMap up for play (max tick rate 0) at 2016.01.22-10.39.28
[2016.01.22-02.39.28:211][359]LogActor:Warning: GameSession /Game/My/TestMap/UEDPIE_0_MatTestMap.MatTestMap:PersistentLevel.GameSession_2 has natively added scene component(s), but none of them were set as the actor's RootComponent - picking one arbitrarily
[2016.01.22-02.39.28:211][359]LogActor:Warning: GameNetworkManager /Game/My/TestMap/UEDPIE_0_MatTestMap.MatTestMap:PersistentLevel.GameNetworkManager_2 has natively added scene component(s), but none of them were set as the actor's RootComponent - picking one arbitrarily
[2016.01.22-02.39.28:211][359]LogWorld: Bringing up level for play took: 0.003560
[2016.01.22-02.39.28:213][359]PIE: Info Play in editor start time for /Game/My/TestMap/UEDPIE_0_MatTestMap 0.374
[2016.01.22-02.40.09:631][359]LogParticles: Destroying 0 GPU particle simulations for FXSystem 0x000000005924E5C0
[2016.01.22-02.40.41:755][218]LogActorComponent: UnregisterComponent: (/Engine/Transient.CharMoveComp) Not registered. Aborting.
[2016.01.22-02.40.42:985][311]BlueprintLog: New page: Compile ThirdPersonCharacter
[2016.01.22-02.40.43:060][311]LogActorComponent: UnregisterComponent: (/Engine/Transient.CharacterMovementComponent_13) Not registered. Aborting.
[2016.01.22-02.40.43:087][311]BlueprintEditorCompileResults: Info [1209.18] Compile of ThirdPersonCharacter successful! [in 102 ms]
[2016.01.22-02.40.49:502][814]LogPlayLevel: PlayLevel: No blueprints needed recompiling
[2016.01.22-02.40.49:503][814]PIE: New page: PIE session: MatTestMap (Jan 22, 2016, 6:40:49 PM)
[2016.01.22-02.40.49:503][814]LogPlayLevel: Creating play world package: /Game/My/TestMap/UEDPIE_0_MatTestMap
[2016.01.22-02.40.49:511][814]LogPlayLevel: PIE: StaticDuplicateObject took: (0.008211s)
[2016.01.22-02.40.49:512][814]LogAIModule: Creating AISystem for world MatTestMap
[2016.01.22-02.40.49:512][814]LogPlayLevel: PIE: World Init took: (0.000861s)
[2016.01.22-02.40.49:512][814]LogPlayLevel: PIE: Created PIE world by copying editor world from /Game/My/TestMap/MatTestMap.MatTestMap to /Game/My/TestMap/UEDPIE_0_MatTestMap.MatTestMap (0.009270s)
[2016.01.22-02.40.49:512][814]LogActorComponent: UnregisterComponent: (/Engine/Transient.CharMoveComp) Not registered. Aborting.
[2016.01.22-02.40.49:549][814]LogInit: XAudio2 using '扬声器 (Realtek High Definition Audio)' : 2 channels at 48 kHz using 32 bits per sample (channel mask 0x3)
[2016.01.22-02.40.49:571][814]LogInit: FAudioDevice initialized.
[2016.01.22-02.40.49:603][814]LogWorld: Game class is 'ThirdPersonGameMode_C'
[2016.01.22-02.40.49:607][814]LogWorld: Bringing World /Game/My/TestMap/UEDPIE_0_MatTestMap.MatTestMap up for play (max tick rate 0) at 2016.01.22-10.40.49
[2016.01.22-02.40.49:607][814]LogActor:Warning: GameSession /Game/My/TestMap/UEDPIE_0_MatTestMap.MatTestMap:PersistentLevel.GameSession_3 has natively added scene component(s), but none of them were set as the actor's RootComponent - picking one arbitrarily
[2016.01.22-02.40.49:607][814]LogActor:Warning: GameNetworkManager /Game/My/TestMap/UEDPIE_0_MatTestMap.MatTestMap:PersistentLevel.GameNetworkManager_3 has natively added scene component(s), but none of them were set as the actor's RootComponent - picking one arbitrarily
[2016.01.22-02.40.49:607][814]LogWorld: Bringing up level for play took: 0.003659
[2016.01.22-02.40.49:609][814]PIE: Info Play in editor start time for /Game/My/TestMap/UEDPIE_0_MatTestMap -0.234
[2016.01.22-02.41.39:449][556]LogParticles: Destroying 0 GPU particle simulations for FXSystem 0x0000000031523EC0
[2016.01.22-02.41.56:736][730]LogContentBrowser: Native class hierarchy updated for 'Cascade' in 0.0003 seconds. Added 2 classes and 2 folders.
[2016.01.22-02.42.03:027][249]LogParticles:Warning: MaxCount = 10032 for Emitter ParticleSpriteEmitter_0 (/Game/My/ExampleCollection/MatCollection/Environment/Droplets/test/P_Droplet_Test.P_Droplet_Test)
[2016.01.22-02.42.04:334][362]LogParticles:Warning: MaxCount = 10032 for Emitter ParticleSpriteEmitter_0 (/Game/My/ExampleCollection/MatCollection/Environment/Droplets/test/P_Droplet_Test.P_Droplet_Test)
[2016.01.22-02.42.05:327][445]LogSavePackage: Save=9.494510ms
[2016.01.22-02.42.05:327][445]LogSavePackage: Moving 'E:/Unreal Work Space/ExampleCollection10/Saved/P_Droplet_Test3A1A90774AABAC721495E7831E69B9FC.tmp' to 'E:/Unreal Work Space/ExampleCollection10/Content/My/ExampleCollection/MatCollection/Environment/Droplets/test/P_Droplet_Test.uasset'
[2016.01.22-02.42.05:330][445]LogSavePackage: Total save time: 56.391329ms
[2016.01.22-02.42.05:330][445]LogSavePackage:Display: Finished SavePackage E:/Unreal Work Space/ExampleCollection10/Content/My/ExampleCollection/MatCollection/Environment/Droplets/test/P_Droplet_Test.uasset
[2016.01.22-02.42.06:205][529]LogActorComponent: UnregisterComponent: (/Engine/Transient.CharMoveComp) Not registered. Aborting.
[2016.01.22-02.42.06:331][529]Cmd: OBJ SAVEPACKAGE PACKAGE="/Game/ThirdPersonBP/Blueprints/ThirdPersonCharacter" FILE="E:/Unreal Work Space/ExampleCollection10/Content/ThirdPersonBP/Blueprints/ThirdPersonCharacter.uasset" SILENT=true
[2016.01.22-02.42.06:454][529]LogSavePackage: Save=69.247505ms
[2016.01.22-02.42.06:454][529]LogSavePackage: Moving 'E:/Unreal Work Space/ExampleCollection10/Saved/ThirdPersonCharacterCC541469459DED0D6DBF088CE64B3843.tmp' to 'E:/Unreal Work Space/ExampleCollection10/Content/ThirdPersonBP/Blueprints/ThirdPersonCharacter.uasset'
[2016.01.22-02.42.06:455][529]LogSavePackage: Total save time: 121.788684ms
[2016.01.22-02.42.06:455][529]LogSavePackage:Display: Finished SavePackage E:/Unreal Work Space/ExampleCollection10/Content/ThirdPersonBP/Blueprints/ThirdPersonCharacter.uasset
[2016.01.22-02.42.06:735][555]LogCascade: Quitting Cascade. FXSystem=0x0000000031523CE0
[2016.01.22-02.42.09:034][704]LogPlayLevel: PlayLevel: No blueprints needed recompiling
[2016.01.22-02.42.09:035][704]PIE: New page: PIE session: MatTestMap (Jan 22, 2016, 6:42:09 PM)
[2016.01.22-02.42.09:035][704]LogPlayLevel: Creating play world package: /Game/My/TestMap/UEDPIE_0_MatTestMap
[2016.01.22-02.42.09:043][704]LogPlayLevel: PIE: StaticDuplicateObject took: (0.008166s)
[2016.01.22-02.42.09:043][704]LogAIModule: Creating AISystem for world MatTestMap
[2016.01.22-02.42.09:044][704]LogPlayLevel: PIE: World Init took: (0.000921s)
[2016.01.22-02.42.09:044][704]LogPlayLevel: PIE: Created PIE world by copying editor world from /Game/My/TestMap/MatTestMap.MatTestMap to /Game/My/TestMap/UEDPIE_0_MatTestMap.MatTestMap (0.009271s)
[2016.01.22-02.42.09:044][704]LogActorComponent: UnregisterComponent: (/Engine/Transient.CharMoveComp) Not registered. Aborting.
[2016.01.22-02.42.09:065][704]LogParticles: Destroying 0 GPU particle simulations for FXSystem 0x0000000031523CE0
[2016.01.22-02.42.09:083][704]LogInit: XAudio2 using '扬声器 (Realtek High Definition Audio)' : 2 channels at 48 kHz using 32 bits per sample (channel mask 0x3)
[2016.01.22-02.42.09:104][704]LogInit: FAudioDevice initialized.
[2016.01.22-02.42.09:133][704]LogWorld: Game class is 'ThirdPersonGameMode_C'
[2016.01.22-02.42.09:137][704]LogWorld: Bringing World /Game/My/TestMap/UEDPIE_0_MatTestMap.MatTestMap up for play (max tick rate 0) at 2016.01.22-10.42.09
[2016.01.22-02.42.09:137][704]LogActor:Warning: GameSession /Game/My/TestMap/UEDPIE_0_MatTestMap.MatTestMap:PersistentLevel.GameSession_4 has natively added scene component(s), but none of them were set as the actor's RootComponent - picking one arbitrarily
[2016.01.22-02.42.09:137][704]LogActor:Warning: GameNetworkManager /Game/My/TestMap/UEDPIE_0_MatTestMap.MatTestMap:PersistentLevel.GameNetworkManager_4 has natively added scene component(s), but none of them were set as the actor's RootComponent - picking one arbitrarily
[2016.01.22-02.42.09:137][704]LogWorld: Bringing up level for play took: 0.003530
[2016.01.22-02.42.09:139][704]PIE: Info Play in editor start time for /Game/My/TestMap/UEDPIE_0_MatTestMap -0.708
[2016.01.22-02.43.07:551][205]LogParticles: Destroying 0 GPU particle simulations for FXSystem 0x0000000042D7B7E0
[2016.01.22-02.44.22:526][566]BlueprintLog: New page: Compile ThirdPersonCharacter
[2016.01.22-02.44.22:632][566]BlueprintEditorCompileResults: Info [1428.71] Compile of ThirdPersonCharacter successful! [in 105 ms]
[2016.01.22-02.44.23:601][638]Cmd: OBJ SAVEPACKAGE PACKAGE="/Game/ThirdPersonBP/Blueprints/ThirdPersonCharacter" FILE="E:/Unreal Work Space/ExampleCollection10/Content/ThirdPersonBP/Blueprints/ThirdPersonCharacter.uasset" SILENT=true
[2016.01.22-02.44.23:683][638]LogSavePackage: Save=61.348026ms
[2016.01.22-02.44.23:683][638]LogSavePackage: Moving 'E:/Unreal Work Space/ExampleCollection10/Saved/ThirdPersonCharacter1A60815543484CAE7717BEB9B77A97CF.tmp' to 'E:/Unreal Work Space/ExampleCollection10/Content/ThirdPersonBP/Blueprints/ThirdPersonCharacter.uasset'
[2016.01.22-02.44.23:685][638]LogSavePackage: Total save time: 82.395867ms
[2016.01.22-02.44.23:685][638]LogSavePackage:Display: Finished SavePackage E:/Unreal Work Space/ExampleCollection10/Content/ThirdPersonBP/Blueprints/ThirdPersonCharacter.uasset
[2016.01.22-02.44.58:388][321]LogActorComponent: UnregisterComponent: (/Engine/Transient.CharMoveComp) Not registered. Aborting.
[2016.01.22-02.45.39:421][402]LogFileHelpers: Editor autosave (incl. sublevels) for '/Game/My/TestMap/MatTestMap' took 0.023
[2016.01.22-02.45.39:426][402]OBJ SavePackage: Generating thumbnails for [1] asset(s) in package [/Game/ThirdPersonBP/Blueprints/ThirdPersonCharacter] ([1] browsable assets)...
[2016.01.22-02.45.39:440][402]OBJ SavePackage:     Rendered thumbnail for [Blueprint /Game/ThirdPersonBP/Blueprints/ThirdPersonCharacter.ThirdPersonCharacter]
[2016.01.22-02.45.39:440][402]OBJ SavePackage: Finished generating thumbnails for package [/Game/ThirdPersonBP/Blueprints/ThirdPersonCharacter]
[2016.01.22-02.45.39:515][402]LogSavePackage: Save=57.100483ms
[2016.01.22-02.45.39:515][402]LogSavePackage: Moving 'E:/Unreal Work Space/ExampleCollection10/Saved/ThirdPersonCharacter_Auto1DB5D70AF46D64D0D32BCA2A7D8F101C5.tmp' to 'E:/Unreal Work Space/ExampleCollection10/Saved/Autosaves/Game/ThirdPersonBP/Blueprints/ThirdPersonCharacter_Auto1.uasset'
[2016.01.22-02.45.39:542][402]LogSavePackage: Total save time: 100.474630ms
[2016.01.22-02.45.39:542][402]LogSavePackage:Display: Finished SavePackage E:/Unreal Work Space/ExampleCollection10/Saved/Autosaves/Game/ThirdPersonBP/Blueprints/ThirdPersonCharacter_Auto1.uasset
[2016.01.22-02.45.39:542][402]LogFileHelpers: Auto-saving content packages took 0.120
[2016.01.22-02.46.17:516][347]LogActorComponent: UnregisterComponent: (/Engine/Transient.CharMoveComp) Not registered. Aborting.
[2016.01.22-02.46.18:554][426]BlueprintLog: New page: Compile ThirdPersonCharacter
[2016.01.22-02.46.18:657][426]BlueprintEditorCompileResults: Info [1544.73] Compile of ThirdPersonCharacter successful! [in 103 ms]
[2016.01.22-02.46.21:995][701]LogPlayLevel: PlayLevel: No blueprints needed recompiling
[2016.01.22-02.46.21:995][701]PIE: New page: PIE session: MatTestMap (Jan 22, 2016, 6:46:21 PM)
[2016.01.22-02.46.21:995][701]LogPlayLevel: Creating play world package: /Game/My/TestMap/UEDPIE_0_MatTestMap
[2016.01.22-02.46.22:003][701]LogPlayLevel: PIE: StaticDuplicateObject took: (0.008337s)
[2016.01.22-02.46.22:004][701]LogAIModule: Creating AISystem for world MatTestMap
[2016.01.22-02.46.22:004][701]LogPlayLevel: PIE: World Init took: (0.000816s)
[2016.01.22-02.46.22:004][701]LogPlayLevel: PIE: Created PIE world by copying editor world from /Game/My/TestMap/MatTestMap.MatTestMap to /Game/My/TestMap/UEDPIE_0_MatTestMap.MatTestMap (0.009353s)
[2016.01.22-02.46.22:041][701]LogInit: XAudio2 using '扬声器 (Realtek High Definition Audio)' : 2 channels at 48 kHz using 32 bits per sample (channel mask 0x3)
[2016.01.22-02.46.22:063][701]LogInit: FAudioDevice initialized.
[2016.01.22-02.46.22:095][701]LogWorld: Game class is 'ThirdPersonGameMode_C'
[2016.01.22-02.46.22:099][701]LogWorld: Bringing World /Game/My/TestMap/UEDPIE_0_MatTestMap.MatTestMap up for play (max tick rate 0) at 2016.01.22-10.46.22
[2016.01.22-02.46.22:099][701]LogActor:Warning: GameSession /Game/My/TestMap/UEDPIE_0_MatTestMap.MatTestMap:PersistentLevel.GameSession_5 has natively added scene component(s), but none of them were set as the actor's RootComponent - picking one arbitrarily
[2016.01.22-02.46.22:099][701]LogActor:Warning: GameNetworkManager /Game/My/TestMap/UEDPIE_0_MatTestMap.MatTestMap:PersistentLevel.GameNetworkManager_5 has natively added scene component(s), but none of them were set as the actor's RootComponent - picking one arbitrarily
[2016.01.22-02.46.22:099][701]LogWorld: Bringing up level for play took: 0.003481
[2016.01.22-02.46.22:101][701]PIE: Info Play in editor start time for /Game/My/TestMap/UEDPIE_0_MatTestMap 0.244
[2016.01.22-02.47.01:831][309]LogCharacterMovement: ThirdPersonCharacter_C_15 is stuck and failed to move!
[2016.01.22-02.47.01:840][310]LogCharacterMovement: ThirdPersonCharacter_C_15 is stuck and failed to move!
[2016.01.22-02.47.01:849][311]LogCharacterMovement: ThirdPersonCharacter_C_15 is stuck and failed to move!
[2016.01.22-02.47.20:327][413]LogParticles: Destroying 0 GPU particle simulations for FXSystem 0x0000000034B6DBC0
[2016.01.22-02.49.58:814][121]LogPlayLevel: PlayLevel: No blueprints needed recompiling
[2016.01.22-02.49.58:814][121]PIE: New page: PIE session: MatTestMap (Jan 22, 2016, 6:49:58 PM)
[2016.01.22-02.49.58:814][121]LogPlayLevel: Creating play world package: /Game/My/TestMap/UEDPIE_0_MatTestMap
[2016.01.22-02.49.58:823][121]LogPlayLevel: PIE: StaticDuplicateObject took: (0.009052s)
[2016.01.22-02.49.58:824][121]LogAIModule: Creating AISystem for world MatTestMap
[2016.01.22-02.49.58:824][121]LogPlayLevel: PIE: World Init took: (0.000785s)
[2016.01.22-02.49.58:824][121]LogPlayLevel: PIE: Created PIE world by copying editor world from /Game/My/TestMap/MatTestMap.MatTestMap to /Game/My/TestMap/UEDPIE_0_MatTestMap.MatTestMap (0.010026s)
[2016.01.22-02.49.58:861][121]LogInit: XAudio2 using '扬声器 (Realtek High Definition Audio)' : 2 channels at 48 kHz using 32 bits per sample (channel mask 0x3)
[2016.01.22-02.49.58:882][121]LogInit: FAudioDevice initialized.
[2016.01.22-02.49.58:910][121]LogWorld: Game class is 'ThirdPersonGameMode_C'
[2016.01.22-02.49.58:914][121]LogWorld: Bringing World /Game/My/TestMap/UEDPIE_0_MatTestMap.MatTestMap up for play (max tick rate 0) at 2016.01.22-10.49.58
[2016.01.22-02.49.58:914][121]LogActor:Warning: GameSession /Game/My/TestMap/UEDPIE_0_MatTestMap.MatTestMap:PersistentLevel.GameSession_6 has natively added scene component(s), but none of them were set as the actor's RootComponent - picking one arbitrarily
[2016.01.22-02.49.58:914][121]LogActor:Warning: GameNetworkManager /Game/My/TestMap/UEDPIE_0_MatTestMap.MatTestMap:PersistentLevel.GameNetworkManager_6 has natively added scene component(s), but none of them were set as the actor's RootComponent - picking one arbitrarily
[2016.01.22-02.49.58:914][121]LogWorld: Bringing up level for play took: 0.003845
[2016.01.22-02.49.58:916][121]PIE: Info Play in editor start time for /Game/My/TestMap/UEDPIE_0_MatTestMap 1.071
[2016.01.22-02.50.07:684][ 25]LogParticles: Destroying 0 GPU particle simulations for FXSystem 0x0000000042D79440
[2016.01.22-02.50.08:077][ 54]LogEditorViewport: Clicking on Actor (LMB): StaticMeshActor (Floor)
[2016.01.22-02.51.08:584][935]LogEditorViewport: Clicking on Actor (LMB): StaticMeshActor (Floor)
[2016.01.22-02.51.08:842][938]LogEditorViewport: Clicking on Actor (context menu): StaticMeshActor (Floor)
[2016.01.22-02.52.17:014][472]LogPlayLevel: PlayLevel: No blueprints needed recompiling
[2016.01.22-02.52.17:014][472]PIE: New page: SIE session: MatTestMap (Jan 22, 2016, 6:52:17 PM)
[2016.01.22-02.52.17:014][472]LogPlayLevel: Creating play world package: /Game/My/TestMap/UEDPIE_0_MatTestMap
[2016.01.22-02.52.17:023][472]LogPlayLevel: PIE: StaticDuplicateObject took: (0.008480s)
[2016.01.22-02.52.17:023][472]LogAIModule: Creating AISystem for world MatTestMap
[2016.01.22-02.52.17:024][472]LogPlayLevel: PIE: World Init took: (0.000846s)
[2016.01.22-02.52.17:024][472]LogPlayLevel: PIE: Created PIE world by copying editor world from /Game/My/TestMap/MatTestMap.MatTestMap to /Game/My/TestMap/UEDPIE_0_MatTestMap.MatTestMap (0.009514s)
[2016.01.22-02.52.17:046][472]LogSelection:Warning: PIE object was selected: "StaticMeshActor /Game/My/TestMap/UEDPIE_0_MatTestMap.MatTestMap:PersistentLevel.Floor"
[2016.01.22-02.52.17:061][472]LogInit: XAudio2 using '扬声器 (Realtek High Definition Audio)' : 2 channels at 48 kHz using 32 bits per sample (channel mask 0x3)
[2016.01.22-02.52.17:082][472]LogInit: FAudioDevice initialized.
[2016.01.22-02.52.17:113][472]LogWorld: Game class is 'ThirdPersonGameMode_C'
[2016.01.22-02.52.17:117][472]LogWorld: Bringing World /Game/My/TestMap/UEDPIE_0_MatTestMap.MatTestMap up for