[2016.01.04-11.25.33:119][  0]Log file open, 01/04/16 19:25:33
[2016.01.04-11.25.33:119][  0]LogInit:Display: Running engine for game: ExampleCollection10
[2016.01.04-11.25.33:119][  0]LogPlatformFile: Not using cached read wrapper
[2016.01.04-11.25.33:119][  0]LogInit:Display: RandInit(-712448756) SRandInit(-712448751).
[2016.01.04-11.25.33:119][  0]LogTaskGraph: Started task graph with 4 named threads and 7 total threads.
[2016.01.04-11.25.33:119][  0]LogStats: Stats thread started at 0.076636
[2016.01.04-11.25.33:119][  0]LogInit: Version: 4.10.1-2791327+++depot+UE4-Releases+4.10
[2016.01.04-11.25.33:119][  0]LogInit: API Version: 2758231
[2016.01.04-11.25.33:119][  0]LogInit: Compiled (64-bit): Dec  4 2015 19:44:40
[2016.01.04-11.25.33:119][  0]LogInit: Compiled with Visual C++: 19.00.23026.00
[2016.01.04-11.25.33:119][  0]LogInit: Build Configuration: Development
[2016.01.04-11.25.33:119][  0]LogInit: Branch Name: ++depot+UE4-Releases+4.10
[2016.01.04-11.25.33:119][  0]LogInit: Command line:  
[2016.01.04-11.25.33:119][  0]LogInit: Base directory: D:/Program Files/Epic Games/4.10/Engine/Binaries/Win64/
[2016.01.04-11.25.33:119][  0]LogInit: Rocket: 1
[2016.01.04-11.25.33:127][  0]LogInit: Using libcurl 7.41.0
[2016.01.04-11.25.33:127][  0]LogInit:  - built for x86_64-pc-win32
[2016.01.04-11.25.33:127][  0]LogInit:  - supports SSL with WinSSL
[2016.01.04-11.25.33:127][  0]LogInit:  - other features:
[2016.01.04-11.25.33:127][  0]LogInit:      CURL_VERSION_SSL
[2016.01.04-11.25.33:127][  0]LogInit:      CURL_VERSION_IPV6
[2016.01.04-11.25.33:127][  0]LogInit:      CURL_VERSION_ASYNCHDNS
[2016.01.04-11.25.33:127][  0]LogInit:      CURL_VERSION_LARGEFILE
[2016.01.04-11.25.33:127][  0]LogInit:      CURL_VERSION_IDN
[2016.01.04-11.25.33:127][  0]LogInit:  CurlRequestOptions (configurable via config and command line):
[2016.01.04-11.25.33:127][  0]LogInit:  - bVerifyPeer = true  - Libcurl will verify peer certificate
[2016.01.04-11.25.33:127][  0]LogInit:  - bUseHttpProxy = false  - Libcurl will NOT use HTTP proxy
[2016.01.04-11.25.33:127][  0]LogInit:  - bDontReuseConnections = false  - Libcurl will reuse connections
[2016.01.04-11.25.33:127][  0]LogInit:  - CertBundlePath = nullptr  - Libcurl will use whatever was configured at build time.
[2016.01.04-11.25.33:134][  0]LogInit: Presizing for 0 objects not considered by GC, pre-allocating 0 bytes.
[2016.01.04-11.25.33:140][  0]LogInit: Object subsystem initialized
[2016.01.04-11.25.33:140][  0]LogInit: Selected Device Profile: [Windows]
[2016.01.04-11.25.33:140][  0]LogInit: Applying CVar settings loaded from the selected device profile: [Windows]
[2016.01.04-11.25.33:150][  0]LogInit: Computer: PLAN-CHENXINGHU
[2016.01.04-11.25.33:150][  0]LogInit: User: chenxinghui
[2016.01.04-11.25.33:150][  0]LogInit: CPU Page size=4096, Cores=4
[2016.01.04-11.25.33:150][  0]LogInit: High frequency timer resolution =3.117832 MHz
[2016.01.04-11.25.33:150][  0]LogMemory: Memory total: Physical=7.9GB (8GB approx)
[2016.01.04-11.25.33:150][  0]LogMemory: Platform Memory Stats for Windows
[2016.01.04-11.25.33:150][  0]LogMemory: Process Physical Memory: 56.35 MB used, 56.35 MB peak
[2016.01.04-11.25.33:150][  0]LogMemory: Process Virtual Memory: 57.71 MB used, 57.71 MB peak
[2016.01.04-11.25.33:150][  0]LogMemory: Physical Memory: 4533.45 MB used, 8130.04 MB total
[2016.01.04-11.25.33:150][  0]LogMemory: Virtual Memory: 350.46 MB used, 8388608.00 MB total
[2016.01.04-11.25.33:735][  0]LogD3D11RHI: Found D3D11 adapter 0: NVIDIA GeForce GTX 660   (Feature Level 11_0)
[2016.01.04-11.25.33:735][  0]LogD3D11RHI: Adapter has 1989MB of dedicated video memory, 0MB of dedicated system memory, and 2048MB of shared system memory, 2 output[s]
[2016.01.04-11.25.33:735][  0]LogD3D11RHI: Chosen D3D11 Adapter Id = 0
[2016.01.04-11.25.33:744][  0]LogD3D11RHI: !Direct3DDevice
[2016.01.04-11.25.33:744][  0]LogRHI: Texture pool is 1361 MB (70% of 1945 MB)
[2016.01.04-11.25.33:760][  0]LogD3D11RHI: Async texture creation enabled
[2016.01.04-11.25.33:773][  0]LogShaderCompilers: Guid format shader working directory is 9 characters bigger than the processId version (E:/Unreal Work Space/ExampleCollection10/Intermediate/Shaders/WorkingDirectory/7512/).
[2016.01.04-11.25.33:773][  0]LogShaderCompilers: Cleaned the shader compiler working directory 'C:/Users/CHENXI~1/AppData/Local/Temp/UnrealShaderWorkingDir/2F46545346DE3CB0575515A5A2E13A3F/'.
[2016.01.04-11.25.33:773][  0]LogShaderCompilers:Display: Using Local Shader Compiler.
[2016.01.04-11.25.35:047][  0]LogTemp:Display: Loaded TP AllDesktopTargetPlatform
[2016.01.04-11.25.35:051][  0]LogTemp:Display: Loaded TP WindowsClientTargetPlatform
[2016.01.04-11.25.35:056][  0]LogTemp:Display: Loaded TP WindowsNoEditorTargetPlatform
[2016.01.04-11.25.35:061][  0]LogTemp:Display: Loaded TP WindowsServerTargetPlatform
[2016.01.04-11.25.35:065][  0]LogTemp:Display: Loaded TP WindowsTargetPlatform
[2016.01.04-11.25.35:069][  0]LogTemp:Display: Loaded TP AndroidTargetPlatform
[2016.01.04-11.25.35:071][  0]LogTemp:Display: Loaded TP Android_ASTCTargetPlatform
[2016.01.04-11.25.35:074][  0]LogTemp:Display: Loaded TP Android_ATCTargetPlatform
[2016.01.04-11.25.35:077][  0]LogTemp:Display: Loaded TP Android_DXTTargetPlatform
[2016.01.04-11.25.35:081][  0]LogTemp:Display: Loaded TP Android_ETC1TargetPlatform
[2016.01.04-11.25.35:084][  0]LogTemp:Display: Loaded TP Android_ETC2TargetPlatform
[2016.01.04-11.25.35:090][  0]LogTemp:Display: Loaded TP Android_MultiTargetPlatform
[2016.01.04-11.25.35:090][  0]LogTemp:Display: Loaded TP Android_PVRTCTargetPlatform
[2016.01.04-11.25.35:091][  0]LogTemp:Display: Loaded TP HTML5TargetPlatform
[2016.01.04-11.25.35:107][  0]LogTemp:Display: Loaded TP IOSTargetPlatform
[2016.01.04-11.25.35:110][  0]LogTemp:Display: Loaded TP LinuxNoEditorTargetPlatform
[2016.01.04-11.25.35:113][  0]LogTemp:Display: Loaded TP LinuxServerTargetPlatform
[2016.01.04-11.25.35:116][  0]LogTemp:Display: Loaded TP LinuxTargetPlatform
[2016.01.04-11.25.35:116][  0]LogTargetPlatformManager:Display: Building Assets For Windows
[2016.01.04-11.25.35:192][  0]LogDerivedDataCache:Display: Max Cache Size: 512 MB
[2016.01.04-11.25.35:247][  0]LogDerivedDataCache: Loaded boot cache 0.05s 41MB C:/Users/chenxinghui/AppData/Local/UnrealEngine/4.10/DerivedDataCache/Boot.ddc.
[2016.01.04-11.25.35:247][  0]LogDerivedDataCache:Display: Loaded Boot cache: C:/Users/chenxinghui/AppData/Local/UnrealEngine/4.10/DerivedDataCache/Boot.ddc
[2016.01.04-11.25.35:247][  0]LogDerivedDataCache: FDerivedDataBackendGraph:  Pak pak cache file E:/Unreal Work Space/ExampleCollection10/DerivedDataCache/DDC.ddp not found, will not use a pak cache.
[2016.01.04-11.25.35:247][  0]LogDerivedDataCache: Unable to find inner node Pak for hierarchical cache Hierarchy.
[2016.01.04-11.25.35:247][  0]LogDerivedDataCache: FDerivedDataBackendGraph:  CompressedPak pak cache file E:/Unreal Work Space/ExampleCollection10/DerivedDataCache/Compressed.ddp not found, will not use a pak cache.
[2016.01.04-11.25.35:247][  0]LogDerivedDataCache: Unable to find inner node CompressedPak for hierarchical cache Hierarchy.
[2016.01.04-11.25.35:305][  0]LogDerivedDataCache:Display: Pak cache opened for reading ../../../Engine/DerivedDataCache/Compressed.ddp.
[2016.01.04-11.25.35:316][  0]LogDerivedDataCache: Using Local data cache path C:/Users/chenxinghui/AppData/Local/UnrealEngine/Common/DerivedDataCache: Writable
[2016.01.04-11.25.35:474][  0]LogInit: Selected Device Profile: [Windows]
[2016.01.04-11.25.35:475][  0]LogContentStreaming: Texture pool size is 0.000000MB
[2016.01.04-11.25.35:509][  0]LogMeshUtilities: No automatic mesh reduction module available
[2016.01.04-11.25.35:509][  0]LogMeshUtilities: No automatic mesh merging module available
[2016.01.04-11.25.35:850][  0]LogInit: WinSock: version 1.1 (2.2), MaxSocks=32767, MaxUdp=65467
[2016.01.04-11.25.36:569][  0]UdpMessaging: Initializing bridge on interface 0.0.0.0:0 to multicast group 230.0.0.1:6666.
[2016.01.04-11.25.36:661][  0]LogAssetRegistry: FAssetRegistry took 0.0103 seconds to start up
[2016.01.04-11.25.36:869][  0]SourceControl: Info Source control is disabled
[2016.01.04-11.25.36:870][  0]SourceControl: Info Source control is disabled
[2016.01.04-11.25.36:894][  0]SourceControl: Info Source control is disabled
[2016.01.04-11.25.36:909][  0]SourceControl: Info Source control is disabled
[2016.01.04-11.25.37:149][  0]LogObj: 28633 objects as part of root set at end of initial load.
[2016.01.04-11.25.37:149][  0]LogUObjectAllocator: 6099744 out of 0 bytes used by permanent object pool.
[2016.01.04-11.25.37:204][  0]LogEngine: Initializing Engine...
[2016.01.04-11.25.37:206][  0]LogHMD: Can't find Oculus library dev build: is proper Runtime installed? Version: 0.8.0.0
[2016.01.04-11.25.37:206][  0]LogHMD: SteamVR failed to initialize.  Err: 110
[2016.01.04-11.25.37:343][  0]LogAIModule: Creating AISystem for world NewWorld
[2016.01.04-11.25.37:360][  0]LogInit: XAudio2 using '扬声器 (Realtek High Definition Audio)' : 2 channels at 48 kHz using 32 bits per sample (channel mask 0x3)
[2016.01.04-11.25.37:382][  0]LogInit: FAudioDevice initialized.
[2016.01.04-11.25.37:415][  0]LogDerivedDataCache: Saved boot cache 0.03s 41MB C:/Users/chenxinghui/AppData/Local/UnrealEngine/4.10/DerivedDataCache/Boot.ddc.
[2016.01.04-11.25.37:422][  0]LogInit: Texture streaming: Enabled
[2016.01.04-11.25.37:427][  0]LogAnalytics: Creating configured Analytics provider AnalyticsET
[2016.01.04-11.25.37:427][  0]LogAnalytics: [UEEditor.Rocket.Release] APIServer = http://et2.epicgames.com/ET2/. AppVersion = 4.10.1-2791327+++depot+UE4-Releases+4.10
[2016.01.04-11.25.37:427][  0]LogAnalytics: [UEEditor.Rocket.Release] SetUserId fcc8beb743eb3f315b3205bc8f91fbb8|ecc15fb7c1f4439e807eef072eca5f98|c014cd18-b694-4710-a8b7-958888126c98
[2016.01.04-11.25.37:427][  0]LogAnalytics: [UEEditor.Rocket.Release] AnalyticsET::StartSession
[2016.01.04-11.25.37:467][  0]LogInit: Transaction tracking system initialized
[2016.01.04-11.25.37:496][  0]BlueprintLog: New page: Editor Load
[2016.01.04-11.25.37:576][  0]LocalizationService: Info Localization service is disabled
[2016.01.04-11.25.37:650][  0]LogConsoleResponse:Display: 
[2016.01.04-11.25.37:785][  0]LogCook:Display: Done creating registry. It took  0.00s.
[2016.01.04-11.25.37:848][  0]LogFileCache: Scanning file cache for directory 'E:/Unreal Work Space/ExampleCollection10/Content/' took 0.02s
[2016.01.04-11.25.37:848][  0]SourceControl: Info Source control is disabled
[2016.01.04-11.25.37:848][  0]Cmd: MAP LOAD FILE="E:/Unreal Work Space/ExampleCollection10/Content/ThirdPersonBP/Maps/ThirdPersonExampleMap.umap" TEMPLATE=0 SHOWPROGRESS=1 FEATURELEVEL=3
[2016.01.04-11.25.37:848][  0]LightingResults: New page: Lighting Build
[2016.01.04-11.25.37:854][  0]MapCheck: New page: Map Check
[2016.01.04-11.25.37:854][  0]LightingResults: New page: Lighting Build
[2016.01.04-11.25.37:888][  0]LogParticles: Destroying 0 GPU particle simulations for FXSystem 0x00000000235CAAC0
[2016.01.04-11.25.38:289][  0]LogAIModule: Creating AISystem for world ThirdPersonExampleMap
[2016.01.04-11.25.38:303][  0]LogEditorServer: Finished looking for orphan Actors (0.000 secs)
[2016.01.04-11.25.38:308][  0]Cmd: MAP CHECKDEP NOCLEARLOG
[2016.01.04-11.25.38:357][  0]MapCheck: Info Map check complete: 0 Error(s), 0 Warning(s), took 48.914ms to complete.
[2016.01.04-11.25.38:357][  0]LogFileHelpers: Loading map 'ThirdPersonExampleMap' took 0.509
[2016.01.04-11.25.38:503][  0]LogCollectionManager: Loaded 0 collections in 0.003012 seconds
[2016.01.04-11.25.38:552][  0]LogFileCache: Scanning file cache for directory 'E:/Unreal Work Space/ExampleCollection10/Saved/Collections/' took 0.01s
[2016.01.04-11.25.38:552][  0]LogFileCache: Scanning file cache for directory 'E:/Unreal Work Space/ExampleCollection10/Content/Developers/chenxinghui/Collections/' took 0.01s
[2016.01.04-11.25.38:552][  0]LogFileCache: Scanning file cache for directory 'E:/Unreal Work Space/ExampleCollection10/Content/Collections/' took 0.01s
[2016.01.04-11.25.38:552][  0]LogCollectionManager: Rebuilt the GUID cache for 0 collections in 0.000002 seconds
[2016.01.04-11.25.38:562][  0]LogContentBrowser: Native class hierarchy populated in 0.0093 seconds. Added 1893 classes and 338 folders.
[2016.01.04-11.25.38:574][  0]LogContentBrowser: Native class hierarchy updated for 'WidgetCarousel' in 0.0031 seconds. Added 0 classes and 0 folders.
[2016.01.04-11.25.38:631][  0]LogContentBrowser: Native class hierarchy updated for 'AddContentDialog' in 0.0004 seconds. Added 0 classes and 0 folders.
[2016.01.04-11.25.38:638][  0]LogContentBrowser: Native class hierarchy updated for 'SceneOutliner' in 0.0004 seconds. Added 1 classes and 2 folders.
[2016.01.04-11.25.38:666][  0]LogCrashTracker: Crashtracker disabled due to settings.
[2016.01.04-11.25.38:675][  0]LogUObjectGlobals:Warning: Failed to find object 'Class None.'
[2016.01.04-11.25.38:699][  0]LogLoad: Full Startup: 6.00 seconds (BP compile: 0.08 seconds)
[2016.01.04-11.25.39:099][  0]LogOcInput: Can't find Oculus library dev build: is proper Runtime installed? Version: 0.8.0.0
[2016.01.04-11.25.39:158][  0]LogContentStreaming: Texture pool size now 1000 MB
[2016.01.04-11.25.39:485][  0]LogRenderer: Reallocating scene render targets to support 824x580 (Frame:2).
[2016.01.04-11.25.40:533][  4]LogAssetRegistry: Asset discovery search completed in 3.8828 seconds
[2016.01.04-11.25.40:533][  4]LogCollectionManager: Rebuilt the object cache for 0 collections in 0.000001 seconds (found 0 objects)
[2016.01.04-11.25.40:533][  4]LogCollectionManager: Fixed up redirectors for 0 collections in 0.000019 seconds (updated 0 objects)
[2016.01.04-11.25.49:956][404]Cmd: MAP LOAD FILE="E:/Unreal Work Space/ExampleCollection10/Content/My/TestMap/MatTestMap.umap" TEMPLATE=0 SHOWPROGRESS=1 FEATURELEVEL=3
[2016.01.04-11.25.49:993][404]LightingResults: New page: Lighting Build
[2016.01.04-11.25.50:012][404]LoadErrors: New page: Loading map: MatTestMap.umap
[2016.01.04-11.25.50:012][404]MapCheck: New page: Map Check
[2016.01.04-11.25.50:012][404]LightingResults: New page: Lighting Build
[2016.01.04-11.25.50:027][404]LogParticles: Destroying 0 GPU particle simulations for FXSystem 0x000000001165DBC0
[2016.01.04-11.25.50:135][404]LogAIModule: Creating AISystem for world MatTestMap
[2016.01.04-11.25.50:147][404]LogEditorServer: Finished looking for orphan Actors (0.000 secs)
[2016.01.04-11.25.50:184][404]Cmd: MAP CHECKDEP NOCLEARLOG
[2016.01.04-11.25.50:239][404]MapCheck: Info Map check complete: 0 Error(s), 0 Warning(s), took 55.573ms to complete.
[2016.01.04-11.25.50:239][404]LogFileHelpers: Loading map 'MatTestMap' took 0.284
[2016.01.04-11.27.40:366][959]LogMaterial: Missing cached shader map for material My_TilesWall, compiling. 
[2016.01.04-11.27.40:850][959]LogMaterial: Missing cached shader map for material My_TilesWall, compiling. 
[2016.01.04-11.27.40:858][959]LogMaterial: 0.000074 seconds spent updating 1 materials, 1 interfaces, 0 instances, 0 with static permutations.
[2016.01.04-11.27.40:922][959]LogMaterial: Missing cached shader map for material FMatExpressionPreview MaterialExpressionTextureSample_0, compiling. 
[2016.01.04-11.27.40:925][959]LogMaterial: Missing cached shader map for material FMatExpressionPreview MaterialExpressionTextureSample_14, compiling. 
[2016.01.04-11.27.40:928][959]LogMaterial: Missing cached shader map for material FMatExpressionPreview MaterialExpressionScalarParameter_3, compiling. 
[2016.01.04-11.27.40:931][959]LogMaterial: Missing cached shader map for material FMatExpressionPreview MaterialExpressionTextureSample_17, compiling. 
[2016.01.04-11.27.40:934][959]LogMaterial: Missing cached shader map for material FMatExpressionPreview MaterialExpressionTextureSample_18, compiling. 
[2016.01.04-11.27.48:521][189]MaterialEditorStats: Info Base pass shader with only dynamic lighting: 99 instructions
[2016.01.04-11.27.48:521][189]MaterialEditorStats: Info Vertex shader: 34 instructions
[2016.01.04-11.27.48:521][189]MaterialEditorStats: Info Texture samplers: 8/16
[2016.01.04-11.28.09:244][705]LogMaterial: Missing cached shader map for material Material_1, compiling. 
[2016.01.04-11.28.09:248][705]LogMaterial: 0.000025 seconds spent updating 1 materials, 1 interfaces, 0 instances, 0 with static permutations.
[2016.01.04-11.28.09:252][705]LogMaterial: Missing cached shader map for material Material_1, compiling. 
[2016.01.04-11.28.09:255][705]LogMaterial: 0.000022 seconds spent updating 1 materials, 1 interfaces, 0 instances, 0 with static permutations.
[2016.01.04-11.28.09:368][705]LogMaterial: Missing cached shader map for material FMatExpressionPreview MaterialExpressionFunctionOutput_0, compiling. 
[2016.01.04-11.28.09:379][705]LogMaterial: Missing cached shader map for material FMatExpressionPreview MaterialExpressionFunctionInput_0, compiling. 
[2016.01.04-11.28.09:386][705]LogMaterial: Missing cached shader map for material FMatExpressionPreview MaterialExpressionTextureSample_3, compiling. 
[2016.01.04-11.28.09:389][705]LogMaterial: Missing cached shader map for material FMatExpressionPreview MaterialExpressionTextureSample_4, compiling. 
[2016.01.04-11.28.09:434][705]LogMaterial: Missing cached shader map for material FMatExpressionPreview MaterialExpressionFunctionInput_1, compiling. 
[2016.01.04-11.28.09:437][705]LogMaterial: Missing cached shader map for material FMatExpressionPreview MaterialExpressionFunctionInput_2, compiling. 
[2016.01.04-11.28.09:440][705]LogMaterial: Missing cached shader map for material FMatExpressionPreview MaterialExpressionComponentMask_0, compiling. 
[2016.01.04-11.28.09:459][705]LogMaterial: Missing cached shader map for material FMatExpressionPreview MaterialExpressionFunctionInput_3, compiling. 
[2016.01.04-11.28.09:483][705]LogMaterial: Missing cached shader map for material FMatExpressionPreview MaterialExpressionFunctionInput_4, compiling. 
[2016.01.04-11.32.38:485][786]LogMaterial: Missing cached shader map for material Material_3, compiling. 
[2016.01.04-11.32.38:486][786]LogMaterial:Warning: Failed to compile Material /Engine/Transient.Material_3 for platform PCD3D_SM5, Default Material will be used in game.
[2016.01.04-11.32.38:486][786]LogMaterial:Warning: 	Missing Preview connection for function input 'Base Material'
[2016.01.04-11.32.38:486][786]LogMaterial:Warning: 	Missing Preview connection for function input 'Top Material'
[2016.01.04-11.32.38:486][786]LogMaterial: 0.000053 seconds spent updating 1 materials, 1 interfaces, 0 instances, 0 with static permutations.
[2016.01.04-11.32.38:493][786]LogMaterial: Missing cached shader map for material Material_3, compiling. 
[2016.01.04-11.32.38:493][786]LogMaterial:Warning: Failed to compile Material /Engine/Transient.Material_3 for platform PCD3D_SM5, Default Material will be used in game.
[2016.01.04-11.32.38:493][786]LogMaterial:Warning: 	Missing Preview connection for function input 'Base Material'
[2016.01.04-11.32.38:493][786]LogMaterial:Warning: 	Missing Preview connection for function input 'Top Material'
[2016.01.04-11.32.38:493][786]LogMaterial: 0.000067 seconds spent updating 1 materials, 1 interfaces, 0 instances, 0 with static permutations.
[2016.01.04-11.32.38:535][786]LogMaterial: Missing cached shader map for material FMatExpressionPreview MaterialExpressionFunctionOutput_6, compiling. 
[2016.01.04-11.32.38:538][786]LogMaterial: Missing cached shader map for material FMatExpressionPreview MaterialExpressionFunctionInput_36, compiling. 
[2016.01.04-11.32.38:542][786]MaterialEditorStats:Error: Error [SM5] Missing Preview connection for function input 'Base Material'
[2016.01.04-11.32.38:542][786]MaterialEditorStats:Error: Error [SM5] Missing Preview connection for function input 'Top Material'
[2016.01.04-11.35.14:062][778]LogEditorViewport: Clicking on Actor (LMB): StaticMeshActor (SM_Hallway_Wall_Corner_Outer_Curved_600)
[2016.01.04-11.35.14:788][800]LogEditorViewport: Clicking on Actor (LMB): BP_Sky_Sphere_C (Sky Sphere)
[2016.01.04-11.35.15:178][829]LogEditorViewport: Clicking on Actor (LMB): StaticMeshActor (SM_Hallway_Wall_Corner_Outer_Curved_600)
[2016.01.04-11.36.55:117][679]LogContentBrowser: Native class hierarchy updated for 'TextureEditor' in 0.0006 seconds. Added 1 classes and 2 folders.
[2016.01.04-11.37.18:416][214]LogMaterial: Missing cached shader map for material Material_1, compiling. 
[2016.01.04-11.37.18:419][214]LogMaterial: 0.000051 seconds spent updating 1 materials, 1 interfaces, 0 instances, 0 with static permutations.
[2016.01.04-11.37.18:444][214]LogMaterial: Missing cached shader map for material FMatExpressionPreview MaterialExpressionFunctionInput_2, compiling. 
[2016.01.04-11.37.26:302][575]LogMaterial: Missing cached shader map for material Material_4, compiling. 
[2016.01.04-11.37.26:936][591]LogMaterial: Missing cached shader map for material Material_5, compiling. 
[2016.01.04-11.37.37:450][937]LogMaterial: Missing cached shader map for material Material_1, compiling. 
[2016.01.04-11.37.37:453][937]LogMaterial: 0.000137 seconds spent updating 1 materials, 1 interfaces, 0 instances, 0 with static permutations.
[2016.01.04-11.37.37:484][937]LogMaterial: Missing cached shader map for material FMatExpressionPreview MaterialExpressionTextureSample_0, compiling. 
[2016.01.04-11.37.37:544][937]LogMaterial: Missing cached shader map for material FMatExpressionPreview MaterialExpressionFunctionOutput_0, compiling. 
[2016.01.04-11.37.37:547][937]LogMaterial: Missing cached shader map for material FMatExpressionPreview MaterialExpressionFunctionInput_0, compiling. 
[2016.01.04-11.37.37:579][937]LogMaterial: Missing cached shader map for material FMatExpressionPreview MaterialExpressionTextureSample_3, compiling. 
[2016.01.04-11.37.37:582][937]LogMaterial: Missing cached shader map for material FMatExpressionPreview MaterialExpressionFunctionInput_1, compiling. 
[2016.01.04-11.37.37:615][937]LogMaterial: Missing cached shader map for material FMatExpressionPreview MaterialExpressionFunctionInput_2, compiling. 
[2016.01.04-11.37.37:619][937]LogMaterial: Missing cached shader map for material FMatExpressionPreview MaterialExpressionComponentMask_0, compiling. 
[2016.01.04-11.37.37:622][937]LogMaterial: Missing cached shader map for material FMatExpressionPreview MaterialExpressionFunctionInput_3, compiling. 
[2016.01.04-11.37.37:630][937]LogMaterial: Missing cached shader map for material FMatExpressionPreview MaterialExpressionFunctionInput_4, compiling. 
[2016.01.04-11.37.37:753][937]LogMaterial: Missing cached shader map for material FMatExpressionPreview MaterialExpressionTextureSample_0, compiling. 
[2016.01.04-11.37.43:121][ 61]LogMaterial: Missing cached shader map for material Material_1, compiling. 
[2016.01.04-11.37.43:125][ 61]LogMaterial: 0.000157 seconds spent updating 1 materials, 1 interfaces, 0 instances, 0 with static permutations.
[2016.01.04-11.37.43:159][ 61]LogMaterial: Missing cached shader map for material FMatExpressionPreview MaterialExpressionTextureSample_0, compiling. 
[2016.01.04-11.37.46:029][219]LogMaterial: Missing cached shader map for material Material_1, compiling. 
[2016.01.04-11.37.46:032][219]LogMaterial: 0.000058 seconds spent updating 1 materials, 1 interfaces, 0 instances, 0 with static permutations.
[2016.01.04-11.37.46:144][219]LogMaterial: Missing cached shader map for material FMatExpressionPreview MaterialExpressionFunctionInput_2, compiling. 
[2016.01.04-11.37.46:147][219]LogMaterial: Missing cached shader map for material FMatExpressionPreview MaterialExpressionTextureSample_0, compiling. 
[2016.01.04-11.37.48:805][316]LogMaterial: Missing cached shader map for material FMatExpressionPreview MaterialExpressionAdd_0, compiling. 
[2016.01.04-11.37.55:247][584]LogMaterialEditor: Applying material MF_BlendAlpha_Vertex
[2016.01.04-11.37.55:644][584]LogMaterial: Missing cached shader map for material Material_1, compiling. 
[2016.01.04-11.37.55:650][584]LogMaterial: 0.000057 seconds spent updating 1 materials, 1 interfaces, 0 instances, 0 with static permutations.
[2016.01.04-11.37.56:054][584]LogMaterial: Missing cached shader map for material My_TilesWall, compiling. 
[2016.01.04-11.37.56:100][584]LogMaterial: Missing cached shader map for material My_TilesWall, compiling. 
[2016.01.04-11.37.56:132][584]LogMaterial: 0.000513 seconds spent updating 2 materials, 2 interfaces, 0 instances, 0 with static permutations.
[2016.01.04-11.37.56:166][584]LogMaterial: Missing cached shader map for material Material_6, compiling. 
[2016.01.04-11.37.59:206][685]LogParticles: Destroying 0 GPU particle simulations for FXSystem 0x000000002A5794E0
[2016.01.04-11.38.14:624][685]LogSavePackage: Save=67.868317ms
[2016.01.04-11.38.14:624][685]LogSavePackage: Moving 'E:/Unreal Work Space/ExampleCollection10/Saved/My_TilesWallB3A4C7CE4524148116FBC3AFE812FE0C.tmp' to 'E:/Unreal Work Space/ExampleCollection10/Content/My/ExampleCollection/MatCollection/Architecture/TilesWall/My_TilesWall.uasset'
[2016.01.04-11.38.14:635][685]LogSavePackage: Total save time: 190.448686ms
[2016.01.04-11.38.14:635][685]LogSavePackage:Display: Finished SavePackage E:/Unreal Work Space/ExampleCollection10/Content/My/ExampleCollection/MatCollection/Architecture/TilesWall/My_TilesWall.uasset
[2016.01.04-11.38.14:708][685]LogSavePackage: Save=22.207739ms
[2016.01.04-11.38.14:708][685]LogSavePackage: Moving 'E:/Unreal Work Space/ExampleCollection10/Saved/MF_BlendAlpha_Vertex39B0AFA6464947B9509660BD3D0A2015.tmp' to 'E:/Unreal Work Space/ExampleCollection10/Content/My/ExampleCollection/MatCollection/MatFunction/MF_BlendAlpha_Vertex/MF_BlendAlpha_Vertex.uasset'
[2016.01.04-11.38.14:712][685]LogSavePackage: Total save time: 37.517097ms
[2016.01.04-11.38.14:712][685]LogSavePackage:Display: Finished SavePackage E:/Unreal Work Space/ExampleCollection10/Content/My/ExampleCollection/MatCollection/MatFunction/MF_BlendAlpha_Vertex/MF_BlendAlpha_Vertex.uasset
[2016.01.04-11.38.14:848][685]LogSavePackage: Save=116.532578ms
[2016.01.04-11.38.14:848][685]LogSavePackage: Moving 'E:/Unreal Work Space/ExampleCollection10/Saved/T_Reflection_Tiles_MD56ED3694A0D575D5EC7E3B9D1DD0966.tmp' to 'E:/Unreal Work Space/ExampleCollection10/Content/My/ExampleCollection/MatCollection/MatFunction/MF_BlendAlpha_Vertex/T_Reflection_Tiles_M.uasset'
[2016.01.04-11.38.14:856][685]LogSavePackage: Total save time: 124.500934ms
[2016.01.04-11.38.14:856][685]LogSavePackage:Display: Finished SavePackage E:/Unreal Work Space/ExampleCollection10/Content/My/ExampleCollection/MatCollection/MatFunction/MF_BlendAlpha_Vertex/T_Reflection_Tiles_M.uasset
[2016.01.04-11.38.14:868][685]MaterialEditorStats: Info Base pass shader with only dynamic lighting: 99 instructions
[2016.01.04-11.38.14:868][685]MaterialEditorStats: Info Vertex shader: 34 instructions
[2016.01.04-11.38.14:868][685]MaterialEditorStats: Info Texture samplers: 8/16
[2016.01.04-11.38.47:695][170]LogMaterial: Missing cached shader map for material Material_1, compiling. 
[2016.01.04-11.38.47:698][170]LogMaterial: 0.000049 seconds spent updating 1 materials, 1 interfaces, 0 instances, 0 with static permutations.
[2016.01.04-11.39.05:318][108]LogMaterial: Missing cached shader map for material FMatExpressionPreview MaterialExpressionSubtract_0, compiling. 
[2016.01.04-11.39.24:253][173]LogMaterial: Missing cached shader map for material FMatExpressionPreview MaterialExpressionDivide_0, compiling. 
[2016.01.04-11.41.58:226][817]LogMaterial: Missing cached shader map for material Material_1, compiling. 
[2016.01.04-11.41.58:229][817]LogMaterial: 0.000076 seconds spent updating 1 materials, 1 interfaces, 0 instances, 0 with static permutations.
[2016.01.04-11.41.58:359][817]LogMaterial: Missing cached shader map for material FMatExpressionPreview MaterialExpressionAdd_0, compiling. 
[2016.01.04-11.41.58:373][817]LogMaterial: Missing cached shader map for material FMatExpressionPreview MaterialExpressionDivide_0, compiling. 
[2016.01.04-11.41.58:376][817]LogMaterial: Missing cached shader map for material FMatExpressionPreview MaterialExpressionSubtract_0, compiling. 
[2016.01.04-11.42.19:446][975]LogMaterialEditor: Applying material MF_BlendAlpha_Vertex
[2016.01.04-11.42.19:815][975]LogMaterial: Missing cached shader map for material Material_1, compiling. 
[2016.01.04-11.42.19:820][975]LogMaterial: 0.000049 seconds spent updating 1 materials, 1 interfaces, 0 instances, 0 with static permutations.
[2016.01.04-11.42.20:027][975]LogMaterial: Missing cached shader map for material My_TilesWall, compiling. 
[2016.01.04-11.42.20:053][975]LogMaterial: Missing cached shader map for material My_TilesWall, compiling. 
[2016.01.04-11.42.20:067][975]LogMaterial: 0.000431 seconds spent updating 2 materials, 2 interfaces, 0 instances, 0 with static permutations.
[2016.01.04-11.42.20:095][975]LogMaterial: Missing cached shader map for material Material_7, compiling. 
[2016.01.04-11.42.25:544][139]LogMaterialEditor: Saving and Compiling material MF_BlendAlpha_Vertex
[2016.01.04-11.42.25:626][139]LogSavePackage: Save=18.604595ms
[2016.01.04-11.42.25:626][139]LogSavePackage: Moving 'E:/Unreal Work Space/ExampleCollection10/Saved/MF_BlendAlpha_Vertex4841C594414E8E7501098DA4BDCE56EE.tmp' to 'E:/Unreal Work Space/ExampleCollection10/Content/My/ExampleCollection/MatCollection/MatFunction/MF_BlendAlpha_Vertex/MF_BlendAlpha_Vertex.uasset'
[2016.01.04-11.42.25:636][139]LogSavePackage: Total save time: 31.646028ms
[2016.01.04-11.42.25:636][139]LogSavePackage:Display: Finished SavePackage E:/Unreal Work Space/ExampleCollection10/Content/My/ExampleCollection/MatCollection/MatFunction/MF_BlendAlpha_Vertex/MF_BlendAlpha_Vertex.uasset
[2016.01.04-11.42.29:336][165]MaterialEditorStats: Info Base pass shader with only dynamic lighting: 99 instructions
[2016.01.04-11.42.29:336][165]MaterialEditorStats: Info Vertex shader: 34 instructions
[2016.01.04-11.42.29:336][165]MaterialEditorStats: Info Texture samplers: 8/16
[2016.01.04-11.43.09:893][292]LogMaterial: Missing cached shader map for material Material_1, compiling. 
[2016.01.04-11.43.09:897][292]LogMaterial: 0.000045 seconds spent updating 1 materials, 1 interfaces, 0 instances, 0 with static permutations.
[2016.01.04-11.43.09:962][292]LogMaterial: Missing cached shader map for material FMatExpressionPreview MaterialExpressionComponentMask_0, compiling. 
[2016.01.04-11.43.09:965][292]LogMaterial: Missing cached shader map for material FMatExpressionPreview MaterialExpressionSubtract_0, compiling. 
[2016.01.04-11.43.11:269][358]LogMaterialEditor: Applying material MF_BlendAlpha_Vertex
[2016.01.04-11.43.12:012][358]LogMaterial: Missing cached shader map for material Material_1, compiling. 
[2016.01.04-11.43.12:017][358]LogMaterial: 0.000026 seconds spent updating 1 materials, 1 interfaces, 0 instances, 0 with static permutations.
[2016.01.04-11.43.12:135][358]LogMaterial: Missing cached shader map for material My_TilesWall, compiling. 
[2016.01.04-11.43.12:184][358]LogMaterial: Missing cached shader map for material My_TilesWall, compiling. 
[2016.01.04-11.43.12:196][358]LogMaterial: 0.000421 seconds spent updating 2 materials, 2 interfaces, 0 instances, 0 with static permutations.
[2016.01.04-11.43.12:204][358]LogMaterial: Missing cached shader map for material Material_8, compiling. 
[2016.01.04-11.43.22:048][732]MaterialEditorStats: Info Base pass shader with only dynamic lighting: 99 instructions
[2016.01.04-11.43.22:048][732]MaterialEditorStats: Info Vertex shader: 34 instructions
[2016.01.04-11.43.22:048][732]MaterialEditorStats: Info Texture samplers: 8/16
[2016.01.04-11.43.29:829][156]LogMaterial: Missing cached shader map for material Material_1, compiling. 
[2016.01.04-11.43.29:831][156]LogMaterial: 0.000038 seconds spent updating 1 materials, 1 interfaces, 0 instances, 0 with static permutations.
[2016.01.04-11.43.29:999][156]LogMaterial: Missing cached shader map for material FMatExpressionPreview MaterialExpressionAdd_0, compiling. 
[2016.01.04-11.43.30:002][156]LogMaterial: Missing cached shader map for material FMatExpressionPreview MaterialExpressionSubtract_0, compiling. 
[2016.01.04-11.48.20:235][121]Cmd: OBJ SAVEPACKAGE PACKAGE="/Game/My/TestMap/MatTestMap" FILE="E:/Unreal Work Space/ExampleCollection10/Saved/Autosaves/Game/My/TestMap/MatTestMap_Auto1.umap" SILENT=true AUTOSAVING=true KEEPDIRTY=false
[2016.01.04-11.48.20:312][121]LogSavePackage: Save=64.914017ms
[2016.01.04-11.48.20:312][121]LogSavePackage: Moving 'E:/Unreal Work Space/ExampleCollection10/Saved/MatTestMap_Auto1F3461F854CCEEF1B09FC969CFAD4FF2F.tmp' to 'E:/Unreal Work Space/ExampleCollection10/Saved/Autosaves/Game/My/TestMap/MatTestMap_Auto1.umap'
[2016.01.04-11.48.20:337][121]LogSavePackage: Total save time: 100.918844ms
[2016.01.04-11.48.20:337][121]LogSavePackage:Display: Finished SavePackage E:/Unreal Work Space/ExampleCollection10/Saved/Autosaves/Game/My/TestMap/MatTestMap_Auto1.umap
[2016.01.04-11.48.20:341][121]LogFileHelpers: Editor autosave (incl. sublevels) for '/Game/My/TestMap/MatTestMap' took 0.157
[2016.01.04-11.48.20:341][121]LogFileHelpers: Editor autosave (incl. sublevels) for all levels took 0.157
[2016.01.04-11.48.20:377][121]OBJ SavePackage: Generating thumbnails for [1] asset(s) in package [/Game/My/ExampleCollection/MatCollection/Architecture/TilesWall/My_TilesWall] ([1] browsable assets)...
[2016.01.04-11.48.20:396][121]OBJ SavePackage:     Rendered thumbnail for [Material /Game/My/ExampleCollection/MatCollection/Architecture/TilesWall/My_TilesWall.My_TilesWall]
[2016.01.04-11.48.20:396][121]OBJ SavePackage: Finished generating thumbnails for package [/Game/My/ExampleCollection/MatCollection/Architecture/TilesWall/My_TilesWall]
[2016.01.04-11.48.20:425][121]LogSavePackage: Save=20.257025ms
[2016.01.04-11.48.20:425][121]LogSavePackage: Moving 'E:/Unreal Work Space/ExampleCollection10/Saved/My_TilesWall_Auto1B2DFFFEF443427C41A57C3982E5A15C4.tmp' to 'E:/Unreal Work Space/ExampleCollection10/Saved/Autosaves/Game/My/ExampleCollection/MatCollection/Architecture/TilesWall/My_TilesWall_Auto1.uasset'
[2016.01.04-11.48.20:435][121]LogSavePackage: Total save time: 36.611017ms
[2016.01.04-11.48.20:435][121]LogSavePackage:Display: Finished SavePackage E:/Unreal Work Space/ExampleCollection10/Saved/Autosaves/Game/My/ExampleCollection/MatCollection/Architecture/TilesWall/My_TilesWall_Auto1.uasset
[2016.01.04-11.48.20:442][121]OBJ SavePackage: Generating thumbnails for [1] asset(s) in package [/Game/My/ExampleCollection/MatCollection/MatFunction/MF_BlendAlpha_Vertex/MF_BlendAlpha_Vertex] ([1] browsable assets)...
[2016.01.04-11.48.20:460][121]OBJ SavePackage:     Rendered thumbnail for [MaterialFunction /Game/My/ExampleCollection/MatCollection/MatFunction/MF_BlendAlpha_Vertex/MF_BlendAlpha_Vertex.MF_BlendAlpha_Vertex]
[2016.01.04-11.48.20:460][121]OBJ SavePackage: Finished generating thumbnails for package [/Game/My/ExampleCollection/MatCollection/MatFunction/MF_BlendAlpha_Vertex/MF_BlendAlpha_Vertex]
[2016.01.04-11.48.20:482][121]LogSavePackage: Save=13.661736ms
[2016.01.04-11.48.20:482][121]LogSavePackage: Moving 'E:/Unreal Work Space/ExampleCollection10/Saved/MF_BlendAlpha_Vertex_Auto147BA03D84C7E44D86ACD2EB2C00A3513.tmp' to 'E:/Unreal Work Space/ExampleCollection10/Saved/Autosaves/Game/My/ExampleCollection/MatCollection/MatFunction/MF_BlendAlpha_Vertex/MF_BlendAlpha_Vertex_Auto1.uasset'
[2016.01.04-11.48.20:483][121]LogSavePackage: Total save time: 20.738769ms
[2016.01.04-11.48.20:483][121]LogSavePackage:Display: Finished SavePackage E:/Unreal Work Space/ExampleCollection10/Saved/Autosaves/Game/My/ExampleCollection/MatCollection/MatFunction/MF_BlendAlpha_Vertex/MF_BlendAlpha_Vertex_Auto1.uasset
[2016.01.04-11.48.20:483][121]LogFileHelpers: Auto-saving content packages took 0.140
[2016.01.04-11.48.56:679][368]LogMaterial: Missing cached shader map for material Material_1, compiling. 
[2016.01.04-11.48.56:682][368]LogMaterial: 0.000137 seconds spent updating 1 materials, 1 interfaces, 0 instances, 0 with static permutations.
[2016.01.04-11.49.06:280][902]LogMaterial: Missing cached shader map for material FMatExpressionPreview MaterialExpressionSubtract_0, compiling. 
[2016.01.04-11.50.29:417][ 64]LogMaterialEditor: Applying material MF_BlendAlpha_Vertex
[2016.01.04-11.50.29:847][ 64]LogMaterial: Missing cached shader map for material Material_1, compiling. 
[2016.01.04-11.50.29:853][ 64]LogMaterial: 0.000058 seconds spent updating 1 materials, 1 interfaces, 0 instances, 0 with static permutations.
[2016.01.04-11.50.29:928][ 64]LogMaterial: Missing cached shader map for material My_TilesWall, compiling. 
[2016.01.04-11.50.29:981][ 64]LogMaterial: Missing cached shader map for material My_TilesWall, compiling. 
[2016.01.04-11.50.30:013][ 64]LogMaterial: 0.009486 seconds spent updating 2 materials, 2 interfaces, 0 instances, 0 with static permutations.
[2016.01.04-11.50.30:089][ 64]LogMaterial: Missing cached shader map for material Material_9, compiling. 
[2016.01.04-11.50.33:980][241]LogMaterial: Missing cached shader map for material Material_1, compiling. 
[2016.01.04-11.50.33:982][241]LogMaterial: 0.000051 seconds spent updating 1 materials, 1 interfaces, 0 instances, 0 with static permutations.
[2016.01.04-11.50.34:846][284]LogMaterialEditor: Applying material MF_BlendAlpha_Vertex
[2016.01.04-11.50.35:324][284]LogMaterial: Missing cached shader map for material Material_1, compiling. 
[2016.01.04-11.50.35:329][284]LogMaterial: 0.000025 seconds spent updating 1 materials, 1 interfaces, 0 instances, 0 with static permutations.
[2016.01.04-11.50.35:390][284]LogMaterial: Missing cached shader map for material My_TilesWall, compiling. 
[2016.01.04-11.50.35:416][284]LogMaterial: Missing cached shader map for material My_TilesWall, compiling. 
[2016.01.04-11.50.35:500][284]LogMaterial: 0.000451 seconds spent updating 2 materials, 2 interfaces, 0 instances, 0 with static permutations.
[2016.01.04-11.50.35:533][284]LogMaterial: Missing cached shader map for material Material_10, compiling. 
[2016.01.04-11.50.40:865][466]MaterialEditorStats: Info Base pass shader with only dynamic lighting: 99 instructions
[2016.01.04-11.50.40:865][466]MaterialEditorStats: Info Vertex shader: 34 instructions
[2016.01.04-11.50.40:865][466]MaterialEditorStats: Info Texture samplers: 8/16
[2016.01.04-11.50.48:447][844]LogMaterial: Missing cached shader map for material Material_12, compiling. 
[2016.01.04-11.50.48:450][844]LogMaterial: 0.000027 seconds spent updating 1 materials, 1 interfaces, 0 instances, 0 with static permutations.
[2016.01.04-11.50.48:473][844]LogMaterial: Missing cached shader map for material Material_12, compiling. 
[2016.01.04-11.50.48:478][844]LogMaterial: 0.002594 seconds spent updating 1 materials, 1 interfaces, 0 instances, 0 with static permutations.
[2016.01.04-11.50.48:522][844]LogMaterial: Missing cached shader map for material FMatExpressionPreview MaterialExpressionFunctionOutput_0, compiling. 
[2016.01.04-11.50.48:525][844]LogMaterial: Missing cached shader map for material FMatExpressionPreview MaterialExpressionFunctionInput_0, compiling. 
[2016.01.04-11.50.48:530][844]LogMaterial: Missing cached shader map for material FMatExpressionPreview MaterialExpressionTextureSample_3, compiling. 
[2016.01.04-11.50.48:533][844]LogMaterial: Missing cached shader map for material FMatExpressionPreview MaterialExpressionFunctionInput_1, compiling. 
[2016.01.04-11.50.48:536][844]LogMaterial: Missing cached shader map for material FMatExpressionPreview MaterialExpressionFunctionInput_2, compiling. 
[2016.01.04-11.50.48:539][844]LogMaterial: Missing cached shader map for material FMatExpressionPreview MaterialExpressionAdd_0, compiling. 
[2016.01.04-11.50.48:542][844]LogMaterial: Missing cached shader map for material FMatExpressionPreview MaterialExpressionComponentMask_0, compiling. 
[2016.01.04-11.50.48:572][844]LogMaterial: Missing cached shader map for material FMatExpressionPreview MaterialExpressionFunctionInput_3, compiling. 
[2016.01.04-11.50.48:597][844]LogMaterial: Missing cached shader map for material FMatExpressionPreview MaterialExpressionDivide_0, compiling. 
[2016.01.04-11.50.48:600][844]LogMaterial: Missing cached shader map for material FMatExpressionPreview MaterialExpressionFunctionInput_4, compiling. 
[2016.01.04-11.50.48:623][844]LogMaterial: Missing cached shader map for material FMatExpressionPreview MaterialExpressionSubtract_0, compiling. 
[2016.01.04-11.50.48:626][844]LogMaterial: Missing cached shader map for material FMatExpressionPreview MaterialExpressionTextureSample_0, compiling. 
[2016.01.04-11.51.05:531][803]LogParticles: Destroying 0 GPU particle simulations for FXSystem 0x000000005433C720
[2016.01.04-11.51.06:667][803]LogSavePackage: Save=19.306364ms
[2016.01.04-11.51.06:667][803]LogSavePackage: Moving 'E:/Unreal Work Space/ExampleCollection10/Saved/My_TilesWall81A3B21C4ABCBBFDF3FD08941CA67EA6.tmp' to 'E:/Unreal Work Space/ExampleCollection10/Content/My/ExampleCollection/MatCollection/Architecture/TilesWall/My_TilesWall.uasset'
[2016.01.04-11.51.06:671][803]LogSavePackage: Total save time: 25.991779ms
[2016.01.04-11.51.06:671][803]LogSavePackage:Display: Finished SavePackage E:/Unreal Work Space/ExampleCollection10/Content/My/ExampleCollection/MatCollection/Architecture/TilesWall/My_TilesWall.uasset
[2016.01.04-11.51.06:710][803]LogSavePackage: Save=15.998296ms
[2016.01.04-11.51.06:710][803]LogSavePackage: Moving 'E:/Unreal Work Space/ExampleCollection10/Saved/MF_BlendAlpha_Vertex550B9B2C47B029FE4E95A2858232E55F.tmp' to 'E:/Unreal Work Space/ExampleCollection10/Content/My/ExampleCollection/MatCollection/MatFunction/MF_BlendAlpha_Vertex/MF_BlendAlpha_Vertex.uasset'
[2016.01.04-11.51.06:714][803]LogSavePackage: Total save time: 22.460479ms
[2016.01.04-11.51.06:714][803]LogSavePackage:Display: Finished SavePackage E:/Unreal Work Space/ExampleCollection10/Content/My/ExampleCollection/MatCollection/MatFunction/MF_BlendAlpha_Vertex/MF_BlendAlpha_Vertex.uasset
[2016.01.04-11.51.06:776][803]Cmd: OBJ SAVEPACKAGE PACKAGE="/Game/My/TestMap/MatTestMap" FILE="E:/Unreal Work Space/ExampleCollection10/Content/My/TestMap/MatTestMap.umap" SILENT=true AUTOSAVING=false KEEPDIRTY=false
[2016.01.04-11.51.06:848][803]LogSavePackage: Save=52.089081ms
[2016.01.04-11.51.06:848][803]LogSavePackage: Moving 'E:/Unreal Work Space/ExampleCollection10/Saved/MatTestMapF5084C8A4EF318794D4151905B41BC22.tmp' to 'E:/Unreal Work Space/ExampleCollection10/Content/My/TestMap/MatTestMap.umap'
[2016.01.04-11.51.06:849][803]LogSavePackage: Total save time: 55.870555ms
[2016.01.04-11.51.06:849][803]LogSavePackage:Display: Finished SavePackage E:/Unreal Work Space/ExampleCollection10/Content/My/TestMap/MatTestMap.umap
[2016.01.04-11.51.06:894][803]LogFileHelpers: Saving map 'MatTestMap' took 0.177
[2016.01.04-11.51.15:469][237]LogMaterial: Missing cached shader map for material PreviewMaterial_0, compiling. 
[2016.01.04-11.51.15:567][237]LogMaterial: Missing cached shader map for material PreviewMaterial_0, compiling. 
[2016.01.04-11.51.15:574][237]LogMaterial: 0.000062 seconds spent updating 1 materials, 1 interfaces, 0 instances, 0 with static permutations.
[2016.01.04-11.51.15:613][237]LogMaterial: Missing cached shader map for material FMatExpressionPreview MaterialExpressionTextureSample_0, compiling. 
[2016.01.04-11.51.15:616][237]LogMaterial: Missing cached shader map for material FMatExpressionPreview MaterialExpressionTextureSample_14, compiling. 
[2016.01.04-11.51.15:619][237]LogMaterial: Missing cached shader map for material FMatExpressionPreview MaterialExpressionScalarParameter_3, compiling. 
[2016.01.04-11.51.15:622][237]LogMaterial: Missing cached shader map for material FMatExpressionPreview MaterialExpressionTextureSample_17, compiling. 
[2016.01.04-11.51.15:640][237]LogMaterial: Missing cached shader map for material FMatExpressionPreview MaterialExpressionTextureSample_18, compiling. 
[2016.01.04-11.51.21:294][444]LogMaterial: Missing cached shader map for material Material_14, compiling. 
[2016.01.04-11.51.21:296][444]LogMaterial: 0.000048 seconds spent updating 1 materials, 1 interfaces, 0 instances, 0 with static permutations.
[2016.01.04-11.51.21:300][444]LogMaterial: Missing cached shader map for material Material_14, compiling. 
[2016.01.04-11.51.21:303][444]LogMaterial: 0.000067 seconds spent updating 1 materials, 1 interfaces, 0 instances, 0 with static permutations.
[2016.01.04-11.51.21:342][444]LogMaterial: Missing cached shader map for material FMatExpressionPreview MaterialExpressionFunctionOutput_0, compiling. 
[2016.01.04-11.51.21:385][444]LogMaterial: Missing cached shader map for material FMatExpressionPreview MaterialExpressionFunctionInput_0, compiling. 
[2016.01.04-11.51.21:400][444]LogMaterial: Missing cached shader map for material FMatExpressionPreview MaterialExpressionTextureSample_3, compiling. 
[2016.01.04-11.51.21:403][444]LogMaterial: Missing cached shader map for material FMatExpressionPreview MaterialExpressionFunctionInput_1, compiling. 
[2016.01.04-11.51.21:406][444]LogMaterial: Missing cached shader map for material FMatExpressionPreview MaterialExpressionFunctionInput_2, compiling. 
[2016.01.04-11.51.21:486][444]LogMaterial: Missing cached shader map for material FMatExpressionPreview MaterialExpressionAdd_0, compiling. 
[2016.01.04-11.51.21:489][444]LogMaterial: Missing cached shader map for material FMatExpressionPreview MaterialExpressionComponentMask_0, compiling. 
[2016.01.04-11.51.21:513][444]LogMaterial: Missing cached shader map for material FMatExpressionPreview MaterialExpressionFunctionInput_3, compiling. 
[2016.01.04-11.51.21:516][444]LogMaterial: Missing cached shader map for material FMatExpressionPreview MaterialExpressionDivide_0, compiling. 
[2016.01.04-11.51.21:519][444]LogMaterial: Missing cached shader map for material FMatExpressionPreview MaterialExpressionFunctionInput_4, compiling. 
[2016.01.04-11.51.21:521][444]LogMaterial: Missing cached shader map for material FMatExpressionPreview MaterialExpressionSubtract_0, compiling. 
[2016.01.04-11.51.21:538][444]LogMaterial: Missing cached shader map for material FMatExpressionPreview MaterialExpressionTextureSample_0, compiling. 
[2016.01.04-11.51.30:469][803]MaterialEditorStats: Info Base pass shader with only dynamic lighting: 99 instructions
[2016.01.04-11.51.30:469][803]MaterialEditorStats: Info Vertex shader: 34 instructions
[2016.01.04-11.51.30:469][803]MaterialEditorStats: Info Texture samplers: 8/16
[2016.01.04-11.52.03:291][985]LogMaterial: Missing cached shader map for material Material_14, compiling. 
[2016.01.04-11.52.03:293][985]LogMaterial: 0.000081 seconds spent updating 1 materials, 1 interfaces, 0 instances, 0 with static permutations.
[2016.01.04-11.52.03:435][985]LogMaterial: Missing cached shader map for material FMatExpressionPreview MaterialExpressionComponentMask_0, compiling. 
[2016.01.04-11.52.03:438][985]LogMaterial: Missing cached shader map for material FMatExpressionPreview MaterialExpressionSubtract_0, compiling. 
[2016.01.04-11.52.06:740][160]LogWindowsTextInputMethodSystem:Display: IME system now deactivated.
[2016.01.04-11.52.06:963][160]LogWindowsTextInputMethodSystem:Display: IME system now activated using IMM (搜狗拼音输入).
[2016.01.04-11.52.17:097][732]LogMaterialEditor: Applying material MF_BlendAlpha_Vertex
[2016.01.04-11.52.17:811][732]LogMaterial: Missing cached shader map for material Material_14, compiling. 
[2016.01.04-11.52.17:816][732]LogMaterial: 0.000042 seconds spent updating 1 materials, 1 interfaces, 0 instances, 0 with static permutations.
[2016.01.04-11.52.17:905][732]LogMaterial: Missing cached shader map for material My_TilesWall, compiling. 
[2016.01.04-11.52.17:957][732]LogMaterial: Missing cached shader map for material My_TilesWall, compiling. 
[2016.01.04-11.52.17:987][732]LogMaterial: Missing cached shader map for material PreviewMaterial_0, compiling. 
[2016.01.04-11.52.18:004][732]LogMaterial: 0.002627 seconds spent updating 3 materials, 3 interfaces, 0 instances, 0 with static permutations.
[2016.01.04-11.52.34:204][299]MaterialEditorStats: Info Base pass shader with only dynamic lighting: 99 instructions
[2016.01.04-11.52.34:204][299]MaterialEditorStats: Info Vertex shader: 34 instructions
[2016.01.04-11.52.34:204][299]MaterialEditorStats: Info Texture samplers: 8/16
[2016.01.04-11.53.29:198][776]LogMaterial: Missing cached shader map for material Material_14, compiling. 
[2016.01.04-11.53.29:202][776]LogMaterial: 0.000191 seconds spent updating 1 materials, 1 interfaces, 0 instances, 0 with static permutations.
[2016.01.04-11.53.29:233][776]LogMaterial: Missing cached shader map for material FMatExpressionPreview MaterialExpressionComponentMask_0, compiling. 
[2016.01.04-11.53.33:749][ 20]LogMaterial: Missing cached shader map for material Material_14, compiling. 
[2016.01.04-11.53.33:752][ 20]LogMaterial: 0.000089 seconds spent updating 1 materials, 1 interfaces, 0 instances, 0 with static permutations.
[2016.01.04-11.53.33:813][ 20]LogMaterial: Missing cached shader map for material FMatExpressionPreview MaterialExpressionComponentMask_0, compiling. 
[2016.01.04-11.53.34:739][ 57]LogMaterial: Missing cached shader map for material FMatExpressionPreview MaterialExpressionClamp_1, compiling. 
[2016.01.04-11.55.13:657][161]LogMaterial: Missing cached shader map for material Material_14, compiling. 
[2016.01.04-11.55.13:660][161]LogMaterial: 0.000147 seconds spent updating 1 materials, 1 interfaces, 0 instances, 0 with static permutations.
[2016.01.04-11.55.13:733][161]LogMaterial: Missing cached shader map for material FMatExpressionPreview MaterialExpressionClamp_1, compiling. 
[2016.01.04-11.55.17:251][325]LogMaterial: Missing cached shader map for material Material_14, compiling. 
[2016.01.04-11.55.17:254][325]LogMaterial: 0.000041 seconds spent updating 1 materials, 1 interfaces, 0 instances, 0 with static permutations.
[2016.01.04-11.55.17:477][325]LogMaterial: Missing cached shader map for material FMatExpressionPreview MaterialExpressionSubtract_0, compiling. 
[2016.01.04-11.55.17:480][325]LogMaterial: Missing cached shader map for material FMatExpressionPreview MaterialExpressionClamp_1, compiling. 
[2016.01.04-11.55.24:869][772]LogMaterial: Missing cached shader map for material Material_14, compiling. 
[2016.01.04-11.55.24:871][772]LogMaterial: 0.000053 seconds spent updating 1 materials, 1 interfaces, 0 instances, 0 with static permutations.
[2016.01.04-11.55.28:740][ 13]LogMaterial: Missing cached shader map for material Material_14, compiling. 
[2016.01.04-11.55.28:743][ 13]LogMaterial: 0.000089 seconds spent updating 1 materials, 1 interfaces, 0 instances, 0 with static permutations.
[2016.01.04-11.55.28:771][ 13]LogMaterial: Missing cached shader map for material FMatExpressionPreview MaterialExpressionSubtract_0, compiling. 
[2016.01.04-11.55.30:549][ 95]LogMaterial: Missing cached shader map for material Material_14, compiling. 
[2016.01.04-11.55.30:552][ 95]LogMaterial: 0.000051 seconds spent updating 1 materials, 1 interfaces, 0 instances, 0 with static permutations.
[2016.01.04-11.55.30:637][ 95]LogMaterial: Missing cached shader map for material FMatExpressionPreview MaterialExpressionSubtract_0, compiling. 
[2016.01.04-11.55.30:654][ 95]LogMaterial: Missing cached shader map for material FMatExpressionPreview MaterialExpressionClamp_1, compiling. 
[2016.01.04-11.56.52:817][217]LogMaterial: Missing cached shader map for material Material_14, compiling. 
[2016.01.04-11.56.52:817][217]LogMaterial:Warning: Failed to compile Material /Engine/Transient.Material_14 for platform PCD3D_SM5, Default Material will be used in game.
[2016.01.04-11.56.52:817][217]LogMaterial:Warning: 	(Node Clamp) Missing Clamp input
[2016.01.04-11.56.52:818][217]LogMaterial: 0.000479 seconds spent updating 1 materials, 1 interfaces, 0 instances, 0 with static permutations.
[2016.01.04-11.56.52:845][217]LogMaterial: Missing cached shader map for material FMatExpressionPreview MaterialExpressionClamp_1, compiling. 
[2016.01.04-11.56.52:849][217]MaterialEditorStats:Error: Error [SM5] (Node Clamp) Missing Clamp input
[2016.01.04-11.56.54:701][320]LogMaterial: Missing cached shader map for material Material_14, compiling. 
[2016.01.04-11.56.54:704][320]LogMaterial: 0.000048 seconds spent updating 1 materials, 1 interfaces, 0 instances, 0 with static permutations.
[2016.01.04-11.56.54:759][320]LogMaterial: Missing cached shader map for material FMatExpressionPreview MaterialExpressionSubtract_0, compiling. 
[2016.01.04-11.56.55:757][360]LogMaterialEditor: Applying material MF_BlendAlpha_Vertex
[2016.01.04-11.56.56:230][360]LogMaterial: Missing cached shader map for material Material_14, compiling. 
[2016.01.04-11.56.56:255][360]LogMaterial: 0.000034 seconds spent updating 1 materials, 1 interfaces, 0 instances, 0 with static permutations.
[2016.01.04-11.56.56:306][360]LogMaterial: Missing cached shader map for material My_TilesWall, compiling. 
[2016.01.04-11.56.56:342][360]LogMaterial: Missing cached shader map for material My_TilesWall, compiling. 
[2016.01.04-11.56.56:356][360]LogMaterial: Missing cached shader map for material PreviewMaterial_0, compiling. 
[2016.01.04-11.56.56:368][360]LogMaterial: 0.000481 seconds spent updating 3 materials, 3 interfaces, 0 instances, 0 with static permutations.
[2016.01.04-11.56.56:799][375]LogMaterial: Missing cached shader map for material Material_14, compiling. 
[2016.01.04-11.56.56:801][375]LogMaterial: 0.000041 seconds spent updating 1 materials, 1 interfaces, 0 instances, 0 with static permutations.
[2016.01.04-11.57.00:122][489]LogMaterial: Missing cached shader map for material Material_14, compiling. 
[2016.01.04-11.57.00:125][489]LogMaterial: 0.000045 seconds spent updating 1 materials, 1 interfaces, 0 instances, 0 with static permutations.
[2016.01.04-11.57.00:260][489]LogMaterial: Missing cached shader map for material FMatExpressionPreview MaterialExpressionComponentMask_0, compiling. 
[2016.01.04-11.57.00:299][489]LogMaterial: Missing cached shader map for material FMatExpressionPreview MaterialExpressionSubtract_0, compiling. 
[2016.01.04-11.57.02:037][577]LogMaterialEditor: Applying material MF_BlendAlpha_Vertex
[2016.01.04-11.57.02:420][577]LogMaterial: Missing cached shader map for material Material_14, compiling. 
[2016.01.04-11.57.02:425][577]LogMaterial: 0.000026 seconds spent updating 1 materials, 1 interfaces, 0 instances, 0 with static permutations.
[2016.01.04-11.57.02:678][577]LogMaterial: Missing cached shader map for material My_TilesWall, compiling. 
[2016.01.04-11.57.02:722][577]LogMaterial: Missing cached shader map for material My_TilesWall, compiling. 
[2016.01.04-11.57.02:736][577]LogMaterial: Missing cached shader map for material PreviewMaterial_0, compiling. 
[2016.01.04-11.57.02:749][577]LogMaterial: 0.000396 seconds spent updating 3 materials, 3 interfaces, 0 instances, 0 with static permutations.
[2016.01.04-11.57.18:515][331]MaterialEditorStats: Info Base pass shader with only dynamic lighting: 99 instructions
[2016.01.04-11.57.18:515][331]MaterialEditorStats: Info Vertex shader: 34 instructions
[2016.01.04-11.57.18:515][331]MaterialEditorStats: Info Texture samplers: 8/16
[2016.01.04-11.58.19:322][258]LogMaterial: Missing cached shader map for material Material_16, compiling. 
[2016.01.04-11.58.19:330][258]LogMaterial: 0.000030 seconds spent updating 1 materials, 1 interfaces, 0 instances, 0 with static permutations.
[2016.01.04-11.58.19:335][258]LogMaterial: Missing cached shader map for material Material_16, compiling. 
[2016.01.04-11.58.19:343][258]LogMaterial: 0.000042 seconds spent updating 1 materials, 1 interfaces, 0 instances, 0 with static permutations.
[2016.01.04-11.58.19:372][258]LogMaterial: Missing cached shader map for material FMatExpressionPreview MaterialExpressionFunctionOutput_1, compiling. 
[2016.01.04-11.58.19:375][258]LogMaterial: Missing cached shader map for material FMatExpressionPreview MaterialExpressionFunctionInput_5, compiling. 
[2016.01.04-11.58.19:386][258]LogMaterial: Missing cached shader map for material FMatExpressionPreview MaterialExpressionTextureSample_5, compiling. 
[2016.01.04-11.58.19:389][258]LogMaterial: Missing cached shader map for material FMatExpressionPreview MaterialExpressionTextureSample_6, compiling. 
[2016.01.04-11.58.19:406][258]LogMaterial: Missing cached shader map for material FMatExpressionPreview MaterialExpressionTextureSample_7, compiling. 
[2016.01.04-11.58.19:409][258]LogMaterial: Missing cached shader map for material FMatExpressionPreview MaterialExpressionBumpOffset_0, compiling. 
[2016.01.04-11.58.19:412][258]LogMaterial: Missing cached shader map for material FMatExpressionPreview MaterialExpressionFunctionInput_6, compiling. 
[2016.01.04-12.00.57:618][478]LogMaterial: Missing cached shader map for material Material_14, compiling. 
[2016.01.04-12.00.57:620][478]LogMaterial: 0.000061 seconds spent updating 1 materials, 1 interfaces, 0 instances, 0 with static permutations.
[2016.01.04-12.00.57:645][478]LogMaterial: Missing cached shader map for material FMatExpressionPreview MaterialExpressionSubtract_1, compiling. 
[2016.01.04-12.00.57:660][478]LogMaterial: Missing cached shader map for material FMatExpressionPreview MaterialExpressionSubtract_2, compiling. 
[2016.01.04-12.01.03:353][781]LogMaterial: Missing cached shader map for material Material_14, compiling. 
[2016.01.04-12.01.03:356][781]LogMaterial: 0.000094 seconds spent updating 1 materials, 1 interfaces, 0 instances, 0 with static permutations.
[2016.01.04-12.01.03:429][781]LogMaterial: Missing cached shader map for material FMatExpressionPreview MaterialExpressionFunctionInput_2, compiling. 
[2016.01.04-12.01.03:432][781]LogMaterial: Missing cached shader map for material FMatExpressionPreview MaterialExpressionSubtract_2, compiling. 
[2016.01.04-12.01.06:444][924]LogMaterial: Missing cached shader map for material Material_14, compiling. 
[2016.01.04-12.01.06:447][924]LogMaterial: 0.000041 seconds spent updating 1 materials, 1 interfaces, 0 instances, 0 with static permutations.
[2016.01.04-12.01.06:724][924]LogMaterial: Missing cached shader map for material FMatExpressionPreview MaterialExpressionAdd_0, compiling. 
[2016.01.04-12.01.06:727][924]LogMaterial: Missing cached shader map for material FMatExpressionPreview MaterialExpressionSubtract_2, compiling. 
[2016.01.04-12.02.42:714][528]LogMaterial: Missing cached shader map for material FMatExpressionPreview MaterialExpressionComponentMask_0, compiling. 
[2016.01.04-12.04.43:796][121]LogMaterial: Missing cached shader map for material Material_14, compiling. 
[2016.01.04-12.04.43:798][121]LogMaterial: 0.000057 seconds spent updating 1 materials, 1 interfaces, 0 instances, 0 with static permutations.
[2016.01.04-12.04.43:829][121]LogMaterial: Missing cached shader map for material FMatExpressionPreview MaterialExpressionSubtract_1, compiling. 
[2016.01.04-12.05.10:461][839]LogParticles: Destroying 0 GPU particle simulations for FXSystem 0x000000006FB699E0
[2016.01.04-12.05.10:463][839]LogParticles: Destroying 0 GPU particle simulations for FXSystem 0x000000000757A5C0
[2016.01.04-12.05.10:465][839]LogParticles: Destroying 0 GPU particle simulations for FXSystem 0x00000000537F7880
[2016.01.04-12.05.10:468][839]LogFileHelpers: Editor autosave (incl. sublevels) for '/Game/My/TestMap/MatTestMap' took 0.021
[2016.01.04-12.05.10:472][839]OBJ SavePackage: Generating thumbnails for [1] asset(s) in package [/Game/My/ExampleCollection/MatCollection/Architecture/TilesWall/My_TilesWall] ([1] browsable assets)...
[2016.01.04-12.05.10:491][839]OBJ SavePackage:     Rendered thumbnail for [Material /Game/My/ExampleCollection/MatCollection/Architecture/TilesWall/My_TilesWall.My_TilesWall]
[2016.01.04-12.05.10:491][839]OBJ SavePackage: Finished generating thumbnails for package [/Game/My/ExampleCollection/MatCollection/Architecture/TilesWall/My_TilesWall]
[2016.01.04-12.05.10:529][839]LogSavePackage: Save=24.383289ms
[2016.01.04-12.05.10:529][839]LogSavePackage: Moving 'E:/Unreal Work Space/ExampleCollection10/Saved/My_TilesWall_Auto2708E40A74C3A291A7EF9DC89BD896A73.tmp' to 'E:/Unreal Work Space/ExampleCollection10/Saved/Autosaves/Game/My/ExampleCollection/MatCollection/Architecture/TilesWall/My_TilesWall_Auto2.uasset'
[2016.01.04-12.05.10:530][839]LogSavePackage: Total save time: 37.386555ms
[2016.01.04-12.05.10:530][839]LogSavePackage:Display: Finished SavePackage E:/Unreal Work Space/ExampleCollection10/Saved/Autosaves/Game/My/ExampleCollection/MatCollection/Architecture/TilesWall/My_TilesWall_Auto2.uasset
[2016.01.04-12.05.10:533][839]OBJ SavePackage: Generating thumbnails for [1] asset(s) in package [/Game/My/ExampleCollection/MatCollection/MatFunction/MF_BlendAlpha_Vertex/MF_BlendAlpha_Vertex] ([1] browsable assets)...
[2016.01.04-12.05.10:534][839]LogMaterial: Missing cached shader map for material Material_17, compiling. 
[2016.01.04-12.05.10:558][839]OBJ SavePackage:     Rendered thumbnail for [MaterialFunction /Game/My/ExampleCollection/MatCollection/MatFunction/MF_BlendAlpha_Vertex/MF_BlendAlpha_Vertex.MF_BlendAlpha_Vertex]
[2016.01.04-12.05.10:559][839]OBJ SavePackage: Finished generating thumbnails for package [/Game/My/ExampleCollection/MatCollection/MatFunction/MF_BlendAlpha_Vertex/MF_BlendAlpha_Vertex]
[2016.01.04-12.05.10:588][839]LogSavePackage: Save=15.774743ms
[2016.01.04-12.05.10:588][839]LogSavePackage: Moving 'E:/Unreal Work Space/ExampleCollection10/Saved/MF_BlendAlpha_Vertex_Auto26E62185A46E8083A875FFCAC58EA7A3A.tmp' to 'E:/Unreal Work Space/ExampleCollection10/Saved/Autosaves/Game/My/ExampleCollection/MatCollection/MatFunction/MF_BlendAlpha_Vertex/MF_BlendAlpha_Vertex_Auto2.uasset'
[2016.01.04-12.05.10:625][839]LogSavePackage: Total save time: 63.321888ms
[2016.01.04-12.05.10:625][839]LogSavePackage:Display: Finished SavePackage E:/Unreal Work Space/ExampleCollection10/Saved/Autosaves/Game/My/ExampleCollection/MatCollection/MatFunction/MF_BlendAlpha_Vertex/MF_BlendAlpha_Vertex_Auto2.uasset
[2016.01.04-12.05.10:625][839]LogFileHelpers: Auto-saving content packages took 0.156
[2016.01.04-12.05.49:862][533]LogMaterial: Missing cached shader map for material Material_14, compiling. 
[2016.01.04-12.05.49:865][533]LogMaterial: 0.000050 seconds spent updating 1 materials, 1 interfaces, 0 instances, 0 with static permutations.
[2016.01.04-12.05.49:904][533]LogMaterial: Missing cached shader map for material FMatExpressionPreview MaterialExpressionAdd_0, compiling. 
[2016.01.04-12.05.51:422][601]LogMaterial: Missing cached shader map for material Material_14, compiling. 
[2016.01.04-12.05.51:425][601]LogMaterial: 0.000129 seconds spent updating 1 materials, 1 interfaces, 0 instances, 0 with static permutations.
[2016.01.04-12.05.51:579][601]LogMaterial: Missing cached shader map for material FMatExpressionPreview MaterialExpressionFunctionInput_2, compiling. 
[2016.01.04-12.05.51:581][601]LogMaterial: Missing cached shader map for material FMatExpressionPreview MaterialExpressionAdd_0, compiling. 
[2016.01.04-12.05.54:502][719]LogMaterial: Missing cached shader map for material FMatExpressionPreview MaterialExpressionComponentMask_0, compiling. 
[2016.01.04-12.05.55:750][775]LogMaterial: Missing cached shader map for material Material_14, compiling. 
[2016.01.04-12.05.55:752][775]LogMaterial: 0.000108 seconds spent updating 1 materials, 1 interfaces, 0 instances, 0 with static permutations.
[2016.01.04-12.05.55:880][775]LogMaterial: Missing cached shader map for material FMatExpressionPreview MaterialExpressionComponentMask_0, compiling. 
[2016.01.04-12.05.55:883][775]LogMaterial: Missing cached shader map for material FMatExpressionPreview MaterialExpressionSubtract_1, compiling. 
[2016.01.04-12.09.00:120][284]LogMaterialEditor: Applying material MF_BlendAlpha_Vertex
[2016.01.04-12.09.00:497][284]LogMaterial: Missing cached shader map for material Material_14, compiling. 
[2016.01.04-12.09.00:503][284]LogMaterial: 0.000052 seconds spent updating 1 materials, 1 interfaces, 0 instances, 0 with static permutations.
[2016.01.04-12.09.00:568][284]LogMaterial: Missing cached shader map for material My_TilesWall, compiling. 
[2016.01.04-12.09.00:605][284]LogMaterial: Missing cached shader map for material PreviewMaterial_0, compiling. 
[2016.01.04-12.09.00:621][284]LogMaterial: 0.000572 seconds spent updating 2 materials, 2 interfaces, 0 instances, 0 with static permutations.
[2016.01.04-12.09.01:559][345]LogMaterialEditor: Saving and Compiling material MF_BlendAlpha_Vertex
[2016.01.04-12.09.01:622][345]LogMaterial: Missing cached shader map for material Material_18, compiling. 
[2016.01.04-12.09.01:700][345]LogSavePackage: Save=48.263664ms
[2016.01.04-12.09.01:700][345]LogSavePackage: Moving 'E:/Unreal Work Space/ExampleCollection10/Saved/MF_BlendAlpha_VertexB7173DC24B3D8F8455F9B8A00EC3FB9A.tmp' to 'E:/Unreal Work Space/ExampleCollection10/Content/My/ExampleCollection/MatCollection/MatFunction/MF_BlendAlpha_Vertex/MF_BlendAlpha_Vertex.uasset'
[2016.01.04-12.09.01:707][345]LogSavePackage: Total save time: 59.474658ms
[2016.01.04-12.09.01:707][345]LogSavePackage:Display: Finished SavePackage E:/Unreal Work Space/ExampleCollection10/Content/My/ExampleCollection/MatCollection/MatFunction/MF_BlendAlpha_Vertex/MF_BlendAlpha_Vertex.uasset
[2016.01.04-12.09.17:715][209]MaterialEditorStats: Info Base pass shader with only dynamic lighting: 99 instructions
[2016.01.04-12.09.17:715][209]MaterialEditorStats: Info Vertex shader: 34 instructions
[2016.01.04-12.09.17:715][209]MaterialEditorStats: Info Texture samplers: 8/16
[2016.01.04-12.16.28:422][115]LogMaterial: Missing cached shader map for material Material_20, compiling. 
[2016.01.04-12.16.28:429][115]LogMaterial: 0.000031 seconds spent updating 1 materials, 1 interfaces, 0 instances, 0 with static permutations.
[2016.01.04-12.16.28:434][115]LogMaterial: Missing cached shader map for material Material_20, compiling. 
[2016.01.04-12.16.28:441][115]LogMaterial: 0.000029 seconds spent updating 1 materials, 1 interfaces, 0 instances, 0 with static permutations.
[2016.01.04-12.16.28:470][115]LogMaterial: Missing cached shader map for material FMatExpressionPreview MaterialExpressionFunctionOutput_3, compiling. 
[2016.01.04-12.16.28:473][115]LogMaterial: Missing cached shader map for material FMatExpressionPreview MaterialExpressionTextureSample_10, compiling. 
[2016.01.04-12.16.28:476][115]LogMaterial: Missing cached shader map for material FMatExpressionPreview MaterialExpressionTextureSample_11, compiling. 
[2016.01.04-12.16.57:198][528]LogMaterialEditor: Saving and Compiling material My_TilesWall
[2016.01.04-12.16.57:288][528]LogSavePackage: Save=22.051861ms
[2016.01.04-12.16.57:288][528]LogSavePackage: Moving 'E:/Unreal Work Space/ExampleCollection10/Saved/My_TilesWallAE2D4D8D479A5D59DA834EA4A0E48880.tmp' to 'E:/Unreal Work Space/ExampleCollection10/Content/My/ExampleCollection/MatCollection/Architecture/TilesWall/My_TilesWall.uasset'
[2016.01.04-12.16.57:293][528]LogSavePackage: Total save time: 36.502287ms
[2016.01.04-12.16.57:293][528]LogSavePackage:Display: Finished SavePackage E:/Unreal Work Space/ExampleCollection10/Content/My/ExampleCollection/MatCollection/Architecture/TilesWall/My_TilesWall.uasset
[2016.01.04-12.17.10:829][652]LogEditorViewport: Clicking on Actor (LMB): StaticMeshActor (SM_Hallway_Wall_Corner_Outer_Curved_600)
[2016.01.04-12.17.16:980][213]LogParticles: Destroying 0 GPU particle simulations for FXSystem 0x0000000070D79260
[2016.01.04-12.17.16:980][213]LogParticles: Destroying 0 GPU particle simulations for FXSystem 0x0000000053E42A20
[2016.01.04-12.17.16:980][213]LogParticles: Destroying 0 GPU particle simulations for FXSystem 0x0000000053E43BA0
[2016.01.04-12.17.17:117][213]Cmd: OBJ SAVEPACKAGE PACKAGE="/Game/My/TestMap/MatTestMap" FILE="E:/Unreal Work Space/ExampleCollection10/Content/My/TestMap/MatTestMap.umap" SILENT=true AUTOSAVING=false KEEPDIRTY=false
[2016.01.04-12.17.17:188][213]LogSavePackage: Save=39.028721ms
[2016.01.04-12.17.17:188][213]LogSavePackage: Moving 'E:/Unreal Work Space/ExampleCollection10/Saved/MatTestMap2B48536B46CC827D7DDFA09A49E620D9.tmp' to 'E:/Unreal Work Space/ExampleCollection10/Content/My/TestMap/MatTestMap.umap'
[2016.01.04-12.17.17:191][213]LogSavePackage: Total save time: 58.506358ms
[2016.01.04-12.17.17:191][213]LogSavePackage:Display: Finished SavePackage E:/Unreal Work Space/ExampleCollection10/Content/My/TestMap/MatTestMap.umap
[2016.01.04-12.17.17:217][213]LogFileHelpers: Saving map 'MatTestMap' took 0.203
[2016.01.04-12.46.00:390][455]Cmd: QUIT_EDITOR
[2016.01.04-12.46.00:549][455]LogExit: Preparing to exit.
[2016.01.04-12.46.01:384][455]LogExit: Editor shut down
[2016.01.04-12.46.01:384][455]LogExit: Transaction tracking system shut down
[2016.01.04-12.46.01:386][455]LogParticles: Destroying 0 GPU particle simulations for FXSystem 0x00000000286BADE0
[2016.01.04-12.46.01:386][455]LogParticles: Destroying 0 GPU particle simulations for FXSystem 0x00000000715ABCE0
[2016.01.04-12.46.01:390][455]LogParticles: Destroying 0 GPU particle simulations for FXSystem 0x0000000012E719E0
[2016.01.04-12.46.01:391][455]LogParticles: Destroying 0 GPU particle simulations for FXSystem 0x0000000012E72CA0
[2016.01.04-12.46.01:553][455]LogParticles: Destroying 0 GPU particle simulations for FXSystem 0x0000000033F37880
[2016.01.04-12.46.01:553][455]LogExit: Object subsystem successfully closed.
[2016.01.04-12.46.01:562][455]LogD3D11RHI: Shutdown
[2016.01.04-12.46.01:562][455]LogD3D11RHI: CleanupD3DDevice
[2016.01.04-12.46.01:681][455]LogD3D11RHI: ~FD3D11DynamicRHI
[2016.01.04-12.46.01:691][455]LogModuleManager: Shutting down and abandoning module CookingStats (201)
[2016.01.04-12.46.01:691][455]LogModuleManager: Shutting down and abandoning module TextureEditor (200)
[2016.01.04-12.46.01:691][455]LogModuleManager: Shutting down and abandoning module MaterialEditor (199)
[2016.01.04-12.46.01:691][455]LogModuleManager: Shutting down and abandoning module CrashTracker (198)
[2016.01.04-12.46.01:691][455]LogModuleManager: Shutting down and abandoning module SceneOutliner (197)
[2016.01.04-12.46.01:691][455]LogModuleManager: Shutting down and abandoning module SuperSearch (196)
[2016.01.04-12.46.01:691][455]LogModuleManager: Shutting down and abandoning module WidgetCarousel (195)
[2016.01.04-12.46.01:691][455]LogModuleManager: Shutting down and abandoning module AddContentDialog (194)
[2016.01.04-12.46.01:692][455]LogModuleManager: Shutting down and abandoning module EditorWidgets (193)
[2016.01.04-12.46.01:692][455]LogModuleManager: Shutting down and abandoning module CollectionManager (192)
[2016.01.04-12.46.01:693][455]LogModuleManager: Shutting down and abandoning module StatsViewer (191)
[2016.01.04-12.46.01:693][455]LogModuleManager: Shutting down and abandoning module FoliageEdit (190)
[2016.01.04-12.46.01:693][455]LogModuleManager: Shutting down and abandoning module LandscapeEditor (189)
[2016.01.04-12.46.01:693][455]LogModuleManager: Shutting down and abandoning module ActorPickerMode (188)
[2016.01.04-12.46.01:693][455]LogModuleManager: Shutting down and abandoning module GeometryMode (187)
[2016.01.04-12.46.01:693][455]LogModuleManager: Shutting down and abandoning module TextureAlignMode (186)
[2016.01.04-12.46.01:693][455]LogModuleManager: Shutting down and abandoning module BspMode (185)
[2016.01.04-12.46.01:693][455]LogModuleManager: Shutting down and abandoning module PlacementMode (184)
[2016.01.04-12.46.01:693][455]LogModuleManager: Shutting down and abandoning module AutomationWorker (183)
[2016.01.04-12.46.01:693][455]LogModuleManager: Shutting down and abandoning module CharacterAI (182)
[2016.01.04-12.46.01:693][455]LogModuleManager: Shutting down and abandoning module SmartSnapping (181)
[2016.01.04-12.46.01:693][455]LogModuleManager: Shutting down and abandoning module ViewportSnapping (180)
[2016.01.04-12.46.01:693][455]LogModuleManager: Shutting down and abandoning module LogVisualizer (179)
[2016.01.04-12.46.01:693][455]LogModuleManager: Shutting down and abandoning module GameProjectGeneration (178)
[2016.01.04-12.46.01:693][455]LogModuleManager: Shutting down and abandoning module IntroTutorials (177)
[2016.01.04-12.46.01:693][455]LogModuleManager: Shutting down and abandoning module EditorLiveStreaming (176)
[2016.01.04-12.46.01:693][455]LogModuleManager: Shutting down and abandoning module IOSPlatformEditor (175)
[2016.01.04-12.46.01:693][455]LogModuleManager: Shutting down and abandoning module HTML5PlatformEditor (174)
[2016.01.04-12.46.01:693][455]LogModuleManager: Shutting down and abandoning module AndroidDeviceDetection (173)
[2016.01.04-12.46.01:988][455]LogModuleManager: Shutting down and abandoning module AndroidPlatformEditor (172)
[2016.01.04-12.46.01:988][455]LogModuleManager: Shutting down and abandoning module IOSRuntimeSettings (171)
[2016.01.04-12.46.01:988][455]LogModuleManager: Shutting down and abandoning module AndroidRuntimeSettings (170)
[2016.01.04-12.46.01:988][455]LogModuleManager: Shutting down and abandoning module MergeActors (169)
[2016.01.04-12.46.01:988][455]LogModuleManager: Shutting down and abandoning module SizeMap (168)
[2016.01.04-12.46.01:988][455]LogModuleManager: Shutting down and abandoning module TreeMap (167)
[2016.01.04-12.46.01:988][455]LogModuleManager: Shutting down and abandoning module ReferenceViewer (166)
[2016.01.04-12.46.01:988][455]LogModuleManager: Shutting down and abandoning module LocalizationService (165)
[2016.01.04-12.46.01:988][455]LogModuleManager: Shutting down and abandoning module LocalizationDashboard (164)
[2016.01.04-12.46.01:988][455]LogModuleManager: Shutting down and abandoning module HardwareTargeting (163)
[2016.01.04-12.46.01:988][455]LogModuleManager: Shutting down and abandoning module DeviceProfileEditor (162)
[2016.01.04-12.46.01:988][455]LogModuleManager: Shutting down and abandoning module UndoHistory (161)
[2016.01.04-12.46.01:988][455]LogModuleManager: Shutting down and abandoning module GameplayTagsEditor (160)
[2016.01.04-12.46.01:988][455]LogModuleManager: Shutting down and abandoning module UserFeedback (159)
[2016.01.04-12.46.01:988][455]LogModuleManager: Shutting down and abandoning module XmlParser (158)
[2016.01.04-12.46.01:988][455]LogModuleManager: Shutting down and abandoning module Blutility (157)
[2016.01.04-12.46.01:988][455]LogModuleManager: Shutting down and abandoning module ProjectTargetPlatformEditor (156)
[2016.01.04-12.46.01:989][455]LogModuleManager: Shutting down and abandoning module ProjectSettingsViewer (155)
[2016.01.04-12.46.01:989][455]LogModuleManager: Shutting down and abandoning module InputBindingEditor (154)
[2016.01.04-12.46.01:989][455]LogModuleManager: Shutting down and abandoning module EditorSettingsViewer (153)
[2016.01.04-12.46.01:989][455]LogModuleManager: Shutting down and abandoning module SettingsEditor (152)
[2016.01.04-12.46.01:989][455]LogModuleManager: Shutting down and abandoning module ProjectLauncher (151)
[2016.01.04-12.46.01:989][455]LogModuleManager: Shutting down and abandoning module SessionFrontend (150)
[2016.01.04-12.46.01:989][455]LogModuleManager: Shutting down and abandoning module ProfilerClient (149)
[2016.01.04-12.46.01:989][455]LogModuleManager: Shutting down and abandoning module TargetDeviceServices (148)
[2016.01.04-12.46.01:989][455]LogModuleManager: Shutting down and abandoning module DeviceManager (147)
[2016.01.04-12.46.01:989][455]LogModuleManager: Shutting down and abandoning module AutomationController (146)
[2016.01.04-12.46.01:989][455]LogModuleManager: Shutting down and abandoning module AutomationWindow (145)
[2016.01.04-12.46.01:989][455]LogModuleManager: Shutting down and abandoning module Layers (144)
[2016.01.04-12.46.01:989][455]LogModuleManager: Shutting down and abandoning module ComponentVisualizers (143)
[2016.01.04-12.46.01:989][455]LogModuleManager: Shutting down and abandoning module DetailCustomizations (142)
[2016.01.04-12.46.01:989][455]LogModuleManager: Shutting down and abandoning module PackagesDialog (141)
[2016.01.04-12.46.01:989][455]LogModuleManager: Shutting down and abandoning module Persona (140)
[2016.01.04-12.46.01:989][455]LogModuleManager: Shutting down and abandoning module Kismet (139)
[2016.01.04-12.46.01:989][455]LogModuleManager: Shutting down and abandoning module GraphEditor (138)
[2016.01.04-12.46.01:989][455]LogModuleManager: Shutting down and abandoning module ClassViewer (137)
[2016.01.04-12.46.01:989][455]LogModuleManager: Shutting down and abandoning module Toolbox (136)
[2016.01.04-12.46.01:989][455]LogModuleManager: Shutting down and abandoning module ModuleUI (135)
[2016.01.04-12.46.01:989][455]LogModuleManager: Shutting down and abandoning module MovieSceneTools (134)
[2016.01.04-12.46.01:989][455]LogModuleManager: Shutting down and abandoning module OutputLog (133)
[2016.01.04-12.46.01:989][455]LogModuleManager: Shutting down and abandoning module GammaUI (132)
[2016.01.04-12.46.01:989][455]LogModuleManager: Shutting down and abandoning module Documentation (131)
[2016.01.04-12.46.01:989][455]LogModuleManager: Shutting down and abandoning module GameLiveStreaming (130)
[2016.01.04-12.46.01:989][455]LogModuleManager: Shutting down and abandoning module StreamingPauseRendering (129)
[2016.01.04-12.46.01:989][455]LogModuleManager: Shutting down and abandoning module AnalyticsET (128)
[2016.01.04-12.46.01:989][455]LogModuleManager: Shutting down and abandoning module Analytics (127)
[2016.01.04-12.46.01:989][455]LogModuleManager: Shutting down and abandoning module AITestSuite (126)
[2016.01.04-12.46.01:989][455]LogModuleManager: Shutting down and abandoning module GameplayDebugger (125)
[2016.01.04-12.46.01:990][455]LogModuleManager: Shutting down and abandoning module AIModule (124)
[2016.01.04-12.46.01:990][455]LogModuleManager: Shutting down and abandoning module ProfilerService (123)
[2016.01.04-12.46.02:208][455]LogModuleManager: Shutting down and abandoning module TaskGraph (122)
[2016.01.04-12.46.02:208][455]LogModuleManager: Shutting down and abandoning module SlateRemote (121)
[2016.01.04-12.46.02:208][455]LogModuleManager: Shutting down and abandoning module SteamVRController (120)
[2016.01.04-12.46.02:208][455]LogModuleManager: Shutting down and abandoning module SteamVR (119)
[2016.01.04-12.46.02:208][455]LogModuleManager: Shutting down and abandoning module ProceduralMeshComponent (118)
[2016.01.04-12.46.02:208][455]LogModuleManager: Shutting down and abandoning module OculusLibrary (117)
[2016.01.04-12.46.02:208][455]LogModuleManager: Shutting down and abandoning module OculusInput (116)
[2016.01.04-12.46.02:208][455]LogModuleManager: Shutting down and abandoning module LeapMotionController (115)
[2016.01.04-12.46.02:221][455]LogModuleManager: Shutting down and abandoning module CustomMeshComponent (114)
[2016.01.04-12.46.02:221][455]LogModuleManager: Shutting down and abandoning module CableComponent (113)
[2016.01.04-12.46.02:221][455]LogModuleManager: Shutting down and abandoning module ArchVisCharacter (112)
[2016.01.04-12.46.02:221][455]LogModuleManager: Shutting down and abandoning module MessagingDebugger (111)
[2016.01.04-12.46.02:221][455]LogModuleManager: Shutting down and abandoning module MediaPlayerEditor (110)
[2016.01.04-12.46.02:221][455]LogModuleManager: Shutting down and abandoning module HTML5Networking (109)
[2016.01.04-12.46.02:221][455]LogModuleManager: Shutting down and abandoning module SpeedTreeImporter (108)
[2016.01.04-12.46.02:221][455]LogModuleManager: Shutting down and abandoning module PluginBrowser (107)
[2016.01.04-12.46.02:221][455]LogModuleManager: Shutting down and abandoning module EpicSurvey (106)
[2016.01.04-12.46.02:221][455]LogModuleManager: Shutting down and abandoning module DesktopPlatform (105)
[2016.01.04-12.46.02:221][455]LogModuleManager: Shutting down and abandoning module VisualStudioSourceCodeAccess (104)
[2016.01.04-12.46.02:221][455]LogModuleManager: Shutting down and abandoning module UObjectPlugin (103)
[2016.01.04-12.46.02:221][455]LogModuleManager: Shutting down and abandoning module SubversionSourceControl (102)
[2016.01.04-12.46.02:221][455]LogModuleManager: Shutting down and abandoning module PerforceSourceControl (101)
[2016.01.04-12.46.02:221][455]LogModuleManager: Shutting down and abandoning module SourceControl (100)
[2016.01.04-12.46.02:222][455]LogModuleManager: Shutting down and abandoning module GitSourceControl (99)
[2016.01.04-12.46.02:222][455]LogModuleManager: Shutting down and abandoning module LightPropagationVolumeEditor (98)
[2016.01.04-12.46.02:222][455]LogModuleManager: Shutting down and abandoning module PaperTiledImporter (97)
[2016.01.04-12.46.02:222][455]LogModuleManager: Shutting down and abandoning module PaperSpriteSheetImporter (96)
[2016.01.04-12.46.02:222][455]LogModuleManager: Shutting down and abandoning module MeshPaint (95)
[2016.01.04-12.46.02:222][455]LogModuleManager: Shutting down and abandoning module SlateReflector (94)
[2016.01.04-12.46.02:222][455]LogModuleManager: Shutting down and abandoning module HotReload (93)
[2016.01.04-12.46.02:222][455]LogModuleManager: Shutting down and abandoning module MainFrame (92)
[2016.01.04-12.46.02:222][455]LogModuleManager: Shutting down and abandoning module LevelEditor (91)
[2016.01.04-12.46.02:223][455]LogModuleManager: Shutting down and abandoning module DirectoryWatcher (90)
[2016.01.04-12.46.02:223][455]LogModuleManager: Shutting down and abandoning module AssetRegistry (89)
[2016.01.04-12.46.02:362][455]LogModuleManager: Shutting down and abandoning module ContentBrowser (88)
[2016.01.04-12.46.02:363][455]LogModuleManager: Shutting down and abandoning module Paper2DEditor (87)
[2016.01.04-12.46.02:363][455]LogModuleManager: Shutting down and abandoning module UdpMessaging (86)
[2016.01.04-12.46.02:463][455]LogModuleManager: Shutting down and abandoning module LightPropagationVolumeRuntime (85)
[2016.01.04-12.46.02:463][455]LogModuleManager: Shutting down and abandoning module Paper2D (84)
[2016.01.04-12.46.02:463][455]LogModuleManager: Shutting down and abandoning module WindowsMoviePlayer (83)
[2016.01.04-12.46.02:466][455]LogModuleManager: Shutting down and abandoning module Media (82)
[2016.01.04-12.46.02:466][455]LogModuleManager: Shutting down and abandoning module WmfMedia (81)
[2016.01.04-12.46.02:468][455]LogModuleManager: Shutting down and abandoning module OnlineBlueprintSupport (80)
[2016.01.04-12.46.02:468][455]LogModuleManager: Shutting down and abandoning module GameplayTasksEditor (79)
[2016.01.04-12.46.02:468][455]LogModuleManager: Shutting down and abandoning module PropertyEditor (78)
[2016.01.04-12.46.02:468][455]LogModuleManager: Shutting down and abandoning module BehaviorTreeEditor (77)
[2016.01.04-12.46.02:468][455]LogModuleManager: Shutting down and abandoning module FunctionalTesting (76)
[2016.01.04-12.46.02:468][455]LogModuleManager: Shutting down and abandoning module CollisionAnalyzer (75)
[2016.01.04-12.46.02:468][455]LogModuleManager: Shutting down and abandoning module WorkspaceMenuStructure (74)
[2016.01.04-12.46.02:468][455]LogModuleManager: Shutting down and abandoning module MessageLog (73)
[2016.01.04-12.46.02:468][455]LogModuleManager: Shutting down and abandoning module Sequencer (72)
[2016.01.04-12.46.02:468][455]LogModuleManager: Shutting down and abandoning module AssetTools (71)
[2016.01.04-12.46.02:468][455]LogModuleManager: Shutting down and abandoning module UMGEditor (70)
[2016.01.04-12.46.02:468][455]LogModuleManager: Shutting down and abandoning module UMG (69)
[2016.01.04-12.46.02:468][455]LogModuleManager: Shutting down and abandoning module Slate (68)
[2016.01.04-12.46.02:468][455]LogModuleManager: Shutting down and abandoning module EditorStyle (67)
[2016.01.04-12.46.02:470][455]LogModuleManager: Shutting down and abandoning module SessionServices (66)
[2016.01.04-12.46.02:470][455]LogModuleManager: Shutting down and abandoning module SourceCodeAccess (65)
[2016.01.04-12.46.02:470][455]LogModuleManager: Shutting down and abandoning module HeadMountedDisplay (64)
[2016.01.04-12.46.02:470][455]LogModuleManager: Shutting down and abandoning module XAudio2 (63)
[2016.01.04-12.46.02:470][455]LogModuleManager: Shutting down and abandoning module Networking (61)
[2016.01.04-12.46.02:470][455]LogModuleManager: Shutting down and abandoning module Core (60)
[2016.01.04-12.46.02:470][455]LogModuleManager: Shutting down and abandoning module KismetCompiler (59)
[2016.01.04-12.46.02:470][455]LogModuleManager: Shutting down and abandoning module PhysXFormats (58)
[2016.01.04-12.46.02:470][455]LogModuleManager: Shutting down and abandoning module MeshUtilities (57)
[2016.01.04-12.46.02:470][455]LogModuleManager: Shutting down and abandoning module DerivedDataCache (56)
[2016.01.04-12.46.02:496][455]LogDerivedDataCache: Shutdown
[2016.01.04-12.46.02:496][455]LogModuleManager: Shutting down and abandoning module ShaderFormatOpenGL (55)
[2016.01.04-12.46.02:496][455]LogModuleManager: Shutting down and abandoning module ShaderFormatD3D (54)
[2016.01.04-12.46.02:496][455]LogModuleManager: Shutting down and abandoning module MetalShaderFormat (53)
[2016.01.04-12.46.02:496][455]LogModuleManager: Shutting down and abandoning module TextureFormatUncompressed (52)
[2016.01.04-12.46.02:496][455]LogModuleManager: Shutting down and abandoning module TextureFormatPVR (51)
[2016.01.04-12.46.02:496][455]LogModuleManager: Shutting down and abandoning module TextureFormatIntelISPCTexComp (50)
[2016.01.04-12.46.02:496][455]LogModuleManager: Shutting down and abandoning module TextureFormatDXT (49)
[2016.01.04-12.46.02:497][455]LogModuleManager: Shutting down and abandoning module ImageWrapper (48)
[2016.01.04-12.46.02:497][455]LogModuleManager: Shutting down and abandoning module TextureFormatASTC (47)
[2016.01.04-12.46.02:497][455]LogModuleManager: Shutting down and abandoning module TextureFormatAndroid (46)
[2016.01.04-12.46.02:497][455]LogModuleManager: Shutting down and abandoning module AudioFormatOpus (45)
[2016.01.04-12.46.02:497][455]LogModuleManager: Shutting down and abandoning module AudioFormatOgg (44)
[2016.01.04-12.46.02:497][455]LogModuleManager: Shutting down and abandoning module AudioFormatADPCM (43)
[2016.01.04-12.46.02:497][455]LogModuleManager: Shutting down and abandoning module LinuxTargetPlatform (42)
[2016.01.04-12.46.02:497][455]LogModuleManager: Shutting down and abandoning module LinuxServerTargetPlatform (41)
[2016.01.04-12.46.02:497][455]LogModuleManager: Shutting down and abandoning module LinuxNoEditorTargetPlatform (40)
[2016.01.04-12.46.02:497][455]LogModuleManager: Shutting down and abandoning module Messaging (39)
[2016.01.04-12.46.02:497][455]LogModuleManager: Shutting down and abandoning module IOSTargetPlatform (38)
[2016.01.04-12.46.02:497][455]LogModuleManager: Shutting down and abandoning module HTML5TargetPlatform (37)
[2016.01.04-12.46.02:497][455]LogModuleManager: Shutting down and abandoning module Android_PVRTCTargetPlatform (36)
[2016.01.04-12.46.02:497][455]LogModuleManager: Shutting down and abandoning module Android_MultiTargetPlatform (35)
[2016.01.04-12.46.02:497][455]LogModuleManager: Shutting down and abandoning module Android_ETC2TargetPlatform (34)
[2016.01.04-12.46.02:497][455]LogModuleManager: Shutting down and abandoning module Android_ETC1TargetPlatform (33)
[2016.01.04-12.46.02:497][455]LogModuleManager: Shutting down and abandoning module Android_DXTTargetPlatform (32)
[2016.01.04-12.46.02:497][455]LogModuleManager: Shutting down and abandoning module Android_ATCTargetPlatform (31)
[2016.01.04-12.46.02:497][455]LogModuleManager: Shutting down and abandoning module Android_ASTCTargetPlatform (30)
[2016.01.04-12.46.02:497][455]LogModuleManager: Shutting down and abandoning module AndroidTargetPlatform (29)
[2016.01.04-12.46.02:497][455]LogModuleManager: Shutting down and abandoning module WindowsTargetPlatform (28)
[2016.01.04-12.46.02:497][455]LogModuleManager: Shutting down and abandoning module WindowsServerTargetPlatform (27)
[2016.01.04-12.46.02:497][455]LogModuleManager: Shutting down and abandoning module WindowsNoEditorTargetPlatform (26)
[2016.01.04-12.46.02:497][455]LogModuleManager: Shutting down and abandoning module WindowsClientTargetPlatform (25)
[2016.01.04-12.46.02:497][455]LogModuleManager: Shutting down and abandoning module AllDesktopTargetPlatform (24)
[2016.01.04-12.46.02:497][455]LogModuleManager: Shutting down and abandoning module TargetPlatform (23)
[2016.01.04-12.46.02:497][455]LogModuleManager: Shutting down and abandoning module InputCore (22)
[2016.01.04-12.46.02:497][455]LogModuleManager: Shutting down and abandoning module Settings (21)
[2016.01.04-12.46.02:497][455]LogModuleManager: Shutting down and abandoning module OnlineSubsystem (19)
[2016.01.04-12.46.02:497][455]LogModuleManager: Shutting down and abandoning module HTTP (18)
[2016.01.04-12.46.06:497][455]LogModuleManager: Shutting down and abandoning module XMPP (17)
[2016.01.04-12.46.06:497][455]LogModuleManager: Shutting down and abandoning module OculusRift (16)
[2016.01.04-12.46.06:497][455]LogModuleManager: Shutting down and abandoning module ExampleDeviceProfileSelector (15)
[2016.01.04-12.46.06:497][455]LogModuleManager: Shutting down and abandoning module TextureCompressor (14)
[2016.01.04-12.46.06:497][455]LogModuleManager: Shutting down and abandoning module ShaderCore (13)
[2016.01.04-12.46.06:497][455]LogModuleManager: Shutting down and abandoning module Landscape (12)
[2016.01.04-12.46.06:497][455]LogModuleManager: Shutting down and abandoning module SlateRHIRenderer (11)
[2016.01.04-12.46.06:499][455]LogModuleManager: Shutting down and abandoning module OpenGLDrv (10)
[2016.01.04-12.46.06:499][455]LogModuleManager: Shutting down and abandoning module D3D11RHI (9)
[2016.01.04-12.46.06:500][455]LogModuleManager: Shutting down and abandoning module AnimGraphRuntime (8)
[2016.01.04-12.46.06:500][455]LogModuleManager: Shutting down and abandoning module Renderer (7)
[2016.01.04-12.46.06:500][455]LogModuleManager: Shutting down and abandoning module Engine (6)
[2016.01.04-12.46.06:500][455]LogModuleManager: Shutting down and abandoning module CoreUObject (5)
[2016.01.04-12.46.06:500][455]LogModuleManager: Shutting down and abandoning module NetworkFile (4)
[2016.01.04-12.46.06:500][455]LogModuleManager: Shutting down and abandoning module StreamingFile (3)
[2016.01.04-12.46.06:500][455]LogModuleManager: Shutting down and abandoning module SandboxFile (2)
[2016.01.04-12.46.06:500][455]LogModuleManager: Shutting down and abandoning module PakFile (1)
[2016.01.04-12.46.06:501][455]LogExit: Exiting.
[2016.01.04-12.46.06:502][455]Log file closed, 01/04/16 20:46:06
