[2016.01.29-03.13.52:966][  0]Log file open, 01/29/16 11:13:52
[2016.01.29-03.13.52:966][  0]LogInit:Display: Running engine for game: ExampleCollection10
[2016.01.29-03.13.52:966][  0]LogPlatformFile: Not using cached read wrapper
[2016.01.29-03.13.52:966][  0]LogInit:Display: RandInit(-940708839) SRandInit(-940708838).
[2016.01.29-03.13.52:966][  0]LogTaskGraph: Started task graph with 4 named threads and 7 total threads.
[2016.01.29-03.13.52:966][  0]LogStats: Stats thread started at 0.164425
[2016.01.29-03.13.52:966][  0]LogInit: Version: 4.10.1-2791327+++depot+UE4-Releases+4.10
[2016.01.29-03.13.52:966][  0]LogInit: API Version: 2758231
[2016.01.29-03.13.52:966][  0]LogInit: Compiled (64-bit): Dec  4 2015 19:44:40
[2016.01.29-03.13.52:966][  0]LogInit: Compiled with Visual C++: 19.00.23026.00
[2016.01.29-03.13.52:966][  0]LogInit: Build Configuration: Development
[2016.01.29-03.13.52:966][  0]LogInit: Branch Name: ++depot+UE4-Releases+4.10
[2016.01.29-03.13.52:966][  0]LogInit: Command line:  
[2016.01.29-03.13.52:966][  0]LogInit: Base directory: D:/Program Files/Epic Games/4.10/Engine/Binaries/Win64/
[2016.01.29-03.13.52:966][  0]LogInit: Rocket: 1
[2016.01.29-03.13.53:118][  0]LogInit: Using libcurl 7.41.0
[2016.01.29-03.13.53:118][  0]LogInit:  - built for x86_64-pc-win32
[2016.01.29-03.13.53:119][  0]LogInit:  - supports SSL with WinSSL
[2016.01.29-03.13.53:119][  0]LogInit:  - other features:
[2016.01.29-03.13.53:119][  0]LogInit:      CURL_VERSION_SSL
[2016.01.29-03.13.53:119][  0]LogInit:      CURL_VERSION_IPV6
[2016.01.29-03.13.53:119][  0]LogInit:      CURL_VERSION_ASYNCHDNS
[2016.01.29-03.13.53:119][  0]LogInit:      CURL_VERSION_LARGEFILE
[2016.01.29-03.13.53:119][  0]LogInit:      CURL_VERSION_IDN
[2016.01.29-03.13.53:119][  0]LogInit:  CurlRequestOptions (configurable via config and command line):
[2016.01.29-03.13.53:119][  0]LogInit:  - bVerifyPeer = true  - Libcurl will verify peer certificate
[2016.01.29-03.13.53:119][  0]LogInit:  - bUseHttpProxy = false  - Libcurl will NOT use HTTP proxy
[2016.01.29-03.13.53:119][  0]LogInit:  - bDontReuseConnections = false  - Libcurl will reuse connections
[2016.01.29-03.13.53:119][  0]LogInit:  - CertBundlePath = nullptr  - Libcurl will use whatever was configured at build time.
[2016.01.29-03.13.53:288][  0]LogInit: Presizing for 0 objects not considered by GC, pre-allocating 0 bytes.
[2016.01.29-03.13.53:305][  0]LogInit: Object subsystem initialized
[2016.01.29-03.13.53:307][  0]LogInit: Selected Device Profile: [Windows]
[2016.01.29-03.13.53:307][  0]LogInit: Applying CVar settings loaded from the selected device profile: [Windows]
[2016.01.29-03.13.53:335][  0]LogInit: Computer: PLAN-CHENXINGHU
[2016.01.29-03.13.53:335][  0]LogInit: User: chenxinghui
[2016.01.29-03.13.53:336][  0]LogInit: CPU Page size=4096, Cores=4
[2016.01.29-03.13.53:336][  0]LogInit: High frequency timer resolution =3.117812 MHz
[2016.01.29-03.13.53:336][  0]LogMemory: Memory total: Physical=7.9GB (8GB approx)
[2016.01.29-03.13.53:336][  0]LogMemory: Platform Memory Stats for Windows
[2016.01.29-03.13.53:336][  0]LogMemory: Process Physical Memory: 56.46 MB used, 56.46 MB peak
[2016.01.29-03.13.53:336][  0]LogMemory: Process Virtual Memory: 59.64 MB used, 59.64 MB peak
[2016.01.29-03.13.53:336][  0]LogMemory: Physical Memory: 2948.58 MB used, 8130.04 MB total
[2016.01.29-03.13.53:336][  0]LogMemory: Virtual Memory: 352.39 MB used, 8388608.00 MB total
[2016.01.29-03.13.54:753][  0]LogD3D11RHI: Found D3D11 adapter 0: NVIDIA GeForce GTX 660   (Feature Level 11_0)
[2016.01.29-03.13.54:753][  0]LogD3D11RHI: Adapter has 1989MB of dedicated video memory, 0MB of dedicated system memory, and 2048MB of shared system memory, 2 output[s]
[2016.01.29-03.13.54:753][  0]LogD3D11RHI: Chosen D3D11 Adapter Id = 0
[2016.01.29-03.13.54:759][  0]LogD3D11RHI: !Direct3DDevice
[2016.01.29-03.13.54:759][  0]LogRHI: Texture pool is 1361 MB (70% of 1945 MB)
[2016.01.29-03.13.54:768][  0]LogD3D11RHI: Async texture creation enabled
[2016.01.29-03.13.54:807][  0]LogShaderCompilers: Guid format shader working directory is 9 characters bigger than the processId version (E:/Unreal Work Space/ExampleCollection10/Intermediate/Shaders/WorkingDirectory/6168/).
[2016.01.29-03.13.54:807][  0]LogShaderCompilers: Cleaned the shader compiler working directory 'C:/Users/CHENXI~1/AppData/Local/Temp/UnrealShaderWorkingDir/BD6B2CFA41D56986320DB19406C53762/'.
[2016.01.29-03.13.54:807][  0]LogShaderCompilers:Display: Using Local Shader Compiler.
[2016.01.29-03.13.58:366][  0]LogTemp:Display: Loaded TP AllDesktopTargetPlatform
[2016.01.29-03.13.58:376][  0]LogTemp:Display: Loaded TP WindowsClientTargetPlatform
[2016.01.29-03.13.58:384][  0]LogTemp:Display: Loaded TP WindowsNoEditorTargetPlatform
[2016.01.29-03.13.58:390][  0]LogTemp:Display: Loaded TP WindowsServerTargetPlatform
[2016.01.29-03.13.58:397][  0]LogTemp:Display: Loaded TP WindowsTargetPlatform
[2016.01.29-03.13.58:405][  0]LogTemp:Display: Loaded TP AndroidTargetPlatform
[2016.01.29-03.13.58:407][  0]LogTemp:Display: Loaded TP Android_ASTCTargetPlatform
[2016.01.29-03.13.58:410][  0]LogTemp:Display: Loaded TP Android_ATCTargetPlatform
[2016.01.29-03.13.58:413][  0]LogTemp:Display: Loaded TP Android_DXTTargetPlatform
[2016.01.29-03.13.58:416][  0]LogTemp:Display: Loaded TP Android_ETC1TargetPlatform
[2016.01.29-03.13.58:419][  0]LogTemp:Display: Loaded TP Android_ETC2TargetPlatform
[2016.01.29-03.13.58:425][  0]LogTemp:Display: Loaded TP Android_MultiTargetPlatform
[2016.01.29-03.13.58:425][  0]LogTemp:Display: Loaded TP Android_PVRTCTargetPlatform
[2016.01.29-03.13.58:425][  0]LogTemp:Display: Loaded TP HTML5TargetPlatform
[2016.01.29-03.13.58:532][  0]LogTemp:Display: Loaded TP IOSTargetPlatform
[2016.01.29-03.13.58:539][  0]LogTemp:Display: Loaded TP LinuxNoEditorTargetPlatform
[2016.01.29-03.13.58:546][  0]LogTemp:Display: Loaded TP LinuxServerTargetPlatform
[2016.01.29-03.13.58:575][  0]LogTemp:Display: Loaded TP LinuxTargetPlatform
[2016.01.29-03.13.58:575][  0]LogTargetPlatformManager:Display: Building Assets For Windows
[2016.01.29-03.14.00:027][  0]LogDerivedDataCache:Display: Max Cache Size: 512 MB
[2016.01.29-03.14.00:497][  0]LogDerivedDataCache: Loaded boot cache 0.47s 41MB C:/Users/chenxinghui/AppData/Local/UnrealEngine/4.10/DerivedDataCache/Boot.ddc.
[2016.01.29-03.14.00:497][  0]LogDerivedDataCache:Display: Loaded Boot cache: C:/Users/chenxinghui/AppData/Local/UnrealEngine/4.10/DerivedDataCache/Boot.ddc
[2016.01.29-03.14.00:497][  0]LogDerivedDataCache: FDerivedDataBackendGraph:  Pak pak cache file E:/Unreal Work Space/ExampleCollection10/DerivedDataCache/DDC.ddp not found, will not use a pak cache.
[2016.01.29-03.14.00:497][  0]LogDerivedDataCache: Unable to find inner node Pak for hierarchical cache Hierarchy.
[2016.01.29-03.14.00:497][  0]LogDerivedDataCache: FDerivedDataBackendGraph:  CompressedPak pak cache file E:/Unreal Work Space/ExampleCollection10/DerivedDataCache/Compressed.ddp not found, will not use a pak cache.
[2016.01.29-03.14.00:497][  0]LogDerivedDataCache: Unable to find inner node CompressedPak for hierarchical cache Hierarchy.
[2016.01.29-03.14.00:662][  0]LogDerivedDataCache:Display: Pak cache opened for reading ../../../Engine/DerivedDataCache/Compressed.ddp.
[2016.01.29-03.14.00:674][  0]LogDerivedDataCache: Using Local data cache path C:/Users/chenxinghui/AppData/Local/UnrealEngine/Common/DerivedDataCache: Writable
[2016.01.29-03.14.12:113][  0]LogInit: Selected Device Profile: [Windows]
[2016.01.29-03.14.12:114][  0]LogContentStreaming: Texture pool size is 0.000000MB
[2016.01.29-03.14.12:167][  0]LogMeshUtilities: No automatic mesh reduction module available
[2016.01.29-03.14.12:167][  0]LogMeshUtilities: No automatic mesh merging module available
[2016.01.29-03.14.13:400][  0]LogInit: WinSock: version 1.1 (2.2), MaxSocks=32767, MaxUdp=65467
[2016.01.29-03.14.22:939][  0]UdpMessaging: Initializing bridge on interface 0.0.0.0:0 to multicast group 230.0.0.1:6666.
[2016.01.29-03.14.23:274][  0]LogAssetRegistry: FAssetRegistry took 0.0102 seconds to start up
[2016.01.29-03.14.23:626][  0]SourceControl: Info Source control is disabled
[2016.01.29-03.14.23:627][  0]SourceControl: Info Source control is disabled
[2016.01.29-03.14.23:635][  0]SourceControl: Info Source control is disabled
[2016.01.29-03.14.23:643][  0]SourceControl: Info Source control is disabled
[2016.01.29-03.14.24:558][  0]LogObj: 28633 objects as part of root set at end of initial load.
[2016.01.29-03.14.24:558][  0]LogUObjectAllocator: 6099752 out of 0 bytes used by permanent object pool.
[2016.01.29-03.14.24:680][  0]LogEngine: Initializing Engine...
[2016.01.29-03.14.24:682][  0]LogHMD: Can't find Oculus library dev build: is proper Runtime installed? Version: 0.8.0.0
[2016.01.29-03.14.24:749][  0]LogHMD: SteamVR failed to initialize.  Err: 110
[2016.01.29-03.14.25:119][  0]LogAIModule: Creating AISystem for world NewWorld
[2016.01.29-03.14.25:136][  0]LogInit: XAudio2 using '扬声器 (Realtek High Definition Audio)' : 2 channels at 48 kHz using 32 bits per sample (channel mask 0x3)
[2016.01.29-03.14.25:258][  0]LogInit: FAudioDevice initialized.
[2016.01.29-03.14.25:282][  0]LogDerivedDataCache: Saved boot cache 0.02s 41MB C:/Users/chenxinghui/AppData/Local/UnrealEngine/4.10/DerivedDataCache/Boot.ddc.
[2016.01.29-03.14.25:288][  0]LogInit: Texture streaming: Enabled
[2016.01.29-03.14.25:293][  0]LogAnalytics: Creating configured Analytics provider AnalyticsET
[2016.01.29-03.14.25:293][  0]LogAnalytics: [UEEditor.Rocket.Release] APIServer = http://et2.epicgames.com/ET2/. AppVersion = 4.10.1-2791327+++depot+UE4-Releases+4.10
[2016.01.29-03.14.25:293][  0]LogAnalytics: [UEEditor.Rocket.Release] SetUserId fcc8beb743eb3f315b3205bc8f91fbb8|ecc15fb7c1f4439e807eef072eca5f98|c014cd18-b694-4710-a8b7-958888126c98
[2016.01.29-03.14.25:293][  0]LogAnalytics: [UEEditor.Rocket.Release] AnalyticsET::StartSession
[2016.01.29-03.14.25:319][  0]LogInit: Transaction tracking system initialized
[2016.01.29-03.14.25:342][  0]BlueprintLog: New page: Editor Load
[2016.01.29-03.14.25:594][  0]LocalizationService: Info Localization service is disabled
[2016.01.29-03.14.26:109][  0]LogConsoleResponse:Display: 
[2016.01.29-03.14.28:657][  0]LogCook:Display: Done creating registry. It took  0.00s.
[2016.01.29-03.14.28:911][  0]LogFileCache: Scanning file cache for directory 'E:/Unreal Work Space/ExampleCollection10/Content/' took 0.02s
[2016.01.29-03.14.28:911][  0]SourceControl: Info Source control is disabled
[2016.01.29-03.14.28:911][  0]Cmd: MAP LOAD FILE="E:/Unreal Work Space/ExampleCollection10/Content/My/TestMap/MatTestMap.umap" TEMPLATE=0 SHOWPROGRESS=1 FEATURELEVEL=3
[2016.01.29-03.14.29:123][  0]LightingResults: New page: Lighting Build
[2016.01.29-03.14.29:126][  0]MapCheck: New page: Map Check
[2016.01.29-03.14.29:126][  0]LightingResults: New page: Lighting Build
[2016.01.29-03.14.29:137][  0]LogParticles: Destroying 0 GPU particle simulations for FXSystem 0x000000002259EAC0
[2016.01.29-03.14.39:168][  0]LogAIModule: Creating AISystem for world MatTestMap
[2016.01.29-03.14.39:251][  0]LogEditorServer: Finished looking for orphan Actors (0.000 secs)
[2016.01.29-03.14.39:252][  0]Cmd: MAP CHECKDEP NOCLEARLOG
[2016.01.29-03.14.39:298][  0]MapCheck: Info Map check complete: 0 Error(s), 0 Warning(s), took 46.335ms to complete.
[2016.01.29-03.14.39:298][  0]LogFileHelpers: Loading map 'MatTestMap' took 10.387
[2016.01.29-03.14.39:569][  0]LogCollectionManager: Loaded 0 collections in 0.001639 seconds
[2016.01.29-03.14.39:613][  0]LogFileCache: Scanning file cache for directory 'E:/Unreal Work Space/ExampleCollection10/Saved/Collections/' took 0.01s
[2016.01.29-03.14.39:613][  0]LogFileCache: Scanning file cache for directory 'E:/Unreal Work Space/ExampleCollection10/Content/Developers/chenxinghui/Collections/' took 0.01s
[2016.01.29-03.14.39:613][  0]LogFileCache: Scanning file cache for directory 'E:/Unreal Work Space/ExampleCollection10/Content/Collections/' took 0.01s
[2016.01.29-03.14.39:613][  0]LogCollectionManager: Rebuilt the GUID cache for 0 collections in 0.000002 seconds
[2016.01.29-03.14.39:620][  0]LogContentBrowser: Native class hierarchy populated in 0.0068 seconds. Added 1893 classes and 338 folders.
[2016.01.29-03.14.39:627][  0]LogContentBrowser: Native class hierarchy updated for 'WidgetCarousel' in 0.0003 seconds. Added 0 classes and 0 folders.
[2016.01.29-03.14.40:347][  0]LogContentBrowser: Native class hierarchy updated for 'AddContentDialog' in 0.0003 seconds. Added 0 classes and 0 folders.
[2016.01.29-03.14.40:351][  0]LogContentBrowser: Native class hierarchy updated for 'SceneOutliner' in 0.0003 seconds. Added 1 classes and 2 folders.
[2016.01.29-03.14.40:474][  0]LogCrashTracker: Crashtracker disabled due to settings.
[2016.01.29-03.14.40:476][  0]LogUObjectGlobals:Warning: Failed to find object 'Class None.'
[2016.01.29-03.14.40:497][  0]LogLoad: Full Startup: 49.38 seconds (BP compile: 0.09 seconds)
[2016.01.29-03.14.40:837][  0]LogOcInput: Can't find Oculus library dev build: is proper Runtime installed? Version: 0.8.0.0
[2016.01.29-03.14.41:010][  0]LogContentStreaming: Texture pool size now 1000 MB
[2016.01.29-03.14.41:314][  0]LogRenderer: Reallocating scene render targets to support 824x552 (Frame:2).
[2016.01.29-03.14.42:026][  3]LogAssetRegistry: Asset discovery search completed in 18.7612 seconds
[2016.01.29-03.14.42:026][  3]LogCollectionManager: Rebuilt the object cache for 0 collections in 0.000001 seconds (found 0 objects)
[2016.01.29-03.14.42:026][  3]LogCollectionManager: Fixed up redirectors for 0 collections in 0.000016 seconds (updated 0 objects)
[2016.01.29-03.15.23:130][360]LogEditorViewport: Clicking on Actor (LMB): PointLight (PointLight3)
[2016.01.29-03.17.15:192][938]LogFactory: FactoryCreateBinary: Texture with ReimportTextureFactory (0 0 C:/Users/chenxinghui/Desktop/UE4 Texture/Architecture/Fire/T_FireSubUV_11X11_32.TGA)
[2016.01.29-03.17.15:300][938]LogTexture:Display: Building textures: T_FireSubUV_11X11_32 (AutoDXT)
[2016.01.29-03.17.15:692][938]LogFactory: FactoryCreateBinary: Texture with ReimportTextureFactory (0 0 C:/Users/chenxinghui/Desktop/UE4 Texture/Architecture/Fire/T_TilingNoise16.TGA)
[2016.01.29-03.17.15:935][938]LogTexture:Display: Building textures: T_TilingNoise16 (AutoDXT)
[2016.01.29-03.17.30:168][421]LogMaterial: Missing cached shader map for material Mat_Fire, compiling. 
[2016.01.29-03.17.30:339][421]LogMaterial: Missing cached shader map for material Mat_Fire, compiling. 
[2016.01.29-03.17.30:343][421]LogMaterial: 0.000112 seconds spent updating 1 materials, 1 interfaces, 0 instances, 0 with static permutations.
[2016.01.29-03.17.33:244][606]MaterialEditorStats: Info Base pass shader with only dynamic lighting: 31 instructions
[2016.01.29-03.17.33:244][606]MaterialEditorStats: Info Vertex shader: 31 instructions
[2016.01.29-03.17.33:244][606]MaterialEditorStats: Info Texture samplers: 0/16
[2016.01.29-03.17.34:485][713]LogMaterial: Missing cached shader map for material Mat_Fire, compiling. 
[2016.01.29-03.17.34:488][713]LogMaterial: 0.000135 seconds spent updating 1 materials, 1 interfaces, 0 instances, 0 with static permutations.
[2016.01.29-03.17.34:489][713]LogMaterial: Missing cached shader map for material FMatExpressionPreview MaterialExpressionTextureSample_0, compiling. 
[2016.01.29-03.17.34:536][713]LogMaterial: Missing cached shader map for material FMatExpressionPreview MaterialExpressionTextureSample_0, compiling. 
[2016.01.29-03.17.34:546][713]LogMaterial: Missing cached shader map for material Mat_Fire, compiling. 
[2016.01.29-03.17.34:550][713]LogMaterial: 0.000060 seconds spent updating 1 materials, 1 interfaces, 0 instances, 0 with static permutations.
[2016.01.29-03.17.34:573][713]LogMaterial: Missing cached shader map for material FMatExpressionPreview MaterialExpressionTextureSample_1, compiling. 
[2016.01.29-03.17.34:633][713]LogMaterial: Missing cached shader map for material FMatExpressionPreview MaterialExpressionTextureSample_0, compiling. 
[2016.01.29-03.17.34:635][713]LogMaterial: Missing cached shader map for material FMatExpressionPreview MaterialExpressionTextureSample_1, compiling. 
[2016.01.29-03.17.35:513][768]MaterialEditorStats: Info Base pass shader with only dynamic lighting: 31 instructions
[2016.01.29-03.17.35:513][768]MaterialEditorStats: Info Vertex shader: 31 instructions
[2016.01.29-03.17.35:513][768]MaterialEditorStats: Info Texture samplers: 0/16
[2016.01.29-03.18.04:743][346]LogMaterial: Missing cached shader map for material Mat_Fire, compiling. 
[2016.01.29-03.18.04:747][346]LogMaterial: 0.000098 seconds spent updating 1 materials, 1 interfaces, 0 instances, 0 with static permutations.
[2016.01.29-03.18.05:988][428]MaterialEditorStats: Info Base pass shader with only dynamic lighting: 31 instructions
[2016.01.29-03.18.05:988][428]MaterialEditorStats: Info Vertex shader: 31 instructions
[2016.01.29-03.18.05:988][428]MaterialEditorStats: Info Texture samplers: 0/16
[2016.01.29-03.18.19:269][562]LogMaterial: Missing cached shader map for material Mat_Fire, compiling. 
[2016.01.29-03.18.19:272][562]LogMaterial: 0.000070 seconds spent updating 1 materials, 1 interfaces, 0 instances, 0 with static permutations.
[2016.01.29-03.18.20:290][630]MaterialEditorStats: Info Base pass shader with only dynamic lighting: 31 instructions
[2016.01.29-03.18.20:290][630]MaterialEditorStats: Info Vertex shader: 31 instructions
[2016.01.29-03.18.20:290][630]MaterialEditorStats: Info Texture samplers: 0/16
[2016.01.29-03.18.29:747][451]LogMaterial: Missing cached shader map for material Mat_Fire, compiling. 
[2016.01.29-03.18.29:751][451]LogMaterial: 0.000074 seconds spent updating 1 materials, 1 interfaces, 0 instances, 0 with static permutations.
[2016.01.29-03.18.30:778][522]MaterialEditorStats: Info Base pass shader with only dynamic lighting: 31 instructions
[2016.01.29-03.18.30:778][522]MaterialEditorStats: Info Vertex shader: 31 instructions
[2016.01.29-03.18.30:778][522]MaterialEditorStats: Info Texture samplers: 0/16
[2016.01.29-03.18.51:401][240]LogMaterial: Missing cached shader map for material Mat_Fire, compiling. 
[2016.01.29-03.18.51:405][240]LogMaterial: 0.000042 seconds spent updating 1 materials, 1 interfaces, 0 instances, 0 with static permutations.
[2016.01.29-03.18.52:677][333]MaterialEditorStats: Info Base pass shader with only dynamic lighting: 31 instructions
[2016.01.29-03.18.52:677][333]MaterialEditorStats: Info Vertex shader: 31 instructions
[2016.01.29-03.18.52:677][333]MaterialEditorStats: Info Texture samplers: 0/16
[2016.01.29-03.19.00:102][950]LogMaterial: Missing cached shader map for material Mat_Fire, compiling. 
[2016.01.29-03.19.00:106][950]LogMaterial: 0.000042 seconds spent updating 1 materials, 1 interfaces, 0 instances, 0 with static permutations.
[2016.01.29-03.19.00:108][950]LogMaterial: Missing cached shader map for material Mat_Fire, compiling. 
[2016.01.29-03.19.00:112][950]LogMaterial: 0.000106 seconds spent updating 1 materials, 1 interfaces, 0 instances, 0 with static permutations.
[2016.01.29-03.19.01:077][ 13]MaterialEditorStats: Info Base pass shader with only dynamic lighting: 31 instructions
[2016.01.29-03.19.01:077][ 13]MaterialEditorStats: Info Vertex shader: 31 instructions
[2016.01.29-03.19.01:077][ 13]MaterialEditorStats: Info Texture samplers: 0/16
[2016.01.29-03.19.03:534][241]LogMaterial: Missing cached shader map for material Mat_Fire, compiling. 
[2016.01.29-03.19.03:538][241]LogMaterial: 0.000122 seconds spent updating 1 materials, 1 interfaces, 0 instances, 0 with static permutations.
[2016.01.29-03.19.04:427][298]MaterialEditorStats: Info Base pass shader with only dynamic lighting: 31 instructions
[2016.01.29-03.19.04:427][298]MaterialEditorStats: Info Vertex shader: 31 instructions
[2016.01.29-03.19.04:427][298]MaterialEditorStats: Info Texture samplers: 0/16
[2016.01.29-03.19.04:838][341]LogMaterial: Missing cached shader map for material Mat_Fire, compiling. 
[2016.01.29-03.19.04:842][341]LogMaterial: 0.000069 seconds spent updating 1 materials, 1 interfaces, 0 instances, 0 with static permutations.
[2016.01.29-03.19.05:741][407]MaterialEditorStats: Info Base pass shader with only dynamic lighting: 31 instructions
[2016.01.29-03.19.05:741][407]MaterialEditorStats: Info Vertex shader: 31 instructions
[2016.01.29-03.19.05:741][407]MaterialEditorStats: Info Texture samplers: 0/16
[2016.01.29-03.19.05:919][427]LogMaterial: Missing cached shader map for material Mat_Fire, compiling. 
[2016.01.29-03.19.05:922][427]LogMaterial: 0.000063 seconds spent updating 1 materials, 1 interfaces, 0 instances, 0 with static permutations.
[2016.01.29-03.19.06:775][482]MaterialEditorStats: Info Base pass shader with only dynamic lighting: 31 instructions
[2016.01.29-03.19.06:775][482]MaterialEditorStats: Info Vertex shader: 31 instructions
[2016.01.29-03.19.06:775][482]MaterialEditorStats: Info Texture samplers: 0/16
[2016.01.29-03.19.07:349][530]LogMaterial: Missing cached shader map for material Mat_Fire, compiling. 
[2016.01.29-03.19.07:353][530]LogMaterial: 0.000058 seconds spent updating 1 materials, 1 interfaces, 0 instances, 0 with static permutations.
[2016.01.29-03.19.08:215][594]MaterialEditorStats: Info Base pass shader with only dynamic lighting: 31 instructions
[2016.01.29-03.19.08:215][594]MaterialEditorStats: Info Vertex shader: 31 instructions
[2016.01.29-03.19.08:215][594]MaterialEditorStats: Info Texture samplers: 0/16
[2016.01.29-03.19.08:492][624]LogMaterial: Missing cached shader map for material Mat_Fire, compiling. 
[2016.01.29-03.19.08:496][624]LogMaterial: 0.000064 seconds spent updating 1 materials, 1 interfaces, 0 instances, 0 with static permutations.
[2016.01.29-03.19.09:690][710]MaterialEditorStats: Info Base pass shader with only dynamic lighting: 31 instructions
[2016.01.29-03.19.09:690][710]MaterialEditorStats: Info Vertex shader: 31 instructions
[2016.01.29-03.19.09:690][710]MaterialEditorStats: Info Texture samplers: 0/16
[2016.01.29-03.19.12:356][963]LogMaterial: Missing cached shader map for material Mat_Fire, compiling. 
[2016.01.29-03.19.12:360][963]LogMaterial: 0.000079 seconds spent updating 1 materials, 1 interfaces, 0 instances, 0 with static permutations.
[2016.01.29-03.19.13:229][ 21]MaterialEditorStats: Info Base pass shader with only dynamic lighting: 31 instructions
[2016.01.29-03.19.13:229][ 21]MaterialEditorStats: Info Vertex shader: 31 instructions
[2016.01.29-03.19.13:229][ 21]MaterialEditorStats: Info Texture samplers: 0/16
[2016.01.29-03.19.15:829][237]LogMaterial: Missing cached shader map for material Mat_Fire, compiling. 
[2016.01.29-03.19.15:832][237]LogMaterial: 0.000038 seconds spent updating 1 materials, 1 interfaces, 0 instances, 0 with static permutations.
[2016.01.29-03.19.16:775][302]MaterialEditorStats: Info Base pass shader with only dynamic lighting: 31 instructions
[2016.01.29-03.19.16:775][302]MaterialEditorStats: Info Vertex shader: 31 instructions
[2016.01.29-03.19.16:775][302]MaterialEditorStats: Info Texture samplers: 0/16
[2016.01.29-03.19.25:531][ 45]LogMaterial: Missing cached shader map for material Mat_Fire, compiling. 
[2016.01.29-03.19.25:535][ 45]LogMaterial: 0.000083 seconds spent updating 1 materials, 1 interfaces, 0 instances, 0 with static permutations.
[2016.01.29-03.19.26:111][ 82]LogMaterial: Missing cached shader map for material Mat_Fire, compiling. 
[2016.01.29-03.19.26:115][ 82]LogMaterial: 0.000026 seconds spent updating 1 materials, 1 interfaces, 0 instances, 0 with static permutations.
[2016.01.29-03.19.27:126][147]MaterialEditorStats: Info Base pass shader with only dynamic lighting: 31 instructions
[2016.01.29-03.19.27:126][147]MaterialEditorStats: Info Vertex shader: 31 instructions
[2016.01.29-03.19.27:126][147]MaterialEditorStats: Info Texture samplers: 0/16
[2016.01.29-03.19.28:852][296]LogMaterial: Missing cached shader map for material Mat_Fire, compiling. 
[2016.01.29-03.19.28:855][296]LogMaterial: 0.000049 seconds spent updating 1 materials, 1 interfaces, 0 instances, 0 with static permutations.
[2016.01.29-03.19.29:816][364]MaterialEditorStats: Info Base pass shader with only dynamic lighting: 31 instructions
[2016.01.29-03.19.29:816][364]MaterialEditorStats: Info Vertex shader: 31 instructions
[2016.01.29-03.19.29:816][364]MaterialEditorStats: Info Texture samplers: 0/16
[2016.01.29-03.19.32:488][578]LogMaterial: Missing cached shader map for material Mat_Fire, compiling. 
[2016.01.29-03.19.32:492][578]LogMaterial: 0.000099 seconds spent updating 1 materials, 1 interfaces, 0 instances, 0 with static permutations.
[2016.01.29-03.19.33:411][637]MaterialEditorStats: Info Base pass shader with only dynamic lighting: 31 instructions
[2016.01.29-03.19.33:411][637]MaterialEditorStats: Info Vertex shader: 31 instructions
[2016.01.29-03.19.33:411][637]MaterialEditorStats: Info Texture samplers: 0/16
[2016.01.29-03.19.34:013][685]LogMaterial: Missing cached shader map for material Mat_Fire, compiling. 
[2016.01.29-03.19.34:016][685]LogMaterial: 0.000061 seconds spent updating 1 materials, 1 interfaces, 0 instances, 0 with static permutations.
[2016.01.29-03.19.34:837][736]MaterialEditorStats: Info Base pass shader with only dynamic lighting: 31 instructions
[2016.01.29-03.19.34:837][736]MaterialEditorStats: Info Vertex shader: 31 instructions
[2016.01.29-03.19.34:837][736]MaterialEditorStats: Info Texture samplers: 0/16
[2016.01.29-03.19.36:292][863]LogMaterial: Missing cached shader map for material Mat_Fire, compiling. 
[2016.01.29-03.19.36:296][863]LogMaterial: 0.000081 seconds spent updating 1 materials, 1 interfaces, 0 instances, 0 with static permutations.
[2016.01.29-03.19.36:327][863]LogMaterial: Missing cached shader map for material FMatExpressionPreview MaterialExpressionTextureSample_1, compiling. 
[2016.01.29-03.19.37:233][921]MaterialEditorStats: Info Base pass shader with only dynamic lighting: 31 instructions
[2016.01.29-03.19.37:233][921]MaterialEditorStats: Info Vertex shader: 31 instructions
[2016.01.29-03.19.37:233][921]MaterialEditorStats: Info Texture samplers: 0/16
[2016.01.29-03.19.50:266][ 11]LogMaterial: Missing cached shader map for material Mat_Fire, compiling. 
[2016.01.29-03.19.50:270][ 11]LogMaterial: 0.000132 seconds spent updating 1 materials, 1 interfaces, 0 instances, 0 with static permutations.
[2016.01.29-03.19.51:225][ 73]MaterialEditorStats: Info Base pass shader with only dynamic lighting: 31 instructions
[2016.01.29-03.19.51:225][ 73]MaterialEditorStats: Info Vertex shader: 31 instructions
[2016.01.29-03.19.51:225][ 73]MaterialEditorStats: Info Texture samplers: 0/16
[2016.01.29-03.19.55:311][404]LogContentBrowser: Native class hierarchy updated for 'TextureEditor' in 0.0004 seconds. Added 1 classes and 2 folders.
[2016.01.29-03.20.01:167][882]LogMaterial: Missing cached shader map for material Mat_Fire, compiling. 
[2016.01.29-03.20.01:171][882]LogMaterial: 0.000044 seconds spent updating 1 materials, 1 interfaces, 0 instances, 0 with static permutations.
[2016.01.29-03.20.02:143][960]MaterialEditorStats: Info Base pass shader with only dynamic lighting: 31 instructions
[2016.01.29-03.20.02:143][960]MaterialEditorStats: Info Vertex shader: 31 instructions
[2016.01.29-03.20.02:143][960]MaterialEditorStats: Info Texture samplers: 0/16
[2016.01.29-03.20.02:443][990]LogMaterial: Missing cached shader map for material Mat_Fire, compiling. 
[2016.01.29-03.20.02:446][990]LogMaterial: 0.000066 seconds spent updating 1 materials, 1 interfaces, 0 instances, 0 with static permutations.
[2016.01.29-03.20.03:380][ 60]MaterialEditorStats: Info Base pass shader with only dynamic lighting: 31 instructions
[2016.01.29-03.20.03:380][ 60]MaterialEditorStats: Info Vertex shader: 31 instructions
[2016.01.29-03.20.03:380][ 60]MaterialEditorStats: Info Texture samplers: 0/16
[2016.01.29-03.20.05:283][243]LogMaterial: Missing cached shader map for material Mat_Fire, compiling. 
[2016.01.29-03.20.05:287][243]LogMaterial: 0.000109 seconds spent updating 1 materials, 1 interfaces, 0 instances, 0 with static permutations.
[2016.01.29-03.20.05:349][243]LogMaterial: Missing cached shader map for material FMatExpressionPreview MaterialExpressionTextureSample_0, compiling. 
[2016.01.29-03.20.06:182][295]MaterialEditorStats: Info Base pass shader with only dynamic lighting: 31 instructions
[2016.01.29-03.20.06:182][295]MaterialEditorStats: Info Vertex shader: 31 instructions
[2016.01.29-03.20.06:182][295]MaterialEditorStats: Info Texture samplers: 0/16
[2016.01.29-03.20.51:298][863]LogMaterial: Missing cached shader map for material Mat_Fire, compiling. 
[2016.01.29-03.20.51:309][863]LogMaterial: Missing cached shader map for material Mat_Fire, compiling. 
[2016.01.29-03.20.51:313][863]LogMaterial: 0.000115 seconds spent updating 1 materials, 1 interfaces, 0 instances, 0 with static permutations.
[2016.01.29-03.20.53:178][981]LogMaterial: Missing cached shader map for material Mat_Fire, compiling. 
[2016.01.29-03.20.53:202][981]LogMaterial: Missing cached shader map for material Mat_Fire, compiling. 
[2016.01.29-03.20.53:206][981]LogMaterial: 0.000026 seconds spent updating 1 materials, 1 interfaces, 0 instances, 0 with static permutations.
[2016.01.29-03.20.53:825][ 17]MaterialEditorStats: Info Base pass shader with only dynamic lighting: 25 instructions
[2016.01.29-03.20.53:825][ 17]MaterialEditorStats: Info Base pass shader for self shadowed translucency: 61 instructions
[2016.01.29-03.20.53:825][ 17]MaterialEditorStats: Info Vertex shader: 68 instructions
[2016.01.29-03.20.53:825][ 17]MaterialEditorStats: Info Texture samplers: 4/16
[2016.01.29-03.20.54:832][ 88]LogMaterial: Missing cached shader map for material Mat_Fire, compiling. 
[2016.01.29-03.20.54:856][ 88]LogMaterial: Missing cached shader map for material Mat_Fire, compiling. 
[2016.01.29-03.20.54:859][ 88]LogMaterial: 0.000073 seconds spent updating 1 materials, 1 interfaces, 0 instances, 0 with static permutations.
[2016.01.29-03.20.55:859][159]MaterialEditorStats: Info Base pass shader without light map: 4 instructions
[2016.01.29-03.20.55:859][159]MaterialEditorStats: Info Vertex shader: 68 instructions
[2016.01.29-03.20.55:859][159]MaterialEditorStats: Info Texture samplers: 3/16
[2016.01.29-03.20.59:649][475]LogMaterial: Missing cached shader map for material Mat_Fire, compiling. 
[2016.01.29-03.20.59:654][475]LogMaterial: Missing cached shader map for material Mat_Fire, compiling. 
[2016.01.29-03.20.59:657][475]LogMaterial: 0.000043 seconds spent updating 1 materials, 1 interfaces, 0 instances, 0 with static permutations.
[2016.01.29-03.21.00:547][546]MaterialEditorStats: Info Base pass shader without light map: 4 instructions
[2016.01.29-03.21.00:547][546]MaterialEditorStats: Info Vertex shader: 68 instructions
[2016.01.29-03.21.00:547][546]MaterialEditorStats: Info Texture samplers: 3/16
[2016.01.29-03.21.03:034][762]LogMaterial: Missing cached shader map for material Mat_Fire, compiling. 
[2016.01.29-03.21.03:036][762]LogMaterial: 0.000113 seconds spent updating 1 materials, 1 interfaces, 0 instances, 0 with static permutations.
[2016.01.29-03.21.03:935][828]MaterialEditorStats: Info Base pass shader without light map: 4 instructions
[2016.01.29-03.21.03:935][828]MaterialEditorStats: Info Vertex shader: 68 instructions
[2016.01.29-03.21.03:935][828]MaterialEditorStats: Info Texture samplers: 3/16
[2016.01.29-03.21.04:520][888]LogMaterial: Missing cached shader map for material Mat_Fire, compiling. 
[2016.01.29-03.21.04:523][888]LogMaterial: 0.000085 seconds spent updating 1 materials, 1 interfaces, 0 instances, 0 with static permutations.
[2016.01.29-03.21.04:550][888]LogMaterial: Missing cached shader map for material FMatExpressionPreview MaterialExpressionTextureSample_1, compiling. 
[2016.01.29-03.21.05:518][957]MaterialEditorStats: Info Base pass shader without light map: 4 instructions
[2016.01.29-03.21.05:518][957]MaterialEditorStats: Info Vertex shader: 68 instructions
[2016.01.29-03.21.05:518][957]MaterialEditorStats: Info Texture samplers: 3/16
[2016.01.29-03.21.05:836][987]LogMaterial: Missing cached shader map for material Mat_Fire, compiling. 
[2016.01.29-03.21.05:838][987]LogMaterial: 0.000055 seconds spent updating 1 materials, 1 interfaces, 0 instances, 0 with static permutations.
[2016.01.29-03.21.06:803][ 56]MaterialEditorStats: Info Base pass shader without light map: 4 instructions
[2016.01.29-03.21.06:803][ 56]MaterialEditorStats: Info Vertex shader: 68 instructions
[2016.01.29-03.21.06:803][ 56]MaterialEditorStats: Info Texture samplers: 3/16
[2016.01.29-03.21.07:843][146]LogMaterial: Missing cached shader map for material Mat_Fire, compiling. 
[2016.01.29-03.21.07:852][146]LogMaterial: 0.000160 seconds spent updating 1 materials, 1 interfaces, 0 instances, 0 with static permutations.
[2016.01.29-03.21.08:847][222]MaterialEditorStats: Info Base pass shader without light map: 10 instructions
[2016.01.29-03.21.08:848][222]MaterialEditorStats: Info Vertex shader: 70 instructions
[2016.01.29-03.21.08:848][222]MaterialEditorStats: Info Texture samplers: 3/16
[2016.01.29-03.21.18:145][953]LogMaterial: Missing cached shader map for material Mat_Fire, compiling. 
[2016.01.29-03.21.18:155][953]LogMaterial: 0.000376 seconds spent updating 1 materials, 1 interfaces, 0 instances, 0 with static permutations.
[2016.01.29-03.21.19:093][ 31]MaterialEditorStats: Info Base pass shader without light map: 10 instructions
[2016.01.29-03.21.19:093][ 31]MaterialEditorStats: Info Vertex shader: 70 instructions
[2016.01.29-03.21.19:093][ 31]MaterialEditorStats: Info Texture samplers: 3/16
[2016.01.29-03.21.19:450][ 69]LogMaterial: Missing cached shader map for material Mat_Fire, compiling. 
[2016.01.29-03.21.19:452][ 69]LogMaterial: 0.000033 seconds spent updating 1 materials, 1 interfaces, 0 instances, 0 with static permutations.
[2016.01.29-03.21.20:351][142]MaterialEditorStats: Info Base pass shader without light map: 10 instructions
[2016.01.29-03.21.20:351][142]MaterialEditorStats: Info Vertex shader: 70 instructions
[2016.01.29-03.21.20:351][142]MaterialEditorStats: Info Texture samplers: 3/16
[2016.01.29-03.21.20:409][148]LogMaterial: Missing cached shader map for material Mat_Fire, compiling. 
[2016.01.29-03.21.20:412][148]LogMaterial: 0.000058 seconds spent updating 1 materials, 1 interfaces, 0 instances, 0 with static permutations.
[2016.01.29-03.21.20:435][148]LogMaterial: Missing cached shader map for material FMatExpressionPreview MaterialExpressionTextureSample_0, compiling. 
[2016.01.29-03.21.21:473][225]MaterialEditorStats: Info Base pass shader without light map: 10 instructions
[2016.01.29-03.21.21:473][225]MaterialEditorStats: Info Vertex shader: 70 instructions
[2016.01.29-03.21.21:473][225]MaterialEditorStats: Info Texture samplers: 3/16
[2016.01.29-03.21.50:734][562]LogMaterial: Missing cached shader map for material Mat_Fire, compiling. 
[2016.01.29-03.21.50:737][562]LogMaterial: 0.000064 seconds spent updating 1 materials, 1 interfaces, 0 instances, 0 with static permutations.
[2016.01.29-03.21.50:738][562]LogMaterial: Missing cached shader map for material FMatExpressionPreview MaterialExpressionDepthFade_0, compiling. 
[2016.01.29-03.21.52:062][669]MaterialEditorStats: Info Base pass shader without light map: 10 instructions
[2016.01.29-03.21.52:062][669]MaterialEditorStats: Info Vertex shader: 70 instructions
[2016.01.29-03.21.52:062][669]MaterialEditorStats: Info Texture samplers: 3/16
[2016.01.29-03.21.53:151][766]LogMaterial: Missing cached shader map for material Mat_Fire, compiling. 
[2016.01.29-03.21.53:154][766]LogMaterial: 0.000081 seconds spent updating 1 materials, 1 interfaces, 0 instances, 0 with static permutations.
[2016.01.29-03.21.53:180][766]LogMaterial: Missing cached shader map for material FMatExpressionPreview MaterialExpressionDepthFade_0, compiling. 
[2016.01.29-03.21.54:001][825]MaterialEditorStats: Info Base pass shader without light map: 10 instructions
[2016.01.29-03.21.54:001][825]MaterialEditorStats: Info Vertex shader: 70 instructions
[2016.01.29-03.21.54:001][825]MaterialEditorStats: Info Texture samplers: 3/16
[2016.01.29-03.21.57:447][114]LogMaterial: Missing cached shader map for material Mat_Fire, compiling. 
[2016.01.29-03.21.57:450][114]LogMaterial: 0.000073 seconds spent updating 1 materials, 1 interfaces, 0 instances, 0 with static permutations.
[2016.01.29-03.21.57:507][114]LogMaterial: Missing cached shader map for material FMatExpressionPreview MaterialExpressionDepthFade_0, compiling. 
[2016.01.29-03.21.58:364][184]MaterialEditorStats: Info Base pass shader without light map: 10 instructions
[2016.01.29-03.21.58:365][184]MaterialEditorStats: Info Vertex shader: 70 instructions
[2016.01.29-03.21.58:365][184]MaterialEditorStats: Info Texture samplers: 3/16
[2016.01.29-03.22.01:755][482]LogMaterial: Missing cached shader map for material Mat_Fire, compiling. 
[2016.01.29-03.22.01:757][482]LogMaterial: 0.000120 seconds spent updating 1 materials, 1 interfaces, 0 instances, 0 with static permutations.
[2016.01.29-03.22.02:698][551]MaterialEditorStats: Info Base pass shader without light map: 10 instructions
[2016.01.29-03.22.02:698][551]MaterialEditorStats: Info Vertex shader: 70 instructions
[2016.01.29-03.22.02:698][551]MaterialEditorStats: Info Texture samplers: 3/16
[2016.01.29-03.22.03:625][621]LogMaterial: Missing cached shader map for material Mat_Fire, compiling. 
[2016.01.29-03.22.03:628][621]LogMaterial: 0.000081 seconds spent updating 1 materials, 1 interfaces, 0 instances, 0 with static permutations.
[2016.01.29-03.22.03:652][621]LogMaterial: Missing cached shader map for material FMatExpressionPreview MaterialExpressionDepthFade_0, compiling. 
[2016.01.29-03.22.04:532][686]MaterialEditorStats: Info Base pass shader without light map: 10 instructions
[2016.01.29-03.22.04:532][686]MaterialEditorStats: Info Vertex shader: 70 instructions
[2016.01.29-03.22.04:532][686]MaterialEditorStats: Info Texture samplers: 3/16
[2016.01.29-03.22.04:826][710]LogMaterial: Missing cached shader map for material Mat_Fire, compiling. 
[2016.01.29-03.22.04:829][710]LogMaterial: 0.000048 seconds spent updating 1 materials, 1 interfaces, 0 instances, 0 with static permutations.
[2016.01.29-03.22.05:758][784]MaterialEditorStats: Info Base pass shader without light map: 23 instructions
[2016.01.29-03.22.05:758][784]MaterialEditorStats: Info Vertex shader: 70 instructions
[2016.01.29-03.22.05:758][784]MaterialEditorStats: Info Texture samplers: 3/16
[2016.01.29-03.22.08:961][ 48]LogMaterialEditor: Applying material Mat_Fire
[2016.01.29-03.22.09:278][ 48]LogMaterial: Missing cached shader map for material Mat_Fire, compiling. 
[2016.01.29-03.22.09:283][ 48]LogMaterial: 0.000060 seconds spent updating 1 materials, 1 interfaces, 0 instances, 0 with static permutations.
[2016.01.29-03.22.09:306][ 48]LogMaterial: Missing cached shader map for material Mat_Fire, compiling. 
[2016.01.29-03.22.09:365][ 48]LogMaterial: Missing cached shader map for material Mat_Fire, compiling. 
[2016.01.29-03.22.09:371][ 48]LogMaterial: 0.001088 seconds spent updating 1 materials, 1 interfaces, 0 instances, 0 with static permutations.
[2016.01.29-03.22.09:993][ 86]LogMaterialEditor: Saving and Compiling material Mat_Fire
[2016.01.29-03.22.11:604][ 86]LogSavePackage: Save=12.830792ms
[2016.01.29-03.22.11:604][ 86]LogSavePackage: Moving 'E:/Unreal Work Space/ExampleCollection10/Saved/Mat_Fire591ABE494B08D26EDB557A911BDD35AB.tmp' to 'E:/Unreal Work Space/ExampleCollection10/Content/My/ExampleCollection/MatCollection/Environment/Fire/Mat_Fire/Mat_Fire.uasset'
[2016.01.29-03.22.11:605][ 86]LogSavePackage: Total save time: 17.169092ms
[2016.01.29-03.22.11:605][ 86]LogSavePackage:Display: Finished SavePackage E:/Unreal Work Space/ExampleCollection10/Content/My/ExampleCollection/MatCollection/Environment/Fire/Mat_Fire/Mat_Fire.uasset
[2016.01.29-03.22.11:610][ 86]MaterialEditorStats: Info Base pass shader without light map: 39 instructions
[2016.01.29-03.22.11:610][ 86]MaterialEditorStats: Info Vertex shader: 70 instructions
[2016.01.29-03.22.11:610][ 86]MaterialEditorStats: Info Texture samplers: 7/16
[2016.01.29-03.22.13:315][216]Cmd: OBJ SAVEPACKAGE PACKAGE="/Game/My/TestMap/MatTestMap" FILE="E:/Unreal Work Space/ExampleCollection10/Content/My/TestMap/MatTestMap.umap" SILENT=true AUTOSAVING=false KEEPDIRTY=false
[2016.01.29-03.22.13:578][216]LogSavePackage: Save=197.351868ms
[2016.01.29-03.22.13:578][216]LogSavePackage: Moving 'E:/Unreal Work Space/ExampleCollection10/Saved/MatTestMap52854DC74F35DD25CEA328BE96C7BE83.tmp' to 'E:/Unreal Work Space/ExampleCollection10/Content/My/TestMap/MatTestMap.umap'
[2016.01.29-03.22.13:579][216]LogSavePackage: Total save time: 253.200963ms
[2016.01.29-03.22.13:579][216]LogSavePackage:Display: Finished SavePackage E:/Unreal Work Space/ExampleCollection10/Content/My/TestMap/MatTestMap.umap
[2016.01.29-03.22.13:608][216]LogFileHelpers: Saving map 'MatTestMap' took 0.351
[2016.01.29-03.22.13:706][216]LogSavePackage: Save=81.596970ms
[2016.01.29-03.22.13:706][216]LogSavePackage: Moving 'E:/Unreal Work Space/ExampleCollection10/Saved/T_FireSubUV_11X11_32077AC2E24690F3F130D89A8C38D9C3AA.tmp' to 'E:/Unreal Work Space/ExampleCollection10/Content/My/ExampleCollection/MatCollection/Environment/Fire/Mat_Fire/T_FireSubUV_11X11_32.uasset'
[2016.01.29-03.22.13:708][216]LogSavePackage: Total save time: 83.291426ms
[2016.01.29-03.22.13:708][216]LogSavePackage:Display: Finished SavePackage E:/Unreal Work Space/ExampleCollection10/Content/My/ExampleCollection/MatCollection/Environment/Fire/Mat_Fire/T_FireSubUV_11X11_32.uasset
[2016.01.29-03.22.13:815][216]LogSavePackage: Save=91.036919ms
[2016.01.29-03.22.13:815][216]LogSavePackage: Moving 'E:/Unreal Work Space/ExampleCollection10/Saved/T_TilingNoise16A6771016439FDD8DBE388F887345EEB4.tmp' to 'E:/Unreal Work Space/ExampleCollection10/Content/My/ExampleCollection/MatCollection/Environment/Fire/Mat_Fire/T_TilingNoise16.uasset'
[2016.01.29-03.22.13:816][216]LogSavePackage: Total save time: 92.735227ms
[2016.01.29-03.22.13:816][216]LogSavePackage:Display: Finished SavePackage E:/Unreal Work Space/ExampleCollection10/Content/My/ExampleCollection/MatCollection/Environment/Fire/Mat_Fire/T_TilingNoise16.uasset
[2016.01.29-03.22.28:255][328]LogContentBrowser: Native class hierarchy updated for 'Cascade' in 0.0004 seconds. Added 2 classes and 2 folders.
[2016.01.29-03.23.07:372][892]LogCascade: Non-seeded module ParticleModuleColorOverLife
[2016.01.29-03.24.29:426][576]LogEditorViewport: Clicking on Actor (LMB): StaticMeshActor (Floor)
[2016.01.29-03.25.15:955][724]LogEditorViewport: Clicking on Actor (LMB): Emitter (P_Fire)
[2016.01.29-03.25.16:795][799]LogEditorViewport: Clicking on Actor (LMB): StaticMeshActor (Floor)
[2016.01.29-03.25.20:176][ 84]LogEditorViewport: Clicking on Actor (LMB): Emitter (P_Fire)
[2016.01.29-03.26.28:878][532]LogEditorViewport: Clicking on Actor (LMB): StaticMeshActor (Floor)
[2016.01.29-03.26.42:689][782]LogEditorViewport: Clicking on Actor (LMB): StaticMeshActor (Floor)
[2016.01.29-03.26.49:289][390]LogEditorViewport: Clicking on Actor (LMB): StaticMeshActor (Floor)
[2016.01.29-03.26.50:270][467]LogEditorViewport: Clicking on Actor (LMB): Emitter (P_Fire)
[2016.01.29-03.26.50:555][490]LogEditorViewport: Clicking on Actor (LMB): StaticMeshActor (Floor)
[2016.01.29-03.27.08:871][146]Cmd: OBJ SAVEPACKAGE PACKAGE="/Game/My/TestMap/MatTestMap" FILE="E:/Unreal Work Space/ExampleCollection10/Content/My/TestMap/MatTestMap.umap" SILENT=true AUTOSAVING=false KEEPDIRTY=false
[2016.01.29-03.27.09:073][146]LogSavePackage: Save=169.674118ms
[2016.01.29-03.27.09:073][146]LogSavePackage: Moving 'E:/Unreal Work Space/ExampleCollection10/Saved/MatTestMap519CA73B46C7FAD15207D4A28BABD54A.tmp' to 'E:/Unreal Work Space/ExampleCollection10/Content/My/TestMap/MatTestMap.umap'
[2016.01.29-03.27.09:075][146]LogSavePackage: Total save time: 191.871736ms
[2016.01.29-03.27.09:075][146]LogSavePackage:Display: Finished SavePackage E:/Unreal Work Space/ExampleCollection10/Content/My/TestMap/MatTestMap.umap
[2016.01.29-03.27.09:104][146]LogFileHelpers: Saving map 'MatTestMap' took 0.292
[2016.01.29-03.27.09:123][146]LogSavePackage: Save=7.759288ms
[2016.01.29-03.27.09:123][146]LogSavePackage: Moving 'E:/Unreal Work Space/ExampleCollection10/Saved/P_Fire2F40C6C7419D55CAC61BFFB746DD0A39.tmp' to 'E:/Unreal Work Space/ExampleCollection10/Content/My/ExampleCollection/MatCollection/Environment/Fire/P_Fire.uasset'
[2016.01.29-03.27.09:125][146]LogSavePackage: Total save time: 9.377088ms
[2016.01.29-03.27.09:125][146]LogSavePackage:Display: Finished SavePackage E:/Unreal Work Space/ExampleCollection10/Content/My/ExampleCollection/MatCollection/Environment/Fire/P_Fire.uasset
[2016.01.29-03.27.10:843][302]LogEditorViewport: Clicking on Actor (LMB): StaticMeshActor (Floor)
[2016.01.29-03.27.29:852][  3]LogSavePackage: Save=7.190940ms
[2016.01.29-03.27.29:852][  3]LogSavePackage: Moving 'E:/Unreal Work Space/ExampleCollection10/Saved/P_Fire91A22CD34722B97E996914A48DC23B19.tmp' to 'E:/Unreal Work Space/ExampleCollection10/Content/My/ExampleCollection/MatCollection/Environment/Fire/P_Fire.uasset'
[2016.01.29-03.27.29:854][  3]LogSavePackage: Total save time: 31.801466ms
[2016.01.29-03.27.29:854][  3]LogSavePackage:Display: Finished SavePackage E:/Unreal Work Space/ExampleCollection10/Content/My/ExampleCollection/MatCollection/Environment/Fire/P_Fire.uasset
[2016.01.29-03.28.48:458][400]LogSavePackage: Save=7.923505ms
[2016.01.29-03.28.48:458][400]LogSavePackage: Moving 'E:/Unreal Work Space/ExampleCollection10/Saved/P_FireA559A49C43A7379709452DAFCA6AFC97.tmp' to 'E:/Unreal Work Space/ExampleCollection10/Content/My/ExampleCollection/MatCollection/Environment/Fire/P_Fire.uasset'
[2016.01.29-03.28.48:460][400]LogSavePackage: Total save time: 30.875500ms
[2016.01.29-03.28.48:460][400]LogSavePackage:Display: Finished SavePackage E:/Unreal Work Space/ExampleCollection10/Content/My/ExampleCollection/MatCollection/Environment/Fire/P_Fire.uasset
[2016.01.29-03.29.01:058][433]LogMaterialEditor: Saving and Compiling material Mat_Fire
[2016.01.29-03.29.01:116][433]LogSavePackage: Save=5.627985ms
[2016.01.29-03.29.01:116][433]LogSavePackage: Moving 'E:/Unreal Work Space/ExampleCollection10/Saved/Mat_Fire3D3D0F1643BCC83AACC439AB7C6306D9.tmp' to 'E:/Unreal Work Space/ExampleCollection10/Content/My/ExampleCollection/MatCollection/Environment/Fire/Mat_Fire/Mat_Fire.uasset'
[2016.01.29-03.29.01:117][433]LogSavePackage: Total save time: 30.478425ms
[2016.01.29-03.29.01:117][433]LogSavePackage:Display: Finished SavePackage E:/Unreal Work Space/ExampleCollection10/Content/My/ExampleCollection/MatCollection/Environment/Fire/Mat_Fire/Mat_Fire.uasset
[2016.01.29-03.29.36:529][622]LogSavePackage: Save=14.649055ms
[2016.01.29-03.29.36:529][622]LogSavePackage: Moving 'E:/Unreal Work Space/ExampleCollection10/Saved/P_FireD28797E3436AD6C803A3EEB7E3E559C1.tmp' to 'E:/Unreal Work Space/ExampleCollection10/Content/My/ExampleCollection/MatCollection/Environment/Fire/P_Fire.uasset'
[2016.01.29-03.29.36:531][622]LogSavePackage: Total save time: 69.265243ms
[2016.01.29-03.29.36:531][622]LogSavePackage:Display: Finished SavePackage E:/Unreal Work Space/ExampleCollection10/Content/My/ExampleCollection/MatCollection/Environment/Fire/P_Fire.uasset
[2016.01.29-03.30.33:891][467]LogCascade: Quitting Cascade. FXSystem=0x00000000421FD300
[2016.01.29-03.30.35:590][650]LogParticles: Destroying 0 GPU particle simulations for FXSystem 0x00000000421FD300
[2016.01.29-03.30.35:591][650]LogParticles: Destroying 0 GPU particle simulations for FXSystem 0x0000000012E3F7E0
[2016.01.29-03.30.35:868][651]Cmd: QUIT_EDITOR
[2016.01.29-03.30.36:003][651]LogExit: Preparing to exit.
[2016.01.29-03.30.37:099][651]LogExit: Editor shut down
[2016.01.29-03.30.37:100][651]LogExit: Transaction tracking system shut down
[2016.01.29-03.30.37:104][651]LogParticles: Destroying 0 GPU particle simulations for FXSystem 0x00000000282DB420
[2016.01.29-03.30.37:104][651]LogParticles: Destroying 0 GPU particle simulations for FXSystem 0x00000000349AF880
[2016.01.29-03.30.37:104][651]LogParticles: Destroying 0 GPU particle simulations for FXSystem 0x000000001F1FEC00
[2016.01.29-03.30.37:105][651]LogParticles: Destroying 0 GPU particle simulations for FXSystem 0x000000001F1FC900
[2016.01.29-03.30.37:268][651]LogParticles: Destroying 0 GPU particle simulations for FXSystem 0x000000001F1FCAE0
[2016.01.29-03.30.37:268][651]LogExit: Object subsystem successfully closed.
[2016.01.29-03.30.37:281][651]LogD3D11RHI: Shutdown
[2016.01.29-03.30.37:281][651]LogD3D11RHI: CleanupD3DDevice
[2016.01.29-03.30.37:353][651]LogD3D11RHI: ~FD3D11DynamicRHI
[2016.01.29-03.30.37:364][651]LogModuleManager: Shutting down and abandoning module DistCurveEditor (203)
[2016.01.29-03.30.37:364][651]LogModuleManager: Shutting down and abandoning module Cascade (202)
[2016.01.29-03.30.37:364][651]LogModuleManager: Shutting down and abandoning module CookingStats (201)
[2016.01.29-03.30.37:364][651]LogModuleManager: Shutting down and abandoning module TextureEditor (200)
[2016.01.29-03.30.37:364][651]LogModuleManager: Shutting down and abandoning module MaterialEditor (199)
[2016.01.29-03.30.37:364][651]LogModuleManager: Shutting down and abandoning module CrashTracker (198)
[2016.01.29-03.30.37:364][651]LogModuleManager: Shutting down and abandoning module SceneOutliner (197)
[2016.01.29-03.30.37:364][651]LogModuleManager: Shutting down and abandoning module SuperSearch (196)
[2016.01.29-03.30.37:364][651]LogModuleManager: Shutting down and abandoning module WidgetCarousel (195)
[2016.01.29-03.30.37:364][651]LogModuleManager: Shutting down and abandoning module AddContentDialog (194)
[2016.01.29-03.30.37:365][651]LogModuleManager: Shutting down and abandoning module EditorWidgets (193)
[2016.01.29-03.30.37:365][651]LogModuleManager: Shutting down and abandoning module CollectionManager (192)
[2016.01.29-03.30.37:365][651]LogModuleManager: Shutting down and abandoning module StatsViewer (191)
[2016.01.29-03.30.37:365][651]LogModuleManager: Shutting down and abandoning module FoliageEdit (190)
[2016.01.29-03.30.37:365][651]LogModuleManager: Shutting down and abandoning module LandscapeEditor (189)
[2016.01.29-03.30.37:365][651]LogModuleManager: Shutting down and abandoning module ActorPickerMode (188)
[2016.01.29-03.30.37:365][651]LogModuleManager: Shutting down and abandoning module GeometryMode (187)
[2016.01.29-03.30.37:365][651]LogModuleManager: Shutting down and abandoning module TextureAlignMode (186)
[2016.01.29-03.30.37:365][651]LogModuleManager: Shutting down and abandoning module BspMode (185)
[2016.01.29-03.30.37:365][651]LogModuleManager: Shutting down and abandoning module PlacementMode (184)
[2016.01.29-03.30.37:365][651]LogModuleManager: Shutting down and abandoning module AutomationWorker (183)
[2016.01.29-03.30.37:365][651]LogModuleManager: Shutting down and abandoning module CharacterAI (182)
[2016.01.29-03.30.37:365][651]LogModuleManager: Shutting down and abandoning module SmartSnapping (181)
[2016.01.29-03.30.37:365][651]LogModuleManager: Shutting down and abandoning module ViewportSnapping (180)
[2016.01.29-03.30.37:365][651]LogModuleManager: Shutting down and abandoning module LogVisualizer (179)
[2016.01.29-03.30.37:365][651]LogModuleManager: Shutting down and abandoning module GameProjectGeneration (178)
[2016.01.29-03.30.37:365][651]LogModuleManager: Shutting down and abandoning module IntroTutorials (177)
[2016.01.29-03.30.37:365][651]LogModuleManager: Shutting down and abandoning module EditorLiveStreaming (176)
[2016.01.29-03.30.37:365][651]LogModuleManager: Shutting down and abandoning module IOSPlatformEditor (175)
[2016.01.29-03.30.37:365][651]LogModuleManager: Shutting down and abandoning module HTML5PlatformEditor (174)
[2016.01.29-03.30.37:365][651]LogModuleManager: Shutting down and abandoning module AndroidDeviceDetection (173)
[2016.01.29-03.30.37:938][651]LogModuleManager: Shutting down and abandoning module AndroidPlatformEditor (172)
[2016.01.29-03.30.37:938][651]LogModuleManager: Shutting down and abandoning module IOSRuntimeSettings (171)
[2016.01.29-03.30.37:938][651]LogModuleManager: Shutting down and abandoning module AndroidRuntimeSettings (170)
[2016.01.29-03.30.37:938][651]LogModuleManager: Shutting down and abandoning module MergeActors (169)
[2016.01.29-03.30.37:938][651]LogModuleManager: Shutting down and abandoning module SizeMap (168)
[2016.01.29-03.30.37:938][651]LogModuleManager: Shutting down and abandoning module TreeMap (167)
[2016.01.29-03.30.37:938][651]LogModuleManager: Shutting down and abandoning module ReferenceViewer (166)
[2016.01.29-03.30.37:938][651]LogModuleManager: Shutting down and abandoning module LocalizationService (165)
[2016.01.29-03.30.37:938][651]LogModuleManager: Shutting down and abandoning module LocalizationDashboard (164)
[2016.01.29-03.30.37:938][651]LogModuleManager: Shutting down and abandoning module HardwareTargeting (163)
[2016.01.29-03.30.37:938][651]LogModuleManager: Shutting down and abandoning module DeviceProfileEditor (162)
[2016.01.29-03.30.37:938][651]LogModuleManager: Shutting down and abandoning module UndoHistory (161)
[2016.01.29-03.30.37:938][651]LogModuleManager: Shutting down and abandoning module GameplayTagsEditor (160)
[2016.01.29-03.30.37:938][651]LogModuleManager: Shutting down and abandoning module UserFeedback (159)
[2016.01.29-03.30.37:938][651]LogModuleManager: Shutting down and abandoning module XmlParser (158)
[2016.01.29-03.30.37:938][651]LogModuleManager: Shutting down and abandoning module Blutility (157)
[2016.01.29-03.30.37:938][651]LogModuleManager: Shutting down and abandoning module ProjectTargetPlatformEditor (156)
[2016.01.29-03.30.37:939][651]LogModuleManager: Shutting down and abandoning module ProjectSettingsViewer (155)
[2016.01.29-03.30.37:939][651]LogModuleManager: Shutting down and abandoning module InputBindingEditor (154)
[2016.01.29-03.30.37:939][651]LogModuleManager: Shutting down and abandoning module EditorSettingsViewer (153)
[2016.01.29-03.30.37:939][651]LogModuleManager: Shutting down and abandoning module SettingsEditor (152)
[2016.01.29-03.30.37:939][651]LogModuleManager: Shutting down and abandoning module ProjectLauncher (151)
[2016.01.29-03.30.37:940][651]LogModuleManager: Shutting down and abandoning module SessionFrontend (150)
[2016.01.29-03.30.37:940][651]LogModuleManager: Shutting down and abandoning module ProfilerClient (149)
[2016.01.29-03.30.37:940][651]LogModuleManager: Shutting down and abandoning module TargetDeviceServices (148)
[2016.01.29-03.30.37:940][651]LogModuleManager: Shutting down and abandoning module DeviceManager (147)
[2016.01.29-03.30.37:940][651]LogModuleManager: Shutting down and abandoning module AutomationController (146)
[2016.01.29-03.30.37:940][651]LogModuleManager: Shutting down and abandoning module AutomationWindow (145)
[2016.01.29-03.30.37:940][651]LogModuleManager: Shutting down and abandoning module Layers (144)
[2016.01.29-03.30.37:940][651]LogModuleManager: Shutting down and abandoning module ComponentVisualizers (143)
[2016.01.29-03.30.37:940][651]LogModuleManager: Shutting down and abandoning module DetailCustomizations (142)
[2016.01.29-03.30.37:940][651]LogModuleManager: Shutting down and abandoning module PackagesDialog (141)
[2016.01.29-03.30.37:940][651]LogModuleManager: Shutting down and abandoning module Persona (140)
[2016.01.29-03.30.37:941][651]LogModuleManager: Shutting down and abandoning module Kismet (139)
[2016.01.29-03.30.37:941][651]LogModuleManager: Shutting down and abandoning module GraphEditor (138)
[2016.01.29-03.30.37:941][651]LogModuleManager: Shutting down and abandoning module ClassViewer (137)
[2016.01.29-03.30.37:944][651]LogModuleManager: Shutting down and abandoning module Toolbox (136)
[2016.01.29-03.30.37:944][651]LogModuleManager: Shutting down and abandoning module ModuleUI (135)
[2016.01.29-03.30.37:944][651]LogModuleManager: Shutting down and abandoning module MovieSceneTools (134)
[2016.01.29-03.30.37:944][651]LogModuleManager: Shutting down and abandoning module OutputLog (133)
[2016.01.29-03.30.37:944][651]LogModuleManager: Shutting down and abandoning module GammaUI (132)
[2016.01.29-03.30.37:944][651]LogModuleManager: Shutting down and abandoning module Documentation (131)
[2016.01.29-03.30.37:944][651]LogModuleManager: Shutting down and abandoning module GameLiveStreaming (130)
[2016.01.29-03.30.37:944][651]LogModuleManager: Shutting down and abandoning module StreamingPauseRendering (129)
[2016.01.29-03.30.37:944][651]LogModuleManager: Shutting down and abandoning module AnalyticsET (128)
[2016.01.29-03.30.37:944][651]LogModuleManager: Shutting down and abandoning module Analytics (127)
[2016.01.29-03.30.37:945][651]LogModuleManager: Shutting down and abandoning module AITestSuite (126)
[2016.01.29-03.30.37:945][651]LogModuleManager: Shutting down and abandoning module GameplayDebugger (125)
[2016.01.29-03.30.37:945][651]LogModuleManager: Shutting down and abandoning module AIModule (124)
[2016.01.29-03.30.37:945][651]LogModuleManager: Shutting down and abandoning module ProfilerService (123)
[2016.01.29-03.30.37:998][651]LogModuleManager: Shutting down and abandoning module TaskGraph (122)
[2016.01.29-03.30.37:999][651]LogModuleManager: Shutting down and abandoning module SlateRemote (121)
[2016.01.29-03.30.37:999][651]LogModuleManager: Shutting down and abandoning module SteamVRController (120)
[2016.01.29-03.30.37:999][651]LogModuleManager: Shutting down and abandoning module SteamVR (119)
[2016.01.29-03.30.37:999][651]LogModuleManager: Shutting down and abandoning module ProceduralMeshComponent (118)
[2016.01.29-03.30.37:999][651]LogModuleManager: Shutting down and abandoning module OculusLibrary (117)
[2016.01.29-03.30.37:999][651]LogModuleManager: Shutting down and abandoning module OculusInput (116)
[2016.01.29-03.30.37:999][651]LogModuleManager: Shutting down and abandoning module LeapMotionController (115)
[2016.01.29-03.30.38:023][651]LogModuleManager: Shutting down and abandoning module CustomMeshComponent (114)
[2016.01.29-03.30.38:023][651]LogModuleManager: Shutting down and abandoning module CableComponent (113)
[2016.01.29-03.30.38:023][651]LogModuleManager: Shutting down and abandoning module ArchVisCharacter (112)
[2016.01.29-03.30.38:023][651]LogModuleManager: Shutting down and abandoning module MessagingDebugger (111)
[2016.01.29-03.30.38:024][651]LogModuleManager: Shutting down and abandoning module MediaPlayerEditor (110)
[2016.01.29-03.30.38:024][651]LogModuleManager: Shutting down and abandoning module HTML5Networking (109)
[2016.01.29-03.30.38:024][651]LogModuleManager: Shutting down and abandoning module SpeedTreeImporter (108)
[2016.01.29-03.30.38:024][651]LogModuleManager: Shutting down and abandoning module PluginBrowser (107)
[2016.01.29-03.30.38:024][651]LogModuleManager: Shutting down and abandoning module EpicSurvey (106)
[2016.01.29-03.30.38:024][651]LogModuleManager: Shutting down and abandoning module DesktopPlatform (105)
[2016.01.29-03.30.38:024][651]LogModuleManager: Shutting down and abandoning module VisualStudioSourceCodeAccess (104)
[2016.01.29-03.30.38:024][651]LogModuleManager: Shutting down and abandoning module UObjectPlugin (103)
[2016.01.29-03.30.38:024][651]LogModuleManager: Shutting down and abandoning module SubversionSourceControl (102)
[2016.01.29-03.30.38:024][651]LogModuleManager: Shutting down and abandoning module PerforceSourceControl (101)
[2016.01.29-03.30.38:024][651]LogModuleManager: Shutting down and abandoning module SourceControl (100)
[2016.01.29-03.30.38:024][651]LogModuleManager: Shutting down and abandoning module GitSourceControl (99)
[2016.01.29-03.30.38:024][651]LogModuleManager: Shutting down and abandoning module LightPropagationVolumeEditor (98)
[2016.01.29-03.30.38:024][651]LogModuleManager: Shutting down and abandoning module PaperTiledImporter (97)
[2016.01.29-03.30.38:025][651]LogModuleManager: Shutting down and abandoning module PaperSpriteSheetImporter (96)
[2016.01.29-03.30.38:025][651]LogModuleManager: Shutting down and abandoning module MeshPaint (95)
[2016.01.29-03.30.38:025][651]LogModuleManager: Shutting down and abandoning module SlateReflector (94)
[2016.01.29-03.30.38:025][651]LogModuleManager: Shutting down and abandoning module HotReload (93)
[2016.01.29-03.30.38:025][651]LogModuleManager: Shutting down and abandoning module MainFrame (92)
[2016.01.29-03.30.38:025][651]LogModuleManager: Shutting down and abandoning module LevelEditor (91)
[2016.01.29-03.30.38:027][651]LogModuleManager: Shutting down and abandoning module DirectoryWatcher (90)
[2016.01.29-03.30.38:028][651]LogModuleManager: Shutting down and abandoning module AssetRegistry (89)
[2016.01.29-03.30.38:161][651]LogModuleManager: Shutting down and abandoning module ContentBrowser (88)
[2016.01.29-03.30.38:162][651]LogModuleManager: Shutting down and abandoning module Paper2DEditor (87)
[2016.01.29-03.30.38:162][651]LogModuleManager: Shutting down and abandoning module UdpMessaging (86)
[2016.01.29-03.30.38:262][651]LogModuleManager: Shutting down and abandoning module LightPropagationVolumeRuntime (85)
[2016.01.29-03.30.38:262][651]LogModuleManager: Shutting down and abandoning module Paper2D (84)
[2016.01.29-03.30.38:262][651]LogModuleManager: Shutting down and abandoning module WindowsMoviePlayer (83)
[2016.01.29-03.30.38:273][651]LogModuleManager: Shutting down and abandoning module Media (82)
[2016.01.29-03.30.38:273][651]LogModuleManager: Shutting down and abandoning module WmfMedia (81)
[2016.01.29-03.30.38:274][651]LogModuleManager: Shutting down and abandoning module OnlineBlueprintSupport (80)
[2016.01.29-03.30.38:274][651]LogModuleManager: Shutting down and abandoning module GameplayTasksEditor (79)
[2016.01.29-03.30.38:274][651]LogModuleManager: Shutting down and abandoning module PropertyEditor (78)
[2016.01.29-03.30.38:274][651]LogModuleManager: Shutting down and abandoning module BehaviorTreeEditor (77)
[2016.01.29-03.30.38:274][651]LogModuleManager: Shutting down and abandoning module FunctionalTesting (76)
[2016.01.29-03.30.38:274][651]LogModuleManager: Shutting down and abandoning module CollisionAnalyzer (75)
[2016.01.29-03.30.38:275][651]LogModuleManager: Shutting down and abandoning module WorkspaceMenuStructure (74)
[2016.01.29-03.30.38:275][651]LogModuleManager: Shutting down and abandoning module MessageLog (73)
[2016.01.29-03.30.38:275][651]LogModuleManager: Shutting down and abandoning module Sequencer (72)
[2016.01.29-03.30.38:275][651]LogModuleManager: Shutting down and abandoning module AssetTools (71)
[2016.01.29-03.30.38:275][651]LogModuleManager: Shutting down and abandoning module UMGEditor (70)
[2016.01.29-03.30.38:275][651]LogModuleManager: Shutting down and abandoning module UMG (69)
[2016.01.29-03.30.38:275][651]LogModuleManager: Shutting down and abandoning module Slate (68)
[2016.01.29-03.30.38:275][651]LogModuleManager: Shutting down and abandoning module EditorStyle (67)
[2016.01.29-03.30.38:281][651]LogModuleManager: Shutting down and abandoning module SessionServices (66)
[2016.01.29-03.30.38:281][651]LogModuleManager: Shutting down and abandoning module SourceCodeAccess (65)
[2016.01.29-03.30.38:281][651]LogModuleManager: Shutting down and abandoning module HeadMountedDisplay (64)
[2016.01.29-03.30.38:281][651]LogModuleManager: Shutting down and abandoning module XAudio2 (63)
[2016.01.29-03.30.38:281][651]LogModuleManager: Shutting down and abandoning module Networking (61)
[2016.01.29-03.30.38:281][651]LogModuleManager: Shutting down and abandoning module Core (60)
[2016.01.29-03.30.38:281][651]LogModuleManager: Shutting down and abandoning module KismetCompiler (59)
[2016.01.29-03.30.38:281][651]LogModuleManager: Shutting down and abandoning module PhysXFormats (58)
[2016.01.29-03.30.38:281][651]LogModuleManager: Shutting down and abandoning module MeshUtilities (57)
[2016.01.29-03.30.38:281][651]LogModuleManager: Shutting down and abandoning module DerivedDataCache (56)
[2016.01.29-03.30.38:342][651]LogDerivedDataCache: Shutdown
[2016.01.29-03.30.38:342][651]LogModuleManager: Shutting down and abandoning module ShaderFormatOpenGL (55)
[2016.01.29-03.30.38:342][651]LogModuleManager: Shutting down and abandoning module ShaderFormatD3D (54)
[2016.01.29-03.30.38:342][651]LogModuleManager: Shutting down and abandoning module MetalShaderFormat (53)
[2016.01.29-03.30.38:342][651]LogModuleManager: Shutting down and abandoning module TextureFormatUncompressed (52)
[2016.01.29-03.30.38:342][651]LogModuleManager: Shutting down and abandoning module TextureFormatPVR (51)
[2016.01.29-03.30.38:342][651]LogModuleManager: Shutting down and abandoning module TextureFormatIntelISPCTexComp (50)
[2016.01.29-03.30.38:342][651]LogModuleManager: Shutting down and abandoning module TextureFormatDXT (49)
[2016.01.29-03.30.38:342][651]LogModuleManager: Shutting down and abandoning module ImageWrapper (48)
[2016.01.29-03.30.38:342][651]LogModuleManager: Shutting down and abandoning module TextureFormatASTC (47)
[2016.01.29-03.30.38:342][651]LogModuleManager: Shutting down and abandoning module TextureFormatAndroid (46)
[2016.01.29-03.30.38:342][651]LogModuleManager: Shutting down and abandoning module AudioFormatOpus (45)
[2016.01.29-03.30.38:342][651]LogModuleManager: Shutting down and abandoning module AudioFormatOgg (44)
[2016.01.29-03.30.38:342][651]LogModuleManager: Shutting down and abandoning module AudioFormatADPCM (43)
[2016.01.29-03.30.38:342][651]LogModuleManager: Shutting down and abandoning module LinuxTargetPlatform (42)
[2016.01.29-03.30.38:342][651]LogModuleManager: Shutting down and abandoning module LinuxServerTargetPlatform (41)
[2016.01.29-03.30.38:342][651]LogModuleManager: Shutting down and abandoning module LinuxNoEditorTargetPlatform (40)
[2016.01.29-03.30.38:342][651]LogModuleManager: Shutting down and abandoning module Messaging (39)
[2016.01.29-03.30.38:342][651]LogModuleManager: Shutting down and abandoning module IOSTargetPlatform (38)
[2016.01.29-03.30.38:342][651]LogModuleManager: Shutting down and abandoning module HTML5TargetPlatform (37)
[2016.01.29-03.30.38:342][651]LogModuleManager: Shutting down and abandoning module Android_PVRTCTargetPlatform (36)
[2016.01.29-03.30.38:342][651]LogModuleManager: Shutting down and abandoning module Android_MultiTargetPlatform (35)
[2016.01.29-03.30.38:342][651]LogModuleManager: Shutting down and abandoning module Android_ETC2TargetPlatform (34)
[2016.01.29-03.30.38:342][651]LogModuleManager: Shutting down and abandoning module Android_ETC1TargetPlatform (33)
[2016.01.29-03.30.38:343][651]LogModuleManager: Shutting down and abandoning module Android_DXTTargetPlatform (32)
[2016.01.29-03.30.38:343][651]LogModuleManager: Shutting down and abandoning module Android_ATCTargetPlatform (31)
[2016.01.29-03.30.38:343][651]LogModuleManager: Shutting down and abandoning module Android_ASTCTargetPlatform (30)
[2016.01.29-03.30.38:343][651]LogModuleManager: Shutting down and abandoning module AndroidTargetPlatform (29)
[2016.01.29-03.30.38:343][651]LogModuleManager: Shutting down and abandoning module WindowsTargetPlatform (28)
[2016.01.29-03.30.38:343][651]LogModuleManager: Shutting down and abandoning module WindowsServerTargetPlatform (27)
[2016.01.29-03.30.38:343][651]LogModuleManager: Shutting down and abandoning module WindowsNoEditorTargetPlatform (26)
[2016.01.29-03.30.38:343][651]LogModuleManager: Shutting down and abandoning module WindowsClientTargetPlatform (25)
[2016.01.29-03.30.38:343][651]LogModuleManager: Shutting down and abandoning module AllDesktopTargetPlatform (24)
[2016.01.29-03.30.38:343][651]LogModuleManager: Shutting down and abandoning module TargetPlatform (23)
[2016.01.29-03.30.38:343][651]LogModuleManager: Shutting down and abandoning module InputCore (22)
[2016.01.29-03.30.38:343][651]LogModuleManager: Shutting down and abandoning module Settings (21)
[2016.01.29-03.30.38:343][651]LogModuleManager: Shutting down and abandoning module OnlineSubsystem (19)
[2016.01.29-03.30.38:343][651]LogModuleManager: Shutting down and abandoning module HTTP (18)
[2016.01.29-03.30.41:344][651]LogModuleManager: Shutting down and abandoning module XMPP (17)
[2016.01.29-03.30.41:344][651]LogModuleManager: Shutting down and abandoning module OculusRift (16)
[2016.01.29-03.30.41:344][651]LogModuleManager: Shutting down and abandoning module ExampleDeviceProfileSelector (15)
[2016.01.29-03.30.41:344][651]LogModuleManager: Shutting down and abandoning module TextureCompressor (14)
[2016.01.29-03.30.41:344][651]LogModuleManager: Shutting down and abandoning module ShaderCore (13)
[2016.01.29-03.30.41:344][651]LogModuleManager: Shutting down and abandoning module Landscape (12)
[2016.01.29-03.30.41:344][651]LogModuleManager: Shutting down and abandoning module SlateRHIRenderer (11)
[2016.01.29-03.30.41:350][651]LogModuleManager: Shutting down and abandoning module OpenGLDrv (10)
[2016.01.29-03.30.41:350][651]LogModuleManager: Shutting down and abandoning module D3D11RHI (9)
[2016.01.29-03.30.41:350][651]LogModuleManager: Shutting down and abandoning module AnimGraphRuntime (8)
[2016.01.29-03.30.41:350][651]LogModuleManager: Shutting down and abandoning module Renderer (7)
[2016.01.29-03.30.41:350][651]LogModuleManager: Shutting down and abandoning module Engine (6)
[2016.01.29-03.30.41:350][651]LogModuleManager: Shutting down and abandoning module CoreUObject (5)
[2016.01.29-03.30.41:350][651]LogModuleManager: Shutting down and abandoning module NetworkFile (4)
[2016.01.29-03.30.41:350][651]LogModuleManager: Shutting down and abandoning module StreamingFile (3)
[2016.01.29-03.30.41:350][651]LogModuleManager: Shutting down and abandoning module SandboxFile (2)
[2016.01.29-03.30.41:350][651]LogModuleManager: Shutting down and abandoning module PakFile (1)
[2016.01.29-03.30.41:351][651]LogExit: Exiting.
[2016.01.29-03.30.41:373][651]Log file closed, 01/29/16 11:30:41
