[2016.01.29-10.49.52:765][  0]Log file open, 01/29/16 18:49:52
[2016.01.29-10.49.52:765][  0]LogInit:Display: Running engine for game: ExampleCollection10
[2016.01.29-10.49.52:765][  0]LogPlatformFile: Not using cached read wrapper
[2016.01.29-10.49.52:765][  0]LogInit:Display: RandInit(-1531179611) SRandInit(-1531179610).
[2016.01.29-10.49.52:765][  0]LogTaskGraph: Started task graph with 4 named threads and 7 total threads.
[2016.01.29-10.49.52:765][  0]LogStats: Stats thread started at 0.066707
[2016.01.29-10.49.52:765][  0]LogInit: Version: 4.10.1-2791327+++depot+UE4-Releases+4.10
[2016.01.29-10.49.52:765][  0]LogInit: API Version: 2758231
[2016.01.29-10.49.52:765][  0]LogInit: Compiled (64-bit): Dec  4 2015 19:44:40
[2016.01.29-10.49.52:765][  0]LogInit: Compiled with Visual C++: 19.00.23026.00
[2016.01.29-10.49.52:765][  0]LogInit: Build Configuration: Development
[2016.01.29-10.49.52:765][  0]LogInit: Branch Name: ++depot+UE4-Releases+4.10
[2016.01.29-10.49.52:765][  0]LogInit: Command line:  
[2016.01.29-10.49.52:765][  0]LogInit: Base directory: D:/Program Files/Epic Games/4.10/Engine/Binaries/Win64/
[2016.01.29-10.49.52:765][  0]LogInit: Rocket: 1
[2016.01.29-10.49.52:774][  0]LogInit: Using libcurl 7.41.0
[2016.01.29-10.49.52:774][  0]LogInit:  - built for x86_64-pc-win32
[2016.01.29-10.49.52:774][  0]LogInit:  - supports SSL with WinSSL
[2016.01.29-10.49.52:774][  0]LogInit:  - other features:
[2016.01.29-10.49.52:774][  0]LogInit:      CURL_VERSION_SSL
[2016.01.29-10.49.52:774][  0]LogInit:      CURL_VERSION_IPV6
[2016.01.29-10.49.52:774][  0]LogInit:      CURL_VERSION_ASYNCHDNS
[2016.01.29-10.49.52:774][  0]LogInit:      CURL_VERSION_LARGEFILE
[2016.01.29-10.49.52:774][  0]LogInit:      CURL_VERSION_IDN
[2016.01.29-10.49.52:774][  0]LogInit:  CurlRequestOptions (configurable via config and command line):
[2016.01.29-10.49.52:774][  0]LogInit:  - bVerifyPeer = true  - Libcurl will verify peer certificate
[2016.01.29-10.49.52:774][  0]LogInit:  - bUseHttpProxy = false  - Libcurl will NOT use HTTP proxy
[2016.01.29-10.49.52:774][  0]LogInit:  - bDontReuseConnections = false  - Libcurl will reuse connections
[2016.01.29-10.49.52:774][  0]LogInit:  - CertBundlePath = nullptr  - Libcurl will use whatever was configured at build time.
[2016.01.29-10.49.52:779][  0]LogInit: Presizing for 0 objects not considered by GC, pre-allocating 0 bytes.
[2016.01.29-10.49.52:784][  0]LogInit: Object subsystem initialized
[2016.01.29-10.49.52:785][  0]LogInit: Selected Device Profile: [Windows]
[2016.01.29-10.49.52:785][  0]LogInit: Applying CVar settings loaded from the selected device profile: [Windows]
[2016.01.29-10.49.52:793][  0]LogInit: Computer: PLAN-CHENXINGHU
[2016.01.29-10.49.52:793][  0]LogInit: User: chenxinghui
[2016.01.29-10.49.52:793][  0]LogInit: CPU Page size=4096, Cores=4
[2016.01.29-10.49.52:793][  0]LogInit: High frequency timer resolution =3.117812 MHz
[2016.01.29-10.49.52:793][  0]LogMemory: Memory total: Physical=7.9GB (8GB approx)
[2016.01.29-10.49.52:793][  0]LogMemory: Platform Memory Stats for Windows
[2016.01.29-10.49.52:793][  0]LogMemory: Process Physical Memory: 56.45 MB used, 56.45 MB peak
[2016.01.29-10.49.52:793][  0]LogMemory: Process Virtual Memory: 57.69 MB used, 57.69 MB peak
[2016.01.29-10.49.52:793][  0]LogMemory: Physical Memory: 3433.25 MB used, 8130.04 MB total
[2016.01.29-10.49.52:793][  0]LogMemory: Virtual Memory: 350.46 MB used, 8388608.00 MB total
[2016.01.29-10.49.53:247][  0]LogD3D11RHI: Found D3D11 adapter 0: NVIDIA GeForce GTX 660   (Feature Level 11_0)
[2016.01.29-10.49.53:247][  0]LogD3D11RHI: Adapter has 1989MB of dedicated video memory, 0MB of dedicated system memory, and 2048MB of shared system memory, 2 output[s]
[2016.01.29-10.49.53:247][  0]LogD3D11RHI: Chosen D3D11 Adapter Id = 0
[2016.01.29-10.49.53:277][  0]LogD3D11RHI: !Direct3DDevice
[2016.01.29-10.49.53:277][  0]LogRHI: Texture pool is 1361 MB (70% of 1945 MB)
[2016.01.29-10.49.53:310][  0]LogD3D11RHI: Async texture creation enabled
[2016.01.29-10.49.53:323][  0]LogShaderCompilers: Guid format shader working directory is 9 characters bigger than the processId version (E:/Unreal Work Space/ExampleCollection10/Intermediate/Shaders/WorkingDirectory/7972/).
[2016.01.29-10.49.53:323][  0]LogShaderCompilers: Cleaned the shader compiler working directory 'C:/Users/CHENXI~1/AppData/Local/Temp/UnrealShaderWorkingDir/28557D0D44346E51BD15DDA47EF574BC/'.
[2016.01.29-10.49.53:323][  0]LogShaderCompilers:Display: Using Local Shader Compiler.
[2016.01.29-10.49.54:135][  0]LogTemp:Display: Loaded TP AllDesktopTargetPlatform
[2016.01.29-10.49.54:139][  0]LogTemp:Display: Loaded TP WindowsClientTargetPlatform
[2016.01.29-10.49.54:142][  0]LogTemp:Display: Loaded TP WindowsNoEditorTargetPlatform
[2016.01.29-10.49.54:146][  0]LogTemp:Display: Loaded TP WindowsServerTargetPlatform
[2016.01.29-10.49.54:150][  0]LogTemp:Display: Loaded TP WindowsTargetPlatform
[2016.01.29-10.49.54:153][  0]LogTemp:Display: Loaded TP AndroidTargetPlatform
[2016.01.29-10.49.54:155][  0]LogTemp:Display: Loaded TP Android_ASTCTargetPlatform
[2016.01.29-10.49.54:157][  0]LogTemp:Display: Loaded TP Android_ATCTargetPlatform
[2016.01.29-10.49.54:160][  0]LogTemp:Display: Loaded TP Android_DXTTargetPlatform
[2016.01.29-10.49.54:163][  0]LogTemp:Display: Loaded TP Android_ETC1TargetPlatform
[2016.01.29-10.49.54:165][  0]LogTemp:Display: Loaded TP Android_ETC2TargetPlatform
[2016.01.29-10.49.54:171][  0]LogTemp:Display: Loaded TP Android_MultiTargetPlatform
[2016.01.29-10.49.54:171][  0]LogTemp:Display: Loaded TP Android_PVRTCTargetPlatform
[2016.01.29-10.49.54:171][  0]LogTemp:Display: Loaded TP HTML5TargetPlatform
[2016.01.29-10.49.54:186][  0]LogTemp:Display: Loaded TP IOSTargetPlatform
[2016.01.29-10.49.54:188][  0]LogTemp:Display: Loaded TP LinuxNoEditorTargetPlatform
[2016.01.29-10.49.54:190][  0]LogTemp:Display: Loaded TP LinuxServerTargetPlatform
[2016.01.29-10.49.54:193][  0]LogTemp:Display: Loaded TP LinuxTargetPlatform
[2016.01.29-10.49.54:193][  0]LogTargetPlatformManager:Display: Building Assets For Windows
[2016.01.29-10.49.54:255][  0]LogDerivedDataCache:Display: Max Cache Size: 512 MB
[2016.01.29-10.49.54:298][  0]LogDerivedDataCache: Loaded boot cache 0.04s 41MB C:/Users/chenxinghui/AppData/Local/UnrealEngine/4.10/DerivedDataCache/Boot.ddc.
[2016.01.29-10.49.54:298][  0]LogDerivedDataCache:Display: Loaded Boot cache: C:/Users/chenxinghui/AppData/Local/UnrealEngine/4.10/DerivedDataCache/Boot.ddc
[2016.01.29-10.49.54:298][  0]LogDerivedDataCache: FDerivedDataBackendGraph:  Pak pak cache file E:/Unreal Work Space/ExampleCollection10/DerivedDataCache/DDC.ddp not found, will not use a pak cache.
[2016.01.29-10.49.54:298][  0]LogDerivedDataCache: Unable to find inner node Pak for hierarchical cache Hierarchy.
[2016.01.29-10.49.54:298][  0]LogDerivedDataCache: FDerivedDataBackendGraph:  CompressedPak pak cache file E:/Unreal Work Space/ExampleCollection10/DerivedDataCache/Compressed.ddp not found, will not use a pak cache.
[2016.01.29-10.49.54:298][  0]LogDerivedDataCache: Unable to find inner node CompressedPak for hierarchical cache Hierarchy.
[2016.01.29-10.49.54:350][  0]LogDerivedDataCache:Display: Pak cache opened for reading ../../../Engine/DerivedDataCache/Compressed.ddp.
[2016.01.29-10.49.54:361][  0]LogDerivedDataCache: Using Local data cache path C:/Users/chenxinghui/AppData/Local/UnrealEngine/Common/DerivedDataCache: Writable
[2016.01.29-10.49.54:495][  0]LogInit: Selected Device Profile: [Windows]
[2016.01.29-10.49.54:496][  0]LogContentStreaming: Texture pool size is 0.000000MB
[2016.01.29-10.49.54:525][  0]LogMeshUtilities: No automatic mesh reduction module available
[2016.01.29-10.49.54:525][  0]LogMeshUtilities: No automatic mesh merging module available
[2016.01.29-10.49.54:826][  0]LogInit: WinSock: version 1.1 (2.2), MaxSocks=32767, MaxUdp=65467
[2016.01.29-10.49.55:467][  0]UdpMessaging: Initializing bridge on interface 0.0.0.0:0 to multicast group 230.0.0.1:6666.
[2016.01.29-10.49.55:554][  0]LogAssetRegistry: FAssetRegistry took 0.0104 seconds to start up
[2016.01.29-10.49.55:695][  0]SourceControl: Info Source control is disabled
[2016.01.29-10.49.55:695][  0]SourceControl: Info Source control is disabled
[2016.01.29-10.49.55:704][  0]SourceControl: Info Source control is disabled
[2016.01.29-10.49.55:712][  0]SourceControl: Info Source control is disabled
[2016.01.29-10.49.55:889][  0]LogObj: 28633 objects as part of root set at end of initial load.
[2016.01.29-10.49.55:889][  0]LogUObjectAllocator: 6099752 out of 0 bytes used by permanent object pool.
[2016.01.29-10.49.55:938][  0]LogEngine: Initializing Engine...
[2016.01.29-10.49.55:940][  0]LogHMD: Can't find Oculus library dev build: is proper Runtime installed? Version: 0.8.0.0
[2016.01.29-10.49.55:941][  0]LogHMD: SteamVR failed to initialize.  Err: 110
[2016.01.29-10.49.56:051][  0]LogAIModule: Creating AISystem for world NewWorld
[2016.01.29-10.49.56:065][  0]LogInit: XAudio2 using '扬声器 (Realtek High Definition Audio)' : 2 channels at 48 kHz using 32 bits per sample (channel mask 0x3)
[2016.01.29-10.49.56:185][  0]LogInit: FAudioDevice initialized.
[2016.01.29-10.49.56:209][  0]LogDerivedDataCache: Saved boot cache 0.02s 41MB C:/Users/chenxinghui/AppData/Local/UnrealEngine/4.10/DerivedDataCache/Boot.ddc.
[2016.01.29-10.49.56:215][  0]LogInit: Texture streaming: Enabled
[2016.01.29-10.49.56:219][  0]LogAnalytics: Creating configured Analytics provider AnalyticsET
[2016.01.29-10.49.56:219][  0]LogAnalytics: [UEEditor.Rocket.Release] APIServer = http://et2.epicgames.com/ET2/. AppVersion = 4.10.1-2791327+++depot+UE4-Releases+4.10
[2016.01.29-10.49.56:219][  0]LogAnalytics: [UEEditor.Rocket.Release] SetUserId fcc8beb743eb3f315b3205bc8f91fbb8|ecc15fb7c1f4439e807eef072eca5f98|c014cd18-b694-4710-a8b7-958888126c98
[2016.01.29-10.49.56:220][  0]LogAnalytics: [UEEditor.Rocket.Release] AnalyticsET::StartSession
[2016.01.29-10.49.56:252][  0]LogInit: Transaction tracking system initialized
[2016.01.29-10.49.56:275][  0]BlueprintLog: New page: Editor Load
[2016.01.29-10.49.56:338][  0]LocalizationService: Info Localization service is disabled
[2016.01.29-10.49.56:394][  0]LogConsoleResponse:Display: 
[2016.01.29-10.49.56:492][  0]LogCook:Display: Done creating registry. It took  0.00s.
[2016.01.29-10.49.56:536][  0]LogFileCache: Scanning file cache for directory 'E:/Unreal Work Space/ExampleCollection10/Content/' took 0.01s
[2016.01.29-10.49.56:536][  0]SourceControl: Info Source control is disabled
[2016.01.29-10.49.56:536][  0]Cmd: MAP LOAD FILE="E:/Unreal Work Space/ExampleCollection10/Content/My/TestMap/MatTestMap.umap" TEMPLATE=0 SHOWPROGRESS=1 FEATURELEVEL=3
[2016.01.29-10.49.56:536][  0]LightingResults: New page: Lighting Build
[2016.01.29-10.49.56:538][  0]MapCheck: New page: Map Check
[2016.01.29-10.49.56:538][  0]LightingResults: New page: Lighting Build
[2016.01.29-10.49.56:549][  0]LogParticles: Destroying 0 GPU particle simulations for FXSystem 0x0000000023792AC0
[2016.01.29-10.49.57:100][  0]LogAIModule: Creating AISystem for world MatTestMap
[2016.01.29-10.49.57:121][  0]LogEditorServer: Finished looking for orphan Actors (0.000 secs)
[2016.01.29-10.49.57:122][  0]Cmd: MAP CHECKDEP NOCLEARLOG
[2016.01.29-10.49.57:174][  0]MapCheck: Info Map check complete: 0 Error(s), 0 Warning(s), took 52.407ms to complete.
[2016.01.29-10.49.57:174][  0]LogFileHelpers: Loading map 'MatTestMap' took 0.639
[2016.01.29-10.49.57:328][  0]LogCollectionManager: Loaded 0 collections in 0.001966 seconds
[2016.01.29-10.49.57:387][  0]LogFileCache: Scanning file cache for directory 'E:/Unreal Work Space/ExampleCollection10/Saved/Collections/' took 0.01s
[2016.01.29-10.49.57:388][  0]LogFileCache: Scanning file cache for directory 'E:/Unreal Work Space/ExampleCollection10/Content/Developers/chenxinghui/Collections/' took 0.02s
[2016.01.29-10.49.57:388][  0]LogFileCache: Scanning file cache for directory 'E:/Unreal Work Space/ExampleCollection10/Content/Collections/' took 0.01s
[2016.01.29-10.49.57:388][  0]LogCollectionManager: Rebuilt the GUID cache for 0 collections in 0.000002 seconds
[2016.01.29-10.49.57:395][  0]LogContentBrowser: Native class hierarchy populated in 0.0074 seconds. Added 1893 classes and 338 folders.
[2016.01.29-10.49.57:403][  0]LogContentBrowser: Native class hierarchy updated for 'WidgetCarousel' in 0.0003 seconds. Added 0 classes and 0 folders.
[2016.01.29-10.49.57:437][  0]LogContentBrowser: Native class hierarchy updated for 'AddContentDialog' in 0.0003 seconds. Added 0 classes and 0 folders.
[2016.01.29-10.49.57:440][  0]LogContentBrowser: Native class hierarchy updated for 'SceneOutliner' in 0.0003 seconds. Added 1 classes and 2 folders.
[2016.01.29-10.49.57:458][  0]LogCrashTracker: Crashtracker disabled due to settings.
[2016.01.29-10.49.57:461][  0]LogUObjectGlobals:Warning: Failed to find object 'Class None.'
[2016.01.29-10.49.57:483][  0]LogLoad: Full Startup: 5.06 seconds (BP compile: 0.03 seconds)
[2016.01.29-10.49.57:496][  0]LogOcInput: Can't find Oculus library dev build: is proper Runtime installed? Version: 0.8.0.0
[2016.01.29-10.49.57:547][  0]LogContentStreaming: Texture pool size now 1000 MB
[2016.01.29-10.49.57:683][  0]LogRenderer: Reallocating scene render targets to support 824x552 (Frame:2).
[2016.01.29-10.49.57:841][  3]LogAssetRegistry: Asset discovery search completed in 2.2975 seconds
[2016.01.29-10.49.57:841][  3]LogCollectionManager: Rebuilt the object cache for 0 collections in 0.000001 seconds (found 0 objects)
[2016.01.29-10.49.57:841][  3]LogCollectionManager: Fixed up redirectors for 0 collections in 0.000017 seconds (updated 0 objects)
[2016.01.29-10.50.01:792][431]LogEditorViewport: Clicking on Actor (LMB): Emitter (P_BeamTest)
[2016.01.29-10.50.03:433][583]LogContentBrowser: Native class hierarchy updated for 'Cascade' in 0.0003 seconds. Added 2 classes and 2 folders.
[2016.01.29-10.50.16:456][690]LogEditorViewport: Clicking on Actor (LMB): StaticMeshActor (Floor)
[2016.01.29-10.50.49:032][495]LogEditorViewport: Clicking on Actor (LMB): Emitter (P_BeamTest)
[2016.01.29-10.50.59:039][369]LogEditorViewport: Clicking on Actor (LMB): StaticMeshActor (Shape_Cube5)
[2016.01.29-10.50.59:695][424]LogEditorViewport: Clicking on Actor (LMB): StaticMeshActor (Shape_Cube13)
[2016.01.29-10.52.28:403][828]LogEditorViewport: Clicking on Actor (LMB): StaticMeshActor (Shape_Cube5)
[2016.01.29-10.52.29:078][869]LogEditorViewport: Clicking on Actor (LMB): StaticMeshActor (Floor)
[2016.01.29-10.52.29:791][914]LogEditorViewport: Clicking on Actor (LMB): StaticMeshActor (Floor)
[2016.01.29-10.52.30:165][938]LogEditorViewport: Clicking on Actor (LMB): Emitter (P_BeamTest)
[2016.01.29-10.53.07:027][603]LogEditorViewport: Clicking on Actor (LMB): StaticMeshActor (Floor)
[2016.01.29-10.59.57:657][857]Cmd: OBJ SAVEPACKAGE PACKAGE="/Game/My/TestMap/MatTestMap" FILE="E:/Unreal Work Space/ExampleCollection10/Saved/Autosaves/Game/My/TestMap/MatTestMap_Auto1.umap" SILENT=true AUTOSAVING=true KEEPDIRTY=false
[2016.01.29-10.59.57:929][857]LogSavePackage: Save=218.656540ms
[2016.01.29-10.59.57:929][857]LogSavePackage: Moving 'E:/Unreal Work Space/ExampleCollection10/Saved/MatTestMap_Auto1E84628A74ABD8B39C74D14B844BC99F7.tmp' to 'E:/Unreal Work Space/ExampleCollection10/Saved/Autosaves/Game/My/TestMap/MatTestMap_Auto1.umap'
[2016.01.29-10.59.57:930][857]LogSavePackage: Total save time: 272.378191ms
[2016.01.29-10.59.57:930][857]LogSavePackage:Display: Finished SavePackage E:/Unreal Work Space/ExampleCollection10/Saved/Autosaves/Game/My/TestMap/MatTestMap_Auto1.umap
[2016.01.29-10.59.57:932][857]LogFileHelpers: Editor autosave (incl. sublevels) for '/Game/My/TestMap/MatTestMap' took 0.294
[2016.01.29-10.59.57:932][857]LogFileHelpers: Editor autosave (incl. sublevels) for all levels took 0.294
[2016.01.29-11.11.09:200][749]LogCascade: Quitting Cascade. FXSystem=0x00000000388F0180
[2016.01.29-11.11.09:489][750]Cmd: QUIT_EDITOR
[2016.01.29-11.11.09:618][750]LogExit: Preparing to exit.
[2016.01.29-11.11.10:776][750]LogExit: Editor shut down
[2016.01.29-11.11.10:777][750]LogExit: Transaction tracking system shut down
[2016.01.29-11.11.10:779][750]LogParticles: Destroying 0 GPU particle simulations for FXSystem 0x0000000012532E80
[2016.01.29-11.11.10:779][750]LogParticles: Destroying 0 GPU particle simulations for FXSystem 0x0000000034E47880
[2016.01.29-11.11.10:779][750]LogParticles: Destroying 0 GPU particle simulations for FXSystem 0x0000000035A1B9C0
[2016.01.29-11.11.10:779][750]LogParticles: Destroying 0 GPU particle simulations for FXSystem 0x0000000038D97F60
[2016.01.29-11.11.10:779][750]LogParticles: Destroying 0 GPU particle simulations for FXSystem 0x0000000038D97E20
[2016.01.29-11.11.10:780][750]LogParticles: Destroying 0 GPU particle simulations for FXSystem 0x00000000388F0180
[2016.01.29-11.11.10:899][750]LogExit: Object subsystem successfully closed.
[2016.01.29-11.11.10:913][750]LogD3D11RHI: Shutdown
[2016.01.29-11.11.10:913][750]LogD3D11RHI: CleanupD3DDevice
[2016.01.29-11.11.10:973][750]LogD3D11RHI: ~FD3D11DynamicRHI
[2016.01.29-11.11.10:983][750]LogModuleManager: Shutting down and abandoning module CookingStats (201)
[2016.01.29-11.11.10:983][750]LogModuleManager: Shutting down and abandoning module DistCurveEditor (200)
[2016.01.29-11.11.10:983][750]LogModuleManager: Shutting down and abandoning module Cascade (199)
[2016.01.29-11.11.10:983][750]LogModuleManager: Shutting down and abandoning module CrashTracker (198)
[2016.01.29-11.11.10:983][750]LogModuleManager: Shutting down and abandoning module SceneOutliner (197)
[2016.01.29-11.11.10:983][750]LogModuleManager: Shutting down and abandoning module SuperSearch (196)
[2016.01.29-11.11.10:983][750]LogModuleManager: Shutting down and abandoning module WidgetCarousel (195)
[2016.01.29-11.11.10:983][750]LogModuleManager: Shutting down and abandoning module AddContentDialog (194)
[2016.01.29-11.11.10:984][750]LogModuleManager: Shutting down and abandoning module EditorWidgets (193)
[2016.01.29-11.11.10:984][750]LogModuleManager: Shutting down and abandoning module CollectionManager (192)
[2016.01.29-11.11.10:984][750]LogModuleManager: Shutting down and abandoning module StatsViewer (191)
[2016.01.29-11.11.10:984][750]LogModuleManager: Shutting down and abandoning module FoliageEdit (190)
[2016.01.29-11.11.10:984][750]LogModuleManager: Shutting down and abandoning module LandscapeEditor (189)
[2016.01.29-11.11.10:984][750]LogModuleManager: Shutting down and abandoning module ActorPickerMode (188)
[2016.01.29-11.11.10:984][750]LogModuleManager: Shutting down and abandoning module GeometryMode (187)
[2016.01.29-11.11.10:984][750]LogModuleManager: Shutting down and abandoning module TextureAlignMode (186)
[2016.01.29-11.11.10:984][750]LogModuleManager: Shutting down and abandoning module BspMode (185)
[2016.01.29-11.11.10:984][750]LogModuleManager: Shutting down and abandoning module PlacementMode (184)
[2016.01.29-11.11.10:984][750]LogModuleManager: Shutting down and abandoning module AutomationWorker (183)
[2016.01.29-11.11.10:984][750]LogModuleManager: Shutting down and abandoning module CharacterAI (182)
[2016.01.29-11.11.10:984][750]LogModuleManager: Shutting down and abandoning module SmartSnapping (181)
[2016.01.29-11.11.10:984][750]LogModuleManager: Shutting down and abandoning module ViewportSnapping (180)
[2016.01.29-11.11.10:984][750]LogModuleManager: Shutting down and abandoning module LogVisualizer (179)
[2016.01.29-11.11.10:984][750]LogModuleManager: Shutting down and abandoning module GameProjectGeneration (178)
[2016.01.29-11.11.10:984][750]LogModuleManager: Shutting down and abandoning module IntroTutorials (177)
[2016.01.29-11.11.10:984][750]LogModuleManager: Shutting down and abandoning module EditorLiveStreaming (176)
[2016.01.29-11.11.10:984][750]LogModuleManager: Shutting down and abandoning module IOSPlatformEditor (175)
[2016.01.29-11.11.10:984][750]LogModuleManager: Shutting down and abandoning module HTML5PlatformEditor (174)
[2016.01.29-11.11.10:984][750]LogModuleManager: Shutting down and abandoning module AndroidDeviceDetection (173)
[2016.01.29-11.11.11:562][750]LogModuleManager: Shutting down and abandoning module AndroidPlatformEditor (172)
[2016.01.29-11.11.11:562][750]LogModuleManager: Shutting down and abandoning module IOSRuntimeSettings (171)
[2016.01.29-11.11.11:562][750]LogModuleManager: Shutting down and abandoning module AndroidRuntimeSettings (170)
[2016.01.29-11.11.11:562][750]LogModuleManager: Shutting down and abandoning module MergeActors (169)
[2016.01.29-11.11.11:562][750]LogModuleManager: Shutting down and abandoning module SizeMap (168)
[2016.01.29-11.11.11:562][750]LogModuleManager: Shutting down and abandoning module TreeMap (167)
[2016.01.29-11.11.11:562][750]LogModuleManager: Shutting down and abandoning module ReferenceViewer (166)
[2016.01.29-11.11.11:562][750]LogModuleManager: Shutting down and abandoning module LocalizationService (165)
[2016.01.29-11.11.11:562][750]LogModuleManager: Shutting down and abandoning module LocalizationDashboard (164)
[2016.01.29-11.11.11:562][750]LogModuleManager: Shutting down and abandoning module HardwareTargeting (163)
[2016.01.29-11.11.11:562][750]LogModuleManager: Shutting down and abandoning module DeviceProfileEditor (162)
[2016.01.29-11.11.11:562][750]LogModuleManager: Shutting down and abandoning module UndoHistory (161)
[2016.01.29-11.11.11:562][750]LogModuleManager: Shutting down and abandoning module GameplayTagsEditor (160)
[2016.01.29-11.11.11:562][750]LogModuleManager: Shutting down and abandoning module UserFeedback (159)
[2016.01.29-11.11.11:562][750]LogModuleManager: Shutting down and abandoning module XmlParser (158)
[2016.01.29-11.11.11:562][750]LogModuleManager: Shutting down and abandoning module Blutility (157)
[2016.01.29-11.11.11:562][750]LogModuleManager: Shutting down and abandoning module ProjectTargetPlatformEditor (156)
[2016.01.29-11.11.11:562][750]LogModuleManager: Shutting down and abandoning module ProjectSettingsViewer (155)
[2016.01.29-11.11.11:562][750]LogModuleManager: Shutting down and abandoning module InputBindingEditor (154)
[2016.01.29-11.11.11:562][750]LogModuleManager: Shutting down and abandoning module EditorSettingsViewer (153)
[2016.01.29-11.11.11:563][750]LogModuleManager: Shutting down and abandoning module SettingsEditor (152)
[2016.01.29-11.11.11:563][750]LogModuleManager: Shutting down and abandoning module ProjectLauncher (151)
[2016.01.29-11.11.11:563][750]LogModuleManager: Shutting down and abandoning module SessionFrontend (150)
[2016.01.29-11.11.11:563][750]LogModuleManager: Shutting down and abandoning module ProfilerClient (149)
[2016.01.29-11.11.11:563][750]LogModuleManager: Shutting down and abandoning module TargetDeviceServices (148)
[2016.01.29-11.11.11:563][750]LogModuleManager: Shutting down and abandoning module DeviceManager (147)
[2016.01.29-11.11.11:563][750]LogModuleManager: Shutting down and abandoning module AutomationController (146)
[2016.01.29-11.11.11:563][750]LogModuleManager: Shutting down and abandoning module AutomationWindow (145)
[2016.01.29-11.11.11:563][750]LogModuleManager: Shutting down and abandoning module Layers (144)
[2016.01.29-11.11.11:563][750]LogModuleManager: Shutting down and abandoning module ComponentVisualizers (143)
[2016.01.29-11.11.11:563][750]LogModuleManager: Shutting down and abandoning module DetailCustomizations (142)
[2016.01.29-11.11.11:563][750]LogModuleManager: Shutting down and abandoning module PackagesDialog (141)
[2016.01.29-11.11.11:563][750]LogModuleManager: Shutting down and abandoning module Persona (140)
[2016.01.29-11.11.11:563][750]LogModuleManager: Shutting down and abandoning module Kismet (139)
[2016.01.29-11.11.11:563][750]LogModuleManager: Shutting down and abandoning module GraphEditor (138)
[2016.01.29-11.11.11:563][750]LogModuleManager: Shutting down and abandoning module ClassViewer (137)
[2016.01.29-11.11.11:563][750]LogModuleManager: Shutting down and abandoning module Toolbox (136)
[2016.01.29-11.11.11:563][750]LogModuleManager: Shutting down and abandoning module ModuleUI (135)
[2016.01.29-11.11.11:563][750]LogModuleManager: Shutting down and abandoning module MovieSceneTools (134)
[2016.01.29-11.11.11:563][750]LogModuleManager: Shutting down and abandoning module OutputLog (133)
[2016.01.29-11.11.11:563][750]LogModuleManager: Shutting down and abandoning module GammaUI (132)
[2016.01.29-11.11.11:563][750]LogModuleManager: Shutting down and abandoning module Documentation (131)
[2016.01.29-11.11.11:563][750]LogModuleManager: Shutting down and abandoning module GameLiveStreaming (130)
[2016.01.29-11.11.11:563][750]LogModuleManager: Shutting down and abandoning module StreamingPauseRendering (129)
[2016.01.29-11.11.11:563][750]LogModuleManager: Shutting down and abandoning module AnalyticsET (128)
[2016.01.29-11.11.11:563][750]LogModuleManager: Shutting down and abandoning module Analytics (127)
[2016.01.29-11.11.11:563][750]LogModuleManager: Shutting down and abandoning module AITestSuite (126)
[2016.01.29-11.11.11:563][750]LogModuleManager: Shutting down and abandoning module GameplayDebugger (125)
[2016.01.29-11.11.11:563][750]LogModuleManager: Shutting down and abandoning module AIModule (124)
[2016.01.29-11.11.11:563][750]LogModuleManager: Shutting down and abandoning module ProfilerService (123)
[2016.01.29-11.11.11:758][750]LogModuleManager: Shutting down and abandoning module TaskGraph (122)
[2016.01.29-11.11.11:758][750]LogModuleManager: Shutting down and abandoning module SlateRemote (121)
[2016.01.29-11.11.11:758][750]LogModuleManager: Shutting down and abandoning module SteamVRController (120)
[2016.01.29-11.11.11:758][750]LogModuleManager: Shutting down and abandoning module SteamVR (119)
[2016.01.29-11.11.11:758][750]LogModuleManager: Shutting down and abandoning module ProceduralMeshComponent (118)
[2016.01.29-11.11.11:758][750]LogModuleManager: Shutting down and abandoning module OculusLibrary (117)
[2016.01.29-11.11.11:758][750]LogModuleManager: Shutting down and abandoning module OculusInput (116)
[2016.01.29-11.11.11:758][750]LogModuleManager: Shutting down and abandoning module LeapMotionController (115)
[2016.01.29-11.11.11:766][750]LogModuleManager: Shutting down and abandoning module CustomMeshComponent (114)
[2016.01.29-11.11.11:766][750]LogModuleManager: Shutting down and abandoning module CableComponent (113)
[2016.01.29-11.11.11:766][750]LogModuleManager: Shutting down and abandoning module ArchVisCharacter (112)
[2016.01.29-11.11.11:766][750]LogModuleManager: Shutting down and abandoning module MessagingDebugger (111)
[2016.01.29-11.11.11:766][750]LogModuleManager: Shutting down and abandoning module MediaPlayerEditor (110)
[2016.01.29-11.11.11:767][750]LogModuleManager: Shutting down and abandoning module HTML5Networking (109)
[2016.01.29-11.11.11:767][750]LogModuleManager: Shutting down and abandoning module SpeedTreeImporter (108)
[2016.01.29-11.11.11:767][750]LogModuleManager: Shutting down and abandoning module PluginBrowser (107)
[2016.01.29-11.11.11:767][750]LogModuleManager: Shutting down and abandoning module EpicSurvey (106)
[2016.01.29-11.11.11:767][750]LogModuleManager: Shutting down and abandoning module DesktopPlatform (105)
[2016.01.29-11.11.11:767][750]LogModuleManager: Shutting down and abandoning module VisualStudioSourceCodeAccess (104)
[2016.01.29-11.11.11:767][750]LogModuleManager: Shutting down and abandoning module UObjectPlugin (103)
[2016.01.29-11.11.11:767][750]LogModuleManager: Shutting down and abandoning module SubversionSourceControl (102)
[2016.01.29-11.11.11:767][750]LogModuleManager: Shutting down and abandoning module PerforceSourceControl (101)
[2016.01.29-11.11.11:767][750]LogModuleManager: Shutting down and abandoning module SourceControl (100)
[2016.01.29-11.11.11:767][750]LogModuleManager: Shutting down and abandoning module GitSourceControl (99)
[2016.01.29-11.11.11:767][750]LogModuleManager: Shutting down and abandoning module LightPropagationVolumeEditor (98)
[2016.01.29-11.11.11:767][750]LogModuleManager: Shutting down and abandoning module PaperTiledImporter (97)
[2016.01.29-11.11.11:767][750]LogModuleManager: Shutting down and abandoning module PaperSpriteSheetImporter (96)
[2016.01.29-11.11.11:767][750]LogModuleManager: Shutting down and abandoning module MeshPaint (95)
[2016.01.29-11.11.11:767][750]LogModuleManager: Shutting down and abandoning module SlateReflector (94)
[2016.01.29-11.11.11:767][750]LogModuleManager: Shutting down and abandoning module HotReload (93)
[2016.01.29-11.11.11:767][750]LogModuleManager: Shutting down and abandoning module MainFrame (92)
[2016.01.29-11.11.11:767][750]LogModuleManager: Shutting down and abandoning module LevelEditor (91)
[2016.01.29-11.11.11:768][750]LogModuleManager: Shutting down and abandoning module DirectoryWatcher (90)
[2016.01.29-11.11.11:768][750]LogModuleManager: Shutting down and abandoning module AssetRegistry (89)
[2016.01.29-11.11.11:884][750]LogModuleManager: Shutting down and abandoning module ContentBrowser (88)
[2016.01.29-11.11.11:885][750]LogModuleManager: Shutting down and abandoning module Paper2DEditor (87)
[2016.01.29-11.11.11:885][750]LogModuleManager: Shutting down and abandoning module UdpMessaging (86)
[2016.01.29-11.11.11:985][750]LogModuleManager: Shutting down and abandoning module LightPropagationVolumeRuntime (85)
[2016.01.29-11.11.11:985][750]LogModuleManager: Shutting down and abandoning module Paper2D (84)
[2016.01.29-11.11.11:985][750]LogModuleManager: Shutting down and abandoning module WindowsMoviePlayer (83)
[2016.01.29-11.11.11:988][750]LogModuleManager: Shutting down and abandoning module Media (82)
[2016.01.29-11.11.11:988][750]LogModuleManager: Shutting down and abandoning module WmfMedia (81)
[2016.01.29-11.11.11:989][750]LogModuleManager: Shutting down and abandoning module OnlineBlueprintSupport (80)
[2016.01.29-11.11.11:989][750]LogModuleManager: Shutting down and abandoning module GameplayTasksEditor (79)
[2016.01.29-11.11.11:989][750]LogModuleManager: Shutting down and abandoning module PropertyEditor (78)
[2016.01.29-11.11.11:989][750]LogModuleManager: Shutting down and abandoning module BehaviorTreeEditor (77)
[2016.01.29-11.11.11:989][750]LogModuleManager: Shutting down and abandoning module FunctionalTesting (76)
[2016.01.29-11.11.11:989][750]LogModuleManager: Shutting down and abandoning module CollisionAnalyzer (75)
[2016.01.29-11.11.11:989][750]LogModuleManager: Shutting down and abandoning module WorkspaceMenuStructure (74)
[2016.01.29-11.11.11:989][750]LogModuleManager: Shutting down and abandoning module MessageLog (73)
[2016.01.29-11.11.11:989][750]LogModuleManager: Shutting down and abandoning module Sequencer (72)
[2016.01.29-11.11.11:989][750]LogModuleManager: Shutting down and abandoning module AssetTools (71)
[2016.01.29-11.11.11:989][750]LogModuleManager: Shutting down and abandoning module UMGEditor (70)
[2016.01.29-11.11.11:989][750]LogModuleManager: Shutting down and abandoning module UMG (69)
[2016.01.29-11.11.11:989][750]LogModuleManager: Shutting down and abandoning module Slate (68)
[2016.01.29-11.11.11:989][750]LogModuleManager: Shutting down and abandoning module EditorStyle (67)
[2016.01.29-11.11.11:990][750]LogModuleManager: Shutting down and abandoning module SessionServices (66)
[2016.01.29-11.11.11:990][750]LogModuleManager: Shutting down and abandoning module SourceCodeAccess (65)
[2016.01.29-11.11.11:990][750]LogModuleManager: Shutting down and abandoning module HeadMountedDisplay (64)
[2016.01.29-11.11.11:990][750]LogModuleManager: Shutting down and abandoning module XAudio2 (63)
[2016.01.29-11.11.11:990][750]LogModuleManager: Shutting down and abandoning module Networking (61)
[2016.01.29-11.11.11:990][750]LogModuleManager: Shutting down and abandoning module Core (60)
[2016.01.29-11.11.11:990][750]LogModuleManager: Shutting down and abandoning module KismetCompiler (59)
[2016.01.29-11.11.11:990][750]LogModuleManager: Shutting down and abandoning module PhysXFormats (58)
[2016.01.29-11.11.11:990][750]LogModuleManager: Shutting down and abandoning module MeshUtilities (57)
[2016.01.29-11.11.11:990][750]LogModuleManager: Shutting down and abandoning module DerivedDataCache (56)
[2016.01.29-11.11.12:017][750]LogDerivedDataCache: Shutdown
[2016.01.29-11.11.12:017][750]LogModuleManager: Shutting down and abandoning module ShaderFormatOpenGL (55)
[2016.01.29-11.11.12:017][750]LogModuleManager: Shutting down and abandoning module ShaderFormatD3D (54)
[2016.01.29-11.11.12:017][750]LogModuleManager: Shutting down and abandoning module MetalShaderFormat (53)
[2016.01.29-11.11.12:017][750]LogModuleManager: Shutting down and abandoning module TextureFormatUncompressed (52)
[2016.01.29-11.11.12:017][750]LogModuleManager: Shutting down and abandoning module TextureFormatPVR (51)
[2016.01.29-11.11.12:017][750]LogModuleManager: Shutting down and abandoning module TextureFormatIntelISPCTexComp (50)
[2016.01.29-11.11.12:017][750]LogModuleManager: Shutting down and abandoning module TextureFormatDXT (49)
[2016.01.29-11.11.12:017][750]LogModuleManager: Shutting down and abandoning module ImageWrapper (48)
[2016.01.29-11.11.12:017][750]LogModuleManager: Shutting down and abandoning module TextureFormatASTC (47)
[2016.01.29-11.11.12:017][750]LogModuleManager: Shutting down and abandoning module TextureFormatAndroid (46)
[2016.01.29-11.11.12:017][750]LogModuleManager: Shutting down and abandoning module AudioFormatOpus (45)
[2016.01.29-11.11.12:017][750]LogModuleManager: Shutting down and abandoning module AudioFormatOgg (44)
[2016.01.29-11.11.12:017][750]LogModuleManager: Shutting down and abandoning module AudioFormatADPCM (43)
[2016.01.29-11.11.12:017][750]LogModuleManager: Shutting down and abandoning module LinuxTargetPlatform (42)
[2016.01.29-11.11.12:017][750]LogModuleManager: Shutting down and abandoning module LinuxServerTargetPlatform (41)
[2016.01.29-11.11.12:017][750]LogModuleManager: Shutting down and abandoning module LinuxNoEditorTargetPlatform (40)
[2016.01.29-11.11.12:017][750]LogModuleManager: Shutting down and abandoning module Messaging (39)
[2016.01.29-11.11.12:017][750]LogModuleManager: Shutting down and abandoning module IOSTargetPlatform (38)
[2016.01.29-11.11.12:017][750]LogModuleManager: Shutting down and abandoning module HTML5TargetPlatform (37)
[2016.01.29-11.11.12:017][750]LogModuleManager: Shutting down and abandoning module Android_PVRTCTargetPlatform (36)
[2016.01.29-11.11.12:017][750]LogModuleManager: Shutting down and abandoning module Android_MultiTargetPlatform (35)
[2016.01.29-11.11.12:017][750]LogModuleManager: Shutting down and abandoning module Android_ETC2TargetPlatform (34)
[2016.01.29-11.11.12:017][750]LogModuleManager: Shutting down and abandoning module Android_ETC1TargetPlatform (33)
[2016.01.29-11.11.12:017][750]LogModuleManager: Shutting down and abandoning module Android_DXTTargetPlatform (32)
[2016.01.29-11.11.12:017][750]LogModuleManager: Shutting down and abandoning module Android_ATCTargetPlatform (31)
[2016.01.29-11.11.12:017][750]LogModuleManager: Shutting down and abandoning module Android_ASTCTargetPlatform (30)
[2016.01.29-11.11.12:017][750]LogModuleManager: Shutting down and abandoning module AndroidTargetPlatform (29)
[2016.01.29-11.11.12:017][750]LogModuleManager: Shutting down and abandoning module WindowsTargetPlatform (28)
[2016.01.29-11.11.12:017][750]LogModuleManager: Shutting down and abandoning module WindowsServerTargetPlatform (27)
[2016.01.29-11.11.12:017][750]LogModuleManager: Shutting down and abandoning module WindowsNoEditorTargetPlatform (26)
[2016.01.29-11.11.12:017][750]LogModuleManager: Shutting down and abandoning module WindowsClientTargetPlatform (25)
[2016.01.29-11.11.12:017][750]LogModuleManager: Shutting down and abandoning module AllDesktopTargetPlatform (24)
[2016.01.29-11.11.12:017][750]LogModuleManager: Shutting down and abandoning module TargetPlatform (23)
[2016.01.29-11.11.12:017][750]LogModuleManager: Shutting down and abandoning module InputCore (22)
[2016.01.29-11.11.12:017][750]LogModuleManager: Shutting down and abandoning module Settings (21)
[2016.01.29-11.11.12:017][750]LogModuleManager: Shutting down and abandoning module OnlineSubsystem (19)
[2016.01.29-11.11.12:017][750]LogModuleManager: Shutting down and abandoning module HTTP (18)
[2016.01.29-11.11.13:017][750]LogModuleManager: Shutting down and abandoning module XMPP (17)
[2016.01.29-11.11.13:017][750]LogModuleManager: Shutting down and abandoning module OculusRift (16)
[2016.01.29-11.11.13:017][750]LogModuleManager: Shutting down and abandoning module ExampleDeviceProfileSelector (15)
[2016.01.29-11.11.13:017][750]LogModuleManager: Shutting down and abandoning module TextureCompressor (14)
[2016.01.29-11.11.13:017][750]LogModuleManager: Shutting down and abandoning module ShaderCore (13)
[2016.01.29-11.11.13:017][750]LogModuleManager: Shutting down and abandoning module Landscape (12)
[2016.01.29-11.11.13:017][750]LogModuleManager: Shutting down and abandoning module SlateRHIRenderer (11)
[2016.01.29-11.11.13:019][750]LogModuleManager: Shutting down and abandoning module OpenGLDrv (10)
[2016.01.29-11.11.13:019][750]LogModuleManager: Shutting down and abandoning module D3D11RHI (9)
[2016.01.29-11.11.13:019][750]LogModuleManager: Shutting down and abandoning module AnimGraphRuntime (8)
[2016.01.29-11.11.13:019][750]LogModuleManager: Shutting down and abandoning module Renderer (7)
[2016.01.29-11.11.13:019][750]LogModuleManager: Shutting down and abandoning module Engine (6)
[2016.01.29-11.11.13:019][750]LogModuleManager: Shutting down and abandoning module CoreUObject (5)
[2016.01.29-11.11.13:019][750]LogModuleManager: Shutting down and abandoning module NetworkFile (4)
[2016.01.29-11.11.13:019][750]LogModuleManager: Shutting down and abandoning module StreamingFile (3)
[2016.01.29-11.11.13:019][750]LogModuleManager: Shutting down and abandoning module SandboxFile (2)
[2016.01.29-11.11.13:019][750]LogModuleManager: Shutting down and abandoning module PakFile (1)
[2016.01.29-11.11.13:020][750]LogExit: Exiting.
[2016.01.29-11.11.13:022][750]Log file closed, 01/29/16 19:11:13
