[2016.01.30-08.38.00:980][  0]Log file open, 01/30/16 16:38:00
[2016.01.30-08.38.00:980][  0]LogInit:Display: Running engine for game: ExampleCollection10
[2016.01.30-08.38.00:980][  0]LogPlatformFile: Not using cached read wrapper
[2016.01.30-08.38.00:980][  0]LogInit:Display: RandInit(1475179131) SRandInit(1475179132).
[2016.01.30-08.38.00:980][  0]LogTaskGraph: Started task graph with 4 named threads and 7 total threads.
[2016.01.30-08.38.00:980][  0]LogStats: Stats thread started at 0.069714
[2016.01.30-08.38.00:980][  0]LogInit: Version: 4.10.1-2791327+++depot+UE4-Releases+4.10
[2016.01.30-08.38.00:980][  0]LogInit: API Version: 2758231
[2016.01.30-08.38.00:980][  0]LogInit: Compiled (64-bit): Dec  4 2015 19:44:40
[2016.01.30-08.38.00:980][  0]LogInit: Compiled with Visual C++: 19.00.23026.00
[2016.01.30-08.38.00:980][  0]LogInit: Build Configuration: Development
[2016.01.30-08.38.00:980][  0]LogInit: Branch Name: ++depot+UE4-Releases+4.10
[2016.01.30-08.38.00:980][  0]LogInit: Command line:  
[2016.01.30-08.38.00:980][  0]LogInit: Base directory: D:/Program Files/Epic Games/4.10/Engine/Binaries/Win64/
[2016.01.30-08.38.00:980][  0]LogInit: Rocket: 1
[2016.01.30-08.38.00:989][  0]LogInit: Using libcurl 7.41.0
[2016.01.30-08.38.00:989][  0]LogInit:  - built for x86_64-pc-win32
[2016.01.30-08.38.00:989][  0]LogInit:  - supports SSL with WinSSL
[2016.01.30-08.38.00:989][  0]LogInit:  - other features:
[2016.01.30-08.38.00:989][  0]LogInit:      CURL_VERSION_SSL
[2016.01.30-08.38.00:989][  0]LogInit:      CURL_VERSION_IPV6
[2016.01.30-08.38.00:989][  0]LogInit:      CURL_VERSION_ASYNCHDNS
[2016.01.30-08.38.00:989][  0]LogInit:      CURL_VERSION_LARGEFILE
[2016.01.30-08.38.00:989][  0]LogInit:      CURL_VERSION_IDN
[2016.01.30-08.38.00:989][  0]LogInit:  CurlRequestOptions (configurable via config and command line):
[2016.01.30-08.38.00:989][  0]LogInit:  - bVerifyPeer = true  - Libcurl will verify peer certificate
[2016.01.30-08.38.00:989][  0]LogInit:  - bUseHttpProxy = false  - Libcurl will NOT use HTTP proxy
[2016.01.30-08.38.00:989][  0]LogInit:  - bDontReuseConnections = false  - Libcurl will reuse connections
[2016.01.30-08.38.00:989][  0]LogInit:  - CertBundlePath = nullptr  - Libcurl will use whatever was configured at build time.
[2016.01.30-08.38.00:995][  0]LogInit: Presizing for 0 objects not considered by GC, pre-allocating 0 bytes.
[2016.01.30-08.38.01:000][  0]LogInit: Object subsystem initialized
[2016.01.30-08.38.01:001][  0]LogInit: Selected Device Profile: [Windows]
[2016.01.30-08.38.01:001][  0]LogInit: Applying CVar settings loaded from the selected device profile: [Windows]
[2016.01.30-08.38.01:009][  0]LogInit: Computer: PLAN-CHENXINGHU
[2016.01.30-08.38.01:009][  0]LogInit: User: chenxinghui
[2016.01.30-08.38.01:009][  0]LogInit: CPU Page size=4096, Cores=4
[2016.01.30-08.38.01:009][  0]LogInit: High frequency timer resolution =3.117832 MHz
[2016.01.30-08.38.01:009][  0]LogMemory: Memory total: Physical=7.9GB (8GB approx)
[2016.01.30-08.38.01:009][  0]LogMemory: Platform Memory Stats for Windows
[2016.01.30-08.38.01:009][  0]LogMemory: Process Physical Memory: 56.75 MB used, 56.75 MB peak
[2016.01.30-08.38.01:009][  0]LogMemory: Process Virtual Memory: 56.71 MB used, 56.71 MB peak
[2016.01.30-08.38.01:009][  0]LogMemory: Physical Memory: 4843.06 MB used, 8130.04 MB total
[2016.01.30-08.38.01:009][  0]LogMemory: Virtual Memory: 349.46 MB used, 8388608.00 MB total
[2016.01.30-08.38.01:493][  0]LogD3D11RHI: Found D3D11 adapter 0: NVIDIA GeForce GTX 660   (Feature Level 11_0)
[2016.01.30-08.38.01:493][  0]LogD3D11RHI: Adapter has 1989MB of dedicated video memory, 0MB of dedicated system memory, and 2048MB of shared system memory, 2 output[s]
[2016.01.30-08.38.01:493][  0]LogD3D11RHI: Chosen D3D11 Adapter Id = 0
[2016.01.30-08.38.01:501][  0]LogD3D11RHI: !Direct3DDevice
[2016.01.30-08.38.01:501][  0]LogRHI: Texture pool is 1361 MB (70% of 1945 MB)
[2016.01.30-08.38.01:509][  0]LogD3D11RHI: Async texture creation enabled
[2016.01.30-08.38.01:523][  0]LogShaderCompilers: Guid format shader working directory is 9 characters bigger than the processId version (E:/Unreal Work Space/ExampleCollection10/Intermediate/Shaders/WorkingDirectory/7708/).
[2016.01.30-08.38.01:523][  0]LogShaderCompilers: Cleaned the shader compiler working directory 'C:/Users/CHENXI~1/AppData/Local/Temp/UnrealShaderWorkingDir/11B7EBB445DC072E5C42E8AFC59F7181/'.
[2016.01.30-08.38.01:523][  0]LogShaderCompilers:Display: Using Local Shader Compiler.
[2016.01.30-08.38.02:734][  0]LogTemp:Display: Loaded TP AllDesktopTargetPlatform
[2016.01.30-08.38.02:739][  0]LogTemp:Display: Loaded TP WindowsClientTargetPlatform
[2016.01.30-08.38.02:743][  0]LogTemp:Display: Loaded TP WindowsNoEditorTargetPlatform
[2016.01.30-08.38.02:747][  0]LogTemp:Display: Loaded TP WindowsServerTargetPlatform
[2016.01.30-08.38.02:751][  0]LogTemp:Display: Loaded TP WindowsTargetPlatform
[2016.01.30-08.38.02:754][  0]LogTemp:Display: Loaded TP AndroidTargetPlatform
[2016.01.30-08.38.02:756][  0]LogTemp:Display: Loaded TP Android_ASTCTargetPlatform
[2016.01.30-08.38.02:758][  0]LogTemp:Display: Loaded TP Android_ATCTargetPlatform
[2016.01.30-08.38.02:761][  0]LogTemp:Display: Loaded TP Android_DXTTargetPlatform
[2016.01.30-08.38.02:764][  0]LogTemp:Display: Loaded TP Android_ETC1TargetPlatform
[2016.01.30-08.38.02:766][  0]LogTemp:Display: Loaded TP Android_ETC2TargetPlatform
[2016.01.30-08.38.02:772][  0]LogTemp:Display: Loaded TP Android_MultiTargetPlatform
[2016.01.30-08.38.02:772][  0]LogTemp:Display: Loaded TP Android_PVRTCTargetPlatform
[2016.01.30-08.38.02:772][  0]LogTemp:Display: Loaded TP HTML5TargetPlatform
[2016.01.30-08.38.02:787][  0]LogTemp:Display: Loaded TP IOSTargetPlatform
[2016.01.30-08.38.02:789][  0]LogTemp:Display: Loaded TP LinuxNoEditorTargetPlatform
[2016.01.30-08.38.02:791][  0]LogTemp:Display: Loaded TP LinuxServerTargetPlatform
[2016.01.30-08.38.02:794][  0]LogTemp:Display: Loaded TP LinuxTargetPlatform
[2016.01.30-08.38.02:794][  0]LogTargetPlatformManager:Display: Building Assets For Windows
[2016.01.30-08.38.02:860][  0]LogDerivedDataCache:Display: Max Cache Size: 512 MB
[2016.01.30-08.38.03:342][  0]LogDerivedDataCache: Loaded boot cache 0.48s 41MB C:/Users/chenxinghui/AppData/Local/UnrealEngine/4.10/DerivedDataCache/Boot.ddc.
[2016.01.30-08.38.03:342][  0]LogDerivedDataCache:Display: Loaded Boot cache: C:/Users/chenxinghui/AppData/Local/UnrealEngine/4.10/DerivedDataCache/Boot.ddc
[2016.01.30-08.38.03:342][  0]LogDerivedDataCache: FDerivedDataBackendGraph:  Pak pak cache file E:/Unreal Work Space/ExampleCollection10/DerivedDataCache/DDC.ddp not found, will not use a pak cache.
[2016.01.30-08.38.03:342][  0]LogDerivedDataCache: Unable to find inner node Pak for hierarchical cache Hierarchy.
[2016.01.30-08.38.03:342][  0]LogDerivedDataCache: FDerivedDataBackendGraph:  CompressedPak pak cache file E:/Unreal Work Space/ExampleCollection10/DerivedDataCache/Compressed.ddp not found, will not use a pak cache.
[2016.01.30-08.38.03:342][  0]LogDerivedDataCache: Unable to find inner node CompressedPak for hierarchical cache Hierarchy.
[2016.01.30-08.38.03:395][  0]LogDerivedDataCache:Display: Pak cache opened for reading ../../../Engine/DerivedDataCache/Compressed.ddp.
[2016.01.30-08.38.03:406][  0]LogDerivedDataCache: Using Local data cache path C:/Users/chenxinghui/AppData/Local/UnrealEngine/Common/DerivedDataCache: Writable
[2016.01.30-08.38.03:542][  0]LogInit: Selected Device Profile: [Windows]
[2016.01.30-08.38.03:542][  0]LogContentStreaming: Texture pool size is 0.000000MB
[2016.01.30-08.38.03:572][  0]LogMeshUtilities: No automatic mesh reduction module available
[2016.01.30-08.38.03:572][  0]LogMeshUtilities: No automatic mesh merging module available
[2016.01.30-08.38.03:860][  0]LogInit: WinSock: version 1.1 (2.2), MaxSocks=32767, MaxUdp=65467
[2016.01.30-08.38.04:526][  0]UdpMessaging: Initializing bridge on interface 0.0.0.0:0 to multicast group 230.0.0.1:6666.
[2016.01.30-08.38.04:616][  0]LogAssetRegistry: FAssetRegistry took 0.0104 seconds to start up
[2016.01.30-08.38.04:779][  0]SourceControl: Info Source control is disabled
[2016.01.30-08.38.04:780][  0]SourceControl: Info Source control is disabled
[2016.01.30-08.38.04:790][  0]SourceControl: Info Source control is disabled
[2016.01.30-08.38.04:802][  0]SourceControl: Info Source control is disabled
[2016.01.30-08.38.04:998][  0]LogObj: 28633 objects as part of root set at end of initial load.
[2016.01.30-08.38.04:998][  0]LogUObjectAllocator: 6099744 out of 0 bytes used by permanent object pool.
[2016.01.30-08.38.05:050][  0]LogEngine: Initializing Engine...
[2016.01.30-08.38.05:051][  0]LogHMD: Can't find Oculus library dev build: is proper Runtime installed? Version: 0.8.0.0
[2016.01.30-08.38.05:052][  0]LogHMD: SteamVR failed to initialize.  Err: 110
[2016.01.30-08.38.05:174][  0]LogAIModule: Creating AISystem for world NewWorld
[2016.01.30-08.38.05:195][  0]LogInit: XAudio2 using '扬声器 (Realtek High Definition Audio)' : 2 channels at 48 kHz using 32 bits per sample (channel mask 0x3)
[2016.01.30-08.38.05:221][  0]LogInit: FAudioDevice initialized.
[2016.01.30-08.38.05:258][  0]LogDerivedDataCache: Saved boot cache 0.04s 41MB C:/Users/chenxinghui/AppData/Local/UnrealEngine/4.10/DerivedDataCache/Boot.ddc.
[2016.01.30-08.38.05:264][  0]LogInit: Texture streaming: Enabled
[2016.01.30-08.38.05:270][  0]LogAnalytics: Creating configured Analytics provider AnalyticsET
[2016.01.30-08.38.05:270][  0]LogAnalytics: [UEEditor.Rocket.Release] APIServer = http://et2.epicgames.com/ET2/. AppVersion = 4.10.1-2791327+++depot+UE4-Releases+4.10
[2016.01.30-08.38.05:270][  0]LogAnalytics: [UEEditor.Rocket.Release] SetUserId fcc8beb743eb3f315b3205bc8f91fbb8|ecc15fb7c1f4439e807eef072eca5f98|c014cd18-b694-4710-a8b7-958888126c98
[2016.01.30-08.38.05:270][  0]LogAnalytics: [UEEditor.Rocket.Release] AnalyticsET::StartSession
[2016.01.30-08.38.05:314][  0]LogInit: Transaction tracking system initialized
[2016.01.30-08.38.05:338][  0]BlueprintLog: New page: Editor Load
[2016.01.30-08.38.05:419][  0]LocalizationService: Info Localization service is disabled
[2016.01.30-08.38.05:536][  0]LogConsoleResponse:Display: 
[2016.01.30-08.38.05:742][  0]LogCook:Display: Done creating registry. It took  0.00s.
[2016.01.30-08.38.05:830][  0]LogFileCache: Scanning file cache for directory 'E:/Unreal Work Space/ExampleCollection10/Content/' took 0.02s
[2016.01.30-08.38.05:830][  0]SourceControl: Info Source control is disabled
[2016.01.30-08.38.05:830][  0]Cmd: MAP LOAD FILE="E:/Unreal Work Space/ExampleCollection10/Content/My/TestMap/MatTestMap.umap" TEMPLATE=0 SHOWPROGRESS=1 FEATURELEVEL=3
[2016.01.30-08.38.05:920][  0]LightingResults: New page: Lighting Build
[2016.01.30-08.38.05:922][  0]MapCheck: New page: Map Check
[2016.01.30-08.38.05:922][  0]LightingResults: New page: Lighting Build
[2016.01.30-08.38.05:932][  0]LogParticles: Destroying 0 GPU particle simulations for FXSystem 0x0000000023606AC0
[2016.01.30-08.38.07:118][  0]LogAIModule: Creating AISystem for world MatTestMap
[2016.01.30-08.38.07:129][  0]LogEditorServer: Finished looking for orphan Actors (0.000 secs)
[2016.01.30-08.38.07:129][  0]Cmd: MAP CHECKDEP NOCLEARLOG
[2016.01.30-08.38.07:186][  0]MapCheck: Info Map check complete: 0 Error(s), 0 Warning(s), took 57.071ms to complete.
[2016.01.30-08.38.07:186][  0]LogFileHelpers: Loading map 'MatTestMap' took 1.357
[2016.01.30-08.38.07:391][  0]LogCollectionManager: Loaded 0 collections in 0.002334 seconds
[2016.01.30-08.38.07:437][  0]LogFileCache: Scanning file cache for directory 'E:/Unreal Work Space/ExampleCollection10/Saved/Collections/' took 0.01s
[2016.01.30-08.38.07:437][  0]LogFileCache: Scanning file cache for directory 'E:/Unreal Work Space/ExampleCollection10/Content/Developers/chenxinghui/Collections/' took 0.01s
[2016.01.30-08.38.07:437][  0]LogFileCache: Scanning file cache for directory 'E:/Unreal Work Space/ExampleCollection10/Content/Collections/' took 0.01s
[2016.01.30-08.38.07:437][  0]LogCollectionManager: Rebuilt the GUID cache for 0 collections in 0.000001 seconds
[2016.01.30-08.38.07:444][  0]LogContentBrowser: Native class hierarchy populated in 0.0069 seconds. Added 1893 classes and 338 folders.
[2016.01.30-08.38.07:462][  0]LogContentBrowser: Native class hierarchy updated for 'WidgetCarousel' in 0.0003 seconds. Added 0 classes and 0 folders.
[2016.01.30-08.38.07:536][  0]LogContentBrowser: Native class hierarchy updated for 'AddContentDialog' in 0.0003 seconds. Added 0 classes and 0 folders.
[2016.01.30-08.38.07:540][  0]LogContentBrowser: Native class hierarchy updated for 'SceneOutliner' in 0.0007 seconds. Added 1 classes and 2 folders.
[2016.01.30-08.38.07:567][  0]LogCrashTracker: Crashtracker disabled due to settings.
[2016.01.30-08.38.07:570][  0]LogUObjectGlobals:Warning: Failed to find object 'Class None.'
[2016.01.30-08.38.07:593][  0]LogLoad: Full Startup: 6.98 seconds (BP compile: 0.03 seconds)
[2016.01.30-08.38.07:608][  0]LogOcInput: Can't find Oculus library dev build: is proper Runtime installed? Version: 0.8.0.0
[2016.01.30-08.38.07:656][  0]LogContentStreaming: Texture pool size now 1000 MB
[2016.01.30-08.38.07:816][  0]LogRenderer: Reallocating scene render targets to support 824x552 (Frame:2).
[2016.01.30-08.38.07:991][  3]LogAssetRegistry: Asset discovery search completed in 3.3856 seconds
[2016.01.30-08.38.07:991][  3]LogCollectionManager: Rebuilt the object cache for 0 collections in 0.000001 seconds (found 0 objects)
[2016.01.30-08.38.07:991][  3]LogCollectionManager: Fixed up redirectors for 0 collections in 0.000017 seconds (updated 0 objects)
[2016.01.30-08.39.19:668][284]LogEditorViewport: Clicking on Actor (LMB): StaticMeshActor (Wall_400x300)
[2016.01.30-08.39.19:991][316]LogEditorViewport: Clicking on Actor (LMB): DirectionalLight (DirectionLight)
[2016.01.30-08.39.35:525][102]LogEditorViewport: Clicking on Actor (LMB): BP_Sky_Sphere_C (Sky Sphere)
[2016.01.30-08.39.36:359][188]LogEditorViewport: Clicking on Actor (LMB): BP_Sky_Sphere_C (Sky Sphere)
[2016.01.30-08.42.48:106][677]Cmd: TRANSACTION UNDO
[2016.01.30-08.42.48:106][677]LogEditorTransaction: Undo Edit Sky Distance Threshold
[2016.01.30-08.44.15:276][920]LogActorFactory: Actor Factory created SM_DoorFrame
[2016.01.30-08.44.15:738][965]LogActorFactory: Actor Factory created SM_DoorFrame
[2016.01.30-08.44.44:269][475]LogActorFactory: Actor Factory created SM_Door
[2016.01.30-08.44.44:954][544]LogActorFactory: Actor Factory created SM_Door
[2016.01.30-08.44.58:088][889]LogEditorViewport: Clicking on Actor (LMB): StaticMeshActor (SM_Door)
[2016.01.30-08.44.58:424][922]LogEditorViewport: Clicking on Actor (LMB): StaticMeshActor (SM_DoorFrame)
[2016.01.30-08.44.58:834][959]LogEditorViewport: Clicking on Actor (LMB): StaticMeshActor (SM_Door)
[2016.01.30-08.45.04:412][381]LogEditorViewport: Clicking on Actor (LMB): StaticMeshActor (Floor)
[2016.01.30-08.45.04:680][404]LogEditorViewport: Clicking on Actor (LMB): StaticMeshActor (SM_Door)
[2016.01.30-08.45.05:979][465]LogRenderer: Reallocating scene render targets to support 956x932 (Frame:20355).
[2016.01.30-08.45.13:262][ 44]Cmd: OBJ SAVEPACKAGE PACKAGE="/Game/My/TestMap/MatTestMap" FILE="E:/Unreal Work Space/ExampleCollection10/Content/My/TestMap/MatTestMap.umap" SILENT=true AUTOSAVING=false KEEPDIRTY=false
[2016.01.30-08.45.13:510][ 44]LogSavePackage: Save=181.451721ms
[2016.01.30-08.45.13:510][ 44]LogSavePackage: Moving 'E:/Unreal Work Space/ExampleCollection10/Saved/MatTestMapF17CB441407202D6892449AD97AB41A0.tmp' to 'E:/Unreal Work Space/ExampleCollection10/Content/My/TestMap/MatTestMap.umap'
[2016.01.30-08.45.13:512][ 44]LogSavePackage: Total save time: 236.398563ms
[2016.01.30-08.45.13:512][ 44]LogSavePackage:Display: Finished SavePackage E:/Unreal Work Space/ExampleCollection10/Content/My/TestMap/MatTestMap.umap
[2016.01.30-08.45.13:545][ 44]LogFileHelpers: Saving map 'MatTestMap' took 0.339
[2016.01.30-08.45.13:564][ 44]Cmd: OBJ SAVEPACKAGE PACKAGE="/Game/StarterContent/Props/SM_Door" FILE="E:/Unreal Work Space/ExampleCollection10/Content/StarterContent/Props/SM_Door.uasset" SILENT=true
[2016.01.30-08.45.13:598][ 44]LogSavePackage: Save=12.115149ms
[2016.01.30-08.45.13:598][ 44]LogSavePackage: Moving 'E:/Unreal Work Space/ExampleCollection10/Saved/SM_DoorDD99B5A24C28D6476EFC58B898512969.tmp' to 'E:/Unreal Work Space/ExampleCollection10/Content/StarterContent/Props/SM_Door.uasset'
[2016.01.30-08.45.13:599][ 44]LogSavePackage: Total save time: 34.768391ms
[2016.01.30-08.45.13:599][ 44]LogSavePackage:Display: Finished SavePackage E:/Unreal Work Space/ExampleCollection10/Content/StarterContent/Props/SM_Door.uasset
[2016.01.30-08.45.14:757][148]LogEditorViewport: Clicking on Actor (LMB): StaticMeshActor (Floor)
[2016.01.30-08.45.15:204][188]LogEditorViewport: Clicking on Actor (LMB): StaticMeshActor (SM_Door)
[2016.01.30-08.45.19:350][564]LogActorFactory: Actor Factory created SM_Door
[2016.01.30-08.45.19:592][588]LogActorFactory: Actor Factory created SM_Door
[2016.01.30-08.45.25:928][102]LogEditorViewport: Clicking on Actor (LMB): StaticMeshActor (SM_Door2)
[2016.01.30-08.45.26:840][191]Cmd: DELETE
[2016.01.30-08.45.26:840][191]Cmd: ACTOR DELETE
[2016.01.30-08.45.26:852][191]LogEditorActor: Deleted Actor: StaticMeshActor
[2016.01.30-08.45.26:862][191]LogParticles: Destroying 0 GPU particle simulations for FXSystem 0x00000000585A6480
[2016.01.30-08.45.26:862][191]LogParticles: Destroying 0 GPU particle simulations for FXSystem 0x0000000037806C00
[2016.01.30-08.45.26:865][191]LogEditorActor: Deleted 1 Actors (0.014 secs)
[2016.01.30-08.45.39:005][461]LogEditorViewport: Clicking on Actor (LMB): StaticMeshActor (Floor)
[2016.01.30-08.45.39:281][486]LogEditorViewport: Clicking on Actor (LMB): StaticMeshActor (Floor)
[2016.01.30-08.45.39:662][526]LogEditorViewport: Clicking on Actor (LMB): StaticMeshActor (Floor)
[2016.01.30-08.45.40:228][588]LogEditorViewport: Clicking on Actor (LMB): StaticMeshActor (Floor)
[2016.01.30-08.45.40:854][657]LogEditorViewport: Clicking on Actor (LMB): StaticMeshActor (Floor)
[2016.01.30-08.45.41:200][694]LogEditorViewport: Clicking on Actor (LMB): StaticMeshActor (Floor)
[2016.01.30-08.45.41:553][732]LogEditorViewport: Clicking on Actor (LMB): StaticMeshActor (Floor)
[2016.01.30-08.45.42:062][788]LogEditorViewport: Clicking on Actor (LMB): StaticMeshActor (Floor)
[2016.01.30-08.45.48:934][ 39]LogEditorViewport: Clicking on Actor (LMB): StaticMeshActor (Floor)
[2016.01.30-08.45.49:310][ 79]LogEditorViewport: Clicking on Actor (LMB): StaticMeshActor (Floor)
[2016.01.30-08.45.49:635][113]LogEditorViewport: Clicking on Actor (LMB): StaticMeshActor (Floor)
[2016.01.30-08.45.50:114][164]LogEditorViewport: Clicking on Actor (LMB): TriggerBox (TriggerBox)
[2016.01.30-08.45.59:804][205]LogEditorViewport: Clicking on Actor (LMB): StaticMeshActor (Floor)
[2016.01.30-08.46.02:066][416]LogEditorViewport: Clicking on Actor (LMB): TriggerBox (TriggerBox)
[2016.01.30-08.46.02:390][446]LogEditorViewport: Clicking on Actor (LMB): StaticMeshActor (Floor)
[2016.01.30-08.46.03:068][513]LogEditorViewport: Clicking on Actor (LMB): StaticMeshActor (Floor)
[2016.01.30-08.46.03:403][545]LogEditorViewport: Clicking on Actor (LMB): StaticMeshActor (Floor)
[2016.01.30-08.46.03:765][580]LogEditorViewport: Clicking on Actor (LMB): TriggerBox (TriggerBox)
[2016.01.30-08.46.05:669][773]LogEditorViewport: Clicking on Actor (LMB): StaticMeshActor (Floor)
[2016.01.30-08.46.08:118][ 28]LogEditorViewport: Clicking on Actor (LMB): StaticMeshActor (SM_Door)
[2016.01.30-08.46.25:769][256]LogEditorViewport: Clicking on Actor (LMB): StaticMeshActor (SM_Door)
[2016.01.30-08.46.37:772][472]LogEditorViewport: Clicking on Actor (LMB): StaticMeshActor (Floor)
[2016.01.30-08.46.38:098][491]LogEditorViewport: Clicking on Actor (LMB): StaticMeshActor (Floor)
[2016.01.30-08.46.39:692][666]LogEditorViewport: Clicking on Actor (LMB): TriggerBox (TriggerBox)
[2016.01.30-08.47.24:485][184]LogEditorViewport: Clicking on Actor (LMB): StaticMeshActor (Floor)
[2016.01.30-08.47.29:314][727]LogContentBrowser: Native class hierarchy updated for 'Matinee' in 0.0004 seconds. Added 15 classes and 2 folders.
[2016.01.30-08.47.29:332][727]LogInit: Transaction tracking system initialized
[2016.01.30-08.47.29:348][727]EditorErrors: New page: Matinee Initialization
[2016.01.30-08.48.47:185][ 51]LogEditorViewport: Clicking on Actor (LMB): StaticMeshActor (SM_Door)
[2016.01.30-08.49.10:215][ 56]LogEditorViewport: Clicking on Actor (LMB): StaticMeshActor (SM_Door)
[2016.01.30-08.52.53:653][691]LogEditorViewport: Clicking on Actor (LMB): StaticMeshActor (SM_Door)
[2016.01.30-08.52.54:133][737]LogEditorViewport: Clicking on Actor (LMB): StaticMeshActor (SM_Door)
[2016.01.30-09.02.23:793][492]LogEditorViewport: Clicking on Actor (LMB): CameraActor (CameraActor)
[2016.01.30-09.02.55:240][979]LogEditorViewport: Clicking on Actor (LMB): CameraActor (CameraActor)
[2016.01.30-09.03.05:579][710]LogEditorViewport: Clicking on Actor (LMB): CameraActor (CameraActor)
[2016.01.30-09.03.31:036][742]LogEditorViewport: Clicking on Actor (LMB): CameraActor (CameraActor)
[2016.01.30-09.03.51:935][687]LogActorComponent: UnregisterComponent: (/Engine/Transient.MovementComponent0) Not registered. Aborting.
[2016.01.30-09.03.54:183][687]Cmd: OBJ SAVEPACKAGE PACKAGE="/Game/My/TestMap/MatTestMap" FILE="E:/Unreal Work Space/ExampleCollection10/Content/My/TestMap/MatTestMap.umap" SILENT=true AUTOSAVING=false KEEPDIRTY=false
[2016.01.30-09.03.54:193][687]LogExit: Transaction tracking system shut down
[2016.01.30-09.03.54:411][687]LogSavePackage: Save=190.152969ms
[2016.01.30-09.03.54:411][687]LogSavePackage: Moving 'E:/Unreal Work Space/ExampleCollection10/Saved/MatTestMap9C0A2EE0453C6BA3DFEF03B74689209A.tmp' to 'E:/Unreal Work Space/ExampleCollection10/Content/My/TestMap/MatTestMap.umap'
[2016.01.30-09.03.54:413][687]LogSavePackage: Total save time: 218.969461ms
[2016.01.30-09.03.54:413][687]LogSavePackage:Display: Finished SavePackage E:/Unreal Work Space/ExampleCollection10/Content/My/TestMap/MatTestMap.umap
[2016.01.30-09.03.54:443][687]LogFileHelpers: Saving map 'MatTestMap' took 0.318
[2016.01.30-09.03.57:600][961]LogEditorViewport: Clicking on Actor (LMB): StaticMeshActor (SM_DoorFrame)
[2016.01.30-09.04.03:085][565]LogLinker:Warning: Asset '../../../Engine/Content/ArtTools/RenderToTexture/Macros/RenderToTextureMacros.uasset' has been saved with empty engine version. The asset will be loaded but may be incompatible.
[2016.01.30-09.04.03:407][565]LogContentBrowser: Native class hierarchy updated for 'BlueprintGraph' in 0.0006 seconds. Added 107 classes and 0 folders.
[2016.01.30-09.04.06:324][763]LogEditorViewport: Clicking on Actor (LMB): StaticMeshActor (Floor)
[2016.01.30-09.04.06:885][812]LogEditorViewport: Clicking on Actor (LMB): StaticMeshActor (Floor)
[2016.01.30-09.04.07:127][832]LogEditorViewport: Clicking on Component (LMB): StaticMeshComponent (StaticMeshComponent0)
[2016.01.30-09.04.07:538][868]LogEditorViewport: Clicking on Component (LMB): StaticMeshComponent (StaticMeshComponent0)
[2016.01.30-09.04.08:187][928]LogEditorViewport: Clicking on Component (LMB): StaticMeshComponent (StaticMeshComponent0)
[2016.01.30-09.04.09:197][ 11]LogEditorViewport: Clicking on Actor (LMB): StaticMeshActor (SM_Door)
[2016.01.30-09.04.09:470][ 27]LogEditorViewport: Clicking on Actor (LMB): StaticMeshActor (Floor)
[2016.01.30-09.04.09:886][ 56]LogEditorViewport: Clicking on Actor (LMB): TriggerBox (TriggerBox)
[2016.01.30-09.04.40:976][836]Cmd: CAMERA ALIGN ACTIVEVIEWPORTONLY
[2016.01.30-09.05.09:024][800]LogEditorViewport: Clicking on Actor (LMB): CameraActor (CameraActor)
[2016.01.30-09.05.12:477][ 47]LogEditorViewport: Clicking on Actor (LMB): CameraActor (CameraActor)
[2016.01.30-09.05.16:240][358]LogEditorViewport: Clicking on Actor (LMB): CameraActor (CameraActor)
[2016.01.30-09.05.37:974][487]BlueprintLog: New page: Compile MatTestMap
[2016.01.30-09.05.38:031][487]LogActorComponent: UnregisterComponent: (/Engine/Transient.CharMoveComp) Not registered. Aborting.
[2016.01.30-09.05.38:056][487]BlueprintEditorCompileResults: Info [1657.42] Compile of MatTestMap successful! [in 82 ms]
[2016.01.30-09.05.38:530][517]Cmd: OBJ SAVEPACKAGE PACKAGE="/Game/My/TestMap/MatTestMap" FILE="E:/Unreal Work Space/ExampleCollection10/Content/My/TestMap/MatTestMap.umap" SILENT=true AUTOSAVING=false KEEPDIRTY=false
[2016.01.30-09.05.38:778][517]LogSavePackage: Save=209.533737ms
[2016.01.30-09.05.38:778][517]LogSavePackage: Moving 'E:/Unreal Work Space/ExampleCollection10/Saved/MatTestMap8B1530C04CDB48D19311A7B58388D9BC.tmp' to 'E:/Unreal Work Space/ExampleCollection10/Content/My/TestMap/MatTestMap.umap'
[2016.01.30-09.05.38:780][517]LogSavePackage: Total save time: 227.997214ms
[2016.01.30-09.05.38:780][517]LogSavePackage:Display: Finished SavePackage E:/Unreal Work Space/ExampleCollection10/Content/My/TestMap/MatTestMap.umap
[2016.01.30-09.05.38:809][517]LogFileHelpers: Saving map 'MatTestMap' took 0.341
[2016.01.30-09.05.39:404][566]LogBlueprintUserMessages: Early PlayInEditor Detection: Level '/Game/My/TestMap/MatTestMap.MatTestMap:PersistentLevel' has LevelScriptBlueprint '/Game/My/TestMap/MatTestMap.MatTestMap:PersistentLevel.MatTestMap' with GeneratedClass '/Game/My/TestMap/MatTestMap.MatTestMap_C' with ClassGeneratedBy '/Game/My/TestMap/MatTestMap.MatTestMap:PersistentLevel.MatTestMap'
[2016.01.30-09.05.39:404][566]LogPlayLevel: PlayLevel: No blueprints needed recompiling
[2016.01.30-09.05.39:404][566]PIE: New page: PIE session: MatTestMap (Jan 31, 2016, 1:05:39 AM)
[2016.01.30-09.05.39:404][566]LogPlayLevel: Creating play world package: /Game/My/TestMap/UEDPIE_0_MatTestMap
[2016.01.30-09.05.39:450][566]LogPlayLevel: PIE: StaticDuplicateObject took: (0.046049s)
[2016.01.30-09.05.39:451][566]LogAIModule: Creating AISystem for world MatTestMap
[2016.01.30-09.05.39:451][566]LogPlayLevel: PIE: World Init took: (0.000783s)
[2016.01.30-09.05.39:451][566]LogPlayLevel: PIE: Created PIE world by copying editor world from /Game/My/TestMap/MatTestMap.MatTestMap to /Game/My/TestMap/UEDPIE_0_MatTestMap.MatTestMap (0.047054s)
[2016.01.30-09.05.39:513][566]LogInit: XAudio2 using '扬声器 (Realtek High Definition Audio)' : 2 channels at 48 kHz using 32 bits per sample (channel mask 0x3)
[2016.01.30-09.05.39:534][566]LogInit: FAudioDevice initialized.
[2016.01.30-09.05.39:575][566]LogWorld: Game class is 'ThirdPersonGameMode_C'
[2016.01.30-09.05.39:585][566]LogWorld: Bringing World /Game/My/TestMap/UEDPIE_0_MatTestMap.MatTestMap up for play (max tick rate 0) at 2016.01.30-17.05.39
[2016.01.30-09.05.39:585][566]LogActor:Warning: GameSession /Game/My/TestMap/UEDPIE_0_MatTestMap.MatTestMap:PersistentLevel.GameSession_0 has natively added scene component(s), but none of them were set as the actor's RootComponent - picking one arbitrarily
[2016.01.30-09.05.39:585][566]LogActor:Warning: GameNetworkManager /Game/My/TestMap/UEDPIE_0_MatTestMap.MatTestMap:PersistentLevel.GameNetworkManager_0 has natively added scene component(s), but none of them were set as the actor's RootComponent - picking one arbitrarily
[2016.01.30-09.05.39:601][566]LogWorld: Bringing up level for play took: 0.024613
[2016.01.30-09.05.39:603][566]PIE: Info Play in editor start time for /Game/My/TestMap/UEDPIE_0_MatTestMap 0.021
[2016.01.30-09.05.39:603][566]LogBlueprintUserMessages: Late PlayInEditor Detection: Level '/Game/My/TestMap/MatTestMap.MatTestMap:PersistentLevel' has LevelScriptBlueprint '/Game/My/TestMap/MatTestMap.MatTestMap:PersistentLevel.MatTestMap' with GeneratedClass '/Game/My/TestMap/MatTestMap.MatTestMap_C' with ClassGeneratedBy '/Game/My/TestMap/MatTestMap.MatTestMap:PersistentLevel.MatTestMap'
[2016.01.30-09.05.44:347][ 48]LogBlueprintUserMessages: Early EndPlayMap Detection: Level '/Game/My/TestMap/MatTestMap.MatTestMap:PersistentLevel' has LevelScriptBlueprint '/Game/My/TestMap/MatTestMap.MatTestMap:PersistentLevel.MatTestMap' with GeneratedClass '/Game/My/TestMap/MatTestMap.MatTestMap_C' with ClassGeneratedBy '/Game/My/TestMap/MatTestMap.MatTestMap:PersistentLevel.MatTestMap'
[2016.01.30-09.05.44:391][ 48]LogBlueprintUserMessages: Late EndPlayMap Detection: Level '/Game/My/TestMap/MatTestMap.MatTestMap:PersistentLevel' has LevelScriptBlueprint '/Game/My/TestMap/MatTestMap.MatTestMap:PersistentLevel.MatTestMap' with GeneratedClass '/Game/My/TestMap/MatTestMap.MatTestMap_C' with ClassGeneratedBy '/Game/My/TestMap/MatTestMap.MatTestMap:PersistentLevel.MatTestMap'
[2016.01.30-09.05.44:413][ 48]LogParticles: Destroying 0 GPU particle simulations for FXSystem 0x00000000585DE3E0
[2016.01.30-09.05.59:135][531]LogEditorViewport: Clicking on Actor (LMB): TriggerBox (TriggerBox)
[2016.01.30-09.06.12:352][760]BlueprintLog: New page: Compile MatTestMap
[2016.01.30-09.06.12:411][760]BlueprintEditorCompileResults: Info [1691.77] Compile of MatTestMap successful! [in 58 ms]
[2016.01.30-09.06.12:821][790]Cmd: OBJ SAVEPACKAGE PACKAGE="/Game/My/TestMap/MatTestMap" FILE="E:/Unreal Work Space/ExampleCollection10/Content/My/TestMap/MatTestMap.umap" SILENT=true AUTOSAVING=false KEEPDIRTY=false
[2016.01.30-09.06.13:066][790]LogSavePackage: Save=205.246140ms
[2016.01.30-09.06.13:066][790]LogSavePackage: Moving 'E:/Unreal Work Space/ExampleCollection10/Saved/MatTestMap93FDA10D49C50FF9755281A9B3B95B19.tmp' to 'E:/Unreal Work Space/ExampleCollection10/Content/My/TestMap/MatTestMap.umap'
[2016.01.30-09.06.13:068][790]LogSavePackage: Total save time: 224.139724ms
[2016.01.30-09.06.13:068][790]LogSavePackage:Display: Finished SavePackage E:/Unreal Work Space/ExampleCollection10/Content/My/TestMap/MatTestMap.umap
[2016.01.30-09.06.13:097][790]LogFileHelpers: Saving map 'MatTestMap' took 0.336
[2016.01.30-09.06.13:791][854]LogBlueprintUserMessages: Early PlayInEditor Detection: Level '/Game/My/TestMap/MatTestMap.MatTestMap:PersistentLevel' has LevelScriptBlueprint '/Game/My/TestMap/MatTestMap.MatTestMap:PersistentLevel.MatTestMap' with GeneratedClass '/Game/My/TestMap/MatTestMap.MatTestMap_C' with ClassGeneratedBy '/Game/My/TestMap/MatTestMap.MatTestMap:PersistentLevel.MatTestMap'
[2016.01.30-09.06.13:791][854]LogPlayLevel: PlayLevel: No blueprints needed recompiling
[2016.01.30-09.06.13:791][854]PIE: New page: PIE session: MatTestMap (Jan 31, 2016, 1:06:13 AM)
[2016.01.30-09.06.13:791][854]LogPlayLevel: Creating play world package: /Game/My/TestMap/UEDPIE_0_MatTestMap
[2016.01.30-09.06.13:805][854]LogPlayLevel: PIE: StaticDuplicateObject took: (0.013950s)
[2016.01.30-09.06.13:805][854]LogAIModule: Creating AISystem for world MatTestMap
[2016.01.30-09.06.13:806][854]LogPlayLevel: PIE: World Init took: (0.000758s)
[2016.01.30-09.06.13:806][854]LogPlayLevel: PIE: Created PIE world by copying editor world from /Game/My/TestMap/MatTestMap.MatTestMap to /Game/My/TestMap/UEDPIE_0_MatTestMap.MatTestMap (0.014904s)
[2016.01.30-09.06.13:843][854]LogInit: XAudio2 using '扬声器 (Realtek High Definition Audio)' : 2 channels at 48 kHz using 32 bits per sample (channel mask 0x3)
[2016.01.30-09.06.13:862][854]LogInit: FAudioDevice initialized.
[2016.01.30-09.06.13:891][854]LogWorld: Game class is 'ThirdPersonGameMode_C'
[2016.01.30-09.06.13:901][854]LogWorld: Bringing World /Game/My/TestMap/UEDPIE_0_MatTestMap.MatTestMap up for play (max tick rate 0) at 2016.01.30-17.06.13
[2016.01.30-09.06.13:901][854]LogActor:Warning: GameSession /Game/My/TestMap/UEDPIE_0_MatTestMap.MatTestMap:PersistentLevel.GameSession_1 has natively added scene component(s), but none of them were set as the actor's RootComponent - picking one arbitrarily
[2016.01.30-09.06.13:901][854]LogActor:Warning: GameNetworkManager /Game/My/TestMap/UEDPIE_0_MatTestMap.MatTestMap:PersistentLevel.GameNetworkManager_1 has natively added scene component(s), but none of them were set as the actor's RootComponent - picking one arbitrarily
[2016.01.30-09.06.13:901][854]LogWorld: Bringing up level for play took: 0.009277
[2016.01.30-09.06.13:904][854]PIE: Info Play in editor start time for /Game/My/TestMap/UEDPIE_0_MatTestMap 0.323
[2016.01.30-09.06.13:904][854]LogBlueprintUserMessages: Late PlayInEditor Detection: Level '/Game/My/TestMap/MatTestMap.MatTestMap:PersistentLevel' has LevelScriptBlueprint '/Game/My/TestMap/MatTestMap.MatTestMap:PersistentLevel.MatTestMap' with GeneratedClass '/Game/My/TestMap/MatTestMap.MatTestMap_C' with ClassGeneratedBy '/Game/My/TestMap/MatTestMap.MatTestMap:PersistentLevel.MatTestMap'
[2016.01.30-09.06.17:023][184]LogBlueprintUserMessages: Early EndPlayMap Detection: Level '/Game/My/TestMap/MatTestMap.MatTestMap:PersistentLevel' has LevelScriptBlueprint '/Game/My/TestMap/MatTestMap.MatTestMap:PersistentLevel.MatTestMap' with GeneratedClass '/Game/My/TestMap/MatTestMap.MatTestMap_C' with ClassGeneratedBy '/Game/My/TestMap/MatTestMap.MatTestMap:PersistentLevel.MatTestMap'
[2016.01.30-09.06.17:062][184]LogBlueprintUserMessages: Late EndPlayMap Detection: Level '/Game/My/TestMap/MatTestMap.MatTestMap:PersistentLevel' has LevelScriptBlueprint '/Game/My/TestMap/MatTestMap.MatTestMap:PersistentLevel.MatTestMap' with GeneratedClass '/Game/My/TestMap/MatTestMap.MatTestMap_C' with ClassGeneratedBy '/Game/My/TestMap/MatTestMap.MatTestMap:PersistentLevel.MatTestMap'
[2016.01.30-09.06.17:084][184]LogParticles: Destroying 0 GPU particle simulations for FXSystem 0x0000000036C844A0
[2016.01.30-09.07.34:825][981]BlueprintLog: New page: Compile MatTestMap
[2016.01.30-09.07.34:888][981]BlueprintEditorCompileResults: Info [1774.25] Compile of MatTestMap successful! [in 62 ms]
[2016.01.30-09.07.36:123][ 98]LogBlueprintUserMessages: Early PlayInEditor Detection: Level '/Game/My/TestMap/MatTestMap.MatTestMap:PersistentLevel' has LevelScriptBlueprint '/Game/My/TestMap/MatTestMap.MatTestMap:PersistentLevel.MatTestMap' with GeneratedClass '/Game/My/TestMap/MatTestMap.MatTestMap_C' with ClassGeneratedBy '/Game/My/TestMap/MatTestMap.MatTestMap:PersistentLevel.MatTestMap'
[2016.01.30-09.07.36:123][ 98]LogPlayLevel: PlayLevel: No blueprints needed recompiling
[2016.01.30-09.07.36:123][ 98]PIE: New page: PIE session: MatTestMap (Jan 31, 2016, 1:07:36 AM)
[2016.01.30-09.07.36:123][ 98]LogPlayLevel: Creating play world package: /Game/My/TestMap/UEDPIE_0_MatTestMap
[2016.01.30-09.07.36:157][ 98]LogPlayLevel: PIE: StaticDuplicateObject took: (0.033469s)
[2016.01.30-09.07.36:158][ 98]LogAIModule: Creating AISystem for world MatTestMap
[2016.01.30-09.07.36:158][ 98]LogPlayLevel: PIE: World Init took: (0.000820s)
[2016.01.30-09.07.36:158][ 98]LogPlayLevel: PIE: Created PIE world by copying editor world from /Game/My/TestMap/MatTestMap.MatTestMap to /Game/My/TestMap/UEDPIE_0_MatTestMap.MatTestMap (0.034492s)
[2016.01.30-09.07.36:195][ 98]LogInit: XAudio2 using '扬声器 (Realtek High Definition Audio)' : 2 channels at 48 kHz using 32 bits per sample (channel mask 0x3)
[2016.01.30-09.07.36:215][ 98]LogInit: FAudioDevice initialized.
[2016.01.30-09.07.36:245][ 98]LogWorld: Game class is 'ThirdPersonGameMode_C'
[2016.01.30-09.07.36:255][ 98]LogWorld: Bringing World /Game/My/TestMap/UEDPIE_0_MatTestMap.MatTestMap up for play (max tick rate 0) at 2016.01.30-17.07.36
[2016.01.30-09.07.36:255][ 98]LogActor:Warning: GameSession /Game/My/TestMap/UEDPIE_0_MatTestMap.MatTestMap:PersistentLevel.GameSession_2 has natively added scene component(s), but none of them were set as the actor's RootComponent - picking one arbitrarily
[2016.01.30-09.07.36:255][ 98]LogActor:Warning: GameNetworkManager /Game/My/TestMap/UEDPIE_0_MatTestMap.MatTestMap:PersistentLevel.GameNetworkManager_2 has natively added scene component(s), but none of them were set as the actor's RootComponent - picking one arbitrarily
[2016.01.30-09.07.36:255][ 98]LogWorld: Bringing up level for play took: 0.009395
[2016.01.30-09.07.36:258][ 98]PIE: Info Play in editor start time for /Game/My/TestMap/UEDPIE_0_MatTestMap 0.68
[2016.01.30-09.07.36:258][ 98]LogBlueprintUserMessages: Late PlayInEditor Detection: Level '/Game/My/TestMap/MatTestMap.MatTestMap:PersistentLevel' has LevelScriptBlueprint '/Game/My/TestMap/MatTestMap.MatTestMap:PersistentLevel.MatTestMap' with GeneratedClass '/Game/My/TestMap/MatTestMap.MatTestMap_C' with ClassGeneratedBy '/Game/My/TestMap/MatTestMap.MatTestMap:PersistentLevel.MatTestMap'
[2016.01.30-09.07.44:103][923]LogBlueprintUserMessages: Early EndPlayMap Detection: Level '/Game/My/TestMap/MatTestMap.MatTestMap:PersistentLevel' has LevelScriptBlueprint '/Game/My/TestMap/MatTestMap.MatTestMap:PersistentLevel.MatTestMap' with GeneratedClass '/Game/My/TestMap/MatTestMap.MatTestMap_C' with ClassGeneratedBy '/Game/My/TestMap/MatTestMap.MatTestMap:PersistentLevel.MatTestMap'
[2016.01.30-09.07.44:144][923]LogBlueprintUserMessages: Late EndPlayMap Detection: Level '/Game/My/TestMap/MatTestMap.MatTestMap:PersistentLevel' has LevelScriptBlueprint '/Game/My/TestMap/MatTestMap.MatTestMap:PersistentLevel.MatTestMap' with GeneratedClass '/Game/My/TestMap/MatTestMap.MatTestMap_C' with ClassGeneratedBy '/Game/My/TestMap/MatTestMap.MatTestMap:PersistentLevel.MatTestMap'
[2016.01.30-09.07.44:193][924]LogParticles: Destroying 0 GPU particle simulations for FXSystem 0x000000003F02EA20
[2016.01.30-09.07.51:182][594]BlueprintLog: New page: Compile MatTestMap
[2016.01.30-09.07.51:242][594]BlueprintEditorCompileResults: Info [1790.61] Compile of MatTestMap successful! [in 60 ms]
[2016.01.30-09.07.51:688][627]Cmd: OBJ SAVEPACKAGE PACKAGE="/Game/My/TestMap/MatTestMap" FILE="E:/Unreal Work Space/ExampleCollection10/Content/My/TestMap/MatTestMap.umap" SILENT=true AUTOSAVING=false KEEPDIRTY=false
[2016.01.30-09.07.51:944][627]LogSavePackage: Save=215.060013ms
[2016.01.30-09.07.51:944][627]LogSavePackage: Moving 'E:/Unreal Work Space/ExampleCollection10/Saved/MatTestMapCE39F8D045B642D4792910B90C7E8F55.tmp' to 'E:/Unreal Work Space/ExampleCollection10/Content/My/TestMap/MatTestMap.umap'
[2016.01.30-09.07.51:946][627]LogSavePackage: Total save time: 234.036025ms
[2016.01.30-09.07.51:946][627]LogSavePackage:Display: Finished SavePackage E:/Unreal Work Space/ExampleCollection10/Content/My/TestMap/MatTestMap.umap
[2016.01.30-09.07.51:975][627]LogFileHelpers: Saving map 'MatTestMap' took 0.350
[2016.01.30-09.07.52:409][666]LogBlueprintUserMessages: Early PlayInEditor Detection: Level '/Game/My/TestMap/MatTestMap.MatTestMap:PersistentLevel' has LevelScriptBlueprint '/Game/My/TestMap/MatTestMap.MatTestMap:PersistentLevel.MatTestMap' with GeneratedClass '/Game/My/TestMap/MatTestMap.MatTestMap_C' with ClassGeneratedBy '/Game/My/TestMap/MatTestMap.MatTestMap:PersistentLevel.MatTestMap'
[2016.01.30-09.07.52:409][666]LogPlayLevel: PlayLevel: No blueprints needed recompiling
[2016.01.30-09.07.52:409][666]PIE: New page: PIE session: MatTestMap (Jan 31, 2016, 1:07:52 AM)
[2016.01.30-09.07.52:409][666]LogPlayLevel: Creating play world package: /Game/My/TestMap/UEDPIE_0_MatTestMap
[2016.01.30-09.07.52:424][666]LogPlayLevel: PIE: StaticDuplicateObject took: (0.014293s)
[2016.01.30-09.07.52:424][666]LogAIModule: Creating AISystem for world MatTestMap
[2016.01.30-09.07.52:424][666]LogPlayLevel: PIE: World Init took: (0.000726s)
[2016.01.30-09.07.52:424][666]LogPlayLevel: PIE: Created PIE world by copying editor world from /Game/My/TestMap/MatTestMap.MatTestMap to /Game/My/TestMap/UEDPIE_0_MatTestMap.MatTestMap (0.015208s)
[2016.01.30-09.07.52:461][666]LogInit: XAudio2 using '扬声器 (Realtek High Definition Audio)' : 2 channels at 48 kHz using 32 bits per sample (channel mask 0x3)
[2016.01.30-09.07.52:481][666]LogInit: FAudioDevice initialized.
[2016.01.30-09.07.52:513][666]LogWorld: Game class is 'ThirdPersonGameMode_C'
[2016.01.30-09.07.52:523][666]LogWorld: Bringing World /Game/My/TestMap/UEDPIE_0_MatTestMap.MatTestMap up for play (max tick rate 0) at 2016.01.30-17.07.52
[2016.01.30-09.07.52:523][666]LogActor:Warning: GameSession /Game/My/TestMap/UEDPIE_0_MatTestMap.MatTestMap:PersistentLevel.GameSession_3 has natively added scene component(s), but none of them were set as the actor's RootComponent - picking one arbitrarily
[2016.01.30-09.07.52:523][666]LogActor:Warning: GameNetworkManager /Game/My/TestMap/UEDPIE_0_MatTestMap.MatTestMap:PersistentLevel.GameNetworkManager_3 has natively added scene component(s), but none of them were set as the actor's RootComponent - picking one arbitrarily
[2016.01.30-09.07.52:524][666]LogWorld: Bringing up level for play took: 0.009785
[2016.01.30-09.07.52:526][666]PIE: Info Play in editor start time for /Game/My/TestMap/UEDPIE_0_MatTestMap 0.95
[2016.01.30-09.07.52:526][666]LogBlueprintUserMessages: Late PlayInEditor Detection: Level '/Game/My/TestMap/MatTestMap.MatTestMap:PersistentLevel' has LevelScriptBlueprint '/Game/My/TestMap/MatTestMap.MatTestMap:PersistentLevel.MatTestMap' with GeneratedClass '/Game/My/TestMap/MatTestMap.MatTestMap_C' with ClassGeneratedBy '/Game/My/TestMap/MatTestMap.MatTestMap:PersistentLevel.MatTestMap'
[2016.01.30-09.07.54:692][894]LogBlueprintUserMessages: Early EndPlayMap Detection: Level '/Game/My/TestMap/MatTestMap.MatTestMap:PersistentLevel' has LevelScriptBlueprint '/Game/My/TestMap/MatTestMap.MatTestMap:PersistentLevel.MatTestMap' with GeneratedClass '/Game/My/TestMap/MatTestMap.MatTestMap_C' with ClassGeneratedBy '/Game/My/TestMap/MatTestMap.MatTestMap:PersistentLevel.MatTestMap'
[2016.01.30-09.07.54:736][894]LogBlueprintUserMessages: Late EndPlayMap Detection: Level '/Game/My/TestMap/MatTestMap.MatTestMap:PersistentLevel' has LevelScriptBlueprint '/Game/My/TestMap/MatTestMap.MatTestMap:PersistentLevel.MatTestMap' with GeneratedClass '/Game/My/TestMap/MatTestMap.MatTestMap_C' with ClassGeneratedBy '/Game/My/TestMap/MatTestMap.MatTestMap:PersistentLevel.MatTestMap'
[2016.01.30-09.07.54:758][894]LogParticles: Destroying 0 GPU particle simulations for FXSystem 0x000000009B53FB00
[2016.01.30-09.07.56:736][ 82]BlueprintLog: New page: Compile MatTestMap
[2016.01.30-09.07.56:796][ 82]BlueprintEditorCompileResults: Info [1796.16] Compile of MatTestMap successful! [in 60 ms]
[2016.01.30-09.07.58:731][268]BlueprintLog: New page: Compile MatTestMap
[2016.01.30-09.07.58:791][268]BlueprintEditorCompileResults: Info [1798.16] Compile of MatTestMap successful! [in 59 ms]
[2016.01.30-09.07.59:624][348]LogBlueprintUserMessages: Early PlayInEditor Detection: Level '/Game/My/TestMap/MatTestMap.MatTestMap:PersistentLevel' has LevelScriptBlueprint '/Game/My/TestMap/MatTestMap.MatTestMap:PersistentLevel.MatTestMap' with GeneratedClass '/Game/My/TestMap/MatTestMap.MatTestMap_C' with ClassGeneratedBy '/Game/My/TestMap/MatTestMap.MatTestMap:PersistentLevel.MatTestMap'
[2016.01.30-09.07.59:624][348]LogPlayLevel: PlayLevel: No blueprints needed recompiling
[2016.01.30-09.07.59:625][348]PIE: New page: PIE session: MatTestMap (Jan 31, 2016, 1:07:59 AM)
[2016.01.30-09.07.59:625][348]LogPlayLevel: Creating play world package: /Game/My/TestMap/UEDPIE_0_MatTestMap
[2016.01.30-09.07.59:638][348]LogPlayLevel: PIE: StaticDuplicateObject took: (0.013710s)
[2016.01.30-09.07.59:639][348]LogAIModule: Creating AISystem for world MatTestMap
[2016.01.30-09.07.59:639][348]LogPlayLevel: PIE: World Init took: (0.000726s)
[2016.01.30-09.07.59:639][348]LogPlayLevel: PIE: Created PIE world by copying editor world from /Game/My/TestMap/MatTestMap.MatTestMap to /Game/My/TestMap/UEDPIE_0_MatTestMap.MatTestMap (0.014622s)
[2016.01.30-09.07.59:676][348]LogInit: XAudio2 using '扬声器 (Realtek High Definition Audio)' : 2 channels at 48 kHz using 32 bits per sample (channel mask 0x3)
[2016.01.30-09.07.59:696][348]LogInit: FAudioDevice initialized.
[2016.01.30-09.07.59:726][348]LogWorld: Game class is 'ThirdPersonGameMode_C'
[2016.01.30-09.07.59:736][348]LogWorld: Bringing World /Game/My/TestMap/UEDPIE_0_MatTestMap.MatTestMap up for play (max tick rate 0) at 2016.01.30-17.07.59
[2016.01.30-09.07.59:736][348]LogActor:Warning: GameSession /Game/My/TestMap/UEDPIE_0_MatTestMap.MatTestMap:PersistentLevel.GameSession_4 has natively added scene component(s), but none of them were set as the actor's RootComponent - picking one arbitrarily
[2016.01.30-09.07.59:736][348]LogActor:Warning: GameNetworkManager /Game/My/TestMap/UEDPIE_0_MatTestMap.MatTestMap:PersistentLevel.GameNetworkManager_4 has natively added scene component(s), but none of them were set as the actor's RootComponent - picking one arbitrarily
[2016.01.30-09.07.59:736][348]LogWorld: Bringing up level for play took: 0.009390
[2016.01.30-09.07.59:738][348]PIE: Info Play in editor start time for /Game/My/TestMap/UEDPIE_0_MatTestMap 0.162
[2016.01.30-09.07.59:739][348]LogBlueprintUserMessages: Late PlayInEditor Detection: Level '/Game/My/TestMap/MatTestMap.MatTestMap:PersistentLevel' has LevelScriptBlueprint '/Game/My/TestMap/MatTestMap.MatTestMap:PersistentLevel.MatTestMap' with GeneratedClass '/Game/My/TestMap/MatTestMap.MatTestMap_C' with ClassGeneratedBy '/Game/My/TestMap/MatTestMap.MatTestMap:PersistentLevel.MatTestMap'
[2016.01.30-09.08.01:895][577]LogBlueprintUserMessages: Early EndPlayMap Detection: Level '/Game/My/TestMap/MatTestMap.MatTestMap:PersistentLevel' has LevelScriptBlueprint '/Game/My/TestMap/MatTestMap.MatTestMap:PersistentLevel.MatTestMap' with GeneratedClass '/Game/My/TestMap/MatTestMap.MatTestMap_C' with ClassGeneratedBy '/Game/My/TestMap/MatTestMap.MatTestMap:PersistentLevel.MatTestMap'
[2016.01.30-09.08.01:938][577]LogBlueprintUserMessages: Late EndPlayMap Detection: Level '/Game/My/TestMap/MatTestMap.MatTestMap:PersistentLevel' has LevelScriptBlueprint '/Game/My/TestMap/MatTestMap.MatTestMap:PersistentLevel.MatTestMap' with GeneratedClass '/Game/My/TestMap/MatTestMap.MatTestMap_C' with ClassGeneratedBy '/Game/My/TestMap/MatTestMap.MatTestMap:PersistentLevel.MatTestMap'
[2016.01.30-09.08.01:987][578]LogParticles: Destroying 0 GPU particle simulations for FXSystem 0x000000003DE46480
[2016.01.30-09.10.30:711][259]LogEditorViewport: Clicking on Actor (LMB): CameraActor (CameraActor)
[2016.01.30-09.10.50:014][606]BlueprintLog: New page: Compile MatTestMap
[2016.01.30-09.10.50:078][606]BlueprintEditorCompileResults: Info [1969.45] Compile of MatTestMap successful! [in 63 ms]
[2016.01.30-09.10.50:760][652]Cmd: OBJ SAVEPACKAGE PACKAGE="/Game/My/TestMap/MatTestMap" FILE="E:/Unreal Work Space/ExampleCollection10/Content/My/TestMap/MatTestMap.umap" SILENT=true AUTOSAVING=false KEEPDIRTY=false
[2016.01.30-09.10.51:019][652]LogSavePackage: Save=212.421646ms
[2016.01.30-09.10.51:019][652]LogSavePackage: Moving 'E:/Unreal Work Space/ExampleCollection10/Saved/MatTestMap69BE1C754E3601DB056B53AC1EBB2256.tmp' to 'E:/Unreal Work Space/ExampleCollection10/Content/My/TestMap/MatTestMap.umap'
[2016.01.30-09.10.51:021][652]LogSavePackage: Total save time: 237.974338ms
[2016.01.30-09.10.51:021][652]LogSavePackage:Display: Finished SavePackage E:/Unreal Work Space/ExampleCollection10/Content/My/TestMap/MatTestMap.umap
[2016.01.30-09.10.51:050][652]LogFileHelpers: Saving map 'MatTestMap' took 0.352
[2016.01.30-09.10.52:922][749]LogBlueprintUserMessages: Early PlayInEditor Detection: Level '/Game/My/TestMap/MatTestMap.MatTestMap:PersistentLevel' has LevelScriptBlueprint '/Game/My/TestMap/MatTestMap.MatTestMap:PersistentLevel.MatTestMap' with GeneratedClass '/Game/My/TestMap/MatTestMap.MatTestMap_C' with ClassGeneratedBy '/Game/My/TestMap/MatTestMap.MatTestMap:PersistentLevel.MatTestMap'
[2016.01.30-09.10.52:922][749]LogPlayLevel: PlayLevel: No blueprints needed recompiling
[2016.01.30-09.10.52:922][749]PIE: New page: PIE session: MatTestMap (Jan 31, 2016, 1:10:52 AM)
[2016.01.30-09.10.52:922][749]LogPlayLevel: Creating play world package: /Game/My/TestMap/UEDPIE_0_MatTestMap
[2016.01.30-09.10.52:937][749]LogPlayLevel: PIE: StaticDuplicateObject took: (0.014484s)
[2016.01.30-09.10.52:938][749]LogAIModule: Creating AISystem for world MatTestMap
[2016.01.30-09.10.52:938][749]LogPlayLevel: PIE: World Init took: (0.000849s)
[2016.01.30-09.10.52:938][749]LogPlayLevel: PIE: Created PIE world by copying editor world from /Game/My/TestMap/MatTestMap.MatTestMap to /Game/My/TestMap/UEDPIE_0_MatTestMap.MatTestMap (0.015552s)
[2016.01.30-09.10.52:999][749]LogInit: XAudio2 using '扬声器 (Realtek High Definition Audio)' : 2 channels at 48 kHz using 32 bits per sample (channel mask 0x3)
[2016.01.30-09.10.53:020][749]LogInit: FAudioDevice initialized.
[2016.01.30-09.10.53:048][749]LogWorld: Game class is 'ThirdPersonGameMode_C'
[2016.01.30-09.10.53:058][749]LogWorld: Bringing World /Game/My/TestMap/UEDPIE_0_MatTestMap.MatTestMap up for play (max tick rate 0) at 2016.01.30-17.10.53
[2016.01.30-09.10.53:058][749]LogActor:Warning: GameSession /Game/My/TestMap/UEDPIE_0_MatTestMap.MatTestMap:PersistentLevel.GameSession_5 has natively added scene component(s), but none of them were set as the actor's RootComponent - picking one arbitrarily
[2016.01.30-09.10.53:058][749]LogActor:Warning: GameNetworkManager /Game/My/TestMap/UEDPIE_0_MatTestMap.MatTestMap:PersistentLevel.GameNetworkManager_5 has natively added scene component(s), but none of them were set as the actor's RootComponent - picking one arbitrarily
[2016.01.30-09.10.53:058][749]LogWorld: Bringing up level for play took: 0.009416
[2016.01.30-09.10.53:061][749]PIE: Info Play in editor start time for /Game/My/TestMap/UEDPIE_0_MatTestMap -0.508
[2016.01.30-09.10.53:061][749]LogBlueprintUserMessages: Late PlayInEditor Detection: Level '/Game/My/TestMap/MatTestMap.MatTestMap:PersistentLevel' has LevelScriptBlueprint '/Game/My/TestMap/MatTestMap.MatTestMap:PersistentLevel.MatTestMap' with GeneratedClass '/Game/My/TestMap/MatTestMap.MatTestMap_C' with ClassGeneratedBy '/Game/My/TestMap/MatTestMap.MatTestMap:PersistentLevel.MatTestMap'
[2016.01.30-09.11.27:402][827]LogBlueprintUserMessages: Early EndPlayMap Detection: Level '/Game/My/TestMap/MatTestMap.MatTestMap:PersistentLevel' has LevelScriptBlueprint '/Game/My/TestMap/MatTestMap.MatTestMap:PersistentLevel.MatTestMap' with GeneratedClass '/Game/My/TestMap/MatTestMap.MatTestMap_C' with ClassGeneratedBy '/Game/My/TestMap/MatTestMap.MatTestMap:PersistentLevel.MatTestMap'
[2016.01.30-09.11.27:443][827]LogBlueprintUserMessages: Late EndPlayMap Detection: Level '/Game/My/TestMap/MatTestMap.MatTestMap:PersistentLevel' has LevelScriptBlueprint '/Game/My/TestMap/MatTestMap.MatTestMap:PersistentLevel.MatTestMap' with GeneratedClass '/Game/My/TestMap/MatTestMap.MatTestMap_C' with ClassGeneratedBy '/Game/My/TestMap/MatTestMap.MatTestMap:PersistentLevel.MatTestMap'
[2016.01.30-09.11.27:465][827]LogParticles: Destroying 0 GPU particle simulations for FXSystem 0x00000000582D0EA0
[2016.01.30-09.12.51:313][125]BlueprintLog: New page: Compile MatTestMap
[2016.01.30-09.12.51:376][125]BlueprintEditorCompileResults: Info [2090.75] Compile of MatTestMap successful! [in 62 ms]
[2016.01.30-09.12.51:782][151]Cmd: OBJ SAVEPACKAGE PACKAGE="/Game/My/TestMap/MatTestMap" FILE="E:/Unreal Work Space/ExampleCollection10/Content/My/TestMap/MatTestMap.umap" SILENT=true AUTOSAVING=false KEEPDIRTY=false
[2016.01.30-09.12.52:035][151]LogSavePackage: Save=214.322968ms
[2016.01.30-09.12.52:035][151]LogSavePackage: Moving 'E:/Unreal Work Space/ExampleCollection10/Saved/MatTestMap54B8F517487D62B5121FA2B793D789E9.tmp' to 'E:/Unreal Work Space/ExampleCollection10/Content/My/TestMap/MatTestMap.umap'
[2016.01.30-09.12.52:037][151]LogSavePackage: Total save time: 232.390326ms
[2016.01.30-09.12.52:037][151]LogSavePackage:Display: Finished SavePackage E:/Unreal Work Space/ExampleCollection10/Content/My/TestMap/MatTestMap.umap
[2016.01.30-09.12.52:066][151]LogFileHelpers: Saving map 'MatTestMap' took 0.346
[2016.01.30-09.12.54:228][307]LogBlueprintUserMessages: Early PlayInEditor Detection: Level '/Game/My/TestMap/MatTestMap.MatTestMap:PersistentLevel' has LevelScriptBlueprint '/Game/My/TestMap/MatTestMap.MatTestMap:PersistentLevel.MatTestMap' with GeneratedClass '/Game/My/TestMap/MatTestMap.MatTestMap_C' with ClassGeneratedBy '/Game/My/TestMap/MatTestMap.MatTestMap:PersistentLevel.MatTestMap'
[2016.01.30-09.12.54:228][307]LogPlayLevel: PlayLevel: No blueprints needed recompiling
[2016.01.30-09.12.54:228][307]PIE: New page: PIE session: MatTestMap (Jan 31, 2016, 1:12:54 AM)
[2016.01.30-09.12.54:228][307]LogPlayLevel: Creating play world package: /Game/My/TestMap/UEDPIE_0_MatTestMap
[2016.01.30-09.12.54:243][307]LogPlayLevel: PIE: StaticDuplicateObject took: (0.014539s)
[2016.01.30-09.12.54:243][307]LogAIModule: Creating AISystem for world MatTestMap
[2016.01.30-09.12.54:244][307]LogPlayLevel: PIE: World Init took: (0.000891s)
[2016.01.30-09.12.54:244][307]LogPlayLevel: PIE: Created PIE world by copying editor world from /Game/My/TestMap/MatTestMap.MatTestMap to /Game/My/TestMap/UEDPIE_0_MatTestMap.MatTestMap (0.015626s)
[2016.01.30-09.12.54:303][307]LogInit: XAudio2 using '扬声器 (Realtek High Definition Audio)' : 2 channels at 48 kHz using 32 bits per sample (channel mask 0x3)
[2016.01.30-09.12.54:324][307]LogInit: FAudioDevice initialized.
[2016.01.30-09.12.54:352][307]LogWorld: Game class is 'ThirdPersonGameMode_C'
[2016.01.30-09.12.54:362][307]LogWorld: Bringing World /Game/My/TestMap/UEDPIE_0_MatTestMap.MatTestMap up for play (max tick rate 0) at 2016.01.30-17.12.54
[2016.01.30-09.12.54:362][307]LogActor:Warning: GameSession /Game/My/TestMap/UEDPIE_0_MatTestMap.MatTestMap:PersistentLevel.GameSession_6 has natively added scene component(s), but none of them were set as the actor's RootComponent - picking one arbitrarily
[2016.01.30-09.12.54:362][307]LogActor:Warning: GameNetworkManager /Game/My/TestMap/UEDPIE_0_MatTestMap.MatTestMap:PersistentLevel.GameNetworkManager_6 has natively added scene component(s), but none of them were set as the actor's RootComponent - picking one arbitrarily
[2016.01.30-09.12.54:363][307]LogWorld: Bringing up level for play took: 0.009670
[2016.01.30-09.12.54:365][307]PIE: Info Play in editor start time for /Game/My/TestMap/UEDPIE_0_MatTestMap 0.801
[2016.01.30-09.12.54:365][307]LogBlueprintUserMessages: Late PlayInEditor Detection: Level '/Game/My/TestMap/MatTestMap.MatTestMap:PersistentLevel' has LevelScriptBlueprint '/Game/My/TestMap/MatTestMap.MatTestMap:PersistentLevel.MatTestMap' with GeneratedClass '/Game/My/TestMap/MatTestMap.MatTestMap_C' with ClassGeneratedBy '/Game/My/TestMap/MatTestMap.MatTestMap:PersistentLevel.MatTestMap'
[2016.01.30-09.13.04:303][391]LogBlueprintUserMessages: Early EndPlayMap Detection: Level '/Game/My/TestMap/MatTestMap.MatTestMap:PersistentLevel' has LevelScriptBlueprint '/Game/My/TestMap/MatTestMap.MatTestMap:PersistentLevel.MatTestMap' with GeneratedClass '/Game/My/TestMap/MatTestMap.MatTestMap_C' with ClassGeneratedBy '/Game/My/TestMap/MatTestMap.MatTestMap:PersistentLevel.MatTestMap'
[2016.01.30-09.13.04:344][391]LogBlueprintUserMessages: Late EndPlayMap Detection: Level '/Game/My/TestMap/MatTestMap.MatTestMap:PersistentLevel' has LevelScriptBlueprint '/Game/My/TestMap/MatTestMap.MatTestMap:PersistentLevel.MatTestMap' with GeneratedClass '/Game/My/TestMap/MatTestMap.MatTestMap_C' with ClassGeneratedBy '/Game/My/TestMap/MatTestMap.MatTestMap:PersistentLevel.MatTestMap'
[2016.01.30-09.13.04:366][391]LogParticles: Destroying 0 GPU particle simulations for FXSystem 0x00000000795AB6A0
[2016.01.30-09.15.12:615][822]LogActorComponent: UnregisterComponent: (/Engine/Transient.CharMoveComp) Not registered. Aborting.
[2016.01.30-09.15.12:733][822]Cmd: OBJ SAVEPACKAGE PACKAGE="/Game/My/TestMap/MatTestMap" FILE="E:/Unreal Work Space/ExampleCollection10/Content/My/TestMap/MatTestMap.umap" SILENT=true AUTOSAVING=false KEEPDIRTY=false
[2016.01.30-09.15.12:992][822]LogSavePackage: Save=219.464676ms
[2016.01.30-09.15.12:992][822]LogSavePackage: Moving 'E:/Unreal Work Space/ExampleCollection10/Saved/MatTestMap88EEDDE3498DB13A3ADD068508CDE4A8.tmp' to 'E:/Unreal Work Space/ExampleCollection10/Content/My/TestMap/MatTestMap.umap'
[2016.01.30-09.15.12:994][822]LogSavePackage: Total save time: 237.711333ms
[2016.01.30-09.15.12:994][822]LogSavePackage:Display: Finished SavePackage E:/Unreal Work Space/ExampleCollection10/Content/My/TestMap/MatTestMap.umap
[2016.01.30-09.15.13:024][822]LogFileHelpers: Saving map 'MatTestMap' took 0.353
[2016.01.30-09.15.28:575][ 70]BlueprintLog: New page: Compile MatTestMap
[2016.01.30-09.15.28:640][ 70]BlueprintEditorCompileResults: Info [2248.03] Compile of MatTestMap successful! [in 64 ms]
[2016.01.30-09.15.34:164][514]BlueprintLog: New page: Compile MatTestMap
[2016.01.30-09.15.34:229][514]BlueprintEditorCompileResults: Info [2253.61] Compile of MatTestMap successful! [in 64 ms]
[2016.01.30-09.15.34:707][544]Cmd: OBJ SAVEPACKAGE PACKAGE="/Game/My/TestMap/MatTestMap" FILE="E:/Unreal Work Space/ExampleCollection10/Content/My/TestMap/MatTestMap.umap" SILENT=true AUTOSAVING=false KEEPDIRTY=false
[2016.01.30-09.15.34:964][544]LogSavePackage: Save=216.451370ms
[2016.01.30-09.15.34:964][544]LogSavePackage: Moving 'E:/Unreal Work Space/ExampleCollection10/Saved/MatTestMap6982302F4665A83CA4ACF698B8696DED.tmp' to 'E:/Unreal Work Space/ExampleCollection10/Content/My/TestMap/MatTestMap.umap'
[2016.01.30-09.15.34:966][544]LogSavePackage: Total save time: 234.860316ms
[2016.01.30-09.15.34:966][544]LogSavePackage:Display: Finished SavePackage E:/Unreal Work Space/ExampleCollection10/Content/My/TestMap/MatTestMap.umap
[2016.01.30-09.15.34:995][544]LogFileHelpers: Saving map 'MatTestMap' took 0.349
[2016.01.30-09.15.36:448][625]LogBlueprintUserMessages: Early PlayInEditor Detection: Level '/Game/My/TestMap/MatTestMap.MatTestMap:PersistentLevel' has LevelScriptBlueprint '/Game/My/TestMap/MatTestMap.MatTestMap:PersistentLevel.MatTestMap' with GeneratedClass '/Game/My/TestMap/MatTestMap.MatTestMap_C' with ClassGeneratedBy '/Game/My/TestMap/MatTestMap.MatTestMap:PersistentLevel.MatTestMap'
[2016.01.30-09.15.36:448][625]LogPlayLevel: PlayLevel: No blueprints needed recompiling
[2016.01.30-09.15.36:448][625]PIE: New page: PIE session: MatTestMap (Jan 31, 2016, 1:15:36 AM)
[2016.01.30-09.15.36:448][625]LogPlayLevel: Creating play world package: /Game/My/TestMap/UEDPIE_0_MatTestMap
[2016.01.30-09.15.36:464][625]LogPlayLevel: PIE: StaticDuplicateObject took: (0.015988s)
[2016.01.30-09.15.36:464][625]LogAIModule: Creating AISystem for world MatTestMap
[2016.01.30-09.15.36:465][625]LogPlayLevel: PIE: World Init took: (0.000713s)
[2016.01.30-09.15.36:465][625]LogPlayLevel: PIE: Created PIE world by copying editor world from /Game/My/TestMap/MatTestMap.MatTestMap to /Game/My/TestMap/UEDPIE_0_MatTestMap.MatTestMap (0.016881s)
[2016.01.30-09.15.36:524][625]LogInit: XAudio2 using '扬声器 (Realtek High Definition Audio)' : 2 channels at 48 kHz using 32 bits per sample (channel mask 0x3)
[2016.01.30-09.15.36:546][625]LogInit: FAudioDevice initialized.
[2016.01.30-09.15.36:573][625]LogWorld: Game class is 'ThirdPersonGameMode_C'
[2016.01.30-09.15.36:583][625]LogWorld: Bringing World /Game/My/TestMap/UEDPIE_0_MatTestMap.MatTestMap up for play (max tick rate 0) at 2016.01.30-17.15.36
[2016.01.30-09.15.36:583][625]LogActor:Warning: GameSession /Game/My/TestMap/UEDPIE_0_MatTestMap.MatTestMap:PersistentLevel.GameSession_7 has natively added scene component(s), but none of them were set as the actor's RootComponent - picking one arbitrarily
[2016.01.30-09.15.36:583][625]LogActor:Warning: GameNetworkManager /Game/My/TestMap/UEDPIE_0_MatTestMap.MatTestMap:PersistentLevel.GameNetworkManager_7 has natively added scene component(s), but none of them were set as the actor's RootComponent - picking one arbitrarily
[2016.01.30-09.15.36:584][625]LogWorld: Bringing up level for play took: 0.009511
[2016.01.30-09.15.36:586][625]PIE: Info Play in editor start time for /Game/My/TestMap/UEDPIE_0_MatTestMap 1.028
[2016.01.30-09.15.36:586][625]LogBlueprintUserMessages: Late PlayInEditor Detection: Level '/Game/My/TestMap/MatTestMap.MatTestMap:PersistentLevel' has LevelScriptBlueprint '/Game/My/TestMap/MatTestMap.MatTestMap:PersistentLevel.MatTestMap' with GeneratedClass '/Game/My/TestMap/MatTestMap.MatTestMap_C' with ClassGeneratedBy '/Game/My/TestMap/MatTestMap.MatTestMap:PersistentLevel.MatTestMap'
[2016.01.30-09.15.43:518][382]LogBlueprintUserMessages: Early EndPlayMap Detection: Level '/Game/My/TestMap/MatTestMap.MatTestMap:PersistentLevel' has LevelScriptBlueprint '/Game/My/TestMap/MatTestMap.MatTestMap:PersistentLevel.MatTestMap' with GeneratedClass '/Game/My/TestMap/MatTestMap.MatTestMap_C' with ClassGeneratedBy '/Game/My/TestMap/MatTestMap.MatTestMap:PersistentLevel.MatTestMap'
[2016.01.30-09.15.43:565][382]LogBlueprintUserMessages: Late EndPlayMap Detection: Level '/Game/My/TestMap/MatTestMap.MatTestMap:PersistentLevel' has LevelScriptBlueprint '/Game/My/TestMap/MatTestMap.MatTestMap:PersistentLevel.MatTestMap' with GeneratedClass '/Game/My/TestMap/MatTestMap.MatTestMap_C' with ClassGeneratedBy '/Game/My/TestMap/MatTestMap.MatTestMap:PersistentLevel.MatTestMap'
[2016.01.30-09.15.43:588][382]LogParticles: Destroying 0 GPU particle simulations for FXSystem 0x000000009AB01300
[2016.01.30-09.16.06:013][166]BlueprintLog: New page: Compile MatTestMap
[2016.01.30-09.16.06:078][166]BlueprintEditorCompileResults: Info [2285.46] Compile of MatTestMap successful! [in 64 ms]
[2016.01.30-09.16.06:425][187]Cmd: OBJ SAVEPACKAGE PACKAGE="/Game/My/TestMap/MatTestMap" FILE="E:/Unreal Work Space/ExampleCollection10/Content/My/TestMap/MatTestMap.umap" SILENT=true AUTOSAVING=false KEEPDIRTY=false
[2016.01.30-09.16.06:740][187]LogSavePackage: Save=267.806274ms
[2016.01.30-09.16.06:741][187]LogSavePackage: Moving 'E:/Unreal Work Space/ExampleCollection10/Saved/MatTestMap7EE881394002E727B3B78295849D30D6.tmp' to 'E:/Unreal Work Space/ExampleCollection10/Content/My/TestMap/MatTestMap.umap'
[2016.01.30-09.16.06:742][187]LogSavePackage: Total save time: 294.164665ms
[2016.01.30-09.16.06:742][187]LogSavePackage:Display: Finished SavePackage E:/Unreal Work Space/ExampleCollection10/Content/My/TestMap/MatTestMap.umap
[2016.01.30-09.16.06:778][187]LogFileHelpers: Saving map 'MatTestMap' took 0.415
[2016.01.30-09.16.08:535][306]LogBlueprintUserMessages: Early PlayInEditor Detection: Level '/Game/My/TestMap/MatTestMap.MatTestMap:PersistentLevel' has LevelScriptBlueprint '/Game/My/TestMap/MatTestMap.MatTestMap:PersistentLevel.MatTestMap' with GeneratedClass '/Game/My/TestMap/MatTestMap.MatTestMap_C' with ClassGeneratedBy '/Game/My/TestMap/MatTestMap.MatTestMap:PersistentLevel.MatTestMap'
[2016.01.30-09.16.08:535][306]LogPlayLevel: PlayLevel: No blueprints needed recompiling
[2016.01.30-09.16.08:535][306]PIE: New page: PIE session: MatTestMap (Jan 31, 2016, 1:16:08 AM)
[2016.01.30-09.16.08:535][306]LogPlayLevel: Creating play world package: /Game/My/TestMap/UEDPIE_0_MatTestMap
[2016.01.30-09.16.08:550][306]LogPlayLevel: PIE: StaticDuplicateObject took: (0.015136s)
[2016.01.30-09.16.08:551][306]LogAIModule: Creating AISystem for world MatTestMap
[2016.01.30-09.16.08:551][306]LogPlayLevel: PIE: World Init took: (0.000794s)
[2016.01.30-09.16.08:551][306]LogPlayLevel: PIE: Created PIE world by copying editor world from /Game/My/TestMap/MatTestMap.MatTestMap to /Game/My/TestMap/UEDPIE_0_MatTestMap.MatTestMap (0.016136s)
[2016.01.30-09.16.08:613][306]LogInit: XAudio2 using '扬声器 (Realtek High Definition Audio)' : 2 channels at 48 kHz using 32 bits per sample (channel mask 0x3)
[2016.01.30-09.16.08:633][306]LogInit: FAudioDevice initialized.
[2016.01.30-09.16.08:662][306]LogWorld: Game class is 'ThirdPersonGameMode_C'
[2016.01.30-09.16.08:672][306]LogWorld: Bringing World /Game/My/TestMap/UEDPIE_0_MatTestMap.MatTestMap up for play (max tick rate 0) at 2016.01.30-17.16.08
[2016.01.30-09.16.08:672][306]LogActor:Warning: GameSession /Game/My/TestMap/UEDPIE_0_MatTestMap.MatTestMap:PersistentLevel.GameSession_8 has natively added scene component(s), but none of them were set as the actor's RootComponent - picking one arbitrarily
[2016.01.30-09.16.08:672][306]LogActor:Warning: GameNetworkManager /Game/My/TestMap/UEDPIE_0_MatTestMap.MatTestMap:PersistentLevel.GameNetworkManager_8 has natively added scene component(s), but none of them were set as the actor's RootComponent - picking one arbitrarily
[2016.01.30-09.16.08:672][306]LogWorld: Bringing up level for play took: 0.009333
[2016.01.30-09.16.08:675][306]PIE: Info Play in editor start time for /Game/My/TestMap/UEDPIE_0_MatTestMap 1.118
[2016.01.30-09.16.08:675][306]LogBlueprintUserMessages: Late PlayInEditor Detection: Level '/Game/My/TestMap/MatTestMap.MatTestMap:PersistentLevel' has LevelScriptBlueprint '/Game/My/TestMap/MatTestMap.MatTestMap:PersistentLevel.MatTestMap' with GeneratedClass '/Game/My/TestMap/MatTestMap.MatTestMap_C' with ClassGeneratedBy '/Game/My/TestMap/MatTestMap.MatTestMap:PersistentLevel.MatTestMap'
[2016.01.30-09.16.19:186][499]LogBlueprintUserMessages: Early EndPlayMap Detection: Level '/Game/My/TestMap/MatTestMap.MatTestMap:PersistentLevel' has LevelScriptBlueprint '/Game/My/TestMap/MatTestMap.MatTestMap:PersistentLevel.MatTestMap' with GeneratedClass '/Game/My/TestMap/MatTestMap.MatTestMap_C' with ClassGeneratedBy '/Game/My/TestMap/MatTestMap.MatTestMap:PersistentLevel.MatTestMap'
[2016.01.30-09.16.19:227][499]LogBlueprintUserMessages: Late EndPlayMap Detection: Level '/Game/My/TestMap/MatTestMap.MatTestMap:PersistentLevel' has LevelScriptBlueprint '/Game/My/TestMap/MatTestMap.MatTestMap:PersistentLevel.MatTestMap' with GeneratedClass '/Game/My/TestMap/MatTestMap.MatTestMap_C' with ClassGeneratedBy '/Game/My/TestMap/MatTestMap.MatTestMap:PersistentLevel.MatTestMap'
[2016.01.30-09.16.19:249][499]LogParticles: Destroying 0 GPU particle simulations for FXSystem 0x00000000A893DF80
[2016.01.30-09.16.22:988][754]LogParticles: Destroying 0 GPU particle simulations for FXSystem 0x000000001C107B00
[2016.01.30-09.16.22:998][755]LogParticles: Destroying 0 GPU particle simulations for FXSystem 0x0000000055E96CA0
[2016.01.30-09.16.24:459][865]Cmd: QUIT_EDITOR
[2016.01.30-09.16.24:583][865]LogExit: Preparing to exit.
[2016.01.30-09.16.25:764][865]LogExit: Editor shut down
[2016.01.30-09.16.25:764][865]LogExit: Transaction tracking system shut down
[2016.01.30-09.16.25:766][865]LogParticles: Destroying 0 GPU particle simulations for FXSystem 0x000000002B8E7E20
[2016.01.30-09.16.25:767][865]LogParticles: Destroying 0 GPU particle simulations for FXSystem 0x000000003622B880
[2016.01.30-09.16.25:767][865]LogParticles: Destroying 0 GPU particle simulations for FXSystem 0x0000000037807920
[2016.01.30-09.16.25:767][865]LogParticles: Destroying 0 GPU particle simulations for FXSystem 0x0000000037807740
[2016.01.30-09.16.25:767][865]LogParticles: Destroying 0 GPU particle simulations for FXSystem 0x00000000585BD4E0
[2016.01.30-09.16.25:927][865]LogExit: Object subsystem successfully closed.
[2016.01.30-09.16.25:937][865]LogD3D11RHI: Shutdown
[2016.01.30-09.16.25:937][865]LogD3D11RHI: CleanupD3DDevice
[2016.01.30-09.16.26:024][865]LogD3D11RHI: ~FD3D11DynamicRHI
[2016.01.30-09.16.26:034][865]LogModuleManager: Shutting down and abandoning module BlueprintGraph (203)
[2016.01.30-09.16.26:034][865]LogModuleManager: Shutting down and abandoning module DistCurveEditor (202)
[2016.01.30-09.16.26:034][865]LogModuleManager: Shutting down and abandoning module Matinee (201)
[2016.01.30-09.16.26:034][865]LogModuleManager: Shutting down and abandoning module CookingStats (200)
[2016.01.30-09.16.26:034][865]LogModuleManager: Shutting down and abandoning module StaticMeshEditor (199)
[2016.01.30-09.16.26:034][865]LogModuleManager: Shutting down and abandoning module CrashTracker (198)
[2016.01.30-09.16.26:034][865]LogModuleManager: Shutting down and abandoning module SceneOutliner (197)
[2016.01.30-09.16.26:034][865]LogModuleManager: Shutting down and abandoning module SuperSearch (196)
[2016.01.30-09.16.26:034][865]LogModuleManager: Shutting down and abandoning module WidgetCarousel (195)
[2016.01.30-09.16.26:034][865]LogModuleManager: Shutting down and abandoning module AddContentDialog (194)
[2016.01.30-09.16.26:035][865]LogModuleManager: Shutting down and abandoning module EditorWidgets (193)
[2016.01.30-09.16.26:035][865]LogModuleManager: Shutting down and abandoning module CollectionManager (192)
[2016.01.30-09.16.26:035][865]LogModuleManager: Shutting down and abandoning module StatsViewer (191)
[2016.01.30-09.16.26:035][865]LogModuleManager: Shutting down and abandoning module FoliageEdit (190)
[2016.01.30-09.16.26:035][865]LogModuleManager: Shutting down and abandoning module LandscapeEditor (189)
[2016.01.30-09.16.26:036][865]LogModuleManager: Shutting down and abandoning module ActorPickerMode (188)
[2016.01.30-09.16.26:036][865]LogModuleManager: Shutting down and abandoning module GeometryMode (187)
[2016.01.30-09.16.26:036][865]LogModuleManager: Shutting down and abandoning module TextureAlignMode (186)
[2016.01.30-09.16.26:036][865]LogModuleManager: Shutting down and abandoning module BspMode (185)
[2016.01.30-09.16.26:036][865]LogModuleManager: Shutting down and abandoning module PlacementMode (184)
[2016.01.30-09.16.26:036][865]LogModuleManager: Shutting down and abandoning module AutomationWorker (183)
[2016.01.30-09.16.26:036][865]LogModuleManager: Shutting down and abandoning module CharacterAI (182)
[2016.01.30-09.16.26:036][865]LogModuleManager: Shutting down and abandoning module SmartSnapping (181)
[2016.01.30-09.16.26:036][865]LogModuleManager: Shutting down and abandoning module ViewportSnapping (180)
[2016.01.30-09.16.26:036][865]LogModuleManager: Shutting down and abandoning module LogVisualizer (179)
[2016.01.30-09.16.26:036][865]LogModuleManager: Shutting down and abandoning module GameProjectGeneration (178)
[2016.01.30-09.16.26:036][865]LogModuleManager: Shutting down and abandoning module IntroTutorials (177)
[2016.01.30-09.16.26:036][865]LogModuleManager: Shutting down and abandoning module EditorLiveStreaming (176)
[2016.01.30-09.16.26:036][865]LogModuleManager: Shutting down and abandoning module IOSPlatformEditor (175)
[2016.01.30-09.16.26:036][865]LogModuleManager: Shutting down and abandoning module HTML5PlatformEditor (174)
[2016.01.30-09.16.26:036][865]LogModuleManager: Shutting down and abandoning module AndroidDeviceDetection (173)
[2016.01.30-09.16.26:624][865]LogModuleManager: Shutting down and abandoning module AndroidPlatformEditor (172)
[2016.01.30-09.16.26:624][865]LogModuleManager: Shutting down and abandoning module IOSRuntimeSettings (171)
[2016.01.30-09.16.26:624][865]LogModuleManager: Shutting down and abandoning module AndroidRuntimeSettings (170)
[2016.01.30-09.16.26:624][865]LogModuleManager: Shutting down and abandoning module MergeActors (169)
[2016.01.30-09.16.26:624][865]LogModuleManager: Shutting down and abandoning module SizeMap (168)
[2016.01.30-09.16.26:624][865]LogModuleManager: Shutting down and abandoning module TreeMap (167)
[2016.01.30-09.16.26:624][865]LogModuleManager: Shutting down and abandoning module ReferenceViewer (166)
[2016.01.30-09.16.26:624][865]LogModuleManager: Shutting down and abandoning module LocalizationService (165)
[2016.01.30-09.16.26:624][865]LogModuleManager: Shutting down and abandoning module LocalizationDashboard (164)
[2016.01.30-09.16.26:624][865]LogModuleManager: Shutting down and abandoning module HardwareTargeting (163)
[2016.01.30-09.16.26:624][865]LogModuleManager: Shutting down and abandoning module DeviceProfileEditor (162)
[2016.01.30-09.16.26:624][865]LogModuleManager: Shutting down and abandoning module UndoHistory (161)
[2016.01.30-09.16.26:624][865]LogModuleManager: Shutting down and abandoning module GameplayTagsEditor (160)
[2016.01.30-09.16.26:624][865]LogModuleManager: Shutting down and abandoning module UserFeedback (159)
[2016.01.30-09.16.26:624][865]LogModuleManager: Shutting down and abandoning module XmlParser (158)
[2016.01.30-09.16.26:624][865]LogModuleManager: Shutting down and abandoning module Blutility (157)
[2016.01.30-09.16.26:624][865]LogModuleManager: Shutting down and abandoning module ProjectTargetPlatformEditor (156)
[2016.01.30-09.16.26:624][865]LogModuleManager: Shutting down and abandoning module ProjectSettingsViewer (155)
[2016.01.30-09.16.26:624][865]LogModuleManager: Shutting down and abandoning module InputBindingEditor (154)
[2016.01.30-09.16.26:624][865]LogModuleManager: Shutting down and abandoning module EditorSettingsViewer (153)
[2016.01.30-09.16.26:624][865]LogModuleManager: Shutting down and abandoning module SettingsEditor (152)
[2016.01.30-09.16.26:624][865]LogModuleManager: Shutting down and abandoning module ProjectLauncher (151)
[2016.01.30-09.16.26:624][865]LogModuleManager: Shutting down and abandoning module SessionFrontend (150)
[2016.01.30-09.16.26:624][865]LogModuleManager: Shutting down and abandoning module ProfilerClient (149)
[2016.01.30-09.16.26:624][865]LogModuleManager: Shutting down and abandoning module TargetDeviceServices (148)
[2016.01.30-09.16.26:624][865]LogModuleManager: Shutting down and abandoning module DeviceManager (147)
[2016.01.30-09.16.26:624][865]LogModuleManager: Shutting down and abandoning module AutomationController (146)
[2016.01.30-09.16.26:625][865]LogModuleManager: Shutting down and abandoning module AutomationWindow (145)
[2016.01.30-09.16.26:625][865]LogModuleManager: Shutting down and abandoning module Layers (144)
[2016.01.30-09.16.26:625][865]LogModuleManager: Shutting down and abandoning module ComponentVisualizers (143)
[2016.01.30-09.16.26:625][865]LogModuleManager: Shutting down and abandoning module DetailCustomizations (142)
[2016.01.30-09.16.26:625][865]LogModuleManager: Shutting down and abandoning module PackagesDialog (141)
[2016.01.30-09.16.26:625][865]LogModuleManager: Shutting down and abandoning module Persona (140)
[2016.01.30-09.16.26:625][865]LogModuleManager: Shutting down and abandoning module Kismet (139)
[2016.01.30-09.16.26:625][865]LogModuleManager: Shutting down and abandoning module GraphEditor (138)
[2016.01.30-09.16.26:625][865]LogModuleManager: Shutting down and abandoning module ClassViewer (137)
[2016.01.30-09.16.26:626][865]LogModuleManager: Shutting down and abandoning module Toolbox (136)
[2016.01.30-09.16.26:626][865]LogModuleManager: Shutting down and abandoning module ModuleUI (135)
[2016.01.30-09.16.26:626][865]LogModuleManager: Shutting down and abandoning module MovieSceneTools (134)
[2016.01.30-09.16.26:626][865]LogModuleManager: Shutting down and abandoning module OutputLog (133)
[2016.01.30-09.16.26:626][865]LogModuleManager: Shutting down and abandoning module GammaUI (132)
[2016.01.30-09.16.26:626][865]LogModuleManager: Shutting down and abandoning module Documentation (131)
[2016.01.30-09.16.26:626][865]LogModuleManager: Shutting down and abandoning module GameLiveStreaming (130)
[2016.01.30-09.16.26:626][865]LogModuleManager: Shutting down and abandoning module StreamingPauseRendering (129)
[2016.01.30-09.16.26:626][865]LogModuleManager: Shutting down and abandoning module AnalyticsET (128)
[2016.01.30-09.16.26:626][865]LogModuleManager: Shutting down and abandoning module Analytics (127)
[2016.01.30-09.16.26:626][865]LogModuleManager: Shutting down and abandoning module AITestSuite (126)
[2016.01.30-09.16.26:626][865]LogModuleManager: Shutting down and abandoning module GameplayDebugger (125)
[2016.01.30-09.16.26:626][865]LogModuleManager: Shutting down and abandoning module AIModule (124)
[2016.01.30-09.16.26:626][865]LogModuleManager: Shutting down and abandoning module ProfilerService (123)
[2016.01.30-09.16.26:652][865]LogModuleManager: Shutting down and abandoning module TaskGraph (122)
[2016.01.30-09.16.26:652][865]LogModuleManager: Shutting down and abandoning module SlateRemote (121)
[2016.01.30-09.16.26:652][865]LogModuleManager: Shutting down and abandoning module SteamVRController (120)
[2016.01.30-09.16.26:652][865]LogModuleManager: Shutting down and abandoning module SteamVR (119)
[2016.01.30-09.16.26:652][865]LogModuleManager: Shutting down and abandoning module ProceduralMeshComponent (118)
[2016.01.30-09.16.26:652][865]LogModuleManager: Shutting down and abandoning module OculusLibrary (117)
[2016.01.30-09.16.26:652][865]LogModuleManager: Shutting down and abandoning module OculusInput (116)
[2016.01.30-09.16.26:652][865]LogModuleManager: Shutting down and abandoning module LeapMotionController (115)
[2016.01.30-09.16.26:660][865]LogModuleManager: Shutting down and abandoning module CustomMeshComponent (114)
[2016.01.30-09.16.26:660][865]LogModuleManager: Shutting down and abandoning module CableComponent (113)
[2016.01.30-09.16.26:660][865]LogModuleManager: Shutting down and abandoning module ArchVisCharacter (112)
[2016.01.30-09.16.26:660][865]LogModuleManager: Shutting down and abandoning module MessagingDebugger (111)
[2016.01.30-09.16.26:660][865]LogModuleManager: Shutting down and abandoning module MediaPlayerEditor (110)
[2016.01.30-09.16.26:660][865]LogModuleManager: Shutting down and abandoning module HTML5Networking (109)
[2016.01.30-09.16.26:660][865]LogModuleManager: Shutting down and abandoning module SpeedTreeImporter (108)
[2016.01.30-09.16.26:660][865]LogModuleManager: Shutting down and abandoning module PluginBrowser (107)
[2016.01.30-09.16.26:660][865]LogModuleManager: Shutting down and abandoning module EpicSurvey (106)
[2016.01.30-09.16.26:660][865]LogModuleManager: Shutting down and abandoning module DesktopPlatform (105)
[2016.01.30-09.16.26:660][865]LogModuleManager: Shutting down and abandoning module VisualStudioSourceCodeAccess (104)
[2016.01.30-09.16.26:660][865]LogModuleManager: Shutting down and abandoning module UObjectPlugin (103)
[2016.01.30-09.16.26:660][865]LogModuleManager: Shutting down and abandoning module SubversionSourceControl (102)
[2016.01.30-09.16.26:660][865]LogModuleManager: Shutting down and abandoning module PerforceSourceControl (101)
[2016.01.30-09.16.26:660][865]LogModuleManager: Shutting down and abandoning module SourceControl (100)
[2016.01.30-09.16.26:660][865]LogModuleManager: Shutting down and abandoning module GitSourceControl (99)
[2016.01.30-09.16.26:660][865]LogModuleManager: Shutting down and abandoning module LightPropagationVolumeEditor (98)
[2016.01.30-09.16.26:660][865]LogModuleManager: Shutting down and abandoning module PaperTiledImporter (97)
[2016.01.30-09.16.26:660][865]LogModuleManager: Shutting down and abandoning module PaperSpriteSheetImporter (96)
[2016.01.30-09.16.26:660][865]LogModuleManager: Shutting down and abandoning module MeshPaint (95)
[2016.01.30-09.16.26:660][865]LogModuleManager: Shutting down and abandoning module SlateReflector (94)
[2016.01.30-09.16.26:660][865]LogModuleManager: Shutting down and abandoning module HotReload (93)
[2016.01.30-09.16.26:660][865]LogModuleManager: Shutting down and abandoning module MainFrame (92)
[2016.01.30-09.16.26:661][865]LogModuleManager: Shutting down and abandoning module LevelEditor (91)
[2016.01.30-09.16.26:661][865]LogModuleManager: Shutting down and abandoning module DirectoryWatcher (90)
[2016.01.30-09.16.26:662][865]LogModuleManager: Shutting down and abandoning module AssetRegistry (89)
[2016.01.30-09.16.26:691][865]LogModuleManager: Shutting down and abandoning module ContentBrowser (88)
[2016.01.30-09.16.26:691][865]LogModuleManager: Shutting down and abandoning module Paper2DEditor (87)
[2016.01.30-09.16.26:691][865]LogModuleManager: Shutting down and abandoning module UdpMessaging (86)
[2016.01.30-09.16.26:792][865]LogModuleManager: Shutting down and abandoning module LightPropagationVolumeRuntime (85)
[2016.01.30-09.16.26:792][865]LogModuleManager: Shutting down and abandoning module Paper2D (84)
[2016.01.30-09.16.26:792][865]LogModuleManager: Shutting down and abandoning module WindowsMoviePlayer (83)
[2016.01.30-09.16.26:795][865]LogModuleManager: Shutting down and abandoning module Media (82)
[2016.01.30-09.16.26:795][865]LogModuleManager: Shutting down and abandoning module WmfMedia (81)
[2016.01.30-09.16.26:795][865]LogModuleManager: Shutting down and abandoning module OnlineBlueprintSupport (80)
[2016.01.30-09.16.26:796][865]LogModuleManager: Shutting down and abandoning module GameplayTasksEditor (79)
[2016.01.30-09.16.26:796][865]LogModuleManager: Shutting down and abandoning module PropertyEditor (78)
[2016.01.30-09.16.26:796][865]LogModuleManager: Shutting down and abandoning module BehaviorTreeEditor (77)
[2016.01.30-09.16.26:796][865]LogModuleManager: Shutting down and abandoning module FunctionalTesting (76)
[2016.01.30-09.16.26:796][865]LogModuleManager: Shutting down and abandoning module CollisionAnalyzer (75)
[2016.01.30-09.16.26:796][865]LogModuleManager: Shutting down and abandoning module WorkspaceMenuStructure (74)
[2016.01.30-09.16.26:796][865]LogModuleManager: Shutting down and abandoning module MessageLog (73)
[2016.01.30-09.16.26:796][865]LogModuleManager: Shutting down and abandoning module Sequencer (72)
[2016.01.30-09.16.26:796][865]LogModuleManager: Shutting down and abandoning module AssetTools (71)
[2016.01.30-09.16.26:796][865]LogModuleManager: Shutting down and abandoning module UMGEditor (70)
[2016.01.30-09.16.26:796][865]LogModuleManager: Shutting down and abandoning module UMG (69)
[2016.01.30-09.16.26:796][865]LogModuleManager: Shutting down and abandoning module Slate (68)
[2016.01.30-09.16.26:796][865]LogModuleManager: Shutting down and abandoning module EditorStyle (67)
[2016.01.30-09.16.26:797][865]LogModuleManager: Shutting down and abandoning module SessionServices (66)
[2016.01.30-09.16.26:797][865]LogModuleManager: Shutting down and abandoning module SourceCodeAccess (65)
[2016.01.30-09.16.26:797][865]LogModuleManager: Shutting down and abandoning module HeadMountedDisplay (64)
[2016.01.30-09.16.26:797][865]LogModuleManager: Shutting down and abandoning module XAudio2 (63)
[2016.01.30-09.16.26:797][865]LogModuleManager: Shutting down and abandoning module Networking (61)
[2016.01.30-09.16.26:797][865]LogModuleManager: Shutting down and abandoning module Core (60)
[2016.01.30-09.16.26:797][865]LogModuleManager: Shutting down and abandoning module KismetCompiler (59)
[2016.01.30-09.16.26:797][865]LogModuleManager: Shutting down and abandoning module PhysXFormats (58)
[2016.01.30-09.16.26:797][865]LogModuleManager: Shutting down and abandoning module MeshUtilities (57)
[2016.01.30-09.16.26:797][865]LogModuleManager: Shutting down and abandoning module DerivedDataCache (56)
[2016.01.30-09.16.26:868][865]LogDerivedDataCache: Shutdown
[2016.01.30-09.16.26:868][865]LogModuleManager: Shutting down and abandoning module ShaderFormatOpenGL (55)
[2016.01.30-09.16.26:868][865]LogModuleManager: Shutting down and abandoning module ShaderFormatD3D (54)
[2016.01.30-09.16.26:868][865]LogModuleManager: Shutting down and abandoning module MetalShaderFormat (53)
[2016.01.30-09.16.26:868][865]LogModuleManager: Shutting down and abandoning module TextureFormatUncompressed (52)
[2016.01.30-09.16.26:868][865]LogModuleManager: Shutting down and abandoning module TextureFormatPVR (51)
[2016.01.30-09.16.26:868][865]LogModuleManager: Shutting down and abandoning module TextureFormatIntelISPCTexComp (50)
[2016.01.30-09.16.26:868][865]LogModuleManager: Shutting down and abandoning module TextureFormatDXT (49)
[2016.01.30-09.16.26:868][865]LogModuleManager: Shutting down and abandoning module ImageWrapper (48)
[2016.01.30-09.16.26:868][865]LogModuleManager: Shutting down and abandoning module TextureFormatASTC (47)
[2016.01.30-09.16.26:868][865]LogModuleManager: Shutting down and abandoning module TextureFormatAndroid (46)
[2016.01.30-09.16.26:868][865]LogModuleManager: Shutting down and abandoning module AudioFormatOpus (45)
[2016.01.30-09.16.26:868][865]LogModuleManager: Shutting down and abandoning module AudioFormatOgg (44)
[2016.01.30-09.16.26:868][865]LogModuleManager: Shutting down and abandoning module AudioFormatADPCM (43)
[2016.01.30-09.16.26:868][865]LogModuleManager: Shutting down and abandoning module LinuxTargetPlatform (42)
[2016.01.30-09.16.26:868][865]LogModuleManager: Shutting down and abandoning module LinuxServerTargetPlatform (41)
[2016.01.30-09.16.26:868][865]LogModuleManager: Shutting down and abandoning module LinuxNoEditorTargetPlatform (40)
[2016.01.30-09.16.26:868][865]LogModuleManager: Shutting down and abandoning module Messaging (39)
[2016.01.30-09.16.26:868][865]LogModuleManager: Shutting down and abandoning module IOSTargetPlatform (38)
[2016.01.30-09.16.26:868][865]LogModuleManager: Shutting down and abandoning module HTML5TargetPlatform (37)
[2016.01.30-09.16.26:868][865]LogModuleManager: Shutting down and abandoning module Android_PVRTCTargetPlatform (36)
[2016.01.30-09.16.26:868][865]LogModuleManager: Shutting down and abandoning module Android_MultiTargetPlatform (35)
[2016.01.30-09.16.26:868][865]LogModuleManager: Shutting down and abandoning module Android_ETC2TargetPlatform (34)
[2016.01.30-09.16.26:868][865]LogModuleManager: Shutting down and abandoning module Android_ETC1TargetPlatform (33)
[2016.01.30-09.16.26:868][865]LogModuleManager: Shutting down and abandoning module Android_DXTTargetPlatform (32)
[2016.01.30-09.16.26:868][865]LogModuleManager: Shutting down and abandoning module Android_ATCTargetPlatform (31)
[2016.01.30-09.16.26:868][865]LogModuleManager: Shutting down and abandoning module Android_ASTCTargetPlatform (30)
[2016.01.30-09.16.26:868][865]LogModuleManager: Shutting down and abandoning module AndroidTargetPlatform (29)
[2016.01.30-09.16.26:868][865]LogModuleManager: Shutting down and abandoning module WindowsTargetPlatform (28)
[2016.01.30-09.16.26:868][865]LogModuleManager: Shutting down and abandoning module WindowsServerTargetPlatform (27)
[2016.01.30-09.16.26:868][865]LogModuleManager: Shutting down and abandoning module WindowsNoEditorTargetPlatform (26)
[2016.01.30-09.16.26:868][865]LogModuleManager: Shutting down and abandoning module WindowsClientTargetPlatform (25)
[2016.01.30-09.16.26:868][865]LogModuleManager: Shutting down and abandoning module AllDesktopTargetPlatform (24)
[2016.01.30-09.16.26:868][865]LogModuleManager: Shutting down and abandoning module TargetPlatform (23)
[2016.01.30-09.16.26:868][865]LogModuleManager: Shutting down and abandoning module InputCore (22)
[2016.01.30-09.16.26:868][865]LogModuleManager: Shutting down and abandoning module Settings (21)
[2016.01.30-09.16.26:868][865]LogModuleManager: Shutting down and abandoning module OnlineSubsystem (19)
[2016.01.30-09.16.26:868][865]LogModuleManager: Shutting down and abandoning module HTTP (18)
[2016.01.30-09.16.28:368][865]LogModuleManager: Shutting down and abandoning module XMPP (17)
[2016.01.30-09.16.28:368][865]LogModuleManager: Shutting down and abandoning module OculusRift (16)
[2016.01.30-09.16.28:368][865]LogModuleManager: Shutting down and abandoning module ExampleDeviceProfileSelector (15)
[2016.01.30-09.16.28:368][865]LogModuleManager: Shutting down and abandoning module TextureCompressor (14)
[2016.01.30-09.16.28:368][865]LogModuleManager: Shutting down and abandoning module ShaderCore (13)
[2016.01.30-09.16.28:368][865]LogModuleManager: Shutting down and abandoning module Landscape (12)
[2016.01.30-09.16.28:368][865]LogModuleManager: Shutting down and abandoning module SlateRHIRenderer (11)
[2016.01.30-09.16.28:370][865]LogModuleManager: Shutting down and abandoning module OpenGLDrv (10)
[2016.01.30-09.16.28:370][865]LogModuleManager: Shutting down and abandoning module D3D11RHI (9)
[2016.01.30-09.16.28:370][865]LogModuleManager: Shutting down and abandoning module AnimGraphRuntime (8)
[2016.01.30-09.16.28:370][865]LogModuleManager: Shutting down and abandoning module Renderer (7)
[2016.01.30-09.16.28:370][865]LogModuleManager: Shutting down and abandoning module Engine (6)
[2016.01.30-09.16.28:370][865]LogModuleManager: Shutting down and abandoning module CoreUObject (5)
[2016.01.30-09.16.28:370][865]LogModuleManager: Shutting down and abandoning module NetworkFile (4)
[2016.01.30-09.16.28:370][865]LogModuleManager: Shutting down and abandoning module StreamingFile (3)
[2016.01.30-09.16.28:370][865]LogModuleManager: Shutting down and abandoning module SandboxFile (2)
[2016.01.30-09.16.28:370][865]LogModuleManager: Shutting down and abandoning module PakFile (1)
[2016.01.30-09.16.28:371][865]LogExit: Exiting.
[2016.01.30-09.16.28:387][865]Log file closed, 01/30/16 17:16:28
