[2016.01.04-11.05.28:263][  0]Log file open, 01/04/16 19:05:28
[2016.01.04-11.05.28:263][  0]LogInit:Display: Running engine for game: ExampleCollection10
[2016.01.04-11.05.28:263][  0]LogPlatformFile: Not using cached read wrapper
[2016.01.04-11.05.28:263][  0]LogInit:Display: RandInit(-184199547) SRandInit(-184199546).
[2016.01.04-11.05.28:263][  0]LogTaskGraph: Started task graph with 4 named threads and 7 total threads.
[2016.01.04-11.05.28:263][  0]LogStats: Stats thread started at 5.607159
[2016.01.04-11.05.28:263][  0]LogInit: Version: 4.10.1-2791327+++depot+UE4-Releases+4.10
[2016.01.04-11.05.28:263][  0]LogInit: API Version: 2758231
[2016.01.04-11.05.28:263][  0]LogInit: Compiled (64-bit): Dec  4 2015 19:44:40
[2016.01.04-11.05.28:263][  0]LogInit: Compiled with Visual C++: 19.00.23026.00
[2016.01.04-11.05.28:263][  0]LogInit: Build Configuration: Development
[2016.01.04-11.05.28:263][  0]LogInit: Branch Name: ++depot+UE4-Releases+4.10
[2016.01.04-11.05.28:263][  0]LogInit: Command line:  
[2016.01.04-11.05.28:263][  0]LogInit: Base directory: D:/Program Files/Epic Games/4.10/Engine/Binaries/Win64/
[2016.01.04-11.05.28:263][  0]LogInit: Rocket: 1
[2016.01.04-11.05.28:439][  0]LogInit: Using libcurl 7.41.0
[2016.01.04-11.05.28:439][  0]LogInit:  - built for x86_64-pc-win32
[2016.01.04-11.05.28:439][  0]LogInit:  - supports SSL with WinSSL
[2016.01.04-11.05.28:439][  0]LogInit:  - other features:
[2016.01.04-11.05.28:439][  0]LogInit:      CURL_VERSION_SSL
[2016.01.04-11.05.28:440][  0]LogInit:      CURL_VERSION_IPV6
[2016.01.04-11.05.28:440][  0]LogInit:      CURL_VERSION_ASYNCHDNS
[2016.01.04-11.05.28:440][  0]LogInit:      CURL_VERSION_LARGEFILE
[2016.01.04-11.05.28:440][  0]LogInit:      CURL_VERSION_IDN
[2016.01.04-11.05.28:440][  0]LogInit:  CurlRequestOptions (configurable via config and command line):
[2016.01.04-11.05.28:440][  0]LogInit:  - bVerifyPeer = true  - Libcurl will verify peer certificate
[2016.01.04-11.05.28:440][  0]LogInit:  - bUseHttpProxy = false  - Libcurl will NOT use HTTP proxy
[2016.01.04-11.05.28:440][  0]LogInit:  - bDontReuseConnections = false  - Libcurl will reuse connections
[2016.01.04-11.05.28:440][  0]LogInit:  - CertBundlePath = nullptr  - Libcurl will use whatever was configured at build time.
[2016.01.04-11.05.28:590][  0]LogInit: Presizing for 0 objects not considered by GC, pre-allocating 0 bytes.
[2016.01.04-11.05.28:787][  0]LogInit: Object subsystem initialized
[2016.01.04-11.05.29:023][  0]LogInit: Selected Device Profile: [Windows]
[2016.01.04-11.05.29:023][  0]LogInit: Applying CVar settings loaded from the selected device profile: [Windows]
[2016.01.04-11.05.29:119][  0]LogInit: Computer: PLAN-CHENXINGHU
[2016.01.04-11.05.29:119][  0]LogInit: User: chenxinghui
[2016.01.04-11.05.29:119][  0]LogInit: CPU Page size=4096, Cores=4
[2016.01.04-11.05.29:119][  0]LogInit: High frequency timer resolution =3.117832 MHz
[2016.01.04-11.05.29:119][  0]LogMemory: Memory total: Physical=7.9GB (8GB approx)
[2016.01.04-11.05.29:119][  0]LogMemory: Platform Memory Stats for Windows
[2016.01.04-11.05.29:119][  0]LogMemory: Process Physical Memory: 56.28 MB used, 56.28 MB peak
[2016.01.04-11.05.29:119][  0]LogMemory: Process Virtual Memory: 59.64 MB used, 59.64 MB peak
[2016.01.04-11.05.29:119][  0]LogMemory: Physical Memory: 5164.77 MB used, 8130.04 MB total
[2016.01.04-11.05.29:119][  0]LogMemory: Virtual Memory: 352.39 MB used, 8388608.00 MB total
[2016.01.04-11.05.32:195][  0]LogD3D11RHI: Found D3D11 adapter 0: NVIDIA GeForce GTX 660   (Feature Level 11_0)
[2016.01.04-11.05.32:195][  0]LogD3D11RHI: Adapter has 1989MB of dedicated video memory, 0MB of dedicated system memory, and 2048MB of shared system memory, 2 output[s]
[2016.01.04-11.05.32:195][  0]LogD3D11RHI: Chosen D3D11 Adapter Id = 0
[2016.01.04-11.05.32:201][  0]LogD3D11RHI: !Direct3DDevice
[2016.01.04-11.05.32:221][  0]LogRHI: Texture pool is 1361 MB (70% of 1945 MB)
[2016.01.04-11.05.32:232][  0]LogD3D11RHI: Async texture creation enabled
[2016.01.04-11.05.32:649][  0]LogShaderCompilers: Guid format shader working directory is 9 characters bigger than the processId version (E:/Unreal Work Space/ExampleCollection10/Intermediate/Shaders/WorkingDirectory/6680/).
[2016.01.04-11.05.32:649][  0]LogShaderCompilers: Cleaned the shader compiler working directory 'C:/Users/CHENXI~1/AppData/Local/Temp/UnrealShaderWorkingDir/48B2FAAE4B1F87326A7F80878629D854/'.
[2016.01.04-11.05.32:667][  0]LogShaderCompilers:Display: Using Local Shader Compiler.
[2016.01.04-11.05.36:296][  0]LogTemp:Display: Loaded TP AllDesktopTargetPlatform
[2016.01.04-11.05.36:300][  0]LogTemp:Display: Loaded TP WindowsClientTargetPlatform
[2016.01.04-11.05.36:304][  0]LogTemp:Display: Loaded TP WindowsNoEditorTargetPlatform
[2016.01.04-11.05.36:308][  0]LogTemp:Display: Loaded TP WindowsServerTargetPlatform
[2016.01.04-11.05.36:323][  0]LogTemp:Display: Loaded TP WindowsTargetPlatform
[2016.01.04-11.05.36:358][  0]LogTemp:Display: Loaded TP AndroidTargetPlatform
[2016.01.04-11.05.36:361][  0]LogTemp:Display: Loaded TP Android_ASTCTargetPlatform
[2016.01.04-11.05.36:386][  0]LogTemp:Display: Loaded TP Android_ATCTargetPlatform
[2016.01.04-11.05.36:419][  0]LogTemp:Display: Loaded TP Android_DXTTargetPlatform
[2016.01.04-11.05.36:442][  0]LogTemp:Display: Loaded TP Android_ETC1TargetPlatform
[2016.01.04-11.05.36:464][  0]LogTemp:Display: Loaded TP Android_ETC2TargetPlatform
[2016.01.04-11.05.36:498][  0]LogTemp:Display: Loaded TP Android_MultiTargetPlatform
[2016.01.04-11.05.36:498][  0]LogTemp:Display: Loaded TP Android_PVRTCTargetPlatform
[2016.01.04-11.05.36:499][  0]LogTemp:Display: Loaded TP HTML5TargetPlatform
[2016.01.04-11.05.36:619][  0]LogTemp:Display: Loaded TP IOSTargetPlatform
[2016.01.04-11.05.36:630][  0]LogTemp:Display: Loaded TP LinuxNoEditorTargetPlatform
[2016.01.04-11.05.36:635][  0]LogTemp:Display: Loaded TP LinuxServerTargetPlatform
[2016.01.04-11.05.36:662][  0]LogTemp:Display: Loaded TP LinuxTargetPlatform
[2016.01.04-11.05.36:662][  0]LogTargetPlatformManager:Display: Building Assets For Windows
[2016.01.04-11.05.37:568][  0]LogDerivedDataCache:Display: Max Cache Size: 512 MB
[2016.01.04-11.05.37:989][  0]LogDerivedDataCache: Loaded boot cache 0.41s 41MB C:/Users/chenxinghui/AppData/Local/UnrealEngine/4.10/DerivedDataCache/Boot.ddc.
[2016.01.04-11.05.37:990][  0]LogDerivedDataCache:Display: Loaded Boot cache: C:/Users/chenxinghui/AppData/Local/UnrealEngine/4.10/DerivedDataCache/Boot.ddc
[2016.01.04-11.05.37:990][  0]LogDerivedDataCache: FDerivedDataBackendGraph:  Pak pak cache file E:/Unreal Work Space/ExampleCollection10/DerivedDataCache/DDC.ddp not found, will not use a pak cache.
[2016.01.04-11.05.37:990][  0]LogDerivedDataCache: Unable to find inner node Pak for hierarchical cache Hierarchy.
[2016.01.04-11.05.37:990][  0]LogDerivedDataCache: FDerivedDataBackendGraph:  CompressedPak pak cache file E:/Unreal Work Space/ExampleCollection10/DerivedDataCache/Compressed.ddp not found, will not use a pak cache.
[2016.01.04-11.05.37:990][  0]LogDerivedDataCache: Unable to find inner node CompressedPak for hierarchical cache Hierarchy.
[2016.01.04-11.05.38:109][  0]LogDerivedDataCache:Display: Pak cache opened for reading ../../../Engine/DerivedDataCache/Compressed.ddp.
[2016.01.04-11.05.38:121][  0]LogDerivedDataCache: Using Local data cache path C:/Users/chenxinghui/AppData/Local/UnrealEngine/Common/DerivedDataCache: Writable
[2016.01.04-11.05.49:227][  0]LogInit: Selected Device Profile: [Windows]
[2016.01.04-11.05.49:261][  0]LogContentStreaming: Texture pool size is 0.000000MB
[2016.01.04-11.05.50:665][  0]LogMeshUtilities: No automatic mesh reduction module available
[2016.01.04-11.05.50:665][  0]LogMeshUtilities: No automatic mesh merging module available
[2016.01.04-11.05.54:716][  0]LogInit: WinSock: version 1.1 (2.2), MaxSocks=32767, MaxUdp=65467
[2016.01.04-11.06.05:899][  0]UdpMessaging: Initializing bridge on interface 0.0.0.0:0 to multicast group 230.0.0.1:6666.
[2016.01.04-11.06.06:382][  0]LogAssetRegistry: FAssetRegistry took 0.0121 seconds to start up
[2016.01.04-11.06.11:418][  0]SourceControl: Info Source control is disabled
[2016.01.04-11.06.11:449][  0]SourceControl: Info Source control is disabled
[2016.01.04-11.06.11:725][  0]SourceControl: Info Source control is disabled
[2016.01.04-11.06.11:869][  0]SourceControl: Info Source control is disabled
[2016.01.04-11.06.13:083][  0]LogObj: 28633 objects as part of root set at end of initial load.
[2016.01.04-11.06.13:083][  0]LogUObjectAllocator: 6099744 out of 0 bytes used by permanent object pool.
[2016.01.04-11.06.13:687][  0]LogEngine: Initializing Engine...
[2016.01.04-11.06.13:716][  0]LogHMD: Can't find Oculus library dev build: is proper Runtime installed? Version: 0.8.0.0
[2016.01.04-11.06.13:754][  0]LogHMD: SteamVR failed to initialize.  Err: 110
[2016.01.04-11.06.14:686][  0]LogAIModule: Creating AISystem for world NewWorld
[2016.01.04-11.06.14:928][  0]LogInit: XAudio2 using '扬声器 (Realtek High Definition Audio)' : 2 channels at 48 kHz using 32 bits per sample (channel mask 0x3)
[2016.01.04-11.06.15:002][  0]LogInit: FAudioDevice initialized.
[2016.01.04-11.06.15:050][  0]LogDerivedDataCache: Saved boot cache 0.05s 41MB C:/Users/chenxinghui/AppData/Local/UnrealEngine/4.10/DerivedDataCache/Boot.ddc.
[2016.01.04-11.06.15:055][  0]LogInit: Texture streaming: Enabled
[2016.01.04-11.06.15:107][  0]LogAnalytics: Creating configured Analytics provider AnalyticsET
[2016.01.04-11.06.15:116][  0]LogAnalytics: [UEEditor.Rocket.Release] APIServer = http://et2.epicgames.com/ET2/. AppVersion = 4.10.1-2791327+++depot+UE4-Releases+4.10
[2016.01.04-11.06.15:116][  0]LogAnalytics: [UEEditor.Rocket.Release] SetUserId fcc8beb743eb3f315b3205bc8f91fbb8|ecc15fb7c1f4439e807eef072eca5f98|c014cd18-b694-4710-a8b7-958888126c98
[2016.01.04-11.06.15:128][  0]LogAnalytics: [UEEditor.Rocket.Release] AnalyticsET::StartSession
[2016.01.04-11.06.15:750][  0]LogInit: Transaction tracking system initialized
[2016.01.04-11.06.16:827][  0]BlueprintLog: New page: Editor Load
[2016.01.04-11.06.22:320][  0]LocalizationService: Info Localization service is disabled
[2016.01.04-11.06.23:028][  0]LogConsoleResponse:Display: 
[2016.01.04-11.06.25:868][  0]LogFileCache: Scanning file cache for directory 'E:/Unreal Work Space/ExampleCollection10/Content/' took 0.02s
[2016.01.04-11.06.25:868][  0]LogCook:Display: Done creating registry. It took  0.00s.
[2016.01.04-11.06.27:041][  0]SourceControl: Info Source control is disabled
[2016.01.04-11.06.27:078][  0]Cmd: MAP LOAD FILE="E:/Unreal Work Space/ExampleCollection10/Content/ThirdPersonBP/Maps/ThirdPersonExampleMap.umap" TEMPLATE=0 SHOWPROGRESS=1 FEATURELEVEL=3
[2016.01.04-11.06.27:183][  0]LightingResults: New page: Lighting Build
[2016.01.04-11.06.27:432][  0]MapCheck: New page: Map Check
[2016.01.04-11.06.27:432][  0]LightingResults: New page: Lighting Build
[2016.01.04-11.06.27:690][  0]LogParticles: Destroying 0 GPU particle simulations for FXSystem 0x0000000023B62AC0
[2016.01.04-11.06.32:203][  0]LogAIModule: Creating AISystem for world ThirdPersonExampleMap
[2016.01.04-11.06.33:204][  0]LogEditorServer: Finished looking for orphan Actors (0.000 secs)
[2016.01.04-11.06.33:249][  0]Cmd: MAP CHECKDEP NOCLEARLOG
[2016.01.04-11.06.33:288][  0]MapCheck: Info Map check complete: 0 Error(s), 0 Warning(s), took 38.787ms to complete.
[2016.01.04-11.06.33:288][  0]LogFileHelpers: Loading map 'ThirdPersonExampleMap' took 6.219
[2016.01.04-11.06.34:822][  0]LogCollectionManager: Loaded 0 collections in 0.002270 seconds
[2016.01.04-11.06.34:918][  0]LogFileCache: Scanning file cache for directory 'E:/Unreal Work Space/ExampleCollection10/Saved/Collections/' took 0.01s
[2016.01.04-11.06.34:918][  0]LogFileCache: Scanning file cache for directory 'E:/Unreal Work Space/ExampleCollection10/Content/Developers/chenxinghui/Collections/' took 0.01s
[2016.01.04-11.06.34:918][  0]LogFileCache: Scanning file cache for directory 'E:/Unreal Work Space/ExampleCollection10/Content/Collections/' took 0.01s
[2016.01.04-11.06.34:918][  0]LogCollectionManager: Rebuilt the GUID cache for 0 collections in 0.000004 seconds
[2016.01.04-11.06.34:939][  0]LogContentBrowser: Native class hierarchy populated in 0.0201 seconds. Added 1893 classes and 338 folders.
[2016.01.04-11.06.35:044][  0]LogContentBrowser: Native class hierarchy updated for 'WidgetCarousel' in 0.0003 seconds. Added 0 classes and 0 folders.
[2016.01.04-11.06.35:734][  0]LogContentBrowser: Native class hierarchy updated for 'AddContentDialog' in 0.0003 seconds. Added 0 classes and 0 folders.
[2016.01.04-11.06.35:852][  0]LogContentBrowser: Native class hierarchy updated for 'SceneOutliner' in 0.0005 seconds. Added 1 classes and 2 folders.
[2016.01.04-11.06.36:270][  0]LogCrashTracker: Crashtracker disabled due to settings.
[2016.01.04-11.06.36:522][  0]LogUObjectGlobals:Warning: Failed to find object 'Class None.'
[2016.01.04-11.06.36:641][  0]LogLoad: Full Startup: 77.45 seconds (BP compile: 0.95 seconds)
[2016.01.04-11.06.36:996][  0]LogOcInput: Can't find Oculus library dev build: is proper Runtime installed? Version: 0.8.0.0
[2016.01.04-11.06.37:388][  0]LogContentStreaming: Texture pool size now 1000 MB
[2016.01.04-11.06.38:059][  0]LogRenderer: Reallocating scene render targets to support 824x580 (Frame:2).
[2016.01.04-11.06.39:704][  5]LogAssetRegistry: Asset discovery search completed in 33.3339 seconds
[2016.01.04-11.06.39:735][  5]LogCollectionManager: Rebuilt the object cache for 0 collections in 0.000000 seconds (found 0 objects)
[2016.01.04-11.06.39:735][  5]LogCollectionManager: Fixed up redirectors for 0 collections in 0.009425 seconds (updated 0 objects)
[2016.01.04-11.06.46:445][400]Cmd: MAP LOAD FILE="E:/Unreal Work Space/ExampleCollection10/Content/My/TestMap/MatTestMap.umap" TEMPLATE=0 SHOWPROGRESS=1 FEATURELEVEL=3
[2016.01.04-11.06.46:475][400]LightingResults: New page: Lighting Build
[2016.01.04-11.06.46:489][400]LoadErrors: New page: Loading map: MatTestMap.umap
[2016.01.04-11.06.46:508][400]MapCheck: New page: Map Check
[2016.01.04-11.06.46:508][400]LightingResults: New page: Lighting Build
[2016.01.04-11.06.46:535][400]LogParticles: Destroying 0 GPU particle simulations for FXSystem 0x00000000119EB920
[2016.01.04-11.06.49:126][400]LogAIModule: Creating AISystem for world MatTestMap
[2016.01.04-11.06.49:156][400]LogEditorServer: Finished looking for orphan Actors (0.000 secs)
[2016.01.04-11.06.49:184][400]Cmd: MAP CHECKDEP NOCLEARLOG
[2016.01.04-11.06.49:228][400]MapCheck: Info Map check complete: 0 Error(s), 0 Warning(s), took 44.713ms to complete.
[2016.01.04-11.06.49:228][400]LogFileHelpers: Loading map 'MatTestMap' took 2.785
[2016.01.04-11.16.50:626][923]Cmd: QUIT_EDITOR
[2016.01.04-11.16.50:811][923]LogExit: Preparing to exit.
[2016.01.04-11.16.52:170][923]LogExit: Editor shut down
[2016.01.04-11.16.52:171][923]LogExit: Transaction tracking system shut down
[2016.01.04-11.16.52:171][923]LogParticles: Destroying 0 GPU particle simulations for FXSystem 0x000000000FAF82C0
[2016.01.04-11.16.52:194][923]LogParticles: Destroying 0 GPU particle simulations for FXSystem 0x000000000FB5BBA0
[2016.01.04-11.16.52:194][923]LogParticles: Destroying 0 GPU particle simulations for FXSystem 0x0000000031F7D260
[2016.01.04-11.16.52:663][923]LogExit: Object subsystem successfully closed.
[2016.01.04-11.16.52:721][923]LogD3D11RHI: Shutdown
[2016.01.04-11.16.52:721][923]LogD3D11RHI: CleanupD3DDevice
[2016.01.04-11.16.52:901][923]LogD3D11RHI: ~FD3D11DynamicRHI
[2016.01.04-11.16.53:178][923]LogModuleManager: Shutting down and abandoning module CrashTracker (198)
[2016.01.04-11.16.53:178][923]LogModuleManager: Shutting down and abandoning module SceneOutliner (197)
[2016.01.04-11.16.53:178][923]LogModuleManager: Shutting down and abandoning module SuperSearch (196)
[2016.01.04-11.16.53:178][923]LogModuleManager: Shutting down and abandoning module WidgetCarousel (195)
[2016.01.04-11.16.53:178][923]LogModuleManager: Shutting down and abandoning module AddContentDialog (194)
[2016.01.04-11.16.53:179][923]LogModuleManager: Shutting down and abandoning module EditorWidgets (193)
[2016.01.04-11.16.53:179][923]LogModuleManager: Shutting down and abandoning module CollectionManager (192)
[2016.01.04-11.16.53:179][923]LogModuleManager: Shutting down and abandoning module StatsViewer (191)
[2016.01.04-11.16.53:179][923]LogModuleManager: Shutting down and abandoning module FoliageEdit (190)
[2016.01.04-11.16.53:179][923]LogModuleManager: Shutting down and abandoning module LandscapeEditor (189)
[2016.01.04-11.16.53:204][923]LogModuleManager: Shutting down and abandoning module ActorPickerMode (188)
[2016.01.04-11.16.53:204][923]LogModuleManager: Shutting down and abandoning module GeometryMode (187)
[2016.01.04-11.16.53:204][923]LogModuleManager: Shutting down and abandoning module TextureAlignMode (186)
[2016.01.04-11.16.53:204][923]LogModuleManager: Shutting down and abandoning module BspMode (185)
[2016.01.04-11.16.53:204][923]LogModuleManager: Shutting down and abandoning module PlacementMode (184)
[2016.01.04-11.16.53:204][923]LogModuleManager: Shutting down and abandoning module AutomationWorker (183)
[2016.01.04-11.16.53:204][923]LogModuleManager: Shutting down and abandoning module CharacterAI (182)
[2016.01.04-11.16.53:204][923]LogModuleManager: Shutting down and abandoning module SmartSnapping (181)
[2016.01.04-11.16.53:204][923]LogModuleManager: Shutting down and abandoning module ViewportSnapping (180)
[2016.01.04-11.16.53:204][923]LogModuleManager: Shutting down and abandoning module LogVisualizer (179)
[2016.01.04-11.16.53:204][923]LogModuleManager: Shutting down and abandoning module GameProjectGeneration (178)
[2016.01.04-11.16.53:222][923]LogModuleManager: Shutting down and abandoning module IntroTutorials (177)
[2016.01.04-11.16.53:222][923]LogModuleManager: Shutting down and abandoning module EditorLiveStreaming (176)
[2016.01.04-11.16.53:222][923]LogModuleManager: Shutting down and abandoning module IOSPlatformEditor (175)
[2016.01.04-11.16.53:222][923]LogModuleManager: Shutting down and abandoning module HTML5PlatformEditor (174)
[2016.01.04-11.16.53:222][923]LogModuleManager: Shutting down and abandoning module AndroidDeviceDetection (173)
[2016.01.04-11.16.53:588][923]LogModuleManager: Shutting down and abandoning module AndroidPlatformEditor (172)
[2016.01.04-11.16.53:588][923]LogModuleManager: Shutting down and abandoning module IOSRuntimeSettings (171)
[2016.01.04-11.16.53:588][923]LogModuleManager: Shutting down and abandoning module AndroidRuntimeSettings (170)
[2016.01.04-11.16.53:588][923]LogModuleManager: Shutting down and abandoning module MergeActors (169)
[2016.01.04-11.16.53:588][923]LogModuleManager: Shutting down and abandoning module SizeMap (168)
[2016.01.04-11.16.53:588][923]LogModuleManager: Shutting down and abandoning module TreeMap (167)
[2016.01.04-11.16.53:588][923]LogModuleManager: Shutting down and abandoning module ReferenceViewer (166)
[2016.01.04-11.16.53:588][923]LogModuleManager: Shutting down and abandoning module LocalizationService (165)
[2016.01.04-11.16.53:588][923]LogModuleManager: Shutting down and abandoning module LocalizationDashboard (164)
[2016.01.04-11.16.53:602][923]LogModuleManager: Shutting down and abandoning module HardwareTargeting (163)
[2016.01.04-11.16.53:602][923]LogModuleManager: Shutting down and abandoning module DeviceProfileEditor (162)
[2016.01.04-11.16.53:602][923]LogModuleManager: Shutting down and abandoning module UndoHistory (161)
[2016.01.04-11.16.53:602][923]LogModuleManager: Shutting down and abandoning module GameplayTagsEditor (160)
[2016.01.04-11.16.53:602][923]LogModuleManager: Shutting down and abandoning module UserFeedback (159)
[2016.01.04-11.16.53:602][923]LogModuleManager: Shutting down and abandoning module XmlParser (158)
[2016.01.04-11.16.53:602][923]LogModuleManager: Shutting down and abandoning module Blutility (157)
[2016.01.04-11.16.53:602][923]LogModuleManager: Shutting down and abandoning module ProjectTargetPlatformEditor (156)
[2016.01.04-11.16.53:602][923]LogModuleManager: Shutting down and abandoning module ProjectSettingsViewer (155)
[2016.01.04-11.16.53:602][923]LogModuleManager: Shutting down and abandoning module InputBindingEditor (154)
[2016.01.04-11.16.53:614][923]LogModuleManager: Shutting down and abandoning module EditorSettingsViewer (153)
[2016.01.04-11.16.53:614][923]LogModuleManager: Shutting down and abandoning module SettingsEditor (152)
[2016.01.04-11.16.53:614][923]LogModuleManager: Shutting down and abandoning module ProjectLauncher (151)
[2016.01.04-11.16.53:635][923]LogModuleManager: Shutting down and abandoning module SessionFrontend (150)
[2016.01.04-11.16.53:635][923]LogModuleManager: Shutting down and abandoning module ProfilerClient (149)
[2016.01.04-11.16.53:655][923]LogModuleManager: Shutting down and abandoning module TargetDeviceServices (148)
[2016.01.04-11.16.53:655][923]LogModuleManager: Shutting down and abandoning module DeviceManager (147)
[2016.01.04-11.16.53:655][923]LogModuleManager: Shutting down and abandoning module AutomationController (146)
[2016.01.04-11.16.53:655][923]LogModuleManager: Shutting down and abandoning module AutomationWindow (145)
[2016.01.04-11.16.53:677][923]LogModuleManager: Shutting down and abandoning module Layers (144)
[2016.01.04-11.16.53:710][923]LogModuleManager: Shutting down and abandoning module ComponentVisualizers (143)
[2016.01.04-11.16.53:710][923]LogModuleManager: Shutting down and abandoning module DetailCustomizations (142)
[2016.01.04-11.16.53:729][923]LogModuleManager: Shutting down and abandoning module PackagesDialog (141)
[2016.01.04-11.16.53:729][923]LogModuleManager: Shutting down and abandoning module Persona (140)
[2016.01.04-11.16.53:755][923]LogModuleManager: Shutting down and abandoning module Kismet (139)
[2016.01.04-11.16.53:755][923]LogModuleManager: Shutting down and abandoning module GraphEditor (138)
[2016.01.04-11.16.53:797][923]LogModuleManager: Shutting down and abandoning module ClassViewer (137)
[2016.01.04-11.16.53:797][923]LogModuleManager: Shutting down and abandoning module Toolbox (136)
[2016.01.04-11.16.53:797][923]LogModuleManager: Shutting down and abandoning module ModuleUI (135)
[2016.01.04-11.16.53:814][923]LogModuleManager: Shutting down and abandoning module MovieSceneTools (134)
[2016.01.04-11.16.53:825][923]LogModuleManager: Shutting down and abandoning module OutputLog (133)
[2016.01.04-11.16.53:825][923]LogModuleManager: Shutting down and abandoning module GammaUI (132)
[2016.01.04-11.16.53:850][923]LogModuleManager: Shutting down and abandoning module Documentation (131)
[2016.01.04-11.16.53:850][923]LogModuleManager: Shutting down and abandoning module GameLiveStreaming (130)
[2016.01.04-11.16.53:850][923]LogModuleManager: Shutting down and abandoning module StreamingPauseRendering (129)
[2016.01.04-11.16.53:850][923]LogModuleManager: Shutting down and abandoning module AnalyticsET (128)
[2016.01.04-11.16.53:850][923]LogModuleManager: Shutting down and abandoning module Analytics (127)
[2016.01.04-11.16.53:850][923]LogModuleManager: Shutting down and abandoning module AITestSuite (126)
[2016.01.04-11.16.53:850][923]LogModuleManager: Shutting down and abandoning module GameplayDebugger (125)
[2016.01.04-11.16.53:850][923]LogModuleManager: Shutting down and abandoning module AIModule (124)
[2016.01.04-11.16.53:850][923]LogModuleManager: Shutting down and abandoning module ProfilerService (123)
[2016.01.04-11.16.54:083][923]LogModuleManager: Shutting down and abandoning module TaskGraph (122)
[2016.01.04-11.16.54:100][923]LogModuleManager: Shutting down and abandoning module SlateRemote (121)
[2016.01.04-11.16.54:100][923]LogModuleManager: Shutting down and abandoning module SteamVRController (120)
[2016.01.04-11.16.54:100][923]LogModuleManager: Shutting down and abandoning module SteamVR (119)
[2016.01.04-11.16.54:100][923]LogModuleManager: Shutting down and abandoning module ProceduralMeshComponent (118)
[2016.01.04-11.16.54:100][923]LogModuleManager: Shutting down and abandoning module OculusLibrary (117)
[2016.01.04-11.16.54:100][923]LogModuleManager: Shutting down and abandoning module OculusInput (116)
[2016.01.04-11.16.54:100][923]LogModuleManager: Shutting down and abandoning module LeapMotionController (115)
[2016.01.04-11.16.54:112][923]LogModuleManager: Shutting down and abandoning module CustomMeshComponent (114)
[2016.01.04-11.16.54:112][923]LogModuleManager: Shutting down and abandoning module CableComponent (113)
[2016.01.04-11.16.54:112][923]LogModuleManager: Shutting down and abandoning module ArchVisCharacter (112)
[2016.01.04-11.16.54:112][923]LogModuleManager: Shutting down and abandoning module MessagingDebugger (111)
[2016.01.04-11.16.54:188][923]LogModuleManager: Shutting down and abandoning module MediaPlayerEditor (110)
[2016.01.04-11.16.54:195][923]LogModuleManager: Shutting down and abandoning module HTML5Networking (109)
[2016.01.04-11.16.54:195][923]LogModuleManager: Shutting down and abandoning module SpeedTreeImporter (108)
[2016.01.04-11.16.54:195][923]LogModuleManager: Shutting down and abandoning module PluginBrowser (107)
[2016.01.04-11.16.54:257][923]LogModuleManager: Shutting down and abandoning module EpicSurvey (106)
[2016.01.04-11.16.54:257][923]LogModuleManager: Shutting down and abandoning module DesktopPlatform (105)
[2016.01.04-11.16.54:265][923]LogModuleManager: Shutting down and abandoning module VisualStudioSourceCodeAccess (104)
[2016.01.04-11.16.54:265][923]LogModuleManager: Shutting down and abandoning module UObjectPlugin (103)
[2016.01.04-11.16.54:265][923]LogModuleManager: Shutting down and abandoning module SubversionSourceControl (102)
[2016.01.04-11.16.54:265][923]LogModuleManager: Shutting down and abandoning module PerforceSourceControl (101)
[2016.01.04-11.16.54:265][923]LogModuleManager: Shutting down and abandoning module SourceControl (100)
[2016.01.04-11.16.54:276][923]LogModuleManager: Shutting down and abandoning module GitSourceControl (99)
[2016.01.04-11.16.54:276][923]LogModuleManager: Shutting down and abandoning module LightPropagationVolumeEditor (98)
[2016.01.04-11.16.54:276][923]LogModuleManager: Shutting down and abandoning module PaperTiledImporter (97)
[2016.01.04-11.16.54:276][923]LogModuleManager: Shutting down and abandoning module PaperSpriteSheetImporter (96)
[2016.01.04-11.16.54:276][923]LogModuleManager: Shutting down and abandoning module MeshPaint (95)
[2016.01.04-11.16.54:276][923]LogModuleManager: Shutting down and abandoning module SlateReflector (94)
[2016.01.04-11.16.54:287][923]LogModuleManager: Shutting down and abandoning module HotReload (93)
[2016.01.04-11.16.54:287][923]LogModuleManager: Shutting down and abandoning module MainFrame (92)
[2016.01.04-11.16.54:287][923]LogModuleManager: Shutting down and abandoning module LevelEditor (91)
[2016.01.04-11.16.54:300][923]LogModuleManager: Shutting down and abandoning module DirectoryWatcher (90)
[2016.01.04-11.16.54:301][923]LogModuleManager: Shutting down and abandoning module AssetRegistry (89)
[2016.01.04-11.16.54:334][923]LogModuleManager: Shutting down and abandoning module ContentBrowser (88)
[2016.01.04-11.16.54:335][923]LogModuleManager: Shutting down and abandoning module Paper2DEditor (87)
[2016.01.04-11.16.54:373][923]LogModuleManager: Shutting down and abandoning module UdpMessaging (86)
[2016.01.04-11.16.54:473][923]LogModuleManager: Shutting down and abandoning module LightPropagationVolumeRuntime (85)
[2016.01.04-11.16.54:473][923]LogModuleManager: Shutting down and abandoning module Paper2D (84)
[2016.01.04-11.16.54:473][923]LogModuleManager: Shutting down and abandoning module WindowsMoviePlayer (83)
[2016.01.04-11.16.54:476][923]LogModuleManager: Shutting down and abandoning module Media (82)
[2016.01.04-11.16.54:476][923]LogModuleManager: Shutting down and abandoning module WmfMedia (81)
[2016.01.04-11.16.54:563][923]LogModuleManager: Shutting down and abandoning module OnlineBlueprintSupport (80)
[2016.01.04-11.16.54:563][923]LogModuleManager: Shutting down and abandoning module GameplayTasksEditor (79)
[2016.01.04-11.16.54:563][923]LogModuleManager: Shutting down and abandoning module PropertyEditor (78)
[2016.01.04-11.16.54:592][923]LogModuleManager: Shutting down and abandoning module BehaviorTreeEditor (77)
[2016.01.04-11.16.54:617][923]LogModuleManager: Shutting down and abandoning module FunctionalTesting (76)
[2016.01.04-11.16.54:617][923]LogModuleManager: Shutting down and abandoning module CollisionAnalyzer (75)
[2016.01.04-11.16.54:617][923]LogModuleManager: Shutting down and abandoning module WorkspaceMenuStructure (74)
[2016.01.04-11.16.54:617][923]LogModuleManager: Shutting down and abandoning module MessageLog (73)
[2016.01.04-11.16.54:617][923]LogModuleManager: Shutting down and abandoning module Sequencer (72)
[2016.01.04-11.16.54:629][923]LogModuleManager: Shutting down and abandoning module AssetTools (71)
[2016.01.04-11.16.54:646][923]LogModuleManager: Shutting down and abandoning module UMGEditor (70)
[2016.01.04-11.16.54:677][923]LogModuleManager: Shutting down and abandoning module UMG (69)
[2016.01.04-11.16.54:694][923]LogModuleManager: Shutting down and abandoning module Slate (68)
[2016.01.04-11.16.54:694][923]LogModuleManager: Shutting down and abandoning module EditorStyle (67)
[2016.01.04-11.16.54:696][923]LogModuleManager: Shutting down and abandoning module SessionServices (66)
[2016.01.04-11.16.54:696][923]LogModuleManager: Shutting down and abandoning module SourceCodeAccess (65)
[2016.01.04-11.16.54:696][923]LogModuleManager: Shutting down and abandoning module HeadMountedDisplay (64)
[2016.01.04-11.16.54:696][923]LogModuleManager: Shutting down and abandoning module XAudio2 (63)
[2016.01.04-11.16.54:696][923]LogModuleManager: Shutting down and abandoning module Networking (61)
[2016.01.04-11.16.54:696][923]LogModuleManager: Shutting down and abandoning module Core (60)
[2016.01.04-11.16.54:696][923]LogModuleManager: Shutting down and abandoning module KismetCompiler (59)
[2016.01.04-11.16.54:696][923]LogModuleManager: Shutting down and abandoning module PhysXFormats (58)
[2016.01.04-11.16.54:696][923]LogModuleManager: Shutting down and abandoning module MeshUtilities (57)
[2016.01.04-11.16.54:722][923]LogModuleManager: Shutting down and abandoning module DerivedDataCache (56)
[2016.01.04-11.16.54:818][923]LogDerivedDataCache: Shutdown
[2016.01.04-11.16.54:818][923]LogModuleManager: Shutting down and abandoning module ShaderFormatOpenGL (55)
[2016.01.04-11.16.54:852][923]LogModuleManager: Shutting down and abandoning module ShaderFormatD3D (54)
[2016.01.04-11.16.54:853][923]LogModuleManager: Shutting down and abandoning module MetalShaderFormat (53)
[2016.01.04-11.16.54:872][923]LogModuleManager: Shutting down and abandoning module TextureFormatUncompressed (52)
[2016.01.04-11.16.54:872][923]LogModuleManager: Shutting down and abandoning module TextureFormatPVR (51)
[2016.01.04-11.16.54:872][923]LogModuleManager: Shutting down and abandoning module TextureFormatIntelISPCTexComp (50)
[2016.01.04-11.16.54:872][923]LogModuleManager: Shutting down and abandoning module TextureFormatDXT (49)
[2016.01.04-11.16.54:872][923]LogModuleManager: Shutting down and abandoning module ImageWrapper (48)
[2016.01.04-11.16.54:872][923]LogModuleManager: Shutting down and abandoning module TextureFormatASTC (47)
[2016.01.04-11.16.54:872][923]LogModuleManager: Shutting down and abandoning module TextureFormatAndroid (46)
[2016.01.04-11.16.54:872][923]LogModuleManager: Shutting down and abandoning module AudioFormatOpus (45)
[2016.01.04-11.16.54:872][923]LogModuleManager: Shutting down and abandoning module AudioFormatOgg (44)
[2016.01.04-11.16.54:872][923]LogModuleManager: Shutting down and abandoning module AudioFormatADPCM (43)
[2016.01.04-11.16.54:872][923]LogModuleManager: Shutting down and abandoning module LinuxTargetPlatform (42)
[2016.01.04-11.16.54:872][923]LogModuleManager: Shutting down and abandoning module LinuxServerTargetPlatform (41)
[2016.01.04-11.16.54:872][923]LogModuleManager: Shutting down and abandoning module LinuxNoEditorTargetPlatform (40)
[2016.01.04-11.16.54:872][923]LogModuleManager: Shutting down and abandoning module Messaging (39)
[2016.01.04-11.16.54:872][923]LogModuleManager: Shutting down and abandoning module IOSTargetPlatform (38)
[2016.01.04-11.16.54:873][923]LogModuleManager: Shutting down and abandoning module HTML5TargetPlatform (37)
[2016.01.04-11.16.54:873][923]LogModuleManager: Shutting down and abandoning module Android_PVRTCTargetPlatform (36)
[2016.01.04-11.16.54:873][923]LogModuleManager: Shutting down and abandoning module Android_MultiTargetPlatform (35)
[2016.01.04-11.16.54:873][923]LogModuleManager: Shutting down and abandoning module Android_ETC2TargetPlatform (34)
[2016.01.04-11.16.54:873][923]LogModuleManager: Shutting down and abandoning module Android_ETC1TargetPlatform (33)
[2016.01.04-11.16.54:873][923]LogModuleManager: Shutting down and abandoning module Android_DXTTargetPlatform (32)
[2016.01.04-11.16.54:873][923]LogModuleManager: Shutting down and abandoning module Android_ATCTargetPlatform (31)
[2016.01.04-11.16.54:873][923]LogModuleManager: Shutting down and abandoning module Android_ASTCTargetPlatform (30)
[2016.01.04-11.16.54:873][923]LogModuleManager: Shutting down and abandoning module AndroidTargetPlatform (29)
[2016.01.04-11.16.54:873][923]LogModuleManager: Shutting down and abandoning module WindowsTargetPlatform (28)
[2016.01.04-11.16.54:873][923]LogModuleManager: Shutting down and abandoning module WindowsServerTargetPlatform (27)
[2016.01.04-11.16.54:873][923]LogModuleManager: Shutting down and abandoning module WindowsNoEditorTargetPlatform (26)
[2016.01.04-11.16.54:873][923]LogModuleManager: Shutting down and abandoning module WindowsClientTargetPlatform (25)
[2016.01.04-11.16.54:873][923]LogModuleManager: Shutting down and abandoning module AllDesktopTargetPlatform (24)
[2016.01.04-11.16.54:873][923]LogModuleManager: Shutting down and abandoning module TargetPlatform (23)
[2016.01.04-11.16.54:873][923]LogModuleManager: Shutting down and abandoning module InputCore (22)
[2016.01.04-11.16.54:873][923]LogModuleManager: Shutting down and abandoning module Settings (21)
[2016.01.04-11.16.54:873][923]LogModuleManager: Shutting down and abandoning module OnlineSubsystem (19)
[2016.01.04-11.16.54:873][923]LogModuleManager: Shutting down and abandoning module HTTP (18)
[2016.01.04-11.16.56:873][923]LogModuleManager: Shutting down and abandoning module XMPP (17)
[2016.01.04-11.16.56:893][923]LogModuleManager: Shutting down and abandoning module OculusRift (16)
[2016.01.04-11.16.56:913][923]LogModuleManager: Shutting down and abandoning module ExampleDeviceProfileSelector (15)
[2016.01.04-11.16.56:914][923]LogModuleManager: Shutting down and abandoning module TextureCompressor (14)
[2016.01.04-11.16.56:914][923]LogModuleManager: Shutting down and abandoning module ShaderCore (13)
[2016.01.04-11.16.56:914][923]LogModuleManager: Shutting down and abandoning module Landscape (12)
[2016.01.04-11.16.56:914][923]LogModuleManager: Shutting down and abandoning module SlateRHIRenderer (11)
[2016.01.04-11.16.56:915][923]LogModuleManager: Shutting down and abandoning module OpenGLDrv (10)
[2016.01.04-11.16.56:932][923]LogModuleManager: Shutting down and abandoning module D3D11RHI (9)
[2016.01.04-11.16.56:932][923]LogModuleManager: Shutting down and abandoning module AnimGraphRuntime (8)
[2016.01.04-11.16.56:945][923]LogModuleManager: Shutting down and abandoning module Renderer (7)
[2016.01.04-11.16.56:945][923]LogModuleManager: Shutting down and abandoning module Engine (6)
[2016.01.04-11.16.56:945][923]LogModuleManager: Shutting down and abandoning module CoreUObject (5)
[2016.01.04-11.16.56:945][923]LogModuleManager: Shutting down and abandoning module NetworkFile (4)
[2016.01.04-11.16.56:960][923]LogModuleManager: Shutting down and abandoning module StreamingFile (3)
[2016.01.04-11.16.56:960][923]LogModuleManager: Shutting down and abandoning module SandboxFile (2)
[2016.01.04-11.16.56:960][923]LogModuleManager: Shutting down and abandoning module PakFile (1)
[2016.01.04-11.16.56:966][923]LogExit: Exiting.
[2016.01.04-11.16.56:968][923]Log file closed, 01/04/16 19:16:56
