[2016.01.14-12.18.15:309][  0]Log file open, 01/14/16 20:18:15
[2016.01.14-12.18.15:309][  0]LogInit:Display: Running engine for game: ExampleCollection10
[2016.01.14-12.18.15:309][  0]LogPlatformFile: Not using cached read wrapper
[2016.01.14-12.18.15:309][  0]LogInit:Display: RandInit(2070467190) SRandInit(2070467192).
[2016.01.14-12.18.15:309][  0]LogTaskGraph: Started task graph with 4 named threads and 7 total threads.
[2016.01.14-12.18.15:309][  0]LogStats: Stats thread started at 3.548332
[2016.01.14-12.18.15:309][  0]LogInit: Version: 4.10.1-2791327+++depot+UE4-Releases+4.10
[2016.01.14-12.18.15:309][  0]LogInit: API Version: 2758231
[2016.01.14-12.18.15:309][  0]LogInit: Compiled (64-bit): Dec  4 2015 19:44:40
[2016.01.14-12.18.15:309][  0]LogInit: Compiled with Visual C++: 19.00.23026.00
[2016.01.14-12.18.15:309][  0]LogInit: Build Configuration: Development
[2016.01.14-12.18.15:309][  0]LogInit: Branch Name: ++depot+UE4-Releases+4.10
[2016.01.14-12.18.15:309][  0]LogInit: Command line:  
[2016.01.14-12.18.15:309][  0]LogInit: Base directory: D:/Program Files/Epic Games/4.10/Engine/Binaries/Win64/
[2016.01.14-12.18.15:309][  0]LogInit: Rocket: 1
[2016.01.14-12.18.15:519][  0]LogInit: Using libcurl 7.41.0
[2016.01.14-12.18.15:519][  0]LogInit:  - built for x86_64-pc-win32
[2016.01.14-12.18.15:519][  0]LogInit:  - supports SSL with WinSSL
[2016.01.14-12.18.15:519][  0]LogInit:  - other features:
[2016.01.14-12.18.15:519][  0]LogInit:      CURL_VERSION_SSL
[2016.01.14-12.18.15:519][  0]LogInit:      CURL_VERSION_IPV6
[2016.01.14-12.18.15:520][  0]LogInit:      CURL_VERSION_ASYNCHDNS
[2016.01.14-12.18.15:520][  0]LogInit:      CURL_VERSION_LARGEFILE
[2016.01.14-12.18.15:520][  0]LogInit:      CURL_VERSION_IDN
[2016.01.14-12.18.15:521][  0]LogInit:  CurlRequestOptions (configurable via config and command line):
[2016.01.14-12.18.15:521][  0]LogInit:  - bVerifyPeer = true  - Libcurl will verify peer certificate
[2016.01.14-12.18.15:521][  0]LogInit:  - bUseHttpProxy = false  - Libcurl will NOT use HTTP proxy
[2016.01.14-12.18.15:521][  0]LogInit:  - bDontReuseConnections = false  - Libcurl will reuse connections
[2016.01.14-12.18.15:521][  0]LogInit:  - CertBundlePath = nullptr  - Libcurl will use whatever was configured at build time.
[2016.01.14-12.18.15:736][  0]LogInit: Presizing for 0 objects not considered by GC, pre-allocating 0 bytes.
[2016.01.14-12.18.15:926][  0]LogInit: Object subsystem initialized
[2016.01.14-12.18.16:160][  0]LogInit: Selected Device Profile: [Windows]
[2016.01.14-12.18.16:160][  0]LogInit: Applying CVar settings loaded from the selected device profile: [Windows]
[2016.01.14-12.18.16:290][  0]LogInit: Computer: PLAN-CHENXINGHU
[2016.01.14-12.18.16:290][  0]LogInit: User: chenxinghui
[2016.01.14-12.18.16:290][  0]LogInit: CPU Page size=4096, Cores=4
[2016.01.14-12.18.16:290][  0]LogInit: High frequency timer resolution =3.117841 MHz
[2016.01.14-12.18.16:290][  0]LogMemory: Memory total: Physical=7.9GB (8GB approx)
[2016.01.14-12.18.16:290][  0]LogMemory: Platform Memory Stats for Windows
[2016.01.14-12.18.16:290][  0]LogMemory: Process Physical Memory: 56.30 MB used, 56.30 MB peak
[2016.01.14-12.18.16:290][  0]LogMemory: Process Virtual Memory: 59.64 MB used, 59.64 MB peak
[2016.01.14-12.18.16:290][  0]LogMemory: Physical Memory: 3383.43 MB used, 8130.04 MB total
[2016.01.14-12.18.16:290][  0]LogMemory: Virtual Memory: 352.39 MB used, 8388608.00 MB total
[2016.01.14-12.18.19:674][  0]LogD3D11RHI: Found D3D11 adapter 0: NVIDIA GeForce GTX 660   (Feature Level 11_0)
[2016.01.14-12.18.19:674][  0]LogD3D11RHI: Adapter has 1989MB of dedicated video memory, 0MB of dedicated system memory, and 2048MB of shared system memory, 2 output[s]
[2016.01.14-12.18.19:674][  0]LogD3D11RHI: Chosen D3D11 Adapter Id = 0
[2016.01.14-12.18.19:681][  0]LogD3D11RHI: !Direct3DDevice
[2016.01.14-12.18.19:700][  0]LogRHI: Texture pool is 1361 MB (70% of 1945 MB)
[2016.01.14-12.18.19:712][  0]LogD3D11RHI: Async texture creation enabled
[2016.01.14-12.18.20:145][  0]LogShaderCompilers: Guid format shader working directory is 9 characters bigger than the processId version (E:/Unreal Work Space/ExampleCollection10/Intermediate/Shaders/WorkingDirectory/6600/).
[2016.01.14-12.18.20:145][  0]LogShaderCompilers: Cleaned the shader compiler working directory 'C:/Users/CHENXI~1/AppData/Local/Temp/UnrealShaderWorkingDir/03C26B104BF9D5B0C02E7A8753A8845B/'.
[2016.01.14-12.18.20:162][  0]LogShaderCompilers:Display: Using Local Shader Compiler.
[2016.01.14-12.18.29:808][  0]LogTemp:Display: Loaded TP AllDesktopTargetPlatform
[2016.01.14-12.18.29:814][  0]LogTemp:Display: Loaded TP WindowsClientTargetPlatform
[2016.01.14-12.18.29:818][  0]LogTemp:Display: Loaded TP WindowsNoEditorTargetPlatform
[2016.01.14-12.18.29:823][  0]LogTemp:Display: Loaded TP WindowsServerTargetPlatform
[2016.01.14-12.18.29:843][  0]LogTemp:Display: Loaded TP WindowsTargetPlatform
[2016.01.14-12.18.29:886][  0]LogTemp:Display: Loaded TP AndroidTargetPlatform
[2016.01.14-12.18.29:900][  0]LogTemp:Display: Loaded TP Android_ASTCTargetPlatform
[2016.01.14-12.18.29:922][  0]LogTemp:Display: Loaded TP Android_ATCTargetPlatform
[2016.01.14-12.18.29:956][  0]LogTemp:Display: Loaded TP Android_DXTTargetPlatform
[2016.01.14-12.18.29:979][  0]LogTemp:Display: Loaded TP Android_ETC1TargetPlatform
[2016.01.14-12.18.30:001][  0]LogTemp:Display: Loaded TP Android_ETC2TargetPlatform
[2016.01.14-12.18.30:052][  0]LogTemp:Display: Loaded TP Android_MultiTargetPlatform
[2016.01.14-12.18.30:052][  0]LogTemp:Display: Loaded TP Android_PVRTCTargetPlatform
[2016.01.14-12.18.30:053][  0]LogTemp:Display: Loaded TP HTML5TargetPlatform
[2016.01.14-12.18.30:147][  0]LogTemp:Display: Loaded TP IOSTargetPlatform
[2016.01.14-12.18.30:159][  0]LogTemp:Display: Loaded TP LinuxNoEditorTargetPlatform
[2016.01.14-12.18.30:164][  0]LogTemp:Display: Loaded TP LinuxServerTargetPlatform
[2016.01.14-12.18.30:191][  0]LogTemp:Display: Loaded TP LinuxTargetPlatform
[2016.01.14-12.18.30:191][  0]LogTargetPlatformManager:Display: Building Assets For Windows
[2016.01.14-12.18.31:086][  0]LogDerivedDataCache:Display: Max Cache Size: 512 MB
[2016.01.14-12.18.31:516][  0]LogDerivedDataCache: Loaded boot cache 0.43s 41MB C:/Users/chenxinghui/AppData/Local/UnrealEngine/4.10/DerivedDataCache/Boot.ddc.
[2016.01.14-12.18.31:516][  0]LogDerivedDataCache:Display: Loaded Boot cache: C:/Users/chenxinghui/AppData/Local/UnrealEngine/4.10/DerivedDataCache/Boot.ddc
[2016.01.14-12.18.31:516][  0]LogDerivedDataCache: FDerivedDataBackendGraph:  Pak pak cache file E:/Unreal Work Space/ExampleCollection10/DerivedDataCache/DDC.ddp not found, will not use a pak cache.
[2016.01.14-12.18.31:516][  0]LogDerivedDataCache: Unable to find inner node Pak for hierarchical cache Hierarchy.
[2016.01.14-12.18.31:516][  0]LogDerivedDataCache: FDerivedDataBackendGraph:  CompressedPak pak cache file E:/Unreal Work Space/ExampleCollection10/DerivedDataCache/Compressed.ddp not found, will not use a pak cache.
[2016.01.14-12.18.31:516][  0]LogDerivedDataCache: Unable to find inner node CompressedPak for hierarchical cache Hierarchy.
[2016.01.14-12.18.31:649][  0]LogDerivedDataCache:Display: Pak cache opened for reading ../../../Engine/DerivedDataCache/Compressed.ddp.
[2016.01.14-12.18.31:689][  0]LogDerivedDataCache: Using Local data cache path C:/Users/chenxinghui/AppData/Local/UnrealEngine/Common/DerivedDataCache: Writable
[2016.01.14-12.18.42:724][  0]LogInit: Selected Device Profile: [Windows]
[2016.01.14-12.18.42:756][  0]LogContentStreaming: Texture pool size is 0.000000MB
[2016.01.14-12.18.44:011][  0]LogMeshUtilities: No automatic mesh reduction module available
[2016.01.14-12.18.44:011][  0]LogMeshUtilities: No automatic mesh merging module available
[2016.01.14-12.18.49:075][  0]LogInit: WinSock: version 1.1 (2.2), MaxSocks=32767, MaxUdp=65467
[2016.01.14-12.19.00:511][  0]UdpMessaging: Initializing bridge on interface 0.0.0.0:0 to multicast group 230.0.0.1:6666.
[2016.01.14-12.19.01:136][  0]LogAssetRegistry: FAssetRegistry took 0.0127 seconds to start up
[2016.01.14-12.19.05:412][  0]SourceControl: Info Source control is disabled
[2016.01.14-12.19.05:493][  0]SourceControl: Info Source control is disabled
[2016.01.14-12.19.05:637][  0]SourceControl: Info Source control is disabled
[2016.01.14-12.19.05:931][  0]SourceControl: Info Source control is disabled
[2016.01.14-12.19.08:747][  0]LogObj: 28633 objects as part of root set at end of initial load.
[2016.01.14-12.19.08:747][  0]LogUObjectAllocator: 6099752 out of 0 bytes used by permanent object pool.
[2016.01.14-12.19.09:716][  0]LogEngine: Initializing Engine...
[2016.01.14-12.19.09:745][  0]LogHMD: Can't find Oculus library dev build: is proper Runtime installed? Version: 0.8.0.0
[2016.01.14-12.19.09:821][  0]LogHMD: SteamVR failed to initialize.  Err: 110
[2016.01.14-12.19.10:773][  0]LogAIModule: Creating AISystem for world NewWorld
[2016.01.14-12.19.11:046][  0]LogInit: XAudio2 using '扬声器 (Realtek High Definition Audio)' : 2 channels at 48 kHz using 32 bits per sample (channel mask 0x3)
[2016.01.14-12.19.11:262][  0]LogInit: FAudioDevice initialized.
[2016.01.14-12.19.11:289][  0]LogDerivedDataCache: Saved boot cache 0.03s 41MB C:/Users/chenxinghui/AppData/Local/UnrealEngine/4.10/DerivedDataCache/Boot.ddc.
[2016.01.14-12.19.11:295][  0]LogInit: Texture streaming: Enabled
[2016.01.14-12.19.11:344][  0]LogAnalytics: Creating configured Analytics provider AnalyticsET
[2016.01.14-12.19.11:352][  0]LogAnalytics: [UEEditor.Rocket.Release] APIServer = http://et2.epicgames.com/ET2/. AppVersion = 4.10.1-2791327+++depot+UE4-Releases+4.10
[2016.01.14-12.19.11:353][  0]LogAnalytics: [UEEditor.Rocket.Release] SetUserId fcc8beb743eb3f315b3205bc8f91fbb8|ecc15fb7c1f4439e807eef072eca5f98|c014cd18-b694-4710-a8b7-958888126c98
[2016.01.14-12.19.11:365][  0]LogAnalytics: [UEEditor.Rocket.Release] AnalyticsET::StartSession
[2016.01.14-12.19.11:737][  0]LogInit: Transaction tracking system initialized
[2016.01.14-12.19.12:514][  0]BlueprintLog: New page: Editor Load
[2016.01.14-12.19.17:682][  0]LocalizationService: Info Localization service is disabled
[2016.01.14-12.19.21:175][  0]LogConsoleResponse:Display: 
[2016.01.14-12.19.25:721][  0]LogFileCache: Scanning file cache for directory 'E:/Unreal Work Space/ExampleCollection10/Content/' took 0.02s
[2016.01.14-12.19.25:721][  0]LogCook:Display: Done creating registry. It took  0.00s.
[2016.01.14-12.19.29:271][  0]SourceControl: Info Source control is disabled
[2016.01.14-12.19.29:397][  0]Cmd: MAP LOAD FILE="E:/Unreal Work Space/ExampleCollection10/Content/My/TestMap/MatTestMap.umap" TEMPLATE=0 SHOWPROGRESS=1 FEATURELEVEL=3
[2016.01.14-12.19.29:711][  0]LightingResults: New page: Lighting Build
[2016.01.14-12.19.30:310][  0]MapCheck: New page: Map Check
[2016.01.14-12.19.30:310][  0]LightingResults: New page: Lighting Build
[2016.01.14-12.19.30:985][  0]LogParticles: Destroying 0 GPU particle simulations for FXSystem 0x0000000020372AC0
[2016.01.14-12.19.53:363][  0]LogAIModule: Creating AISystem for world MatTestMap
[2016.01.14-12.19.54:556][  0]LogEditorServer: Finished looking for orphan Actors (0.000 secs)
[2016.01.14-12.19.54:709][  0]Cmd: MAP CHECKDEP NOCLEARLOG
[2016.01.14-12.19.54:876][  0]MapCheck: Info Map check complete: 0 Error(s), 0 Warning(s), took 167.263ms to complete.
[2016.01.14-12.19.54:877][  0]LogFileHelpers: Loading map 'MatTestMap' took 25.530
[2016.01.14-12.19.58:798][  0]LogCollectionManager: Loaded 0 collections in 0.002668 seconds
[2016.01.14-12.19.59:518][  0]LogFileCache: Scanning file cache for directory 'E:/Unreal Work Space/ExampleCollection10/Saved/Collections/' took 0.01s
[2016.01.14-12.19.59:518][  0]LogFileCache: Scanning file cache for directory 'E:/Unreal Work Space/ExampleCollection10/Content/Developers/chenxinghui/Collections/' took 0.01s
[2016.01.14-12.19.59:518][  0]LogFileCache: Scanning file cache for directory 'E:/Unreal Work Space/ExampleCollection10/Content/Collections/' took 0.01s
[2016.01.14-12.19.59:518][  0]LogCollectionManager: Rebuilt the GUID cache for 0 collections in 0.000005 seconds
[2016.01.14-12.19.59:722][  0]LogContentBrowser: Native class hierarchy populated in 0.1231 seconds. Added 1893 classes and 338 folders.
[2016.01.14-12.20.00:379][  0]LogContentBrowser: Native class hierarchy updated for 'WidgetCarousel' in 0.0003 seconds. Added 0 classes and 0 folders.
[2016.01.14-12.20.07:369][  0]LogContentBrowser: Native class hierarchy updated for 'AddContentDialog' in 0.0003 seconds. Added 0 classes and 0 folders.
[2016.01.14-12.20.07:631][  0]LogContentBrowser: Native class hierarchy updated for 'SceneOutliner' in 0.0004 seconds. Added 1 classes and 2 folders.
[2016.01.14-12.20.08:222][  0]LogCrashTracker: Crashtracker disabled due to settings.
[2016.01.14-12.20.08:473][  0]LogUObjectGlobals:Warning: Failed to find object 'Class None.'
[2016.01.14-12.20.08:567][  0]LogLoad: Full Startup: 120.78 seconds (BP compile: 0.90 seconds)
[2016.01.14-12.20.08:593][  0]LogOcInput: Can't find Oculus library dev build: is proper Runtime installed? Version: 0.8.0.0
[2016.01.14-12.20.09:222][  0]LogContentStreaming: Texture pool size now 1000 MB
[2016.01.14-12.20.10:393][  0]LogRenderer: Reallocating scene render targets to support 824x580 (Frame:2).
[2016.01.14-12.20.11:762][  5]LogAssetRegistry: Asset discovery search completed in 70.6395 seconds
[2016.01.14-12.20.11:795][  5]LogCollectionManager: Rebuilt the object cache for 0 collections in 0.000000 seconds (found 0 objects)
[2016.01.14-12.20.11:795][  5]LogCollectionManager: Fixed up redirectors for 0 collections in 0.017815 seconds (updated 0 objects)
[2016.01.14-12.21.01:770][288]Cmd: QUIT_EDITOR
[2016.01.14-12.21.01:992][288]LogExit: Preparing to exit.
[2016.01.14-12.21.02:773][288]LogExit: Editor shut down
[2016.01.14-12.21.02:773][288]LogExit: Transaction tracking system shut down
[2016.01.14-12.21.02:802][288]LogParticles: Destroying 0 GPU particle simulations for FXSystem 0x0000000011A376A0
[2016.01.14-12.21.02:802][288]LogParticles: Destroying 0 GPU particle simulations for FXSystem 0x0000000027FB4A40
[2016.01.14-12.21.02:802][288]LogParticles: Destroying 0 GPU particle simulations for FXSystem 0x0000000027FBD260
[2016.01.14-12.21.03:321][288]LogParticles: Destroying 0 GPU particle simulations for FXSystem 0x0000000027FBD300
[2016.01.14-12.21.03:321][288]LogExit: Object subsystem successfully closed.
[2016.01.14-12.21.03:420][288]LogD3D11RHI: Shutdown
[2016.01.14-12.21.03:420][288]LogD3D11RHI: CleanupD3DDevice
[2016.01.14-12.21.03:525][288]LogD3D11RHI: ~FD3D11DynamicRHI
[2016.01.14-12.21.04:078][288]LogModuleManager: Shutting down and abandoning module CrashTracker (198)
[2016.01.14-12.21.04:078][288]LogModuleManager: Shutting down and abandoning module SceneOutliner (197)
[2016.01.14-12.21.04:078][288]LogModuleManager: Shutting down and abandoning module SuperSearch (196)
[2016.01.14-12.21.04:079][288]LogModuleManager: Shutting down and abandoning module WidgetCarousel (195)
[2016.01.14-12.21.04:079][288]LogModuleManager: Shutting down and abandoning module AddContentDialog (194)
[2016.01.14-12.21.04:080][288]LogModuleManager: Shutting down and abandoning module EditorWidgets (193)
[2016.01.14-12.21.04:080][288]LogModuleManager: Shutting down and abandoning module CollectionManager (192)
[2016.01.14-12.21.04:080][288]LogModuleManager: Shutting down and abandoning module StatsViewer (191)
[2016.01.14-12.21.04:080][288]LogModuleManager: Shutting down and abandoning module FoliageEdit (190)
[2016.01.14-12.21.04:080][288]LogModuleManager: Shutting down and abandoning module LandscapeEditor (189)
[2016.01.14-12.21.04:198][288]LogModuleManager: Shutting down and abandoning module ActorPickerMode (188)
[2016.01.14-12.21.04:198][288]LogModuleManager: Shutting down and abandoning module GeometryMode (187)
[2016.01.14-12.21.04:198][288]LogModuleManager: Shutting down and abandoning module TextureAlignMode (186)
[2016.01.14-12.21.04:198][288]LogModuleManager: Shutting down and abandoning module BspMode (185)
[2016.01.14-12.21.04:198][288]LogModuleManager: Shutting down and abandoning module PlacementMode (184)
[2016.01.14-12.21.04:198][288]LogModuleManager: Shutting down and abandoning module AutomationWorker (183)
[2016.01.14-12.21.04:198][288]LogModuleManager: Shutting down and abandoning module CharacterAI (182)
[2016.01.14-12.21.04:198][288]LogModuleManager: Shutting down and abandoning module SmartSnapping (181)
[2016.01.14-12.21.04:198][288]LogModuleManager: Shutting down and abandoning module ViewportSnapping (180)
[2016.01.14-12.21.04:198][288]LogModuleManager: Shutting down and abandoning module LogVisualizer (179)
[2016.01.14-12.21.04:198][288]LogModuleManager: Shutting down and abandoning module GameProjectGeneration (178)
[2016.01.14-12.21.04:275][288]LogModuleManager: Shutting down and abandoning module IntroTutorials (177)
[2016.01.14-12.21.04:275][288]LogModuleManager: Shutting down and abandoning module EditorLiveStreaming (176)
[2016.01.14-12.21.04:275][288]LogModuleManager: Shutting down and abandoning module IOSPlatformEditor (175)
[2016.01.14-12.21.04:275][288]LogModuleManager: Shutting down and abandoning module HTML5PlatformEditor (174)
[2016.01.14-12.21.04:275][288]LogModuleManager: Shutting down and abandoning module AndroidDeviceDetection (173)
[2016.01.14-12.21.04:745][288]LogModuleManager: Shutting down and abandoning module AndroidPlatformEditor (172)
[2016.01.14-12.21.04:745][288]LogModuleManager: Shutting down and abandoning module IOSRuntimeSettings (171)
[2016.01.14-12.21.04:745][288]LogModuleManager: Shutting down and abandoning module AndroidRuntimeSettings (170)
[2016.01.14-12.21.04:745][288]LogModuleManager: Shutting down and abandoning module MergeActors (169)
[2016.01.14-12.21.04:745][288]LogModuleManager: Shutting down and abandoning module SizeMap (168)
[2016.01.14-12.21.04:745][288]LogModuleManager: Shutting down and abandoning module TreeMap (167)
[2016.01.14-12.21.04:745][288]LogModuleManager: Shutting down and abandoning module ReferenceViewer (166)
[2016.01.14-12.21.04:745][288]LogModuleManager: Shutting down and abandoning module LocalizationService (165)
[2016.01.14-12.21.04:745][288]LogModuleManager: Shutting down and abandoning module LocalizationDashboard (164)
[2016.01.14-12.21.04:763][288]LogModuleManager: Shutting down and abandoning module HardwareTargeting (163)
[2016.01.14-12.21.04:763][288]LogModuleManager: Shutting down and abandoning module DeviceProfileEditor (162)
[2016.01.14-12.21.04:763][288]LogModuleManager: Shutting down and abandoning module UndoHistory (161)
[2016.01.14-12.21.04:763][288]LogModuleManager: Shutting down and abandoning module GameplayTagsEditor (160)
[2016.01.14-12.21.04:763][288]LogModuleManager: Shutting down and abandoning module UserFeedback (159)
[2016.01.14-12.21.04:763][288]LogModuleManager: Shutting down and abandoning module XmlParser (158)
[2016.01.14-12.21.04:763][288]LogModuleManager: Shutting down and abandoning module Blutility (157)
[2016.01.14-12.21.04:763][288]LogModuleManager: Shutting down and abandoning module ProjectTargetPlatformEditor (156)
[2016.01.14-12.21.04:763][288]LogModuleManager: Shutting down and abandoning module ProjectSettingsViewer (155)
[2016.01.14-12.21.04:763][288]LogModuleManager: Shutting down and abandoning module InputBindingEditor (154)
[2016.01.14-12.21.04:774][288]LogModuleManager: Shutting down and abandoning module EditorSettingsViewer (153)
[2016.01.14-12.21.04:774][288]LogModuleManager: Shutting down and abandoning module SettingsEditor (152)
[2016.01.14-12.21.04:775][288]LogModuleManager: Shutting down and abandoning module ProjectLauncher (151)
[2016.01.14-12.21.04:812][288]LogModuleManager: Shutting down and abandoning module SessionFrontend (150)
[2016.01.14-12.21.04:812][288]LogModuleManager: Shutting down and abandoning module ProfilerClient (149)
[2016.01.14-12.21.04:832][288]LogModuleManager: Shutting down and abandoning module TargetDeviceServices (148)
[2016.01.14-12.21.04:832][288]LogModuleManager: Shutting down and abandoning module DeviceManager (147)
[2016.01.14-12.21.04:832][288]LogModuleManager: Shutting down and abandoning module AutomationController (146)
[2016.01.14-12.21.04:832][288]LogModuleManager: Shutting down and abandoning module AutomationWindow (145)
[2016.01.14-12.21.04:854][288]LogModuleManager: Shutting down and abandoning module Layers (144)
[2016.01.14-12.21.04:879][288]LogModuleManager: Shutting down and abandoning module ComponentVisualizers (143)
[2016.01.14-12.21.04:879][288]LogModuleManager: Shutting down and abandoning module DetailCustomizations (142)
[2016.01.14-12.21.04:898][288]LogModuleManager: Shutting down and abandoning module PackagesDialog (141)
[2016.01.14-12.21.04:898][288]LogModuleManager: Shutting down and abandoning module Persona (140)
[2016.01.14-12.21.04:924][288]LogModuleManager: Shutting down and abandoning module Kismet (139)
[2016.01.14-12.21.04:924][288]LogModuleManager: Shutting down and abandoning module GraphEditor (138)
[2016.01.14-12.21.04:974][288]LogModuleManager: Shutting down and abandoning module ClassViewer (137)
[2016.01.14-12.21.04:974][288]LogModuleManager: Shutting down and abandoning module Toolbox (136)
[2016.01.14-12.21.04:975][288]LogModuleManager: Shutting down and abandoning module ModuleUI (135)
[2016.01.14-12.21.04:991][288]LogModuleManager: Shutting down and abandoning module MovieSceneTools (134)
[2016.01.14-12.21.05:003][288]LogModuleManager: Shutting down and abandoning module OutputLog (133)
[2016.01.14-12.21.05:003][288]LogModuleManager: Shutting down and abandoning module GammaUI (132)
[2016.01.14-12.21.05:028][288]LogModuleManager: Shutting down and abandoning module Documentation (131)
[2016.01.14-12.21.05:028][288]LogModuleManager: Shutting down and abandoning module GameLiveStreaming (130)
[2016.01.14-12.21.05:028][288]LogModuleManager: Shutting down and abandoning module StreamingPauseRendering (129)
[2016.01.14-12.21.05:028][288]LogModuleManager: Shutting down and abandoning module AnalyticsET (128)
[2016.01.14-12.21.05:028][288]LogModuleManager: Shutting down and abandoning module Analytics (127)
[2016.01.14-12.21.05:028][288]LogModuleManager: Shutting down and abandoning module AITestSuite (126)
[2016.01.14-12.21.05:028][288]LogModuleManager: Shutting down and abandoning module GameplayDebugger (125)
[2016.01.14-12.21.05:028][288]LogModuleManager: Shutting down and abandoning module AIModule (124)
[2016.01.14-12.21.05:028][288]LogModuleManager: Shutting down and abandoning module ProfilerService (123)
[2016.01.14-12.21.05:192][288]LogModuleManager: Shutting down and abandoning module TaskGraph (122)
[2016.01.14-12.21.05:211][288]LogModuleManager: Shutting down and abandoning module SlateRemote (121)
[2016.01.14-12.21.05:211][288]LogModuleManager: Shutting down and abandoning module SteamVRController (120)
[2016.01.14-12.21.05:211][288]LogModuleManager: Shutting down and abandoning module SteamVR (119)
[2016.01.14-12.21.05:211][288]LogModuleManager: Shutting down and abandoning module ProceduralMeshComponent (118)
[2016.01.14-12.21.05:211][288]LogModuleManager: Shutting down and abandoning module OculusLibrary (117)
[2016.01.14-12.21.05:211][288]LogModuleManager: Shutting down and abandoning module OculusInput (116)
[2016.01.14-12.21.05:211][288]LogModuleManager: Shutting down and abandoning module LeapMotionController (115)
[2016.01.14-12.21.05:227][288]LogModuleManager: Shutting down and abandoning module CustomMeshComponent (114)
[2016.01.14-12.21.05:227][288]LogModuleManager: Shutting down and abandoning module CableComponent (113)
[2016.01.14-12.21.05:227][288]LogModuleManager: Shutting down and abandoning module ArchVisCharacter (112)
[2016.01.14-12.21.05:227][288]LogModuleManager: Shutting down and abandoning module MessagingDebugger (111)
[2016.01.14-12.21.05:240][288]LogModuleManager: Shutting down and abandoning module MediaPlayerEditor (110)
[2016.01.14-12.21.05:248][288]LogModuleManager: Shutting down and abandoning module HTML5Networking (109)
[2016.01.14-12.21.05:248][288]LogModuleManager: Shutting down and abandoning module SpeedTreeImporter (108)
[2016.01.14-12.21.05:248][288]LogModuleManager: Shutting down and abandoning module PluginBrowser (107)
[2016.01.14-12.21.05:259][288]LogModuleManager: Shutting down and abandoning module EpicSurvey (106)
[2016.01.14-12.21.05:259][288]LogModuleManager: Shutting down and abandoning module DesktopPlatform (105)
[2016.01.14-12.21.05:260][288]LogModuleManager: Shutting down and abandoning module VisualStudioSourceCodeAccess (104)
[2016.01.14-12.21.05:260][288]LogModuleManager: Shutting down and abandoning module UObjectPlugin (103)
[2016.01.14-12.21.05:260][288]LogModuleManager: Shutting down and abandoning module SubversionSourceControl (102)
[2016.01.14-12.21.05:260][288]LogModuleManager: Shutting down and abandoning module PerforceSourceControl (101)
[2016.01.14-12.21.05:260][288]LogModuleManager: Shutting down and abandoning module SourceControl (100)
[2016.01.14-12.21.05:270][288]LogModuleManager: Shutting down and abandoning module GitSourceControl (99)
[2016.01.14-12.21.05:270][288]LogModuleManager: Shutting down and abandoning module LightPropagationVolumeEditor (98)
[2016.01.14-12.21.05:270][288]LogModuleManager: Shutting down and abandoning module PaperTiledImporter (97)
[2016.01.14-12.21.05:270][288]LogModuleManager: Shutting down and abandoning module PaperSpriteSheetImporter (96)
[2016.01.14-12.21.05:270][288]LogModuleManager: Shutting down and abandoning module MeshPaint (95)
[2016.01.14-12.21.05:270][288]LogModuleManager: Shutting down and abandoning module SlateReflector (94)
[2016.01.14-12.21.05:281][288]LogModuleManager: Shutting down and abandoning module HotReload (93)
[2016.01.14-12.21.05:281][288]LogModuleManager: Shutting down and abandoning module MainFrame (92)
[2016.01.14-12.21.05:281][288]LogModuleManager: Shutting down and abandoning module LevelEditor (91)
[2016.01.14-12.21.05:294][288]LogModuleManager: Shutting down and abandoning module DirectoryWatcher (90)
[2016.01.14-12.21.05:295][288]LogModuleManager: Shutting down and abandoning module AssetRegistry (89)
[2016.01.14-12.21.05:331][288]LogModuleManager: Shutting down and abandoning module ContentBrowser (88)
[2016.01.14-12.21.05:332][288]LogModuleManager: Shutting down and abandoning module Paper2DEditor (87)
[2016.01.14-12.21.05:338][288]LogModuleManager: Shutting down and abandoning module UdpMessaging (86)
[2016.01.14-12.21.05:438][288]LogModuleManager: Shutting down and abandoning module LightPropagationVolumeRuntime (85)
[2016.01.14-12.21.05:438][288]LogModuleManager: Shutting down and abandoning module Paper2D (84)
[2016.01.14-12.21.05:438][288]LogModuleManager: Shutting down and abandoning module WindowsMoviePlayer (83)
[2016.01.14-12.21.05:440][288]LogModuleManager: Shutting down and abandoning module Media (82)
[2016.01.14-12.21.05:440][288]LogModuleManager: Shutting down and abandoning module WmfMedia (81)
[2016.01.14-12.21.05:457][288]LogModuleManager: Shutting down and abandoning module OnlineBlueprintSupport (80)
[2016.01.14-12.21.05:457][288]LogModuleManager: Shutting down and abandoning module GameplayTasksEditor (79)
[2016.01.14-12.21.05:457][288]LogModuleManager: Shutting down and abandoning module PropertyEditor (78)
[2016.01.14-12.21.05:486][288]LogModuleManager: Shutting down and abandoning module BehaviorTreeEditor (77)
[2016.01.14-12.21.05:511][288]LogModuleManager: Shutting down and abandoning module FunctionalTesting (76)
[2016.01.14-12.21.05:511][288]LogModuleManager: Shutting down and abandoning module CollisionAnalyzer (75)
[2016.01.14-12.21.05:511][288]LogModuleManager: Shutting down and abandoning module WorkspaceMenuStructure (74)
[2016.01.14-12.21.05:511][288]LogModuleManager: Shutting down and abandoning module MessageLog (73)
[2016.01.14-12.21.05:511][288]LogModuleManager: Shutting down and abandoning module Sequencer (72)
[2016.01.14-12.21.05:523][288]LogModuleManager: Shutting down and abandoning module AssetTools (71)
[2016.01.14-12.21.05:540][288]LogModuleManager: Shutting down and abandoning module UMGEditor (70)
[2016.01.14-12.21.05:571][288]LogModuleManager: Shutting down and abandoning module UMG (69)
[2016.01.14-12.21.05:588][288]LogModuleManager: Shutting down and abandoning module Slate (68)
[2016.01.14-12.21.05:588][288]LogModuleManager: Shutting down and abandoning module EditorStyle (67)
[2016.01.14-12.21.05:590][288]LogModuleManager: Shutting down and abandoning module SessionServices (66)
[2016.01.14-12.21.05:590][288]LogModuleManager: Shutting down and abandoning module SourceCodeAccess (65)
[2016.01.14-12.21.05:590][288]LogModuleManager: Shutting down and abandoning module HeadMountedDisplay (64)
[2016.01.14-12.21.05:590][288]LogModuleManager: Shutting down and abandoning module XAudio2 (63)
[2016.01.14-12.21.05:590][288]LogModuleManager: Shutting down and abandoning module Networking (61)
[2016.01.14-12.21.05:590][288]LogModuleManager: Shutting down and abandoning module Core (60)
[2016.01.14-12.21.05:590][288]LogModuleManager: Shutting down and abandoning module KismetCompiler (59)
[2016.01.14-12.21.05:590][288]LogModuleManager: Shutting down and abandoning module PhysXFormats (58)
[2016.01.14-12.21.05:590][288]LogModuleManager: Shutting down and abandoning module MeshUtilities (57)
[2016.01.14-12.21.05:616][288]LogModuleManager: Shutting down and abandoning module DerivedDataCache (56)
[2016.01.14-12.21.05:687][288]LogDerivedDataCache: Shutdown
[2016.01.14-12.21.05:687][288]LogModuleManager: Shutting down and abandoning module ShaderFormatOpenGL (55)
[2016.01.14-12.21.05:722][288]LogModuleManager: Shutting down and abandoning module ShaderFormatD3D (54)
[2016.01.14-12.21.05:722][288]LogModuleManager: Shutting down and abandoning module MetalShaderFormat (53)
[2016.01.14-12.21.05:741][288]LogModuleManager: Shutting down and abandoning module TextureFormatUncompressed (52)
[2016.01.14-12.21.05:741][288]LogModuleManager: Shutting down and abandoning module TextureFormatPVR (51)
[2016.01.14-12.21.05:741][288]LogModuleManager: Shutting down and abandoning module TextureFormatIntelISPCTexComp (50)
[2016.01.14-12.21.05:741][288]LogModuleManager: Shutting down and abandoning module TextureFormatDXT (49)
[2016.01.14-12.21.05:741][288]LogModuleManager: Shutting down and abandoning module ImageWrapper (48)
[2016.01.14-12.21.05:741][288]LogModuleManager: Shutting down and abandoning module TextureFormatASTC (47)
[2016.01.14-12.21.05:741][288]LogModuleManager: Shutting down and abandoning module TextureFormatAndroid (46)
[2016.01.14-12.21.05:741][288]LogModuleManager: Shutting down and abandoning module AudioFormatOpus (45)
[2016.01.14-12.21.05:741][288]LogModuleManager: Shutting down and abandoning module AudioFormatOgg (44)
[2016.01.14-12.21.05:741][288]LogModuleManager: Shutting down and abandoning module AudioFormatADPCM (43)
[2016.01.14-12.21.05:741][288]LogModuleManager: Shutting down and abandoning module LinuxTargetPlatform (42)
[2016.01.14-12.21.05:741][288]LogModuleManager: Shutting down and abandoning module LinuxServerTargetPlatform (41)
[2016.01.14-12.21.05:741][288]LogModuleManager: Shutting down and abandoning module LinuxNoEditorTargetPlatform (40)
[2016.01.14-12.21.05:741][288]LogModuleManager: Shutting down and abandoning module Messaging (39)
[2016.01.14-12.21.05:741][288]LogModuleManager: Shutting down and abandoning module IOSTargetPlatform (38)
[2016.01.14-12.21.05:741][288]LogModuleManager: Shutting down and abandoning module HTML5TargetPlatform (37)
[2016.01.14-12.21.05:741][288]LogModuleManager: Shutting down and abandoning module Android_PVRTCTargetPlatform (36)
[2016.01.14-12.21.05:741][288]LogModuleManager: Shutting down and abandoning module Android_MultiTargetPlatform (35)
[2016.01.14-12.21.05:741][288]LogModuleManager: Shutting down and abandoning module Android_ETC2TargetPlatform (34)
[2016.01.14-12.21.05:741][288]LogModuleManager: Shutting down and abandoning module Android_ETC1TargetPlatform (33)
[2016.01.14-12.21.05:741][288]LogModuleManager: Shutting down and abandoning module Android_DXTTargetPlatform (32)
[2016.01.14-12.21.05:741][288]LogModuleManager: Shutting down and abandoning module Android_ATCTargetPlatform (31)
[2016.01.14-12.21.05:741][288]LogModuleManager: Shutting down and abandoning module Android_ASTCTargetPlatform (30)
[2016.01.14-12.21.05:741][288]LogModuleManager: Shutting down and abandoning module AndroidTargetPlatform (29)
[2016.01.14-12.21.05:741][288]LogModuleManager: Shutting down and abandoning module WindowsTargetPlatform (28)
[2016.01.14-12.21.05:741][288]LogModuleManager: Shutting down and abandoning module WindowsServerTargetPlatform (27)
[2016.01.14-12.21.05:741][288]LogModuleManager: Shutting down and abandoning module WindowsNoEditorTargetPlatform (26)
[2016.01.14-12.21.05:741][288]LogModuleManager: Shutting down and abandoning module WindowsClientTargetPlatform (25)
[2016.01.14-12.21.05:741][288]LogModuleManager: Shutting down and abandoning module AllDesktopTargetPlatform (24)
[2016.01.14-12.21.05:741][288]LogModuleManager: Shutting down and abandoning module TargetPlatform (23)
[2016.01.14-12.21.05:741][288]LogModuleManager: Shutting down and abandoning module InputCore (22)
[2016.01.14-12.21.05:741][288]LogModuleManager: Shutting down and abandoning module Settings (21)
[2016.01.14-12.21.05:741][288]LogModuleManager: Shutting down and abandoning module OnlineSubsystem (19)
[2016.01.14-12.21.05:741][288]LogModuleManager: Shutting down and abandoning module HTTP (18)
[2016.01.14-12.21.09:242][288]LogModuleManager: Shutting down and abandoning module XMPP (17)
[2016.01.14-12.21.09:262][288]LogModuleManager: Shutting down and abandoning module OculusRift (16)
[2016.01.14-12.21.09:282][288]LogModuleManager: Shutting down and abandoning module ExampleDeviceProfileSelector (15)
[2016.01.14-12.21.09:282][288]LogModuleManager: Shutting down and abandoning module TextureCompressor (14)
[2016.01.14-12.21.09:283][288]LogModuleManager: Shutting down and abandoning module ShaderCore (13)
[2016.01.14-12.21.09:283][288]LogModuleManager: Shutting down and abandoning module Landscape (12)
[2016.01.14-12.21.09:283][288]LogModuleManager: Shutting down and abandoning module SlateRHIRenderer (11)
[2016.01.14-12.21.09:283][288]LogModuleManager: Shutting down and abandoning module OpenGLDrv (10)
[2016.01.14-12.21.09:301][288]LogModuleManager: Shutting down and abandoning module D3D11RHI (9)
[2016.01.14-12.21.09:301][288]LogModuleManager: Shutting down and abandoning module AnimGraphRuntime (8)
[2016.01.14-12.21.09:314][288]LogModuleManager: Shutting down and abandoning module Renderer (7)
[2016.01.14-12.21.09:314][288]LogModuleManager: Shutting down and abandoning module Engine (6)
[2016.01.14-12.21.09:314][288]LogModuleManager: Shutting down and abandoning module CoreUObject (5)
[2016.01.14-12.21.09:314][288]LogModuleManager: Shutting down and abandoning module NetworkFile (4)
[2016.01.14-12.21.09:329][288]LogModuleManager: Shutting down and abandoning module StreamingFile (3)
[2016.01.14-12.21.09:329][288]LogModuleManager: Shutting down and abandoning module SandboxFile (2)
[2016.01.14-12.21.09:329][288]LogModuleManager: Shutting down and abandoning module PakFile (1)
[2016.01.14-12.21.09:336][288]LogExit: Exiting.
[2016.01.14-12.21.09:338][288]Log file closed, 01/14/16 20:21:09
