[2016.01.21-12.54.14:099][  0]Log file open, 01/21/16 20:54:14
[2016.01.21-12.54.14:099][  0]LogInit:Display: Running engine for game: ExampleCollection10
[2016.01.21-12.54.14:099][  0]LogPlatformFile: Not using cached read wrapper
[2016.01.21-12.54.14:099][  0]LogInit:Display: RandInit(-690754895) SRandInit(-690754894).
[2016.01.21-12.54.14:099][  0]LogTaskGraph: Started task graph with 4 named threads and 7 total threads.
[2016.01.21-12.54.14:099][  0]LogStats: Stats thread started at 0.077033
[2016.01.21-12.54.14:099][  0]LogInit: Version: 4.10.1-2791327+++depot+UE4-Releases+4.10
[2016.01.21-12.54.14:099][  0]LogInit: API Version: 2758231
[2016.01.21-12.54.14:099][  0]LogInit: Compiled (64-bit): Dec  4 2015 19:44:40
[2016.01.21-12.54.14:099][  0]LogInit: Compiled with Visual C++: 19.00.23026.00
[2016.01.21-12.54.14:099][  0]LogInit: Build Configuration: Development
[2016.01.21-12.54.14:099][  0]LogInit: Branch Name: ++depot+UE4-Releases+4.10
[2016.01.21-12.54.14:099][  0]LogInit: Command line:  
[2016.01.21-12.54.14:099][  0]LogInit: Base directory: D:/Program Files/Epic Games/4.10/Engine/Binaries/Win64/
[2016.01.21-12.54.14:099][  0]LogInit: Rocket: 1
[2016.01.21-12.54.14:106][  0]LogInit: Using libcurl 7.41.0
[2016.01.21-12.54.14:106][  0]LogInit:  - built for x86_64-pc-win32
[2016.01.21-12.54.14:106][  0]LogInit:  - supports SSL with WinSSL
[2016.01.21-12.54.14:106][  0]LogInit:  - other features:
[2016.01.21-12.54.14:106][  0]LogInit:      CURL_VERSION_SSL
[2016.01.21-12.54.14:106][  0]LogInit:      CURL_VERSION_IPV6
[2016.01.21-12.54.14:106][  0]LogInit:      CURL_VERSION_ASYNCHDNS
[2016.01.21-12.54.14:106][  0]LogInit:      CURL_VERSION_LARGEFILE
[2016.01.21-12.54.14:106][  0]LogInit:      CURL_VERSION_IDN
[2016.01.21-12.54.14:106][  0]LogInit:  CurlRequestOptions (configurable via config and command line):
[2016.01.21-12.54.14:106][  0]LogInit:  - bVerifyPeer = true  - Libcurl will verify peer certificate
[2016.01.21-12.54.14:106][  0]LogInit:  - bUseHttpProxy = false  - Libcurl will NOT use HTTP proxy
[2016.01.21-12.54.14:106][  0]LogInit:  - bDontReuseConnections = false  - Libcurl will reuse connections
[2016.01.21-12.54.14:106][  0]LogInit:  - CertBundlePath = nullptr  - Libcurl will use whatever was configured at build time.
[2016.01.21-12.54.14:112][  0]LogInit: Presizing for 0 objects not considered by GC, pre-allocating 0 bytes.
[2016.01.21-12.54.14:118][  0]LogInit: Object subsystem initialized
[2016.01.21-12.54.14:118][  0]LogInit: Selected Device Profile: [Windows]
[2016.01.21-12.54.14:118][  0]LogInit: Applying CVar settings loaded from the selected device profile: [Windows]
[2016.01.21-12.54.14:127][  0]LogInit: Computer: PLAN-CHENXINGHU
[2016.01.21-12.54.14:127][  0]LogInit: User: chenxinghui
[2016.01.21-12.54.14:127][  0]LogInit: CPU Page size=4096, Cores=4
[2016.01.21-12.54.14:127][  0]LogInit: High frequency timer resolution =3.117822 MHz
[2016.01.21-12.54.14:127][  0]LogMemory: Memory total: Physical=7.9GB (8GB approx)
[2016.01.21-12.54.14:127][  0]LogMemory: Platform Memory Stats for Windows
[2016.01.21-12.54.14:127][  0]LogMemory: Process Physical Memory: 56.37 MB used, 56.37 MB peak
[2016.01.21-12.54.14:127][  0]LogMemory: Process Virtual Memory: 57.67 MB used, 57.67 MB peak
[2016.01.21-12.54.14:127][  0]LogMemory: Physical Memory: 4269.35 MB used, 8130.04 MB total
[2016.01.21-12.54.14:127][  0]LogMemory: Virtual Memory: 350.46 MB used, 8388608.00 MB total
[2016.01.21-12.54.14:593][  0]LogD3D11RHI: Found D3D11 adapter 0: NVIDIA GeForce GTX 660   (Feature Level 11_0)
[2016.01.21-12.54.14:593][  0]LogD3D11RHI: Adapter has 1989MB of dedicated video memory, 0MB of dedicated system memory, and 2048MB of shared system memory, 2 output[s]
[2016.01.21-12.54.14:593][  0]LogD3D11RHI: Chosen D3D11 Adapter Id = 0
[2016.01.21-12.54.14:599][  0]LogD3D11RHI: !Direct3DDevice
[2016.01.21-12.54.14:600][  0]LogRHI: Texture pool is 1361 MB (70% of 1945 MB)
[2016.01.21-12.54.14:611][  0]LogD3D11RHI: Async texture creation enabled
[2016.01.21-12.54.14:624][  0]LogShaderCompilers: Guid format shader working directory is 9 characters bigger than the processId version (E:/Unreal Work Space/ExampleCollection10/Intermediate/Shaders/WorkingDirectory/7704/).
[2016.01.21-12.54.14:624][  0]LogShaderCompilers: Cleaned the shader compiler working directory 'C:/Users/CHENXI~1/AppData/Local/Temp/UnrealShaderWorkingDir/0A67399940B25E4CA1CB328FB5198AF5/'.
[2016.01.21-12.54.14:624][  0]LogShaderCompilers:Display: Using Local Shader Compiler.
[2016.01.21-12.54.15:459][  0]LogTemp:Display: Loaded TP AllDesktopTargetPlatform
[2016.01.21-12.54.15:463][  0]LogTemp:Display: Loaded TP WindowsClientTargetPlatform
[2016.01.21-12.54.15:467][  0]LogTemp:Display: Loaded TP WindowsNoEditorTargetPlatform
[2016.01.21-12.54.15:470][  0]LogTemp:Display: Loaded TP WindowsServerTargetPlatform
[2016.01.21-12.54.15:474][  0]LogTemp:Display: Loaded TP WindowsTargetPlatform
[2016.01.21-12.54.15:477][  0]LogTemp:Display: Loaded TP AndroidTargetPlatform
[2016.01.21-12.54.15:479][  0]LogTemp:Display: Loaded TP Android_ASTCTargetPlatform
[2016.01.21-12.54.15:481][  0]LogTemp:Display: Loaded TP Android_ATCTargetPlatform
[2016.01.21-12.54.15:484][  0]LogTemp:Display: Loaded TP Android_DXTTargetPlatform
[2016.01.21-12.54.15:486][  0]LogTemp:Display: Loaded TP Android_ETC1TargetPlatform
[2016.01.21-12.54.15:489][  0]LogTemp:Display: Loaded TP Android_ETC2TargetPlatform
[2016.01.21-12.54.15:494][  0]LogTemp:Display: Loaded TP Android_MultiTargetPlatform
[2016.01.21-12.54.15:494][  0]LogTemp:Display: Loaded TP Android_PVRTCTargetPlatform
[2016.01.21-12.54.15:495][  0]LogTemp:Display: Loaded TP HTML5TargetPlatform
[2016.01.21-12.54.15:510][  0]LogTemp:Display: Loaded TP IOSTargetPlatform
[2016.01.21-12.54.15:512][  0]LogTemp:Display: Loaded TP LinuxNoEditorTargetPlatform
[2016.01.21-12.54.15:515][  0]LogTemp:Display: Loaded TP LinuxServerTargetPlatform
[2016.01.21-12.54.15:517][  0]LogTemp:Display: Loaded TP LinuxTargetPlatform
[2016.01.21-12.54.15:517][  0]LogTargetPlatformManager:Display: Building Assets For Windows
[2016.01.21-12.54.15:583][  0]LogDerivedDataCache:Display: Max Cache Size: 512 MB
[2016.01.21-12.54.15:628][  0]LogDerivedDataCache: Loaded boot cache 0.04s 41MB C:/Users/chenxinghui/AppData/Local/UnrealEngine/4.10/DerivedDataCache/Boot.ddc.
[2016.01.21-12.54.15:628][  0]LogDerivedDataCache:Display: Loaded Boot cache: C:/Users/chenxinghui/AppData/Local/UnrealEngine/4.10/DerivedDataCache/Boot.ddc
[2016.01.21-12.54.15:628][  0]LogDerivedDataCache: FDerivedDataBackendGraph:  Pak pak cache file E:/Unreal Work Space/ExampleCollection10/DerivedDataCache/DDC.ddp not found, will not use a pak cache.
[2016.01.21-12.54.15:628][  0]LogDerivedDataCache: Unable to find inner node Pak for hierarchical cache Hierarchy.
[2016.01.21-12.54.15:628][  0]LogDerivedDataCache: FDerivedDataBackendGraph:  CompressedPak pak cache file E:/Unreal Work Space/ExampleCollection10/DerivedDataCache/Compressed.ddp not found, will not use a pak cache.
[2016.01.21-12.54.15:628][  0]LogDerivedDataCache: Unable to find inner node CompressedPak for hierarchical cache Hierarchy.
[2016.01.21-12.54.15:679][  0]LogDerivedDataCache:Display: Pak cache opened for reading ../../../Engine/DerivedDataCache/Compressed.ddp.
[2016.01.21-12.54.15:691][  0]LogDerivedDataCache: Using Local data cache path C:/Users/chenxinghui/AppData/Local/UnrealEngine/Common/DerivedDataCache: Writable
[2016.01.21-12.54.15:824][  0]LogInit: Selected Device Profile: [Windows]
[2016.01.21-12.54.15:825][  0]LogContentStreaming: Texture pool size is 0.000000MB
[2016.01.21-12.54.15:853][  0]LogMeshUtilities: No automatic mesh reduction module available
[2016.01.21-12.54.15:853][  0]LogMeshUtilities: No automatic mesh merging module available
[2016.01.21-12.54.16:143][  0]LogInit: WinSock: version 1.1 (2.2), MaxSocks=32767, MaxUdp=65467
[2016.01.21-12.54.16:776][  0]UdpMessaging: Initializing bridge on interface 0.0.0.0:0 to multicast group 230.0.0.1:6666.
[2016.01.21-12.54.16:899][  0]LogAssetRegistry: FAssetRegistry took 0.0106 seconds to start up
[2016.01.21-12.54.17:062][  0]SourceControl: Info Source control is disabled
[2016.01.21-12.54.17:062][  0]SourceControl: Info Source control is disabled
[2016.01.21-12.54.17:071][  0]SourceControl: Info Source control is disabled
[2016.01.21-12.54.17:080][  0]SourceControl: Info Source control is disabled
[2016.01.21-12.54.17:262][  0]LogObj: 28633 objects as part of root set at end of initial load.
[2016.01.21-12.54.17:262][  0]LogUObjectAllocator: 6099752 out of 0 bytes used by permanent object pool.
[2016.01.21-12.54.17:313][  0]LogEngine: Initializing Engine...
[2016.01.21-12.54.17:314][  0]LogHMD: Can't find Oculus library dev build: is proper Runtime installed? Version: 0.8.0.0
[2016.01.21-12.54.17:315][  0]LogHMD: SteamVR failed to initialize.  Err: 110
[2016.01.21-12.54.17:431][  0]LogAIModule: Creating AISystem for world NewWorld
[2016.01.21-12.54.17:445][  0]LogInit: XAudio2 using '扬声器 (Realtek High Definition Audio)' : 2 channels at 48 kHz using 32 bits per sample (channel mask 0x3)
[2016.01.21-12.54.17:464][  0]LogInit: FAudioDevice initialized.
[2016.01.21-12.54.17:496][  0]LogDerivedDataCache: Saved boot cache 0.03s 41MB C:/Users/chenxinghui/AppData/Local/UnrealEngine/4.10/DerivedDataCache/Boot.ddc.
[2016.01.21-12.54.17:501][  0]LogInit: Texture streaming: Enabled
[2016.01.21-12.54.17:506][  0]LogAnalytics: Creating configured Analytics provider AnalyticsET
[2016.01.21-12.54.17:506][  0]LogAnalytics: [UEEditor.Rocket.Release] APIServer = http://et2.epicgames.com/ET2/. AppVersion = 4.10.1-2791327+++depot+UE4-Releases+4.10
[2016.01.21-12.54.17:506][  0]LogAnalytics: [UEEditor.Rocket.Release] SetUserId fcc8beb743eb3f315b3205bc8f91fbb8|ecc15fb7c1f4439e807eef072eca5f98|c014cd18-b694-4710-a8b7-958888126c98
[2016.01.21-12.54.17:506][  0]LogAnalytics: [UEEditor.Rocket.Release] AnalyticsET::StartSession
[2016.01.21-12.54.17:541][  0]LogInit: Transaction tracking system initialized
[2016.01.21-12.54.17:565][  0]BlueprintLog: New page: Editor Load
[2016.01.21-12.54.17:631][  0]LocalizationService: Info Localization service is disabled
[2016.01.21-12.54.17:689][  0]LogConsoleResponse:Display: 
[2016.01.21-12.54.17:790][  0]LogCook:Display: Done creating registry. It took  0.00s.
[2016.01.21-12.54.17:835][  0]LogFileCache: Scanning file cache for directory 'E:/Unreal Work Space/ExampleCollection10/Content/' took 0.01s
[2016.01.21-12.54.17:835][  0]SourceControl: Info Source control is disabled
[2016.01.21-12.54.17:835][  0]Cmd: MAP LOAD FILE="E:/Unreal Work Space/ExampleCollection10/Content/My/TestMap/MatTestMap.umap" TEMPLATE=0 SHOWPROGRESS=1 FEATURELEVEL=3
[2016.01.21-12.54.17:835][  0]LightingResults: New page: Lighting Build
[2016.01.21-12.54.17:838][  0]MapCheck: New page: Map Check
[2016.01.21-12.54.17:838][  0]LightingResults: New page: Lighting Build
[2016.01.21-12.54.17:847][  0]LogParticles: Destroying 0 GPU particle simulations for FXSystem 0x000000002338AAC0
[2016.01.21-12.54.18:260][  0]LogAIModule: Creating AISystem for world MatTestMap
[2016.01.21-12.54.18:266][  0]LogEditorServer: Finished looking for orphan Actors (0.000 secs)
[2016.01.21-12.54.18:267][  0]Cmd: MAP CHECKDEP NOCLEARLOG
[2016.01.21-12.54.18:310][  0]MapCheck: Info Map check complete: 0 Error(s), 0 Warning(s), took 42.796ms to complete.
[2016.01.21-12.54.18:310][  0]LogFileHelpers: Loading map 'MatTestMap' took 0.475
[2016.01.21-12.54.18:414][  0]LogCollectionManager: Loaded 0 collections in 0.001794 seconds
[2016.01.21-12.54.18:445][  0]LogFileCache: Scanning file cache for directory 'E:/Unreal Work Space/ExampleCollection10/Saved/Collections/' took 0.01s
[2016.01.21-12.54.18:445][  0]LogFileCache: Scanning file cache for directory 'E:/Unreal Work Space/ExampleCollection10/Content/Developers/chenxinghui/Collections/' took 0.00s
[2016.01.21-12.54.18:445][  0]LogFileCache: Scanning file cache for directory 'E:/Unreal Work Space/ExampleCollection10/Content/Collections/' took 0.01s
[2016.01.21-12.54.18:445][  0]LogCollectionManager: Rebuilt the GUID cache for 0 collections in 0.000002 seconds
[2016.01.21-12.54.18:452][  0]LogContentBrowser: Native class hierarchy populated in 0.0067 seconds. Added 1893 classes and 338 folders.
[2016.01.21-12.54.18:461][  0]LogContentBrowser: Native class hierarchy updated for 'WidgetCarousel' in 0.0003 seconds. Added 0 classes and 0 folders.
[2016.01.21-12.54.18:498][  0]LogContentBrowser: Native class hierarchy updated for 'AddContentDialog' in 0.0003 seconds. Added 0 classes and 0 folders.
[2016.01.21-12.54.18:501][  0]LogContentBrowser: Native class hierarchy updated for 'SceneOutliner' in 0.0003 seconds. Added 1 classes and 2 folders.
[2016.01.21-12.54.18:519][  0]LogCrashTracker: Crashtracker disabled due to settings.
[2016.01.21-12.54.18:522][  0]LogUObjectGlobals:Warning: Failed to find object 'Class None.'
[2016.01.21-12.54.18:550][  0]LogLoad: Full Startup: 4.81 seconds (BP compile: 0.03 seconds)
[2016.01.21-12.54.18:562][  0]LogOcInput: Can't find Oculus library dev build: is proper Runtime installed? Version: 0.8.0.0
[2016.01.21-12.54.18:600][  0]LogContentStreaming: Texture pool size now 1000 MB
[2016.01.21-12.54.18:733][  0]LogRenderer: Reallocating scene render targets to support 824x552 (Frame:2).
[2016.01.21-12.54.18:962][  4]LogAssetRegistry: Asset discovery search completed in 2.0736 seconds
[2016.01.21-12.54.18:962][  4]LogCollectionManager: Rebuilt the object cache for 0 collections in 0.000001 seconds (found 0 objects)
[2016.01.21-12.54.18:962][  4]LogCollectionManager: Fixed up redirectors for 0 collections in 0.000017 seconds (updated 0 objects)
[2016.01.21-12.54.21:476][191]LogRenderer: Reallocating scene render targets to support 832x552 (Frame:198).
[2016.01.21-12.54.21:750][200]LogRenderer: Reallocating scene render targets to support 832x580 (Frame:208).
[2016.01.21-12.54.32:706][370]LogEditorViewport: Clicking on Actor (LMB): Emitter (P_Droplet_Test)
[2016.01.21-12.54.32:885][379]LogEditorViewport: Clicking on Actor (LMB): StaticMeshActor (Floor)
[2016.01.21-12.54.33:907][495]LogEditorViewport: Clicking on Actor (LMB): SkeletalMeshActor (SK_Mannequin)
[2016.01.21-12.54.35:322][628]LogLinker:Warning: Asset '../../../Engine/Content/ArtTools/RenderToTexture/Macros/RenderToTextureMacros.uasset' has been saved with empty engine version. The asset will be loaded but may be incompatible.
[2016.01.21-12.54.35:652][628]LogContentBrowser: Native class hierarchy updated for 'BlueprintGraph' in 0.0006 seconds. Added 107 classes and 0 folders.
[2016.01.21-12.54.57:053][201]LogActorComponent: UnregisterComponent: (/Engine/Transient.CharMoveComp) Not registered. Aborting.
[2016.01.21-12.55.03:095][696]LogActorComponent: UnregisterComponent: (/Engine/Transient.CharacterMovementComponent_0) Not registered. Aborting.
[2016.01.21-12.55.05:875][937]LogActorComponent: UnregisterComponent: (/Engine/Transient.CharacterMovementComponent_1) Not registered. Aborting.
[2016.01.21-12.55.11:020][370]LogActorComponent: UnregisterComponent: (/Engine/Transient.CharacterMovementComponent_2) Not registered. Aborting.
[2016.01.21-12.55.12:633][509]BlueprintLog: New page: Compile ThirdPersonCharacter
[2016.01.21-12.55.12:694][509]LogActorComponent: UnregisterComponent: (/Engine/Transient.CharacterMovementComponent_3) Not registered. Aborting.
[2016.01.21-12.55.12:734][509]BlueprintEditorCompileResults: Info [0058.99] Compile of ThirdPersonCharacter successful! [in 100 ms]
[2016.01.21-12.55.17:794][963]LogActorComponent: UnregisterComponent: (/Engine/Transient.CharMoveComp) Not registered. Aborting.
[2016.01.21-12.55.25:627][548]LogRenderer: Reallocating scene render targets to support 832x680 (Frame:3368).
[2016.01.21-12.55.27:821][664]LogSkeletalMesh: InitArticulated: Bodies already created (/Engine/Transient.DebugSkelMeshComponent_0) - call TermArticulated first.
[2016.01.21-12.55.27:880][665]LogRenderer: Reallocating scene render targets to support 832x836 (Frame:3717).
[2016.01.21-12.55.43:429][843]LogActorComponent: UnregisterComponent: (/Engine/Transient.CharacterMovementComponent_4) Not registered. Aborting.
[2016.01.21-12.55.44:877][966]BlueprintLog: New page: Compile ThirdPersonCharacter
[2016.01.21-12.55.44:931][966]LogActorComponent: UnregisterComponent: (/Engine/Transient.CharacterMovementComponent_5) Not registered. Aborting.
[2016.01.21-12.55.44:953][966]LogParticles: Destroying 0 GPU particle simulations for FXSystem 0x00000000435C6A20
[2016.01.21-12.55.44:953][966]LogParticles: Destroying 0 GPU particle simulations for FXSystem 0x00000000435C5440
[2016.01.21-12.55.44:960][966]BlueprintEditorCompileResults: Info [0091.21] Compile of ThirdPersonCharacter successful! [in 83 ms]
[2016.01.21-12.55.45:640][ 25]LogActorComponent: UnregisterComponent: (/Engine/Transient.CharMoveComp) Not registered. Aborting.
[2016.01.21-12.55.46:970][136]BlueprintLog: New page: Compile ThirdPersonCharacter
[2016.01.21-12.55.47:023][136]LogActorComponent: UnregisterComponent: (/Engine/Transient.CharacterMovementComponent_6) Not registered. Aborting.
[2016.01.21-12.55.47:052][136]BlueprintEditorCompileResults: Info [0093.30] Compile of ThirdPersonCharacter successful! [in 81 ms]
[2016.01.21-13.04.19:193][910]LogActorComponent: UnregisterComponent: (/Engine/Transient.CharMoveComp) Not registered. Aborting.
[2016.01.21-13.04.19:224][910]LogFileHelpers: Editor autosave (incl. sublevels) for '/Game/My/TestMap/MatTestMap' took 0.031
[2016.01.21-13.04.19:229][910]OBJ SavePackage: Generating thumbnails for [1] asset(s) in package [/Game/ThirdPersonBP/Blueprints/ThirdPersonCharacter] ([1] browsable assets)...
[2016.01.21-13.04.19:253][910]OBJ SavePackage:     Rendered thumbnail for [Blueprint /Game/ThirdPersonBP/Blueprints/ThirdPersonCharacter.ThirdPersonCharacter]
[2016.01.21-13.04.19:253][910]OBJ SavePackage: Finished generating thumbnails for package [/Game/ThirdPersonBP/Blueprints/ThirdPersonCharacter]
[2016.01.21-13.04.19:349][910]LogSavePackage: Save=70.495041ms
[2016.01.21-13.04.19:349][910]LogSavePackage: Moving 'E:/Unreal Work Space/ExampleCollection10/Saved/ThirdPersonCharacter_Auto1A6B9E7274EAB631482FDD4924D7B9C40.tmp' to 'E:/Unreal Work Space/ExampleCollection10/Saved/Autosaves/Game/ThirdPersonBP/Blueprints/ThirdPersonCharacter_Auto1.uasset'
[2016.01.21-13.04.19:351][910]LogSavePackage: Total save time: 96.618410ms
[2016.01.21-13.04.19:351][910]LogSavePackage:Display: Finished SavePackage E:/Unreal Work Space/ExampleCollection10/Saved/Autosaves/Game/ThirdPersonBP/Blueprints/ThirdPersonCharacter_Auto1.uasset
[2016.01.21-13.04.19:351][910]LogFileHelpers: Auto-saving content packages took 0.127
[2016.01.21-13.05.26:369][333]LogSkeletalMesh: InitArticulated: Bodies already created (/Engine/Transient.DebugSkelMeshComponent_1) - call TermArticulated first.
[2016.01.21-13.05.26:423][334]LogRenderer: Reallocating scene render targets to support 832x888 (Frame:6145).
[2016.01.21-13.11.47:124][604]BlueprintLog: New page: Compile ThirdPersonCharacter
[2016.01.21-13.11.47:204][604]LogActorComponent: UnregisterComponent: (/Engine/Transient.CharMoveComp) Not registered. Aborting.
[2016.01.21-13.11.47:233][604]BlueprintEditorCompileResults: Info [1053.48] Compile of ThirdPersonCharacter successful! [in 108 ms]
[2016.01.21-13.11.47:764][648]LogActorComponent: UnregisterComponent: (/Engine/Transient.CharMoveComp) Not registered. Aborting.
[2016.01.21-13.11.47:848][648]Cmd: OBJ SAVEPACKAGE PACKAGE="/Game/ThirdPersonBP/Blueprints/ThirdPersonCharacter" FILE="E:/Unreal Work Space/ExampleCollection10/Content/ThirdPersonBP/Blueprints/ThirdPersonCharacter.uasset" SILENT=true
[2016.01.21-13.11.47:939][648]LogSavePackage: Save=68.614563ms
[2016.01.21-13.11.47:939][648]LogSavePackage: Moving 'E:/Unreal Work Space/ExampleCollection10/Saved/ThirdPersonCharacterDDCA44B14AFC86DF9A4875B6823248F0.tmp' to 'E:/Unreal Work Space/ExampleCollection10/Content/ThirdPersonBP/Blueprints/ThirdPersonCharacter.uasset'
[2016.01.21-13.11.47:941][648]LogSavePackage: Total save time: 91.434021ms
[2016.01.21-13.11.47:941][648]LogSavePackage:Display: Finished SavePackage E:/Unreal Work Space/ExampleCollection10/Content/ThirdPersonBP/Blueprints/ThirdPersonCharacter.uasset
[2016.01.21-13.11.51:463][828]LogEditorViewport: Clicking on Actor (LMB): StaticMeshActor (Floor)
[2016.01.21-13.11.53:423][970]LogPlayLevel: PlayLevel: No blueprints needed recompiling
[2016.01.21-13.11.53:423][970]PIE: New page: PIE session: MatTestMap (Jan 22, 2016, 5:11:53 AM)
[2016.01.21-13.11.53:423][970]LogPlayLevel: Creating play world package: /Game/My/TestMap/UEDPIE_0_MatTestMap
[2016.01.21-13.11.53:500][970]LogPlayLevel: PIE: StaticDuplicateObject took: (0.076554s)
[2016.01.21-13.11.53:502][970]LogAIModule: Creating AISystem for world MatTestMap
[2016.01.21-13.11.53:502][970]LogPlayLevel: PIE: World Init took: (0.002239s)
[2016.01.21-13.11.53:503][970]LogPlayLevel: PIE: Created PIE world by copying editor world from /Game/My/TestMap/MatTestMap.MatTestMap to /Game/My/TestMap/UEDPIE_0_MatTestMap.MatTestMap (0.079259s)
[2016.01.21-13.11.53:503][970]LogActorComponent: UnregisterComponent: (/Engine/Transient.CharMoveComp) Not registered. Aborting.
[2016.01.21-13.11.53:546][970]LogInit: XAudio2 using '扬声器 (Realtek High Definition Audio)' : 2 channels at 48 kHz using 32 bits per sample (channel mask 0x3)
[2016.01.21-13.11.53:563][970]LogInit: FAudioDevice initialized.
[2016.01.21-13.11.53:613][970]LogWorld: Game class is 'ThirdPersonGameMode_C'
[2016.01.21-13.11.53:617][970]LogWorld: Bringing World /Game/My/TestMap/UEDPIE_0_MatTestMap.MatTestMap up for play (max tick rate 0) at 2016.01.21-21.11.53
[2016.01.21-13.11.53:617][970]LogActor:Warning: GameSession /Game/My/TestMap/UEDPIE_0_MatTestMap.MatTestMap:PersistentLevel.GameSession_0 has natively added scene component(s), but none of them were set as the actor's RootComponent - picking one arbitrarily
[2016.01.21-13.11.53:617][970]LogActor:Warning: GameNetworkManager /Game/My/TestMap/UEDPIE_0_MatTestMap.MatTestMap:PersistentLevel.GameNetworkManager_0 has natively added scene component(s), but none of them were set as the actor's RootComponent - picking one arbitrarily
[2016.01.21-13.11.53:618][970]LogWorld: Bringing up level for play took: 0.003523
[2016.01.21-13.11.53:642][970]PIE: Info Play in editor start time for /Game/My/TestMap/UEDPIE_0_MatTestMap 0.913
[2016.01.21-13.11.55:694][161]LogParticles: Destroying 0 GPU particle simulations for FXSystem 0x0000000056299940
[2016.01.21-13.12.12:696][511]LogActorComponent: UnregisterComponent: (/Engine/Transient.CharMoveComp) Not registered. Aborting.
[2016.01.21-13.12.12:760][511]Cmd: OBJ SAVEPACKAGE PACKAGE="/Game/ThirdPersonBP/Blueprints/ThirdPersonCharacter" FILE="E:/Unreal Work Space/ExampleCollection10/Content/ThirdPersonBP/Blueprints/ThirdPersonCharacter.uasset" SILENT=true
[2016.01.21-13.12.12:850][511]LogSavePackage: Save=71.417801ms
[2016.01.21-13.12.12:850][511]LogSavePackage: Moving 'E:/Unreal Work Space/ExampleCollection10/Saved/ThirdPersonCharacterB86048CD413484663E95C5A22439DAB9.tmp' to 'E:/Unreal Work Space/ExampleCollection10/Content/ThirdPersonBP/Blueprints/ThirdPersonCharacter.uasset'
[2016.01.21-13.12.12:852][511]LogSavePackage: Total save time: 91.263391ms
[2016.01.21-13.12.12:852][511]LogSavePackage:Display: Finished SavePackage E:/Unreal Work Space/ExampleCollection10/Content/ThirdPersonBP/Blueprints/ThirdPersonCharacter.uasset
[2016.01.21-13.12.13:203][536]BlueprintLog: New page: Compile ThirdPersonCharacter
[2016.01.21-13.12.13:260][536]LogActorComponent: UnregisterComponent: (/Engine/Transient.CharMoveComp) Not registered. Aborting.
[2016.01.21-13.12.13:288][536]BlueprintEditorCompileResults: Info [1079.54] Compile of ThirdPersonCharacter successful! [in 85 ms]
[2016.01.21-13.12.14:679][637]LogPlayLevel: PlayLevel: No blueprints needed recompiling
[2016.01.21-13.12.14:680][637]PIE: New page: PIE session: MatTestMap (Jan 22, 2016, 5:12:14 AM)
[2016.01.21-13.12.14:680][637]LogPlayLevel: Creating play world package: /Game/My/TestMap/UEDPIE_0_MatTestMap
[2016.01.21-13.12.14:689][637]LogPlayLevel: PIE: StaticDuplicateObject took: (0.009533s)
[2016.01.21-13.12.14:690][637]LogAIModule: Creating AISystem for world MatTestMap
[2016.01.21-13.12.14:690][637]LogPlayLevel: PIE: World Init took: (0.000737s)
[2016.01.21-13.12.14:690][637]LogPlayLevel: PIE: Created PIE world by copying editor world from /Game/My/TestMap/MatTestMap.MatTestMap to /Game/My/TestMap/UEDPIE_0_MatTestMap.MatTestMap (0.010457s)
[2016.01.21-13.12.14:690][637]LogActorComponent: UnregisterComponent: (/Engine/Transient.CharMoveComp) Not registered. Aborting.
[2016.01.21-13.12.14:724][637]LogInit: XAudio2 using '扬声器 (Realtek High Definition Audio)' : 2 channels at 48 kHz using 32 bits per sample (channel mask 0x3)
[2016.01.21-13.12.14:739][637]LogInit: FAudioDevice initialized.
[2016.01.21-13.12.14:773][637]LogWorld: Game class is 'ThirdPersonGameMode_C'
[2016.01.21-13.12.14:777][637]LogWorld: Bringing World /Game/My/TestMap/UEDPIE_0_MatTestMap.MatTestMap up for play (max tick rate 0) at 2016.01.21-21.12.14
[2016.01.21-13.12.14:777][637]LogActor:Warning: GameSession /Game/My/TestMap/UEDPIE_0_MatTestMap.MatTestMap:PersistentLevel.GameSession_1 has natively added scene component(s), but none of them were set as the actor's RootComponent - picking one arbitrarily
[2016.01.21-13.12.14:777][637]LogActor:Warning: GameNetworkManager /Game/My/TestMap/UEDPIE_0_MatTestMap.MatTestMap:PersistentLevel.GameNetworkManager_1 has natively added scene component(s), but none of them were set as the actor's RootComponent - picking one arbitrarily
[2016.01.21-13.12.14:777][637]LogWorld: Bringing up level for play took: 0.003631
[2016.01.21-13.12.14:779][637]PIE: Info Play in editor start time for /Game/My/TestMap/UEDPIE_0_MatTestMap 0.051
[2016.01.21-13.12.23:662][576]LogCharacterMovement: ThirdPersonCharacter_C_8 is stuck and failed to move!
[2016.01.21-13.12.33:586][533]LogSelection:Warning: PIE object was selected: "StaticMeshActor /Game/My/TestMap/UEDPIE_0_MatTestMap.MatTestMap:PersistentLevel.Floor"
[2016.01.21-13.12.51:678][323]Cmd: SELECT NONE
[2016.01.21-13.13.49:662][749]LogParticles: Destroying 0 GPU particle simulations for FXSystem 0x0000000028D89E40
[2016.01.21-13.13.53:855][ 62]BlueprintLog: New page: Compile ThirdPersonCharacter
[2016.01.21-13.13.53:908][ 62]LogActorComponent: UnregisterComponent: (/Engine/Transient.CharMoveComp) Not registered. Aborting.
[2016.01.21-13.13.53:935][ 62]BlueprintEditorCompileResults: Info [1180.19] Compile of ThirdPersonCharacter successful! [in 79 ms]
[2016.01.21-13.13.54:262][ 87]LogActorComponent: UnregisterComponent: (/Engine/Transient.CharMoveComp) Not registered. Aborting.
[2016.01.21-13.13.54:331][ 87]Cmd: OBJ SAVEPACKAGE PACKAGE="/Game/ThirdPersonBP/Blueprints/ThirdPersonCharacter" FILE="E:/Unreal Work Space/ExampleCollection10/Content/ThirdPersonBP/Blueprints/ThirdPersonCharacter.uasset" SILENT=true
[2016.01.21-13.13.54:412][ 87]LogSavePackage: Save=63.055878ms
[2016.01.21-13.13.54:412][ 87]LogSavePackage: Moving 'E:/Unreal Work Space/ExampleCollection10/Saved/ThirdPersonCharacter3940AF64404984032E546C84101C917B.tmp' to 'E:/Unreal Work Space/ExampleCollection10/Content/ThirdPersonBP/Blueprints/ThirdPersonCharacter.uasset'
[2016.01.21-13.13.54:414][ 87]LogSavePackage: Total save time: 82.334399ms
[2016.01.21-13.13.54:414][ 87]LogSavePackage:Display: Finished SavePackage E:/Unreal Work Space/ExampleCollection10/Content/ThirdPersonBP/Blueprints/ThirdPersonCharacter.uasset
[2016.01.21-13.17.21:667][891]BlueprintLog: New page: Compile ThirdPersonCharacter
[2016.01.21-13.17.21:721][891]LogActorComponent: UnregisterComponent: (/Engine/Transient.CharMoveComp) Not registered. Aborting.
[2016.01.21-13.17.21:743][891]LogParticles: Destroying 0 GPU particle simulations for FXSystem 0x000000006583BF60
[2016.01.21-13.17.21:743][891]LogParticles: Destroying 0 GPU particle simulations for FXSystem 0x000000006583B560
[2016.01.21-13.17.21:750][891]BlueprintEditorCompileResults: Info [1388.01] Compile of ThirdPersonCharacter successful! [in 82 ms]
[2016.01.21-13.17.21:894][901]LogActorComponent: UnregisterComponent: (/Engine/Transient.CharMoveComp) Not registered. Aborting.
[2016.01.21-13.17.21:950][901]Cmd: OBJ SAVEPACKAGE PACKAGE="/Game/ThirdPersonBP/Blueprints/ThirdPersonCharacter" FILE="E:/Unreal Work Space/ExampleCollection10/Content/ThirdPersonBP/Blueprints/ThirdPersonCharacter.uasset" SILENT=true
[2016.01.21-13.17.22:035][901]LogSavePackage: Save=62.488174ms
[2016.01.21-13.17.22:035][901]LogSavePackage: Moving 'E:/Unreal Work Space/ExampleCollection10/Saved/ThirdPersonCharacter496DA8C340E922F52254CFB811E99F14.tmp' to 'E:/Unreal Work Space/ExampleCollection10/Content/ThirdPersonBP/Blueprints/ThirdPersonCharacter.uasset'
[2016.01.21-13.17.22:036][901]LogSavePackage: Total save time: 85.135393ms
[2016.01.21-13.17.22:036][901]LogSavePackage:Display: Finished SavePackage E:/Unreal Work Space/ExampleCollection10/Content/ThirdPersonBP/Blueprints/ThirdPersonCharacter.uasset
[2016.01.21-13.20.47:849][565]LogActorComponent: UnregisterComponent: (/Engine/Transient.CharMoveComp) Not registered. Aborting.
[2016.01.21-13.20.50:379][737]LogActorComponent: UnregisterComponent: (/Engine/Transient.CharacterMovementComponent_7) Not registered. Aborting.
[2016.01.21-13.20.58:808][308]LogActorComponent: UnregisterComponent: (/Engine/Transient.CharacterMovementComponent_8) Not registered. Aborting.
[2016.01.21-13.21.33:166][665]LogActorComponent: UnregisterComponent: (/Engine/Transient.CharacterMovementComponent_9) Not registered. Aborting.
[2016.01.21-13.21.41:004][193]LogActorComponent: UnregisterComponent: (/Engine/Transient.CharacterMovementComponent_10) Not registered. Aborting.
[2016.01.21-13.21.43:469][354]LogActorComponent: UnregisterComponent: (/Engine/Transient.CharacterMovementComponent_11) Not registered. Aborting.
[2016.01.21-13.21.45:983][519]LogActorComponent: UnregisterComponent: (/Engine/Transient.CharacterMovementComponent_12) Not registered. Aborting.
[2016.01.21-13.21.59:485][439]BlueprintLog: New page: Compile ThirdPersonCharacter
[2016.01.21-13.21.59:567][439]LogActorComponent: UnregisterComponent: (/Engine/Transient.CharacterMovementComponent_13) Not registered. Aborting.
[2016.01.21-13.21.59:595][439]BlueprintEditorCompileResults: Info [1665.87] Compile of ThirdPersonCharacter successful! [in 110 ms]
[2016.01.21-13.22.00:382][500]LogActorComponent: UnregisterComponent: (/Engine/Transient.CharMoveComp) Not registered. Aborting.
[2016.01.21-13.22.00:450][500]Cmd: OBJ SAVEPACKAGE PACKAGE="/Game/ThirdPersonBP/Blueprints/ThirdPersonCharacter" FILE="E:/Unreal Work Space/ExampleCollection10/Content/ThirdPersonBP/Blueprints/ThirdPersonCharacter.uasset" SILENT=true
[2016.01.21-13.22.00:532][500]LogSavePackage: Save=62.502285ms
[2016.01.21-13.22.00:532][500]LogSavePackage: Moving 'E:/Unreal Work Space/ExampleCollection10/Saved/ThirdPersonCharacter1D45DA184AC9E395A96EB0BD9D60A7EE.tmp' to 'E:/Unreal Work Space/ExampleCollection10/Content/ThirdPersonBP/Blueprints/ThirdPersonCharacter.uasset'
[2016.01.21-13.22.00:533][500]LogSavePackage: Total save time: 81.720509ms
[2016.01.21-13.22.00:533][500]LogSavePackage:Display: Finished SavePackage E:/Unreal Work Space/ExampleCollection10/Content/ThirdPersonBP/Blueprints/ThirdPersonCharacter.uasset
[2016.01.21-13.22.02:651][593]LogEditorViewport: Clicking on Actor (LMB): StaticMeshActor (Floor)
[2016.01.21-13.22.03:208][633]LogPlayLevel: PlayLevel: No blueprints needed recompiling
[2016.01.21-13.22.03:208][633]PIE: New page: PIE session: MatTestMap (Jan 22, 2016, 5:22:03 AM)
[2016.01.21-13.22.03:208][633]LogPlayLevel: Creating play world package: /Game/My/TestMap/UEDPIE_0_MatTestMap
[2016.01.21-13.22.03:216][633]LogPlayLevel: PIE: StaticDuplicateObject took: (0.007924s)
[2016.01.21-13.22.03:217][633]LogAIModule: Creating AISystem for world MatTestMap
[2016.01.21-13.22.03:217][633]LogPlayLevel: PIE: World Init took: (0.000930s)
[2016.01.21-13.22.03:217][633]LogPlayLevel: PIE: Created PIE world by copying editor world from /Game/My/TestMap/MatTestMap.MatTestMap to /Game/My/TestMap/UEDPIE_0_MatTestMap.MatTestMap (0.009031s)
[2016.01.21-13.22.03:217][633]LogActorComponent: UnregisterComponent: (/Engine/Transient.CharMoveComp) Not registered. Aborting.
[2016.01.21-13.22.03:250][633]LogInit: XAudio2 using '扬声器 (Realtek High Definition Audio)' : 2 channels at 48 kHz using 32 bits per sample (channel mask 0x3)
[2016.01.21-13.22.03:267][633]LogInit: FAudioDevice initialized.
[2016.01.21-13.22.03:294][633]LogWorld: Game class is 'ThirdPersonGameMode_C'
[2016.01.21-13.22.03:299][633]LogWorld: Bringing World /Game/My/TestMap/UEDPIE_0_MatTestMap.MatTestMap up for play (max tick rate 0) at 2016.01.21-21.22.03
[2016.01.21-13.22.03:299][633]LogActor:Warning: GameSession /Game/My/TestMap/UEDPIE_0_MatTestMap.MatTestMap:PersistentLevel.GameSession_2 has natively added scene component(s), but none of them were set as the actor's RootComponent - picking one arbitrarily
[2016.01.21-13.22.03:299][633]LogActor:Warning: GameNetworkManager /Game/My/TestMap/UEDPIE_0_MatTestMap.MatTestMap:PersistentLevel.GameNetworkManager_2 has natively added scene component(s), but none of them were set as the actor's RootComponent - picking one arbitrarily
[2016.01.21-13.22.03:299][633]LogWorld: Bringing up level for play took: 0.003568
[2016.01.21-13.22.03:301][633]PIE: Info Play in editor start time for /Game/My/TestMap/UEDPIE_0_MatTestMap 0.598
[2016.01.21-13.22.23:707][653]LogSelection:Warning: PIE object was selected: "StaticMeshActor /Game/My/TestMap/UEDPIE_0_MatTestMap.MatTestMap:PersistentLevel.Floor"
[2016.01.21-13.25.03:357][261]LogParticles: Destroying 0 GPU particle simulations for FXSystem 0x0000000042D61BC0
[2016.01.21-13.25.31:733][924]LogParticles: Destroying 0 GPU particle simulations for FXSystem 0x0000000036636020
[2016.01.21-13.25.46:088][964]LogActorComponent: UnregisterComponent: (/Engine/Transient.CharMoveComp) Not registered. Aborting.
[2016.01.21-13.25.48:873][172]BlueprintLog: New page: Compile ThirdPersonCharacter
[2016.01.21-13.25.48:952][172]LogActorComponent: UnregisterComponent: (/Engine/Transient.CharacterMovementComponent_14) Not registered. Aborting.
[2016.01.21-13.25.48:980][172]BlueprintEditorCompileResults: Info [1895.26] Compile of ThirdPersonCharacter successful! [in 106 ms]
[2016.01.21-13.25.49:421][209]LogActorComponent: UnregisterComponent: (/Engine/Transient.CharMoveComp) Not registered. Aborting.
[2016.01.21-13.25.49:530][209]Cmd: OBJ SAVEPACKAGE PACKAGE="/Game/ThirdPersonBP/Blueprints/ThirdPersonCharacter" FILE="E:/Unreal Work Space/ExampleCollection10/Content/ThirdPersonBP/Blueprints/ThirdPersonCharacter.uasset" SILENT=true
[2016.01.21-13.25.49:639][209]LogSavePackage: Save=77.435143ms
[2016.01.21-13.25.49:639][209]LogSavePackage: Moving 'E:/Unreal Work Space/ExampleCollection10/Saved/ThirdPersonCharacter4051EB88425A55CBE27FEABCB4256FD3.tmp' to 'E:/Unreal Work Space/ExampleCollection10/Content/ThirdPersonBP/Blueprints/ThirdPersonCharacter.uasset'
[2016.01.21-13.25.49:641][209]LogSavePackage: Total save time: 108.524155ms
[2016.01.21-13.25.49:641][209]LogSavePackage:Display: Finished SavePackage E:/Unreal Work Space/ExampleCollection10/Content/ThirdPersonBP/Blueprints/ThirdPersonCharacter.uasset
[2016.01.21-13.25.50:914][322]LogPlayLevel: PlayLevel: No blueprints needed recompiling
[2016.01.21-13.25.50:914][322]PIE: New page: PIE session: MatTestMap (Jan 22, 2016, 5:25:50 AM)
[2016.01.21-13.25.50:915][322]LogPlayLevel: Creating play world package: /Game/My/TestMap/UEDPIE_0_MatTestMap
[2016.01.21-13.25.50:923][322]LogPlayLevel: PIE: StaticDuplicateObject took: (0.008424s)
[2016.01.21-13.25.50:924][322]LogAIModule: Creating AISystem for world MatTestMap
[2016.01.21-13.25.50:924][322]LogPlayLevel: PIE: World Init took: (0.000849s)
[2016.01.21-13.25.50:924][322]LogPlayLevel: PIE: Created PIE world by copying editor world from /Game/My/TestMap/MatTestMap.MatTestMap to /Game/My/TestMap/UEDPIE_0_MatTestMap.MatTestMap (0.009491s)
[2016.01.21-13.25.50:924][322]LogActorComponent: UnregisterComponent: (/Engine/Transient.CharMoveComp) Not registered. Aborting.
[2016.01.21-13.25.50:956][322]LogInit: XAudio2 using '扬声器 (Realtek High Definition Audio)' : 2 channels at 48 kHz using 32 bits per sample (channel mask 0x3)
[2016.01.21-13.25.50:972][322]LogInit: FAudioDevice initialized.
[2016.01.21-13.25.51:002][322]LogWorld: Game class is 'ThirdPersonGameMode_C'
[2016.01.21-13.25.51:007][322]LogWorld: Bringing World /Game/My/TestMap/UEDPIE_0_MatTestMap.MatTestMap up for play (max tick rate 0) at 2016.01.21-21.25.51
[2016.01.21-13.25.51:007][322]LogActor:Warning: GameSession /Game/My/TestMap/UEDPIE_0_MatTestMap.MatTestMap:PersistentLevel.GameSession_3 has natively added scene component(s), but none of them were set as the actor's RootComponent - picking one arbitrarily
[2016.01.21-13.25.51:007][322]LogActor:Warning: GameNetworkManager /Game/My/TestMap/UEDPIE_0_MatTestMap.MatTestMap:PersistentLevel.GameNetworkManager_3 has natively added scene component(s), but none of them were set as the actor's RootComponent - picking one arbitrarily
[2016.01.21-13.25.51:007][322]LogWorld: Bringing up level for play took: 0.003720
[2016.01.21-13.25.51:009][322]PIE: Info Play in editor start time for /Game/My/TestMap/UEDPIE_0_MatTestMap 0.316
[2016.01.21-13.26.47:158][902]LogParticles: Destroying 0 GPU particle simulations for FXSystem 0x0000000067EE8FE0
[2016.01.21-13.26.48:347][996]LogActorComponent: UnregisterComponent: (/Engine/Transient.CharMoveComp) Not registered. Aborting.
[2016.01.21-13.26.49:680][107]LogActorComponent: UnregisterComponent: (/Engine/Transient.CharMoveComp) Not registered. Aborting.
[2016.01.21-13.26.50:036][108]Cmd: QUIT_EDITOR
[2016.01.21-13.26.50:187][108]LogExit: Preparing to exit.
[2016.01.21-13.26.50:976][108]LogExit: Editor shut down
[2016.01.21-13.26.50:976][108]LogExit: Transaction tracking system shut down
[2016.01.21-13.26.50:978][108]LogParticles: Destroying 0 GPU particle simulations for FXSystem 0x000000002A4D7560
[2016.01.21-13.26.50:978][108]LogParticles: Destroying 0 GPU particle simulations for FXSystem 0x0000000028BAECA0
[2016.01.21-13.26.50:979][108]LogParticles: Destroying 0 GPU particle simulations for FXSystem 0x0000000032D64FE0
[2016.01.21-13.26.50:979][108]LogParticles: Destroying 0 GPU particle simulations for FXSystem 0x00000000435C7C40
[2016.01.21-13.26.50:979][108]LogParticles: Destroying 0 GPU particle simulations for FXSystem 0x00000000435C7BA0
[2016.01.21-13.26.50:981][108]LogParticles: Destroying 0 GPU particle simulations for FXSystem 0x000000005F7ADD00
[2016.01.21-13.26.50:983][108]LogParticles: Destroying 0 GPU particle simulations for FXSystem 0x0000000036635940
[2016.01.21-13.26.51:139][108]LogExit: Object subsystem successfully closed.
[2016.01.21-13.26.51:151][108]LogD3D11RHI: Shutdown
[2016.01.21-13.26.51:151][108]LogD3D11RHI: CleanupD3DDevice
[2016.01.21-13.26.51:249][108]LogD3D11RHI: ~FD3D11DynamicRHI
[2016.01.21-13.26.51:259][108]LogModuleManager: Shutting down and abandoning module CookingStats (200)
[2016.01.21-13.26.51:259][108]LogModuleManager: Shutting down and abandoning module BlueprintGraph (199)
[2016.01.21-13.26.51:259][108]LogModuleManager: Shutting down and abandoning module CrashTracker (198)
[2016.01.21-13.26.51:259][108]LogModuleManager: Shutting down and abandoning module SceneOutliner (197)
[2016.01.21-13.26.51:259][108]LogModuleManager: Shutting down and abandoning module SuperSearch (196)
[2016.01.21-13.26.51:259][108]LogModuleManager: Shutting down and abandoning module WidgetCarousel (195)
[2016.01.21-13.26.51:259][108]LogModuleManager: Shutting down and abandoning module AddContentDialog (194)
[2016.01.21-13.26.51:260][108]LogModuleManager: Shutting down and abandoning module EditorWidgets (193)
[2016.01.21-13.26.51:260][108]LogModuleManager: Shutting down and abandoning module CollectionManager (192)
[2016.01.21-13.26.51:260][108]LogModuleManager: Shutting down and abandoning module StatsViewer (191)
[2016.01.21-13.26.51:260][108]LogModuleManager: Shutting down and abandoning module FoliageEdit (190)
[2016.01.21-13.26.51:260][108]LogModuleManager: Shutting down and abandoning module LandscapeEditor (189)
[2016.01.21-13.26.51:261][108]LogModuleManager: Shutting down and abandoning module ActorPickerMode (188)
[2016.01.21-13.26.51:261][108]LogModuleManager: Shutting down and abandoning module GeometryMode (187)
[2016.01.21-13.26.51:261][108]LogModuleManager: Shutting down and abandoning module TextureAlignMode (186)
[2016.01.21-13.26.51:261][108]LogModuleManager: Shutting down and abandoning module BspMode (185)
[2016.01.21-13.26.51:261][108]LogModuleManager: Shutting down and abandoning module PlacementMode (184)
[2016.01.21-13.26.51:261][108]LogModuleManager: Shutting down and abandoning module AutomationWorker (183)
[2016.01.21-13.26.51:261][108]LogModuleManager: Shutting down and abandoning module CharacterAI (182)
[2016.01.21-13.26.51:261][108]LogModuleManager: Shutting down and abandoning module SmartSnapping (181)
[2016.01.21-13.26.51:261][108]LogModuleManager: Shutting down and abandoning module ViewportSnapping (180)
[2016.01.21-13.26.51:261][108]LogModuleManager: Shutting down and abandoning module LogVisualizer (179)
[2016.01.21-13.26.51:261][108]LogModuleManager: Shutting down and abandoning module GameProjectGeneration (178)
[2016.01.21-13.26.51:261][108]LogModuleManager: Shutting down and abandoning module IntroTutorials (177)
[2016.01.21-13.26.51:261][108]LogModuleManager: Shutting down and abandoning module EditorLiveStreaming (176)
[2016.01.21-13.26.51:261][108]LogModuleManager: Shutting down and abandoning module IOSPlatformEditor (175)
[2016.01.21-13.26.51:261][108]LogModuleManager: Shutting down and abandoning module HTML5PlatformEditor (174)
[2016.01.21-13.26.51:261][108]LogModuleManager: Shutting down and abandoning module AndroidDeviceDetection (173)
[2016.01.21-13.26.51:719][108]LogModuleManager: Shutting down and abandoning module AndroidPlatformEditor (172)
[2016.01.21-13.26.51:719][108]LogModuleManager: Shutting down and abandoning module IOSRuntimeSettings (171)
[2016.01.21-13.26.51:719][108]LogModuleManager: Shutting down and abandoning module AndroidRuntimeSettings (170)
[2016.01.21-13.26.51:719][108]LogModuleManager: Shutting down and abandoning module MergeActors (169)
[2016.01.21-13.26.51:719][108]LogModuleManager: Shutting down and abandoning module SizeMap (168)
[2016.01.21-13.26.51:720][108]LogModuleManager: Shutting down and abandoning module TreeMap (167)
[2016.01.21-13.26.51:720][108]LogModuleManager: Shutting down and abandoning module ReferenceViewer (166)
[2016.01.21-13.26.51:720][108]LogModuleManager: Shutting down and abandoning module LocalizationService (165)
[2016.01.21-13.26.51:720][108]LogModuleManager: Shutting down and abandoning module LocalizationDashboard (164)
[2016.01.21-13.26.51:720][108]LogModuleManager: Shutting down and abandoning module HardwareTargeting (163)
[2016.01.21-13.26.51:720][108]LogModuleManager: Shutting down and abandoning module DeviceProfileEditor (162)
[2016.01.21-13.26.51:720][108]LogModuleManager: Shutting down and abandoning module UndoHistory (161)
[2016.01.21-13.26.51:720][108]LogModuleManager: Shutting down and abandoning module GameplayTagsEditor (160)
[2016.01.21-13.26.51:720][108]LogModuleManager: Shutting down and abandoning module UserFeedback (159)
[2016.01.21-13.26.51:720][108]LogModuleManager: Shutting down and abandoning module XmlParser (158)
[2016.01.21-13.26.51:720][108]LogModuleManager: Shutting down and abandoning module Blutility (157)
[2016.01.21-13.26.51:720][108]LogModuleManager: Shutting down and abandoning module ProjectTargetPlatformEditor (156)
[2016.01.21-13.26.51:720][108]LogModuleManager: Shutting down and abandoning module ProjectSettingsViewer (155)
[2016.01.21-13.26.51:720][108]LogModuleManager: Shutting down and abandoning module InputBindingEditor (154)
[2016.01.21-13.26.51:720][108]LogModuleManager: Shutting down and abandoning module EditorSettingsViewer (153)
[2016.01.21-13.26.51:720][108]LogModuleManager: Shutting down and abandoning module SettingsEditor (152)
[2016.01.21-13.26.51:720][108]LogModuleManager: Shutting down and abandoning module ProjectLauncher (151)
[2016.01.21-13.26.51:720][108]LogModuleManager: Shutting down and abandoning module SessionFrontend (150)
[2016.01.21-13.26.51:720][108]LogModuleManager: Shutting down and abandoning module ProfilerClient (149)
[2016.01.21-13.26.51:720][108]LogModuleManager: Shutting down and abandoning module TargetDeviceServices (148)
[2016.01.21-13.26.51:720][108]LogModuleManager: Shutting down and abandoning module DeviceManager (147)
[2016.01.21-13.26.51:720][108]LogModuleManager: Shutting down and abandoning module AutomationController (146)
[2016.01.21-13.26.51:720][108]LogModuleManager: Shutting down and abandoning module AutomationWindow (145)
[2016.01.21-13.26.51:720][108]LogModuleManager: Shutting down and abandoning module Layers (144)
[2016.01.21-13.26.51:720][108]LogModuleManager: Shutting down and abandoning module ComponentVisualizers (143)
[2016.01.21-13.26.51:720][108]LogModuleManager: Shutting down and abandoning module DetailCustomizations (142)
[2016.01.21-13.26.51:720][108]LogModuleManager: Shutting down and abandoning module PackagesDialog (141)
[2016.01.21-13.26.51:721][108]LogModuleManager: Shutting down and abandoning module Persona (140)
[2016.01.21-13.26.51:721][108]LogModuleManager: Shutting down and abandoning module Kismet (139)
[2016.01.21-13.26.51:721][108]LogModuleManager: Shutting down and abandoning module GraphEditor (138)
[2016.01.21-13.26.51:721][108]LogModuleManager: Shutting down and abandoning module ClassViewer (137)
[2016.01.21-13.26.51:721][108]LogModuleManager: Shutting down and abandoning module Toolbox (136)
[2016.01.21-13.26.51:721][108]LogModuleManager: Shutting down and abandoning module ModuleUI (135)
[2016.01.21-13.26.51:721][108]LogModuleManager: Shutting down and abandoning module MovieSceneTools (134)
[2016.01.21-13.26.51:721][108]LogModuleManager: Shutting down and abandoning module OutputLog (133)
[2016.01.21-13.26.51:721][108]LogModuleManager: Shutting down and abandoning module GammaUI (132)
[2016.01.21-13.26.51:721][108]LogModuleManager: Shutting down and abandoning module Documentation (131)
[2016.01.21-13.26.51:721][108]LogModuleManager: Shutting down and abandoning module GameLiveStreaming (130)
[2016.01.21-13.26.51:721][108]LogModuleManager: Shutting down and abandoning module StreamingPauseRendering (129)
[2016.01.21-13.26.51:721][108]LogModuleManager: Shutting down and abandoning module AnalyticsET (128)
[2016.01.21-13.26.51:721][108]LogModuleManager: Shutting down and abandoning module Analytics (127)
[2016.01.21-13.26.51:721][108]LogModuleManager: Shutting down and abandoning module AITestSuite (126)
[2016.01.21-13.26.51:721][108]LogModuleManager: Shutting down and abandoning module GameplayDebugger (125)
[2016.01.21-13.26.51:721][108]LogModuleManager: Shutting down and abandoning module AIModule (124)
[2016.01.21-13.26.51:721][108]LogModuleManager: Shutting down and abandoning module ProfilerService (123)
[2016.01.21-13.26.51:897][108]LogModuleManager: Shutting down and abandoning module TaskGraph (122)
[2016.01.21-13.26.51:897][108]LogModuleManager: Shutting down and abandoning module SlateRemote (121)
[2016.01.21-13.26.51:897][108]LogModuleManager: Shutting down and abandoning module SteamVRController (120)
[2016.01.21-13.26.51:897][108]LogModuleManager: Shutting down and abandoning module SteamVR (119)
[2016.01.21-13.26.51:897][108]LogModuleManager: Shutting down and abandoning module ProceduralMeshComponent (118)
[2016.01.21-13.26.51:897][108]LogModuleManager: Shutting down and abandoning module OculusLibrary (117)
[2016.01.21-13.26.51:897][108]LogModuleManager: Shutting down and abandoning module OculusInput (116)
[2016.01.21-13.26.51:897][108]LogModuleManager: Shutting down and abandoning module LeapMotionController (115)
[2016.01.21-13.26.51:905][108]LogModuleManager: Shutting down and abandoning module CustomMeshComponent (114)
[2016.01.21-13.26.51:905][108]LogModuleManager: Shutting down and abandoning module CableComponent (113)
[2016.01.21-13.26.51:905][108]LogModuleManager: Shutting down and abandoning module ArchVisCharacter (112)
[2016.01.21-13.26.51:905][108]LogModuleManager: Shutting down and abandoning module MessagingDebugger (111)
[2016.01.21-13.26.51:905][108]LogModuleManager: Shutting down and abandoning module MediaPlayerEditor (110)
[2016.01.21-13.26.51:905][108]LogModuleManager: Shutting down and abandoning module HTML5Networking (109)
[2016.01.21-13.26.51:905][108]LogModuleManager: Shutting down and abandoning module SpeedTreeImporter (108)
[2016.01.21-13.26.51:905][108]LogModuleManager: Shutting down and abandoning module PluginBrowser (107)
[2016.01.21-13.26.51:906][108]LogModuleManager: Shutting down and abandoning module EpicSurvey (106)
[2016.01.21-13.26.51:906][108]LogModuleManager: Shutting down and abandoning module DesktopPlatform (105)
[2016.01.21-13.26.51:906][108]LogModuleManager: Shutting down and abandoning module VisualStudioSourceCodeAccess (104)
[2016.01.21-13.26.51:906][108]LogModuleManager: Shutting down and abandoning module UObjectPlugin (103)
[2016.01.21-13.26.51:906][108]LogModuleManager: Shutting down and abandoning module SubversionSourceControl (102)
[2016.01.21-13.26.51:906][108]LogModuleManager: Shutting down and abandoning module PerforceSourceControl (101)
[2016.01.21-13.26.51:906][108]LogModuleManager: Shutting down and abandoning module SourceControl (100)
[2016.01.21-13.26.51:906][108]LogModuleManager: Shutting down and abandoning module GitSourceControl (99)
[2016.01.21-13.26.51:906][108]LogModuleManager: Shutting down and abandoning module LightPropagationVolumeEditor (98)
[2016.01.21-13.26.51:906][108]LogModuleManager: Shutting down and abandoning module PaperTiledImporter (97)
[2016.01.21-13.26.51:906][108]LogModuleManager: Shutting down and abandoning module PaperSpriteSheetImporter (96)
[2016.01.21-13.26.51:906][108]LogModuleManager: Shutting down and abandoning module MeshPaint (95)
[2016.01.21-13.26.51:906][108]LogModuleManager: Shutting down and abandoning module SlateReflector (94)
[2016.01.21-13.26.51:906][108]LogModuleManager: Shutting down and abandoning module HotReload (93)
[2016.01.21-13.26.51:906][108]LogModuleManager: Shutting down and abandoning module MainFrame (92)
[2016.01.21-13.26.51:906][108]LogModuleManager: Shutting down and abandoning module LevelEditor (91)
[2016.01.21-13.26.51:907][108]LogModuleManager: Shutting down and abandoning module DirectoryWatcher (90)
[2016.01.21-13.26.51:907][108]LogModuleManager: Shutting down and abandoning module AssetRegistry (89)
[2016.01.21-13.26.51:964][108]LogModuleManager: Shutting down and abandoning module ContentBrowser (88)
[2016.01.21-13.26.51:965][108]LogModuleManager: Shutting down and abandoning module Paper2DEditor (87)
[2016.01.21-13.26.51:965][108]LogModuleManager: Shutting down and abandoning module UdpMessaging (86)
[2016.01.21-13.26.52:065][108]LogModuleManager: Shutting down and abandoning module LightPropagationVolumeRuntime (85)
[2016.01.21-13.26.52:065][108]LogModuleManager: Shutting down and abandoning module Paper2D (84)
[2016.01.21-13.26.52:065][108]LogModuleManager: Shutting down and abandoning module WindowsMoviePlayer (83)
[2016.01.21-13.26.52:075][108]LogModuleManager: Shutting down and abandoning module Media (82)
[2016.01.21-13.26.52:075][108]LogModuleManager: Shutting down and abandoning module WmfMedia (81)
[2016.01.21-13.26.52:076][108]LogModuleManager: Shutting down and abandoning module OnlineBlueprintSupport (80)
[2016.01.21-13.26.52:076][108]LogModuleManager: Shutting down and abandoning module GameplayTasksEditor (79)
[2016.01.21-13.26.52:076][108]LogModuleManager: Shutting down and abandoning module PropertyEditor (78)
[2016.01.21-13.26.52:076][108]LogModuleManager: Shutting down and abandoning module BehaviorTreeEditor (77)
[2016.01.21-13.26.52:076][108]LogModuleManager: Shutting down and abandoning module FunctionalTesting (76)
[2016.01.21-13.26.52:076][108]LogModuleManager: Shutting down and abandoning module CollisionAnalyzer (75)
[2016.01.21-13.26.52:076][108]LogModuleManager: Shutting down and abandoning module WorkspaceMenuStructure (74)
[2016.01.21-13.26.52:076][108]LogModuleManager: Shutting down and abandoning module MessageLog (73)
[2016.01.21-13.26.52:076][108]LogModuleManager: Shutting down and abandoning module Sequencer (72)
[2016.01.21-13.26.52:077][108]LogModuleManager: Shutting down and abandoning module AssetTools (71)
[2016.01.21-13.26.52:077][108]LogModuleManager: Shutting down and abandoning module UMGEditor (70)
[2016.01.21-13.26.52:077][108]LogModuleManager: Shutting down and abandoning module UMG (69)
[2016.01.21-13.26.52:077][108]LogModuleManager: Shutting down and abandoning module Slate (68)
[2016.01.21-13.26.52:077][108]LogModuleManager: Shutting down and abandoning module EditorStyle (67)
[2016.01.21-13.26.52:081][108]LogModuleManager: Shutting down and abandoning module SessionServices (66)
[2016.01.21-13.26.52:081][108]LogModuleManager: Shutting down and abandoning module SourceCodeAccess (65)
[2016.01.21-13.26.52:081][108]LogModuleManager: Shutting down and abandoning module HeadMountedDisplay (64)
[2016.01.21-13.26.52:081][108]LogModuleManager: Shutting down and abandoning module XAudio2 (63)
[2016.01.21-13.26.52:081][108]LogModuleManager: Shutting down and abandoning module Networking (61)
[2016.01.21-13.26.52:081][108]LogModuleManager: Shutting down and abandoning module Core (60)
[2016.01.21-13.26.52:081][108]LogModuleManager: Shutting down and abandoning module KismetCompiler (59)
[2016.01.21-13.26.52:081][108]LogModuleManager: Shutting down and abandoning module PhysXFormats (58)
[2016.01.21-13.26.52:081][108]LogModuleManager: Shutting down and abandoning module MeshUtilities (57)
[2016.01.21-13.26.52:081][108]LogModuleManager: Shutting down and abandoning module DerivedDataCache (56)
[2016.01.21-13.26.52:174][108]LogDerivedDataCache: Shutdown
[2016.01.21-13.26.52:174][108]LogModuleManager: Shutting down and abandoning module ShaderFormatOpenGL (55)
[2016.01.21-13.26.52:175][108]LogModuleManager: Shutting down and abandoning module ShaderFormatD3D (54)
[2016.01.21-13.26.52:175][108]LogModuleManager: Shutting down and abandoning module MetalShaderFormat (53)
[2016.01.21-13.26.52:175][108]LogModuleManager: Shutting down and abandoning module TextureFormatUncompressed (52)
[2016.01.21-13.26.52:175][108]LogModuleManager: Shutting down and abandoning module TextureFormatPVR (51)
[2016.01.21-13.26.52:175][108]LogModuleManager: Shutting down and abandoning module TextureFormatIntelISPCTexComp (50)
[2016.01.21-13.26.52:175][108]LogModuleManager: Shutting down and abandoning module TextureFormatDXT (49)
[2016.01.21-13.26.52:175][108]LogModuleManager: Shutting down and abandoning module ImageWrapper (48)
[2016.01.21-13.26.52:175][108]LogModuleManager: Shutting down and abandoning module TextureFormatASTC (47)
[2016.01.21-13.26.52:175][108]LogModuleManager: Shutting down and abandoning module TextureFormatAndroid (46)
[2016.01.21-13.26.52:175][108]LogModuleManager: Shutting down and abandoning module AudioFormatOpus (45)
[2016.01.21-13.26.52:175][108]LogModuleManager: Shutting down and abandoning module AudioFormatOgg (44)
[2016.01.21-13.26.52:175][108]LogModuleManager: Shutting down and abandoning module AudioFormatADPCM (43)
[2016.01.21-13.26.52:175][108]LogModuleManager: Shutting down and abandoning module LinuxTargetPlatform (42)
[2016.01.21-13.26.52:175][108]LogModuleManager: Shutting down and abandoning module LinuxServerTargetPlatform (41)
[2016.01.21-13.26.52:175][108]LogModuleManager: Shutting down and abandoning module LinuxNoEditorTargetPlatform (40)
[2016.01.21-13.26.52:175][108]LogModuleManager: Shutting down and abandoning module Messaging (39)
[2016.01.21-13.26.52:175][108]LogModuleManager: Shutting down and abandoning module IOSTargetPlatform (38)
[2016.01.21-13.26.52:175][108]LogModuleManager: Shutting down and abandoning module HTML5TargetPlatform (37)
[2016.01.21-13.26.52:175][108]LogModuleManager: Shutting down and abandoning module Android_PVRTCTargetPlatform (36)
[2016.01.21-13.26.52:175][108]LogModuleManager: Shutting down and abandoning module Android_MultiTargetPlatform (35)
[2016.01.21-13.26.52:175][108]LogModuleManager: Shutting down and abandoning module Android_ETC2TargetPlatform (34)
[2016.01.21-13.26.52:175][108]LogModuleManager: Shutting down and abandoning module Android_ETC1TargetPlatform (33)
[2016.01.21-13.26.52:175][108]LogModuleManager: Shutting down and abandoning module Android_DXTTargetPlatform (32)
[2016.01.21-13.26.52:175][108]LogModuleManager: Shutting down and abandoning module Android_ATCTargetPlatform (31)
[2016.01.21-13.26.52:175][108]LogModuleManager: Shutting down and abandoning module Android_ASTCTargetPlatform (30)
[2016.01.21-13.26.52:175][108]LogModuleManager: Shutting down and abandoning module AndroidTargetPlatform (29)
[2016.01.21-13.26.52:175][108]LogModuleManager: Shutting down and abandoning module WindowsTargetPlatform (28)
[2016.01.21-13.26.52:176][108]LogModuleManager: Shutting down and abandoning module WindowsServerTargetPlatform (27)
[2016.01.21-13.26.52:176][108]LogModuleManager: Shutting down and abandoning module WindowsNoEditorTargetPlatform (26)
[2016.01.21-13.26.52:176][108]LogModuleManager: Shutting down and abandoning module WindowsClientTargetPlatform (25)
[2016.01.21-13.26.52:176][108]LogModuleManager: Shutting down and abandoning module AllDesktopTargetPlatform (24)
[2016.01.21-13.26.52:176][108]LogModuleManager: Shutting down and abandoning module TargetPlatform (23)
[2016.01.21-13.26.52:176][108]LogModuleManager: Shutting down and abandoning module InputCore (22)
[2016.01.21-13.26.52:176][108]LogModuleManager: Shutting down and abandoning module Settings (21)
[2016.01.21-13.26.52:176][108]LogModuleManager: Shutting down and abandoning module OnlineSubsystem (19)
[2016.01.21-13.26.52:176][108]LogModuleManager: Shutting down and abandoning module HTTP (18)
[2016.01.21-13.26.53:177][108]LogModuleManager: Shutting down and abandoning module XMPP (17)
[2016.01.21-13.26.53:177][108]LogModuleManager: Shutting down and abandoning module OculusRift (16)
[2016.01.21-13.26.53:177][108]LogModuleManager: Shutting down and abandoning module ExampleDeviceProfileSelector (15)
[2016.01.21-13.26.53:177][108]LogModuleManager: Shutting down and abandoning module TextureCompressor (14)
[2016.01.21-13.26.53:177][108]LogModuleManager: Shutting down and abandoning module ShaderCore (13)
[2016.01.21-13.26.53:177][108]LogModuleManager: Shutting down and abandoning module Landscape (12)
[2016.01.21-13.26.53:177][108]LogModuleManager: Shutting down and abandoning module SlateRHIRenderer (11)
[2016.01.21-13.26.53:180][108]LogModuleManager: Shutting down and abandoning module OpenGLDrv (10)
[2016.01.21-13.26.53:180][108]LogModuleManager: Shutting down and abandoning module D3D11RHI (9)
[2016.01.21-13.26.53:180][108]LogModuleManager: Shutting down and abandoning module AnimGraphRuntime (8)
[2016.01.21-13.26.53:180][108]LogModuleManager: Shutting down and abandoning module Renderer (7)
[2016.01.21-13.26.53:180][108]LogModuleManager: Shutting down and abandoning module Engine (6)
[2016.01.21-13.26.53:180][108]LogModuleManager: Shutting down and abandoning module CoreUObject (5)
[2016.01.21-13.26.53:180][108]LogModuleManager: Shutting down and abandoning module NetworkFile (4)
[2016.01.21-13.26.53:180][108]LogModuleManager: Shutting down and abandoning module StreamingFile (3)
[2016.01.21-13.26.53:180][108]LogModuleManager: Shutting down and abandoning module SandboxFile (2)
[2016.01.21-13.26.53:180][108]LogModuleManager: Shutting down and abandoning module PakFile (1)
[2016.01.21-13.26.53:182][108]LogExit: Exiting.
[2016.01.21-13.26.53:183][108]Log file closed, 01/21/16 21:26:53
