[2016.01.13-01.51.14:287][  0]Log file open, 01/13/16 09:51:14
[2016.01.13-01.51.14:287][  0]LogInit:Display: Running engine for game: ExampleCollection10
[2016.01.13-01.51.14:287][  0]LogPlatformFile: Not using cached read wrapper
[2016.01.13-01.51.14:287][  0]LogInit:Display: RandInit(1391532805) SRandInit(1391532807).
[2016.01.13-01.51.14:287][  0]LogTaskGraph: Started task graph with 4 named threads and 7 total threads.
[2016.01.13-01.51.14:287][  0]LogStats: Stats thread started at 0.242037
[2016.01.13-01.51.14:287][  0]LogInit: Version: 4.10.1-2791327+++depot+UE4-Releases+4.10
[2016.01.13-01.51.14:287][  0]LogInit: API Version: 2758231
[2016.01.13-01.51.14:287][  0]LogInit: Compiled (64-bit): Dec  4 2015 19:44:40
[2016.01.13-01.51.14:287][  0]LogInit: Compiled with Visual C++: 19.00.23026.00
[2016.01.13-01.51.14:287][  0]LogInit: Build Configuration: Development
[2016.01.13-01.51.14:287][  0]LogInit: Branch Name: ++depot+UE4-Releases+4.10
[2016.01.13-01.51.14:287][  0]LogInit: Command line:  
[2016.01.13-01.51.14:287][  0]LogInit: Base directory: D:/Program Files/Epic Games/4.10/Engine/Binaries/Win64/
[2016.01.13-01.51.14:287][  0]LogInit: Rocket: 1
[2016.01.13-01.51.14:365][  0]LogInit: Using libcurl 7.41.0
[2016.01.13-01.51.14:365][  0]LogInit:  - built for x86_64-pc-win32
[2016.01.13-01.51.14:365][  0]LogInit:  - supports SSL with WinSSL
[2016.01.13-01.51.14:365][  0]LogInit:  - other features:
[2016.01.13-01.51.14:365][  0]LogInit:      CURL_VERSION_SSL
[2016.01.13-01.51.14:365][  0]LogInit:      CURL_VERSION_IPV6
[2016.01.13-01.51.14:365][  0]LogInit:      CURL_VERSION_ASYNCHDNS
[2016.01.13-01.51.14:365][  0]LogInit:      CURL_VERSION_LARGEFILE
[2016.01.13-01.51.14:365][  0]LogInit:      CURL_VERSION_IDN
[2016.01.13-01.51.14:365][  0]LogInit:  CurlRequestOptions (configurable via config and command line):
[2016.01.13-01.51.14:365][  0]LogInit:  - bVerifyPeer = true  - Libcurl will verify peer certificate
[2016.01.13-01.51.14:365][  0]LogInit:  - bUseHttpProxy = false  - Libcurl will NOT use HTTP proxy
[2016.01.13-01.51.14:365][  0]LogInit:  - bDontReuseConnections = false  - Libcurl will reuse connections
[2016.01.13-01.51.14:365][  0]LogInit:  - CertBundlePath = nullptr  - Libcurl will use whatever was configured at build time.
[2016.01.13-01.51.14:474][  0]LogInit: Presizing for 0 objects not considered by GC, pre-allocating 0 bytes.
[2016.01.13-01.51.14:489][  0]LogInit: Object subsystem initialized
[2016.01.13-01.51.14:489][  0]LogInit: Selected Device Profile: [Windows]
[2016.01.13-01.51.14:489][  0]LogInit: Applying CVar settings loaded from the selected device profile: [Windows]
[2016.01.13-01.51.14:521][  0]LogInit: Computer: PLAN-CHENXINGHU
[2016.01.13-01.51.14:521][  0]LogInit: User: chenxinghui
[2016.01.13-01.51.14:521][  0]LogInit: CPU Page size=4096, Cores=4
[2016.01.13-01.51.14:521][  0]LogInit: High frequency timer resolution =3.117802 MHz
[2016.01.13-01.51.14:521][  0]LogMemory: Memory total: Physical=7.9GB (8GB approx)
[2016.01.13-01.51.14:521][  0]LogMemory: Platform Memory Stats for Windows
[2016.01.13-01.51.14:521][  0]LogMemory: Process Physical Memory: 56.36 MB used, 56.36 MB peak
[2016.01.13-01.51.14:521][  0]LogMemory: Process Virtual Memory: 59.63 MB used, 59.63 MB peak
[2016.01.13-01.51.14:521][  0]LogMemory: Physical Memory: 2475.41 MB used, 8130.04 MB total
[2016.01.13-01.51.14:521][  0]LogMemory: Virtual Memory: 352.39 MB used, 8388608.00 MB total
[2016.01.13-01.51.18:341][  0]LogD3D11RHI: Found D3D11 adapter 0: NVIDIA GeForce GTX 660   (Feature Level 11_0)
[2016.01.13-01.51.18:341][  0]LogD3D11RHI: Adapter has 1989MB of dedicated video memory, 0MB of dedicated system memory, and 2048MB of shared system memory, 2 output[s]
[2016.01.13-01.51.18:341][  0]LogD3D11RHI: Chosen D3D11 Adapter Id = 0
[2016.01.13-01.51.18:396][  0]LogD3D11RHI: !Direct3DDevice
[2016.01.13-01.51.18:397][  0]LogRHI: Texture pool is 1361 MB (70% of 1945 MB)
[2016.01.13-01.51.18:420][  0]LogD3D11RHI: Async texture creation enabled
[2016.01.13-01.51.18:879][  0]LogShaderCompilers: Guid format shader working directory is 9 characters bigger than the processId version (E:/Unreal Work Space/ExampleCollection10/Intermediate/Shaders/WorkingDirectory/2996/).
[2016.01.13-01.51.18:880][  0]LogShaderCompilers: Cleaned the shader compiler working directory 'C:/Users/CHENXI~1/AppData/Local/Temp/UnrealShaderWorkingDir/2FAFE464426B77A19E8F27A390434CA7/'.
[2016.01.13-01.51.18:905][  0]LogShaderCompilers:Display: Using Local Shader Compiler.
[2016.01.13-01.51.24:712][  0]LogTemp:Display: Loaded TP AllDesktopTargetPlatform
[2016.01.13-01.51.24:719][  0]LogTemp:Display: Loaded TP WindowsClientTargetPlatform
[2016.01.13-01.51.24:726][  0]LogTemp:Display: Loaded TP WindowsNoEditorTargetPlatform
[2016.01.13-01.51.24:732][  0]LogTemp:Display: Loaded TP WindowsServerTargetPlatform
[2016.01.13-01.51.24:744][  0]LogTemp:Display: Loaded TP WindowsTargetPlatform
[2016.01.13-01.51.24:796][  0]LogTemp:Display: Loaded TP AndroidTargetPlatform
[2016.01.13-01.51.24:809][  0]LogTemp:Display: Loaded TP Android_ASTCTargetPlatform
[2016.01.13-01.51.24:832][  0]LogTemp:Display: Loaded TP Android_ATCTargetPlatform
[2016.01.13-01.51.24:865][  0]LogTemp:Display: Loaded TP Android_DXTTargetPlatform
[2016.01.13-01.51.24:888][  0]LogTemp:Display: Loaded TP Android_ETC1TargetPlatform
[2016.01.13-01.51.24:910][  0]LogTemp:Display: Loaded TP Android_ETC2TargetPlatform
[2016.01.13-01.51.24:961][  0]LogTemp:Display: Loaded TP Android_MultiTargetPlatform
[2016.01.13-01.51.24:961][  0]LogTemp:Display: Loaded TP Android_PVRTCTargetPlatform
[2016.01.13-01.51.24:962][  0]LogTemp:Display: Loaded TP HTML5TargetPlatform
[2016.01.13-01.51.25:173][  0]LogTemp:Display: Loaded TP IOSTargetPlatform
[2016.01.13-01.51.25:206][  0]LogTemp:Display: Loaded TP LinuxNoEditorTargetPlatform
[2016.01.13-01.51.25:227][  0]LogTemp:Display: Loaded TP LinuxServerTargetPlatform
[2016.01.13-01.51.25:292][  0]LogTemp:Display: Loaded TP LinuxTargetPlatform
[2016.01.13-01.51.25:292][  0]LogTargetPlatformManager:Display: Building Assets For Windows
[2016.01.13-01.51.28:614][  0]LogDerivedDataCache:Display: Max Cache Size: 512 MB
[2016.01.13-01.51.32:455][  0]LogDerivedDataCache: Loaded boot cache 3.84s 41MB C:/Users/chenxinghui/AppData/Local/UnrealEngine/4.10/DerivedDataCache/Boot.ddc.
[2016.01.13-01.51.32:455][  0]LogDerivedDataCache:Display: Loaded Boot cache: C:/Users/chenxinghui/AppData/Local/UnrealEngine/4.10/DerivedDataCache/Boot.ddc
[2016.01.13-01.51.32:455][  0]LogDerivedDataCache: FDerivedDataBackendGraph:  Pak pak cache file E:/Unreal Work Space/ExampleCollection10/DerivedDataCache/DDC.ddp not found, will not use a pak cache.
[2016.01.13-01.51.32:455][  0]LogDerivedDataCache: Unable to find inner node Pak for hierarchical cache Hierarchy.
[2016.01.13-01.51.32:455][  0]LogDerivedDataCache: FDerivedDataBackendGraph:  CompressedPak pak cache file E:/Unreal Work Space/ExampleCollection10/DerivedDataCache/Compressed.ddp not found, will not use a pak cache.
[2016.01.13-01.51.32:455][  0]LogDerivedDataCache: Unable to find inner node CompressedPak for hierarchical cache Hierarchy.
[2016.01.13-01.51.32:737][  0]LogDerivedDataCache:Display: Pak cache opened for reading ../../../Engine/DerivedDataCache/Compressed.ddp.
[2016.01.13-01.51.32:806][  0]LogDerivedDataCache: Using Local data cache path C:/Users/chenxinghui/AppData/Local/UnrealEngine/Common/DerivedDataCache: Writable
[2016.01.13-01.51.52:311][  0]LogInit: Selected Device Profile: [Windows]
[2016.01.13-01.51.52:423][  0]LogContentStreaming: Texture pool size is 0.000000MB
[2016.01.13-01.51.54:023][  0]LogMeshUtilities: No automatic mesh reduction module available
[2016.01.13-01.51.54:023][  0]LogMeshUtilities: No automatic mesh merging module available
[2016.01.13-01.52.00:467][  0]LogInit: WinSock: version 1.1 (2.2), MaxSocks=32767, MaxUdp=65467
[2016.01.13-01.52.15:886][  0]UdpMessaging: Initializing bridge on interface 0.0.0.0:0 to multicast group 230.0.0.1:6666.
[2016.01.13-01.52.16:529][  0]LogAssetRegistry: FAssetRegistry took 0.0144 seconds to start up
[2016.01.13-01.52.22:572][  0]SourceControl: Info Source control is disabled
[2016.01.13-01.52.22:602][  0]SourceControl: Info Source control is disabled
[2016.01.13-01.52.22:681][  0]SourceControl: Info Source control is disabled
[2016.01.13-01.52.22:732][  0]SourceControl: Info Source control is disabled
[2016.01.13-01.52.24:235][  0]LogObj: 28633 objects as part of root set at end of initial load.
[2016.01.13-01.52.24:235][  0]LogUObjectAllocator: 6099752 out of 0 bytes used by permanent object pool.
[2016.01.13-01.52.25:131][  0]LogEngine: Initializing Engine...
[2016.01.13-01.52.25:196][  0]LogHMD: Can't find Oculus library dev build: is proper Runtime installed? Version: 0.8.0.0
[2016.01.13-01.52.25:266][  0]LogHMD: SteamVR failed to initialize.  Err: 110
[2016.01.13-01.52.26:414][  0]LogAIModule: Creating AISystem for world NewWorld
[2016.01.13-01.52.26:896][  0]LogInit: XAudio2 using '扬声器 (Realtek High Definition Audio)' : 2 channels at 48 kHz using 32 bits per sample (channel mask 0x3)
[2016.01.13-01.52.27:127][  0]LogInit: FAudioDevice initialized.
[2016.01.13-01.52.27:152][  0]LogDerivedDataCache: Saved boot cache 0.02s 41MB C:/Users/chenxinghui/AppData/Local/UnrealEngine/4.10/DerivedDataCache/Boot.ddc.
[2016.01.13-01.52.27:157][  0]LogInit: Texture streaming: Enabled
[2016.01.13-01.52.27:319][  0]LogAnalytics: Creating configured Analytics provider AnalyticsET
[2016.01.13-01.52.27:335][  0]LogAnalytics: [UEEditor.Rocket.Release] APIServer = http://et2.epicgames.com/ET2/. AppVersion = 4.10.1-2791327+++depot+UE4-Releases+4.10
[2016.01.13-01.52.27:336][  0]LogAnalytics: [UEEditor.Rocket.Release] SetUserId fcc8beb743eb3f315b3205bc8f91fbb8|ecc15fb7c1f4439e807eef072eca5f98|c014cd18-b694-4710-a8b7-958888126c98
[2016.01.13-01.52.27:399][  0]LogAnalytics: [UEEditor.Rocket.Release] AnalyticsET::StartSession
[2016.01.13-01.52.28:514][  0]LogInit: Transaction tracking system initialized
[2016.01.13-01.52.33:196][  0]BlueprintLog: New page: Editor Load
[2016.01.13-01.52.36:606][  0]LocalizationService: Info Localization service is disabled
[2016.01.13-01.52.38:321][  0]LogConsoleResponse:Display: 
[2016.01.13-01.52.44:195][  0]LogFileCache: Scanning file cache for directory 'E:/Unreal Work Space/ExampleCollection10/Content/' took 0.02s
[2016.01.13-01.52.44:195][  0]LogCook:Display: Done creating registry. It took  0.00s.
[2016.01.13-01.52.45:861][  0]SourceControl: Info Source control is disabled
[2016.01.13-01.52.45:904][  0]Cmd: MAP LOAD FILE="E:/Unreal Work Space/ExampleCollection10/Content/My/TestMap/MatTestMap.umap" TEMPLATE=0 SHOWPROGRESS=1 FEATURELEVEL=3
[2016.01.13-01.52.46:064][  0]LightingResults: New page: Lighting Build
[2016.01.13-01.52.46:493][  0]MapCheck: New page: Map Check
[2016.01.13-01.52.46:493][  0]LightingResults: New page: Lighting Build
[2016.01.13-01.52.47:059][  0]LogParticles: Destroying 0 GPU particle simulations for FXSystem 0x0000000023C2EAC0
[2016.01.13-01.53.06:030][  0]LogAIModule: Creating AISystem for world MatTestMap
[2016.01.13-01.53.07:430][  0]LogEditorServer: Finished looking for orphan Actors (0.000 secs)
[2016.01.13-01.53.07:601][  0]Cmd: MAP CHECKDEP NOCLEARLOG
[2016.01.13-01.53.07:907][  0]MapCheck: Info Map check complete: 0 Error(s), 0 Warning(s), took 306.467ms to complete.
[2016.01.13-01.53.07:908][  0]LogFileHelpers: Loading map 'MatTestMap' took 22.020
[2016.01.13-01.53.15:885][  0]LogCollectionManager: Loaded 0 collections in 0.006732 seconds
[2016.01.13-01.53.16:361][  0]LogFileCache: Scanning file cache for directory 'E:/Unreal Work Space/ExampleCollection10/Saved/Collections/' took 0.01s
[2016.01.13-01.53.16:361][  0]LogFileCache: Scanning file cache for directory 'E:/Unreal Work Space/ExampleCollection10/Content/Developers/chenxinghui/Collections/' took 0.01s
[2016.01.13-01.53.16:361][  0]LogFileCache: Scanning file cache for directory 'E:/Unreal Work Space/ExampleCollection10/Content/Collections/' took 0.01s
[2016.01.13-01.53.16:361][  0]LogCollectionManager: Rebuilt the GUID cache for 0 collections in 0.000014 seconds
[2016.01.13-01.53.16:522][  0]LogContentBrowser: Native class hierarchy populated in 0.1062 seconds. Added 1893 classes and 338 folders.
[2016.01.13-01.53.17:010][  0]LogContentBrowser: Native class hierarchy updated for 'WidgetCarousel' in 0.0010 seconds. Added 0 classes and 0 folders.
[2016.01.13-01.53.21:150][  0]LogContentBrowser: Native class hierarchy updated for 'AddContentDialog' in 0.0010 seconds. Added 0 classes and 0 folders.
[2016.01.13-01.53.21:481][  0]LogContentBrowser: Native class hierarchy updated for 'SceneOutliner' in 0.0007 seconds. Added 1 classes and 2 folders.
[2016.01.13-01.53.23:197][  0]LogCrashTracker: Crashtracker disabled due to settings.
[2016.01.13-01.53.23:773][  0]LogUObjectGlobals:Warning: Failed to find object 'Class None.'
[2016.01.13-01.53.23:967][  0]LogLoad: Full Startup: 131.33 seconds (BP compile: 1.09 seconds)
[2016.01.13-01.53.24:060][  0]LogOcInput: Can't find Oculus library dev build: is proper Runtime installed? Version: 0.8.0.0
[2016.01.13-01.53.26:925][  0]LogContentStreaming: Texture pool size now 1000 MB
[2016.01.13-01.53.28:751][  0]LogRenderer: Reallocating scene render targets to support 824x580 (Frame:2).
[2016.01.13-01.53.32:154][  5]LogAssetRegistry: Asset discovery search completed in 75.6407 seconds
[2016.01.13-01.53.32:210][  5]LogCollectionManager: Rebuilt the object cache for 0 collections in 0.000000 seconds (found 0 objects)
[2016.01.13-01.53.32:210][  5]LogCollectionManager: Fixed up redirectors for 0 collections in 0.034452 seconds (updated 0 objects)
[2016.01.13-01.54.36:057][237]LogEditorViewport: Clicking on Actor (context menu): StaticMeshActor (Wall_400x404)
[2016.01.13-01.54.39:075][237]LogEditorViewport: Clicking on Actor (context menu): StaticMeshActor (Floor)
[2016.01.13-01.54.43:260][574]LogPlayLevel: PlayLevel: No blueprints needed recompiling
[2016.01.13-01.54.43:358][574]PIE: New page: PIE session: MatTestMap (Jan 13, 2016, 5:54:43 PM)
[2016.01.13-01.54.43:358][574]LogPlayLevel: Creating play world package: /Game/My/TestMap/UEDPIE_0_MatTestMap
[2016.01.13-01.54.43:439][574]LogPlayLevel: PIE: StaticDuplicateObject took: (0.080629s)
[2016.01.13-01.54.43:441][574]LogAIModule: Creating AISystem for world MatTestMap
[2016.01.13-01.54.43:441][574]LogPlayLevel: PIE: World Init took: (0.002197s)
[2016.01.13-01.54.43:442][574]LogPlayLevel: PIE: Created PIE world by copying editor world from /Game/My/TestMap/MatTestMap.MatTestMap to /Game/My/TestMap/UEDPIE_0_MatTestMap.MatTestMap (0.083321s)
[2016.01.13-01.54.43:498][574]LogInit: XAudio2 using '扬声器 (Realtek High Definition Audio)' : 2 channels at 48 kHz using 32 bits per sample (channel mask 0x3)
[2016.01.13-01.54.43:525][574]LogInit: FAudioDevice initialized.
[2016.01.13-01.54.48:018][574]LogWorld: Game class is 'ThirdPersonGameMode_C'
[2016.01.13-01.54.48:085][574]LogWorld: Bringing World /Game/My/TestMap/UEDPIE_0_MatTestMap.MatTestMap up for play (max tick rate 0) at 2016.01.13-09.54.48
[2016.01.13-01.54.48:085][574]LogActor:Warning: GameSession /Game/My/TestMap/UEDPIE_0_MatTestMap.MatTestMap:PersistentLevel.GameSession_0 has natively added scene component(s), but none of them were set as the actor's RootComponent - picking one arbitrarily
[2016.01.13-01.54.48:086][574]LogActor:Warning: GameNetworkManager /Game/My/TestMap/UEDPIE_0_MatTestMap.MatTestMap:PersistentLevel.GameNetworkManager_0 has natively added scene component(s), but none of them were set as the actor's RootComponent - picking one arbitrarily
[2016.01.13-01.54.48:086][574]LogWorld: Bringing up level for play took: 0.008130
[2016.01.13-01.54.48:796][574]PIE: Info Play in editor start time for /Game/My/TestMap/UEDPIE_0_MatTestMap 5.856
[2016.01.13-01.54.49:415][575]LogCharacterMovement:Warning: GetSimulationTimeStep() - Max iterations 8 hit while remaining time 0.056622 > MaxSimulationTimeStep (0.050) for 'ThirdPersonCharacter_C_0'
[2016.01.13-01.55.24:013][667]LogParticles: Destroying 0 GPU particle simulations for FXSystem 0x0000000038705580
[2016.01.13-01.55.28:634][182]LogPlayLevel: PlayLevel: No blueprints needed recompiling
[2016.01.13-01.55.28:634][182]PIE: New page: PIE session: MatTestMap (Jan 13, 2016, 5:55:28 PM)
[2016.01.13-01.55.28:634][182]LogPlayLevel: Creating play world package: /Game/My/TestMap/UEDPIE_0_MatTestMap
[2016.01.13-01.55.28:640][182]LogPlayLevel: PIE: StaticDuplicateObject took: (0.006024s)
[2016.01.13-01.55.28:640][182]LogAIModule: Creating AISystem for world MatTestMap
[2016.01.13-01.55.28:641][182]LogPlayLevel: PIE: World Init took: (0.000758s)
[2016.01.13-01.55.28:641][182]LogPlayLevel: PIE: Created PIE world by copying editor world from /Game/My/TestMap/MatTestMap.MatTestMap to /Game/My/TestMap/UEDPIE_0_MatTestMap.MatTestMap (0.006934s)
[2016.01.13-01.55.28:662][182]LogInit: XAudio2 using '扬声器 (Realtek High Definition Audio)' : 2 channels at 48 kHz using 32 bits per sample (channel mask 0x3)
[2016.01.13-01.55.28:677][182]LogInit: FAudioDevice initialized.
[2016.01.13-01.55.28:706][182]LogWorld: Game class is 'ThirdPersonGameMode_C'
[2016.01.13-01.55.28:709][182]LogWorld: Bringing World /Game/My/TestMap/UEDPIE_0_MatTestMap.MatTestMap up for play (max tick rate 0) at 2016.01.13-09.55.28
[2016.01.13-01.55.28:710][182]LogActor:Warning: GameSession /Game/My/TestMap/UEDPIE_0_MatTestMap.MatTestMap:PersistentLevel.GameSession_1 has natively added scene component(s), but none of them were set as the actor's RootComponent - picking one arbitrarily
[2016.01.13-01.55.28:710][182]LogActor:Warning: GameNetworkManager /Game/My/TestMap/UEDPIE_0_MatTestMap.MatTestMap:PersistentLevel.GameNetworkManager_1 has natively added scene component(s), but none of them were set as the actor's RootComponent - picking one arbitrarily
[2016.01.13-01.55.28:710][182]LogWorld: Bringing up level for play took: 0.002895
[2016.01.13-01.55.28:712][182]PIE: Info Play in editor start time for /Game/My/TestMap/UEDPIE_0_MatTestMap -0.226
[2016.01.13-01.55.48:244][513]LogParticles: Destroying 0 GPU particle simulations for FXSystem 0x00000000502FFBA0
[2016.01.13-01.56.22:552][353]LogPlayLevel: PlayLevel: No blueprints needed recompiling
[2016.01.13-01.56.22:552][353]PIE: New page: PIE session: MatTestMap (Jan 13, 2016, 5:56:22 PM)
[2016.01.13-01.56.22:552][353]LogPlayLevel: Creating play world package: /Game/My/TestMap/UEDPIE_0_MatTestMap
[2016.01.13-01.56.22:559][353]LogPlayLevel: PIE: StaticDuplicateObject took: (0.006809s)
[2016.01.13-01.56.22:559][353]LogAIModule: Creating AISystem for world MatTestMap
[2016.01.13-01.56.22:560][353]LogPlayLevel: PIE: World Init took: (0.000728s)
[2016.01.13-01.56.22:560][353]LogPlayLevel: PIE: Created PIE world by copying editor world from /Game/My/TestMap/MatTestMap.MatTestMap to /Game/My/TestMap/UEDPIE_0_MatTestMap.MatTestMap (0.007703s)
[2016.01.13-01.56.22:582][353]LogInit: XAudio2 using '扬声器 (Realtek High Definition Audio)' : 2 channels at 48 kHz using 32 bits per sample (channel mask 0x3)
[2016.01.13-01.56.22:598][353]LogInit: FAudioDevice initialized.
[2016.01.13-01.56.22:633][353]LogWorld: Game class is 'ThirdPersonGameMode_C'
[2016.01.13-01.56.22:640][353]LogWorld: Bringing World /Game/My/TestMap/UEDPIE_0_MatTestMap.MatTestMap up for play (max tick rate 0) at 2016.01.13-09.56.22
[2016.01.13-01.56.22:640][353]LogActor:Warning: GameSession /Game/My/TestMap/UEDPIE_0_MatTestMap.MatTestMap:PersistentLevel.GameSession_2 has natively added scene component(s), but none of them were set as the actor's RootComponent - picking one arbitrarily
[2016.01.13-01.56.22:640][353]LogActor:Warning: GameNetworkManager /Game/My/TestMap/UEDPIE_0_MatTestMap.MatTestMap:PersistentLevel.GameNetworkManager_2 has natively added scene component(s), but none of them were set as the actor's RootComponent - picking one arbitrarily
[2016.01.13-01.56.22:641][353]LogWorld: Bringing up level for play took: 0.005851
[2016.01.13-01.56.22:645][353]PIE: Info Play in editor start time for /Game/My/TestMap/UEDPIE_0_MatTestMap -0.291
[2016.01.13-01.56.25:385][669]LogParticles: Destroying 0 GPU particle simulations for FXSystem 0x000000000FC42020
[2016.01.13-01.56.51:122][519]LogPlayLevel: PlayLevel: No blueprints needed recompiling
[2016.01.13-01.56.51:122][519]PIE: New page: PIE session: MatTestMap (Jan 13, 2016, 5:56:51 PM)
[2016.01.13-01.56.51:122][519]LogPlayLevel: Creating play world package: /Game/My/TestMap/UEDPIE_0_MatTestMap
[2016.01.13-01.56.51:129][519]LogPlayLevel: PIE: StaticDuplicateObject took: (0.007426s)
[2016.01.13-01.56.51:130][519]LogAIModule: Creating AISystem for world MatTestMap
[2016.01.13-01.56.51:130][519]LogPlayLevel: PIE: World Init took: (0.000725s)
[2016.01.13-01.56.51:130][519]LogPlayLevel: PIE: Created PIE world by copying editor world from /Game/My/TestMap/MatTestMap.MatTestMap to /Game/My/TestMap/UEDPIE_0_MatTestMap.MatTestMap (0.008321s)
[2016.01.13-01.56.51:143][519]LogActorComponent: UnregisterComponent: (/Engine/Transient.MovementComponent0) Not registered. Aborting.
[2016.01.13-01.56.51:165][519]LogInit: XAudio2 using '扬声器 (Realtek High Definition Audio)' : 2 channels at 48 kHz using 32 bits per sample (channel mask 0x3)
[2016.01.13-01.56.51:181][519]LogInit: FAudioDevice initialized.
[2016.01.13-01.56.51:215][519]LogWorld: Game class is 'ThirdPersonGameMode_C'
[2016.01.13-01.56.51:219][519]LogWorld: Bringing World /Game/My/TestMap/UEDPIE_0_MatTestMap.MatTestMap up for play (max tick rate 0) at 2016.01.13-09.56.51
[2016.01.13-01.56.51:219][519]LogActor:Warning: GameSession /Game/My/TestMap/UEDPIE_0_MatTestMap.MatTestMap:PersistentLevel.GameSession_3 has natively added scene component(s), but none of them were set as the actor's RootComponent - picking one arbitrarily
[2016.01.13-01.56.51:220][519]LogActor:Warning: GameNetworkManager /Game/My/TestMap/UEDPIE_0_MatTestMap.MatTestMap:PersistentLevel.GameNetworkManager_3 has natively added scene component(s), but none of them were set as the actor's RootComponent - picking one arbitrarily
[2016.01.13-01.56.51:220][519]LogWorld: Bringing up level for play took: 0.003220
[2016.01.13-01.56.51:227][519]PIE: Info Play in editor start time for /Game/My/TestMap/UEDPIE_0_MatTestMap 0.293
[2016.01.13-01.56.53:265][754]LogParticles: Destroying 0 GPU particle simulations for FXSystem 0x000000005B7027A0
[2016.01.13-01.57.02:946][887]LogPlayLevel: PlayLevel: No blueprints needed recompiling
[2016.01.13-01.57.02:946][887]PIE: New page: PIE session: MatTestMap (Jan 13, 2016, 5:57:02 PM)
[2016.01.13-01.57.02:946][887]LogPlayLevel: Creating play world package: /Game/My/TestMap/UEDPIE_0_MatTestMap
[2016.01.13-01.57.02:952][887]LogPlayLevel: PIE: StaticDuplicateObject took: (0.005711s)
[2016.01.13-01.57.02:953][887]LogAIModule: Creating AISystem for world MatTestMap
[2016.01.13-01.57.02:953][887]LogPlayLevel: PIE: World Init took: (0.000789s)
[2016.01.13-01.57.02:953][887]LogPlayLevel: PIE: Created PIE world by copying editor world from /Game/My/TestMap/MatTestMap.MatTestMap to /Game/My/TestMap/UEDPIE_0_MatTestMap.MatTestMap (0.006684s)
[2016.01.13-01.57.02:973][887]LogInit: XAudio2 using '扬声器 (Realtek High Definition Audio)' : 2 channels at 48 kHz using 32 bits per sample (channel mask 0x3)
[2016.01.13-01.57.02:989][887]LogInit: FAudioDevice initialized.
[2016.01.13-01.57.03:018][887]LogWorld: Game class is 'ThirdPersonGameMode_C'
[2016.01.13-01.57.03:022][887]LogWorld: Bringing World /Game/My/TestMap/UEDPIE_0_MatTestMap.MatTestMap up for play (max tick rate 0) at 2016.01.13-09.57.03
[2016.01.13-01.57.03:022][887]LogActor:Warning: GameSession /Game/My/TestMap/UEDPIE_0_MatTestMap.MatTestMap:PersistentLevel.GameSession_4 has natively added scene component(s), but none of them were set as the actor's RootComponent - picking one arbitrarily
[2016.01.13-01.57.03:022][887]LogActor:Warning: GameNetworkManager /Game/My/TestMap/UEDPIE_0_MatTestMap.MatTestMap:PersistentLevel.GameNetworkManager_4 has natively added scene component(s), but none of them were set as the actor's RootComponent - picking one arbitrarily
[2016.01.13-01.57.03:022][887]LogWorld: Bringing up level for play took: 0.002745
[2016.01.13-01.57.03:024][887]PIE: Info Play in editor start time for /Game/My/TestMap/UEDPIE_0_MatTestMap 0.091
[2016.01.13-01.57.07:910][463]LogParticles: Destroying 0 GPU particle simulations for FXSystem 0x0000000040C8A660
[2016.01.13-01.57.15:782][869]LogEditorViewport: Clicking on Actor (LMB): SpotLight (SpotLight)
[2016.01.13-01.57.17:453][ 64]Cmd: DELETE
[2016.01.13-01.57.17:453][ 64]Cmd: ACTOR DELETE
[2016.01.13-01.57.17:525][ 64]LogEditorActor: Deleted Actor: SpotLight
[2016.01.13-01.57.17:557][ 64]LogEditorActor: Deleted 1 Actors (0.033 secs)
[2016.01.13-01.57.18:530][172]LogEditorViewport: Clicking on Actor (LMB): StaticMeshActor (Wall_400x300)
[2016.01.13-01.57.19:287][255]LogEditorViewport: Clicking on Actor (LMB): SpotLight (SpotLight4)
[2016.01.13-01.57.19:735][306]Cmd: DELETE
[2016.01.13-01.57.19:735][306]Cmd: ACTOR DELETE
[2016.01.13-01.57.19:736][306]LogEditorActor: Deleted Actor: SpotLight
[2016.01.13-01.57.19:746][306]LogEditorActor: Deleted 1 Actors (0.010 secs)
[2016.01.13-01.57.20:467][393]LogEditorViewport: Clicking on Actor (LMB): StaticMeshActor (SM_Hallway_Wall_Corner_Outer_Curved_600)
[2016.01.13-02.02.46:513][707]Cmd: OBJ SAVEPACKAGE PACKAGE="/Game/My/TestMap/MatTestMap" FILE="E:/Unreal Work Space/ExampleCollection10/Content/My/TestMap/MatTestMap.umap" SILENT=true AUTOSAVING=false KEEPDIRTY=false
[2016.01.13-02.02.47:408][707]LogSavePackage: Save=280.629761ms
[2016.01.13-02.02.47:408][707]LogSavePackage: Moving 'E:/Unreal Work Space/ExampleCollection10/Saved/MatTestMapC2336ADB410E172E1B8E6E96DDD649E7.tmp' to 'E:/Unreal Work Space/ExampleCollection10/Content/My/TestMap/MatTestMap.umap'
[2016.01.13-02.02.47:412][707]LogSavePackage: Total save time: 865.957491ms
[2016.01.13-02.02.47:412][707]LogSavePackage:Display: Finished SavePackage E:/Unreal Work Space/ExampleCollection10/Content/My/TestMap/MatTestMap.umap
[2016.01.13-02.02.47:494][707]LogFileHelpers: Saving map 'MatTestMap' took 1.072
[2016.01.13-02.02.48:049][708]Cmd: QUIT_EDITOR
[2016.01.13-02.02.48:268][708]LogExit: Preparing to exit.
[2016.01.13-02.02.49:225][708]LogExit: Editor shut down
[2016.01.13-02.02.49:226][708]LogExit: Transaction tracking system shut down
[2016.01.13-02.02.49:397][708]LogParticles: Destroying 0 GPU particle simulations for FXSystem 0x00000000114BB880
[2016.01.13-02.02.49:398][708]LogParticles: Destroying 0 GPU particle simulations for FXSystem 0x0000000031EB4C20
[2016.01.13-02.02.49:399][708]LogParticles: Destroying 0 GPU particle simulations for FXSystem 0x000000003886FF60
[2016.01.13-02.02.49:399][708]LogParticles: Destroying 0 GPU particle simulations for FXSystem 0x0000000011B7E520
[2016.01.13-02.02.50:458][708]LogParticles: Destroying 0 GPU particle simulations for FXSystem 0x000000005B775760
[2016.01.13-02.02.50:458][708]LogExit: Object subsystem successfully closed.
[2016.01.13-02.02.50:631][708]LogD3D11RHI: Shutdown
[2016.01.13-02.02.50:631][708]LogD3D11RHI: CleanupD3DDevice
[2016.01.13-02.02.50:727][708]LogD3D11RHI: ~FD3D11DynamicRHI
[2016.01.13-02.02.51:031][708]LogModuleManager: Shutting down and abandoning module CookingStats (199)
[2016.01.13-02.02.51:031][708]LogModuleManager: Shutting down and abandoning module CrashTracker (198)
[2016.01.13-02.02.51:031][708]LogModuleManager: Shutting down and abandoning module SceneOutliner (197)
[2016.01.13-02.02.51:031][708]LogModuleManager: Shutting down and abandoning module SuperSearch (196)
[2016.01.13-02.02.51:031][708]LogModuleManager: Shutting down and abandoning module WidgetCarousel (195)
[2016.01.13-02.02.51:031][708]LogModuleManager: Shutting down and abandoning module AddContentDialog (194)
[2016.01.13-02.02.51:034][708]LogModuleManager: Shutting down and abandoning module EditorWidgets (193)
[2016.01.13-02.02.51:034][708]LogModuleManager: Shutting down and abandoning module CollectionManager (192)
[2016.01.13-02.02.51:035][708]LogModuleManager: Shutting down and abandoning module StatsViewer (191)
[2016.01.13-02.02.51:035][708]LogModuleManager: Shutting down and abandoning module FoliageEdit (190)
[2016.01.13-02.02.51:035][708]LogModuleManager: Shutting down and abandoning module LandscapeEditor (189)
[2016.01.13-02.02.51:043][708]LogModuleManager: Shutting down and abandoning module ActorPickerMode (188)
[2016.01.13-02.02.51:043][708]LogModuleManager: Shutting down and abandoning module GeometryMode (187)
[2016.01.13-02.02.51:043][708]LogModuleManager: Shutting down and abandoning module TextureAlignMode (186)
[2016.01.13-02.02.51:043][708]LogModuleManager: Shutting down and abandoning module BspMode (185)
[2016.01.13-02.02.51:043][708]LogModuleManager: Shutting down and abandoning module PlacementMode (184)
[2016.01.13-02.02.51:043][708]LogModuleManager: Shutting down and abandoning module AutomationWorker (183)
[2016.01.13-02.02.51:043][708]LogModuleManager: Shutting down and abandoning module CharacterAI (182)
[2016.01.13-02.02.51:043][708]LogModuleManager: Shutting down and abandoning module SmartSnapping (181)
[2016.01.13-02.02.51:043][708]LogModuleManager: Shutting down and abandoning module ViewportSnapping (180)
[2016.01.13-02.02.51:043][708]LogModuleManager: Shutting down and abandoning module LogVisualizer (179)
[2016.01.13-02.02.51:049][708]LogModuleManager: Shutting down and abandoning module GameProjectGeneration (178)
[2016.01.13-02.02.51:069][708]LogModuleManager: Shutting down and abandoning module IntroTutorials (177)
[2016.01.13-02.02.51:069][708]LogModuleManager: Shutting down and abandoning module EditorLiveStreaming (176)
[2016.01.13-02.02.51:069][708]LogModuleManager: Shutting down and abandoning module IOSPlatformEditor (175)
[2016.01.13-02.02.51:069][708]LogModuleManager: Shutting down and abandoning module HTML5PlatformEditor (174)
[2016.01.13-02.02.51:069][708]LogModuleManager: Shutting down and abandoning module AndroidDeviceDetection (173)
[2016.01.13-02.02.51:180][708]LogModuleManager: Shutting down and abandoning module AndroidPlatformEditor (172)
[2016.01.13-02.02.51:180][708]LogModuleManager: Shutting down and abandoning module IOSRuntimeSettings (171)
[2016.01.13-02.02.51:180][708]LogModuleManager: Shutting down and abandoning module AndroidRuntimeSettings (170)
[2016.01.13-02.02.51:180][708]LogModuleManager: Shutting down and abandoning module MergeActors (169)
[2016.01.13-02.02.51:180][708]LogModuleManager: Shutting down and abandoning module SizeMap (168)
[2016.01.13-02.02.51:180][708]LogModuleManager: Shutting down and abandoning module TreeMap (167)
[2016.01.13-02.02.51:180][708]LogModuleManager: Shutting down and abandoning module ReferenceViewer (166)
[2016.01.13-02.02.51:180][708]LogModuleManager: Shutting down and abandoning module LocalizationService (165)
[2016.01.13-02.02.51:180][708]LogModuleManager: Shutting down and abandoning module LocalizationDashboard (164)
[2016.01.13-02.02.51:207][708]LogModuleManager: Shutting down and abandoning module HardwareTargeting (163)
[2016.01.13-02.02.51:207][708]LogModuleManager: Shutting down and abandoning module DeviceProfileEditor (162)
[2016.01.13-02.02.51:207][708]LogModuleManager: Shutting down and abandoning module UndoHistory (161)
[2016.01.13-02.02.51:207][708]LogModuleManager: Shutting down and abandoning module GameplayTagsEditor (160)
[2016.01.13-02.02.51:207][708]LogModuleManager: Shutting down and abandoning module UserFeedback (159)
[2016.01.13-02.02.51:207][708]LogModuleManager: Shutting down and abandoning module XmlParser (158)
[2016.01.13-02.02.51:207][708]LogModuleManager: Shutting down and abandoning module Blutility (157)
[2016.01.13-02.02.51:207][708]LogModuleManager: Shutting down and abandoning module ProjectTargetPlatformEditor (156)
[2016.01.13-02.02.51:207][708]LogModuleManager: Shutting down and abandoning module ProjectSettingsViewer (155)
[2016.01.13-02.02.51:208][708]LogModuleManager: Shutting down and abandoning module InputBindingEditor (154)
[2016.01.13-02.02.51:286][708]LogModuleManager: Shutting down and abandoning module EditorSettingsViewer (153)
[2016.01.13-02.02.51:286][708]LogModuleManager: Shutting down and abandoning module SettingsEditor (152)
[2016.01.13-02.02.51:286][708]LogModuleManager: Shutting down and abandoning module ProjectLauncher (151)
[2016.01.13-02.02.51:314][708]LogModuleManager: Shutting down and abandoning module SessionFrontend (150)
[2016.01.13-02.02.51:314][708]LogModuleManager: Shutting down and abandoning module ProfilerClient (149)
[2016.01.13-02.02.51:435][708]LogModuleManager: Shutting down and abandoning module TargetDeviceServices (148)
[2016.01.13-02.02.51:435][708]LogModuleManager: Shutting down and abandoning module DeviceManager (147)
[2016.01.13-02.02.51:435][708]LogModuleManager: Shutting down and abandoning module AutomationController (146)
[2016.01.13-02.02.51:435][708]LogModuleManager: Shutting down and abandoning module AutomationWindow (145)
[2016.01.13-02.02.51:498][708]LogModuleManager: Shutting down and abandoning module Layers (144)
[2016.01.13-02.02.51:556][708]LogModuleManager: Shutting down and abandoning module ComponentVisualizers (143)
[2016.01.13-02.02.51:556][708]LogModuleManager: Shutting down and abandoning module DetailCustomizations (142)
[2016.01.13-02.02.51:556][708]LogModuleManager: Shutting down and abandoning module PackagesDialog (141)
[2016.01.13-02.02.51:557][708]LogModuleManager: Shutting down and abandoning module Persona (140)
[2016.01.13-02.02.51:576][708]LogModuleManager: Shutting down and abandoning module Kismet (139)
[2016.01.13-02.02.51:577][708]LogModuleManager: Shutting down and abandoning module GraphEditor (138)
[2016.01.13-02.02.51:627][708]LogModuleManager: Shutting down and abandoning module ClassViewer (137)
[2016.01.13-02.02.51:627][708]LogModuleManager: Shutting down and abandoning module Toolbox (136)
[2016.01.13-02.02.51:627][708]LogModuleManager: Shutting down and abandoning module ModuleUI (135)
[2016.01.13-02.02.51:643][708]LogModuleManager: Shutting down and abandoning module MovieSceneTools (134)
[2016.01.13-02.02.51:655][708]LogModuleManager: Shutting down and abandoning module OutputLog (133)
[2016.01.13-02.02.51:655][708]LogModuleManager: Shutting down and abandoning module GammaUI (132)
[2016.01.13-02.02.51:680][708]LogModuleManager: Shutting down and abandoning module Documentation (131)
[2016.01.13-02.02.51:680][708]LogModuleManager: Shutting down and abandoning module GameLiveStreaming (130)
[2016.01.13-02.02.51:681][708]LogModuleManager: Shutting down and abandoning module StreamingPauseRendering (129)
[2016.01.13-02.02.51:681][708]LogModuleManager: Shutting down and abandoning module AnalyticsET (128)
[2016.01.13-02.02.51:681][708]LogModuleManager: Shutting down and abandoning module Analytics (127)
[2016.01.13-02.02.51:681][708]LogModuleManager: Shutting down and abandoning module AITestSuite (126)
[2016.01.13-02.02.51:681][708]LogModuleManager: Shutting down and abandoning module GameplayDebugger (125)
[2016.01.13-02.02.51:681][708]LogModuleManager: Shutting down and abandoning module AIModule (124)
[2016.01.13-02.02.51:681][708]LogModuleManager: Shutting down and abandoning module ProfilerService (123)
[2016.01.13-02.02.51:830][708]LogModuleManager: Shutting down and abandoning module TaskGraph (122)
[2016.01.13-02.02.51:847][708]LogModuleManager: Shutting down and abandoning module SlateRemote (121)
[2016.01.13-02.02.51:847][708]LogModuleManager: Shutting down and abandoning module SteamVRController (120)
[2016.01.13-02.02.51:847][708]LogModuleManager: Shutting down and abandoning module SteamVR (119)
[2016.01.13-02.02.51:847][708]LogModuleManager: Shutting down and abandoning module ProceduralMeshComponent (118)
[2016.01.13-02.02.51:847][708]LogModuleManager: Shutting down and abandoning module OculusLibrary (117)
[2016.01.13-02.02.51:847][708]LogModuleManager: Shutting down and abandoning module OculusInput (116)
[2016.01.13-02.02.51:847][708]LogModuleManager: Shutting down and abandoning module LeapMotionController (115)
[2016.01.13-02.02.51:867][708]LogModuleManager: Shutting down and abandoning module CustomMeshComponent (114)
[2016.01.13-02.02.51:867][708]LogModuleManager: Shutting down and abandoning module CableComponent (113)
[2016.01.13-02.02.51:867][708]LogModuleManager: Shutting down and abandoning module ArchVisCharacter (112)
[2016.01.13-02.02.51:868][708]LogModuleManager: Shutting down and abandoning module MessagingDebugger (111)
[2016.01.13-02.02.51:876][708]LogModuleManager: Shutting down and abandoning module MediaPlayerEditor (110)
[2016.01.13-02.02.51:883][708]LogModuleManager: Shutting down and abandoning module HTML5Networking (109)
[2016.01.13-02.02.51:883][708]LogModuleManager: Shutting down and abandoning module SpeedTreeImporter (108)
[2016.01.13-02.02.51:884][708]LogModuleManager: Shutting down and abandoning module PluginBrowser (107)
[2016.01.13-02.02.51:895][708]LogModuleManager: Shutting down and abandoning module EpicSurvey (106)
[2016.01.13-02.02.51:895][708]LogModuleManager: Shutting down and abandoning module DesktopPlatform (105)
[2016.01.13-02.02.51:895][708]LogModuleManager: Shutting down and abandoning module VisualStudioSourceCodeAccess (104)
[2016.01.13-02.02.51:895][708]LogModuleManager: Shutting down and abandoning module UObjectPlugin (103)
[2016.01.13-02.02.51:895][708]LogModuleManager: Shutting down and abandoning module SubversionSourceControl (102)
[2016.01.13-02.02.51:896][708]LogModuleManager: Shutting down and abandoning module PerforceSourceControl (101)
[2016.01.13-02.02.51:896][708]LogModuleManager: Shutting down and abandoning module SourceControl (100)
[2016.01.13-02.02.51:906][708]LogModuleManager: Shutting down and abandoning module GitSourceControl (99)
[2016.01.13-02.02.51:906][708]LogModuleManager: Shutting down and abandoning module LightPropagationVolumeEditor (98)
[2016.01.13-02.02.51:906][708]LogModuleManager: Shutting down and abandoning module PaperTiledImporter (97)
[2016.01.13-02.02.51:906][708]LogModuleManager: Shutting down and abandoning module PaperSpriteSheetImporter (96)
[2016.01.13-02.02.51:906][708]LogModuleManager: Shutting down and abandoning module MeshPaint (95)
[2016.01.13-02.02.51:906][708]LogModuleManager: Shutting down and abandoning module SlateReflector (94)
[2016.01.13-02.02.51:917][708]LogModuleManager: Shutting down and abandoning module HotReload (93)
[2016.01.13-02.02.51:917][708]LogModuleManager: Shutting down and abandoning module MainFrame (92)
[2016.01.13-02.02.51:917][708]LogModuleManager: Shutting down and abandoning module LevelEditor (91)
[2016.01.13-02.02.51:932][708]LogModuleManager: Shutting down and abandoning module DirectoryWatcher (90)
[2016.01.13-02.02.51:934][708]LogModuleManager: Shutting down and abandoning module AssetRegistry (89)
[2016.01.13-02.02.51:990][708]LogModuleManager: Shutting down and abandoning module ContentBrowser (88)
[2016.01.13-02.02.51:990][708]LogModuleManager: Shutting down and abandoning module Paper2DEditor (87)
[2016.01.13-02.02.52:007][708]LogModuleManager: Shutting down and abandoning module UdpMessaging (86)
[2016.01.13-02.02.52:107][708]LogModuleManager: Shutting down and abandoning module LightPropagationVolumeRuntime (85)
[2016.01.13-02.02.52:107][708]LogModuleManager: Shutting down and abandoning module Paper2D (84)
[2016.01.13-02.02.52:107][708]LogModuleManager: Shutting down and abandoning module WindowsMoviePlayer (83)
[2016.01.13-02.02.52:116][708]LogModuleManager: Shutting down and abandoning module Media (82)
[2016.01.13-02.02.52:116][708]LogModuleManager: Shutting down and abandoning module WmfMedia (81)
[2016.01.13-02.02.52:117][708]LogModuleManager: Shutting down and abandoning module OnlineBlueprintSupport (80)
[2016.01.13-02.02.52:117][708]LogModuleManager: Shutting down and abandoning module GameplayTasksEditor (79)
[2016.01.13-02.02.52:117][708]LogModuleManager: Shutting down and abandoning module PropertyEditor (78)
[2016.01.13-02.02.52:117][708]LogModuleManager: Shutting down and abandoning module BehaviorTreeEditor (77)
[2016.01.13-02.02.52:138][708]LogModuleManager: Shutting down and abandoning module FunctionalTesting (76)
[2016.01.13-02.02.52:138][708]LogModuleManager: Shutting down and abandoning module CollisionAnalyzer (75)
[2016.01.13-02.02.52:138][708]LogModuleManager: Shutting down and abandoning module WorkspaceMenuStructure (74)
[2016.01.13-02.02.52:138][708]LogModuleManager: Shutting down and abandoning module MessageLog (73)
[2016.01.13-02.02.52:139][708]LogModuleManager: Shutting down and abandoning module Sequencer (72)
[2016.01.13-02.02.52:150][708]LogModuleManager: Shutting down and abandoning module AssetTools (71)
[2016.01.13-02.02.52:168][708]LogModuleManager: Shutting down and abandoning module UMGEditor (70)
[2016.01.13-02.02.52:190][708]LogModuleManager: Shutting down and abandoning module UMG (69)
[2016.01.13-02.02.52:214][708]LogModuleManager: Shutting down and abandoning module Slate (68)
[2016.01.13-02.02.52:214][708]LogModuleManager: Shutting down and abandoning module EditorStyle (67)
[2016.01.13-02.02.52:219][708]LogModuleManager: Shutting down and abandoning module SessionServices (66)
[2016.01.13-02.02.52:219][708]LogModuleManager: Shutting down and abandoning module SourceCodeAccess (65)
[2016.01.13-02.02.52:219][708]LogModuleManager: Shutting down and abandoning module HeadMountedDisplay (64)
[2016.01.13-02.02.52:219][708]LogModuleManager: Shutting down and abandoning module XAudio2 (63)
[2016.01.13-02.02.52:219][708]LogModuleManager: Shutting down and abandoning module Networking (61)
[2016.01.13-02.02.52:219][708]LogModuleManager: Shutting down and abandoning module Core (60)
[2016.01.13-02.02.52:219][708]LogModuleManager: Shutting down and abandoning module KismetCompiler (59)
[2016.01.13-02.02.52:219][708]LogModuleManager: Shutting down and abandoning module PhysXFormats (58)
[2016.01.13-02.02.52:219][708]LogModuleManager: Shutting down and abandoning module MeshUtilities (57)
[2016.01.13-02.02.52:244][708]LogModuleManager: Shutting down and abandoning module DerivedDataCache (56)
[2016.01.13-02.02.52:293][708]LogDerivedDataCache: Shutdown
[2016.01.13-02.02.52:293][708]LogModuleManager: Shutting down and abandoning module ShaderFormatOpenGL (55)
[2016.01.13-02.02.52:324][708]LogModuleManager: Shutting down and abandoning module ShaderFormatD3D (54)
[2016.01.13-02.02.52:324][708]LogModuleManager: Shutting down and abandoning module MetalShaderFormat (53)
[2016.01.13-02.02.52:344][708]LogModuleManager: Shutting down and abandoning module TextureFormatUncompressed (52)
[2016.01.13-02.02.52:344][708]LogModuleManager: Shutting down and abandoning module TextureFormatPVR (51)
[2016.01.13-02.02.52:344][708]LogModuleManager: Shutting down and abandoning module TextureFormatIntelISPCTexComp (50)
[2016.01.13-02.02.52:344][708]LogModuleManager: Shutting down and abandoning module TextureFormatDXT (49)
[2016.01.13-02.02.52:344][708]LogModuleManager: Shutting down and abandoning module ImageWrapper (48)
[2016.01.13-02.02.52:344][708]LogModuleManager: Shutting down and abandoning module TextureFormatASTC (47)
[2016.01.13-02.02.52:344][708]LogModuleManager: Shutting down and abandoning module TextureFormatAndroid (46)
[2016.01.13-02.02.52:344][708]LogModuleManager: Shutting down and abandoning module AudioFormatOpus (45)
[2016.01.13-02.02.52:344][708]LogModuleManager: Shutting down and abandoning module AudioFormatOgg (44)
[2016.01.13-02.02.52:344][708]LogModuleManager: Shutting down and abandoning module AudioFormatADPCM (43)
[2016.01.13-02.02.52:344][708]LogModuleManager: Shutting down and abandoning module LinuxTargetPlatform (42)
[2016.01.13-02.02.52:344][708]LogModuleManager: Shutting down and abandoning module LinuxServerTargetPlatform (41)
[2016.01.13-02.02.52:344][708]LogModuleManager: Shutting down and abandoning module LinuxNoEditorTargetPlatform (40)
[2016.01.13-02.02.52:344][708]LogModuleManager: Shutting down and abandoning module Messaging (39)
[2016.01.13-02.02.52:344][708]LogModuleManager: Shutting down and abandoning module IOSTargetPlatform (38)
[2016.01.13-02.02.52:344][708]LogModuleManager: Shutting down and abandoning module HTML5TargetPlatform (37)
[2016.01.13-02.02.52:344][708]LogModuleManager: Shutting down and abandoning module Android_PVRTCTargetPlatform (36)
[2016.01.13-02.02.52:344][708]LogModuleManager: Shutting down and abandoning module Android_MultiTargetPlatform (35)
[2016.01.13-02.02.52:344][708]LogModuleManager: Shutting down and abandoning module Android_ETC2TargetPlatform (34)
[2016.01.13-02.02.52:345][708]LogModuleManager: Shutting down and abandoning module Android_ETC1TargetPlatform (33)
[2016.01.13-02.02.52:345][708]LogModuleManager: Shutting down and abandoning module Android_DXTTargetPlatform (32)
[2016.01.13-02.02.52:345][708]LogModuleManager: Shutting down and abandoning module Android_ATCTargetPlatform (31)
[2016.01.13-02.02.52:345][708]LogModuleManager: Shutting down and abandoning module Android_ASTCTargetPlatform (30)
[2016.01.13-02.02.52:345][708]LogModuleManager: Shutting down and abandoning module AndroidTargetPlatform (29)
[2016.01.13-02.02.52:345][708]LogModuleManager: Shutting down and abandoning module WindowsTargetPlatform (28)
[2016.01.13-02.02.52:345][708]LogModuleManager: Shutting down and abandoning module WindowsServerTargetPlatform (27)
[2016.01.13-02.02.52:345][708]LogModuleManager: Shutting down and abandoning module WindowsNoEditorTargetPlatform (26)
[2016.01.13-02.02.52:345][708]LogModuleManager: Shutting down and abandoning module WindowsClientTargetPlatform (25)
[2016.01.13-02.02.52:345][708]LogModuleManager: Shutting down and abandoning module AllDesktopTargetPlatform (24)
[2016.01.13-02.02.52:345][708]LogModuleManager: Shutting down and abandoning module TargetPlatform (23)
[2016.01.13-02.02.52:345][708]LogModuleManager: Shutting down and abandoning module InputCore (22)
[2016.01.13-02.02.52:345][708]LogModuleManager: Shutting down and abandoning module Settings (21)
[2016.01.13-02.02.52:345][708]LogModuleManager: Shutting down and abandoning module OnlineSubsystem (19)
[2016.01.13-02.02.52:345][708]LogModuleManager: Shutting down and abandoning module HTTP (18)
[2016.01.13-02.02.55:346][708]LogModuleManager: Shutting down and abandoning module XMPP (17)
[2016.01.13-02.02.55:408][708]LogModuleManager: Shutting down and abandoning module OculusRift (16)
[2016.01.13-02.02.55:435][708]LogModuleManager: Shutting down and abandoning module ExampleDeviceProfileSelector (15)
[2016.01.13-02.02.55:435][708]LogModuleManager: Shutting down and abandoning module TextureCompressor (14)
[2016.01.13-02.02.55:435][708]LogModuleManager: Shutting down and abandoning module ShaderCore (13)
[2016.01.13-02.02.55:435][708]LogModuleManager: Shutting down and abandoning module Landscape (12)
[2016.01.13-02.02.55:435][708]LogModuleManager: Shutting down and abandoning module SlateRHIRenderer (11)
[2016.01.13-02.02.55:437][708]LogModuleManager: Shutting down and abandoning module OpenGLDrv (10)
[2016.01.13-02.02.55:454][708]LogModuleManager: Shutting down and abandoning module D3D11RHI (9)
[2016.01.13-02.02.55:454][708]LogModuleManager: Shutting down and abandoning module AnimGraphRuntime (8)
[2016.01.13-02.02.55:467][708]LogModuleManager: Shutting down and abandoning module Renderer (7)
[2016.01.13-02.02.55:467][708]LogModuleManager: Shutting down and abandoning module Engine (6)
[2016.01.13-02.02.55:467][708]LogModuleManager: Shutting down and abandoning module CoreUObject (5)
[2016.01.13-02.02.55:467][708]LogModuleManager: Shutting down and abandoning module NetworkFile (4)
[2016.01.13-02.02.55:482][708]LogModuleManager: Shutting down and abandoning module StreamingFile (3)
[2016.01.13-02.02.55:482][708]LogModuleManager: Shutting down and abandoning module SandboxFile (2)
[2016.01.13-02.02.55:482][708]LogModuleManager: Shutting down and abandoning module PakFile (1)
[2016.01.13-02.02.55:486][708]LogExit: Exiting.
[2016.01.13-02.02.55:489][708]Log file closed, 01/13/16 10:02:55
