[2016.01.20-10.40.10:950][  0]Log file open, 01/20/16 18:40:10
[2016.01.20-10.40.10:950][  0]LogInit:Display: Running engine for game: ExampleCollection10
[2016.01.20-10.40.10:950][  0]LogPlatformFile: Not using cached read wrapper
[2016.01.20-10.40.10:950][  0]LogInit:Display: RandInit(1922487605) SRandInit(1922487607).
[2016.01.20-10.40.10:950][  0]LogTaskGraph: Started task graph with 4 named threads and 7 total threads.
[2016.01.20-10.40.10:950][  0]LogStats: Stats thread started at 4.016514
[2016.01.20-10.40.10:950][  0]LogInit: Version: 4.10.1-2791327+++depot+UE4-Releases+4.10
[2016.01.20-10.40.10:950][  0]LogInit: API Version: 2758231
[2016.01.20-10.40.10:950][  0]LogInit: Compiled (64-bit): Dec  4 2015 19:44:40
[2016.01.20-10.40.10:950][  0]LogInit: Compiled with Visual C++: 19.00.23026.00
[2016.01.20-10.40.10:950][  0]LogInit: Build Configuration: Development
[2016.01.20-10.40.10:950][  0]LogInit: Branch Name: ++depot+UE4-Releases+4.10
[2016.01.20-10.40.10:950][  0]LogInit: Command line:  
[2016.01.20-10.40.10:950][  0]LogInit: Base directory: D:/Program Files/Epic Games/4.10/Engine/Binaries/Win64/
[2016.01.20-10.40.10:950][  0]LogInit: Rocket: 1
[2016.01.20-10.40.11:149][  0]LogInit: Using libcurl 7.41.0
[2016.01.20-10.40.11:149][  0]LogInit:  - built for x86_64-pc-win32
[2016.01.20-10.40.11:149][  0]LogInit:  - supports SSL with WinSSL
[2016.01.20-10.40.11:149][  0]LogInit:  - other features:
[2016.01.20-10.40.11:149][  0]LogInit:      CURL_VERSION_SSL
[2016.01.20-10.40.11:149][  0]LogInit:      CURL_VERSION_IPV6
[2016.01.20-10.40.11:149][  0]LogInit:      CURL_VERSION_ASYNCHDNS
[2016.01.20-10.40.11:149][  0]LogInit:      CURL_VERSION_LARGEFILE
[2016.01.20-10.40.11:149][  0]LogInit:      CURL_VERSION_IDN
[2016.01.20-10.40.11:149][  0]LogInit:  CurlRequestOptions (configurable via config and command line):
[2016.01.20-10.40.11:150][  0]LogInit:  - bVerifyPeer = true  - Libcurl will verify peer certificate
[2016.01.20-10.40.11:150][  0]LogInit:  - bUseHttpProxy = false  - Libcurl will NOT use HTTP proxy
[2016.01.20-10.40.11:150][  0]LogInit:  - bDontReuseConnections = false  - Libcurl will reuse connections
[2016.01.20-10.40.11:150][  0]LogInit:  - CertBundlePath = nullptr  - Libcurl will use whatever was configured at build time.
[2016.01.20-10.40.11:290][  0]LogInit: Presizing for 0 objects not considered by GC, pre-allocating 0 bytes.
[2016.01.20-10.40.11:488][  0]LogInit: Object subsystem initialized
[2016.01.20-10.40.11:740][  0]LogInit: Selected Device Profile: [Windows]
[2016.01.20-10.40.11:740][  0]LogInit: Applying CVar settings loaded from the selected device profile: [Windows]
[2016.01.20-10.40.11:845][  0]LogInit: Computer: PLAN-CHENXINGHU
[2016.01.20-10.40.11:845][  0]LogInit: User: chenxinghui
[2016.01.20-10.40.11:845][  0]LogInit: CPU Page size=4096, Cores=4
[2016.01.20-10.40.11:845][  0]LogInit: High frequency timer resolution =3.117802 MHz
[2016.01.20-10.40.11:845][  0]LogMemory: Memory total: Physical=7.9GB (8GB approx)
[2016.01.20-10.40.11:845][  0]LogMemory: Platform Memory Stats for Windows
[2016.01.20-10.40.11:845][  0]LogMemory: Process Physical Memory: 56.34 MB used, 56.34 MB peak
[2016.01.20-10.40.11:845][  0]LogMemory: Process Virtual Memory: 57.70 MB used, 57.70 MB peak
[2016.01.20-10.40.11:845][  0]LogMemory: Physical Memory: 3430.30 MB used, 8130.04 MB total
[2016.01.20-10.40.11:845][  0]LogMemory: Virtual Memory: 350.46 MB used, 8388608.00 MB total
[2016.01.20-10.40.14:883][  0]LogD3D11RHI: Found D3D11 adapter 0: NVIDIA GeForce GTX 660   (Feature Level 11_0)
[2016.01.20-10.40.14:883][  0]LogD3D11RHI: Adapter has 1989MB of dedicated video memory, 0MB of dedicated system memory, and 2048MB of shared system memory, 2 output[s]
[2016.01.20-10.40.14:883][  0]LogD3D11RHI: Chosen D3D11 Adapter Id = 0
[2016.01.20-10.40.14:889][  0]LogD3D11RHI: !Direct3DDevice
[2016.01.20-10.40.14:890][  0]LogRHI: Texture pool is 1361 MB (70% of 1945 MB)
[2016.01.20-10.40.14:901][  0]LogD3D11RHI: Async texture creation enabled
[2016.01.20-10.40.15:391][  0]LogShaderCompilers: Guid format shader working directory is 9 characters bigger than the processId version (E:/Unreal Work Space/ExampleCollection10/Intermediate/Shaders/WorkingDirectory/4592/).
[2016.01.20-10.40.15:391][  0]LogShaderCompilers: Cleaned the shader compiler working directory 'C:/Users/CHENXI~1/AppData/Local/Temp/UnrealShaderWorkingDir/5B17199E490435ACD745658EF491C5DD/'.
[2016.01.20-10.40.15:409][  0]LogShaderCompilers:Display: Using Local Shader Compiler.
[2016.01.20-10.40.27:222][  0]LogTemp:Display: Loaded TP AllDesktopTargetPlatform
[2016.01.20-10.40.27:234][  0]LogTemp:Display: Loaded TP WindowsClientTargetPlatform
[2016.01.20-10.40.27:246][  0]LogTemp:Display: Loaded TP WindowsNoEditorTargetPlatform
[2016.01.20-10.40.27:251][  0]LogTemp:Display: Loaded TP WindowsServerTargetPlatform
[2016.01.20-10.40.27:273][  0]LogTemp:Display: Loaded TP WindowsTargetPlatform
[2016.01.20-10.40.27:316][  0]LogTemp:Display: Loaded TP AndroidTargetPlatform
[2016.01.20-10.40.27:329][  0]LogTemp:Display: Loaded TP Android_ASTCTargetPlatform
[2016.01.20-10.40.27:352][  0]LogTemp:Display: Loaded TP Android_ATCTargetPlatform
[2016.01.20-10.40.27:385][  0]LogTemp:Display: Loaded TP Android_DXTTargetPlatform
[2016.01.20-10.40.27:408][  0]LogTemp:Display: Loaded TP Android_ETC1TargetPlatform
[2016.01.20-10.40.27:430][  0]LogTemp:Display: Loaded TP Android_ETC2TargetPlatform
[2016.01.20-10.40.27:489][  0]LogTemp:Display: Loaded TP Android_MultiTargetPlatform
[2016.01.20-10.40.27:490][  0]LogTemp:Display: Loaded TP Android_PVRTCTargetPlatform
[2016.01.20-10.40.27:491][  0]LogTemp:Display: Loaded TP HTML5TargetPlatform
[2016.01.20-10.40.27:627][  0]LogTemp:Display: Loaded TP IOSTargetPlatform
[2016.01.20-10.40.27:653][  0]LogTemp:Display: Loaded TP LinuxNoEditorTargetPlatform
[2016.01.20-10.40.27:662][  0]LogTemp:Display: Loaded TP LinuxServerTargetPlatform
[2016.01.20-10.40.27:711][  0]LogTemp:Display: Loaded TP LinuxTargetPlatform
[2016.01.20-10.40.27:712][  0]LogTargetPlatformManager:Display: Building Assets For Windows
[2016.01.20-10.40.28:725][  0]LogDerivedDataCache:Display: Max Cache Size: 512 MB
[2016.01.20-10.40.29:135][  0]LogDerivedDataCache: Loaded boot cache 0.39s 41MB C:/Users/chenxinghui/AppData/Local/UnrealEngine/4.10/DerivedDataCache/Boot.ddc.
[2016.01.20-10.40.29:135][  0]LogDerivedDataCache:Display: Loaded Boot cache: C:/Users/chenxinghui/AppData/Local/UnrealEngine/4.10/DerivedDataCache/Boot.ddc
[2016.01.20-10.40.29:135][  0]LogDerivedDataCache: FDerivedDataBackendGraph:  Pak pak cache file E:/Unreal Work Space/ExampleCollection10/DerivedDataCache/DDC.ddp not found, will not use a pak cache.
[2016.01.20-10.40.29:135][  0]LogDerivedDataCache: Unable to find inner node Pak for hierarchical cache Hierarchy.
[2016.01.20-10.40.29:135][  0]LogDerivedDataCache: FDerivedDataBackendGraph:  CompressedPak pak cache file E:/Unreal Work Space/ExampleCollection10/DerivedDataCache/Compressed.ddp not found, will not use a pak cache.
[2016.01.20-10.40.29:135][  0]LogDerivedDataCache: Unable to find inner node CompressedPak for hierarchical cache Hierarchy.
[2016.01.20-10.40.29:338][  0]LogDerivedDataCache:Display: Pak cache opened for reading ../../../Engine/DerivedDataCache/Compressed.ddp.
[2016.01.20-10.40.29:389][  0]LogDerivedDataCache: Using Local data cache path C:/Users/chenxinghui/AppData/Local/UnrealEngine/Common/DerivedDataCache: Writable
[2016.01.20-10.40.43:706][  0]LogInit: Selected Device Profile: [Windows]
[2016.01.20-10.40.43:743][  0]LogContentStreaming: Texture pool size is 0.000000MB
[2016.01.20-10.40.45:181][  0]LogMeshUtilities: No automatic mesh reduction module available
[2016.01.20-10.40.45:181][  0]LogMeshUtilities: No automatic mesh merging module available
[2016.01.20-10.40.51:163][  0]LogInit: WinSock: version 1.1 (2.2), MaxSocks=32767, MaxUdp=65467
[2016.01.20-10.41.04:599][  0]UdpMessaging: Initializing bridge on interface 0.0.0.0:0 to multicast group 230.0.0.1:6666.
[2016.01.20-10.41.05:342][  0]LogAssetRegistry: FAssetRegistry took 0.0146 seconds to start up
[2016.01.20-10.41.10:819][  0]SourceControl: Info Source control is disabled
[2016.01.20-10.41.10:937][  0]SourceControl: Info Source control is disabled
[2016.01.20-10.41.11:379][  0]SourceControl: Info Source control is disabled
[2016.01.20-10.41.11:520][  0]SourceControl: Info Source control is disabled
[2016.01.20-10.41.13:435][  0]LogObj: 28633 objects as part of root set at end of initial load.
[2016.01.20-10.41.13:435][  0]LogUObjectAllocator: 6099752 out of 0 bytes used by permanent object pool.
[2016.01.20-10.41.14:336][  0]LogEngine: Initializing Engine...
[2016.01.20-10.41.14:368][  0]LogHMD: Can't find Oculus library dev build: is proper Runtime installed? Version: 0.8.0.0
[2016.01.20-10.41.14:466][  0]LogHMD: SteamVR failed to initialize.  Err: 110
[2016.01.20-10.41.15:577][  0]LogAIModule: Creating AISystem for world NewWorld
[2016.01.20-10.41.15:866][  0]LogInit: XAudio2 using '扬声器 (Realtek High Definition Audio)' : 2 channels at 48 kHz using 32 bits per sample (channel mask 0x3)
[2016.01.20-10.41.16:090][  0]LogInit: FAudioDevice initialized.
[2016.01.20-10.41.16:115][  0]LogDerivedDataCache: Saved boot cache 0.02s 41MB C:/Users/chenxinghui/AppData/Local/UnrealEngine/4.10/DerivedDataCache/Boot.ddc.
[2016.01.20-10.41.16:120][  0]LogInit: Texture streaming: Enabled
[2016.01.20-10.41.16:181][  0]LogAnalytics: Creating configured Analytics provider AnalyticsET
[2016.01.20-10.41.16:190][  0]LogAnalytics: [UEEditor.Rocket.Release] APIServer = http://et2.epicgames.com/ET2/. AppVersion = 4.10.1-2791327+++depot+UE4-Releases+4.10
[2016.01.20-10.41.16:190][  0]LogAnalytics: [UEEditor.Rocket.Release] SetUserId fcc8beb743eb3f315b3205bc8f91fbb8|ecc15fb7c1f4439e807eef072eca5f98|c014cd18-b694-4710-a8b7-958888126c98
[2016.01.20-10.41.16:202][  0]LogAnalytics: [UEEditor.Rocket.Release] AnalyticsET::StartSession
[2016.01.20-10.41.16:741][  0]LogInit: Transaction tracking system initialized
[2016.01.20-10.41.17:760][  0]BlueprintLog: New page: Editor Load
[2016.01.20-10.41.23:337][  0]LocalizationService: Info Localization service is disabled
[2016.01.20-10.41.25:679][  0]LogConsoleResponse:Display: 
[2016.01.20-10.41.30:417][  0]LogFileCache: Scanning file cache for directory 'E:/Unreal Work Space/ExampleCollection10/Content/' took 0.03s
[2016.01.20-10.41.30:417][  0]LogCook:Display: Done creating registry. It took  0.00s.
[2016.01.20-10.41.33:951][  0]SourceControl: Info Source control is disabled
[2016.01.20-10.41.34:093][  0]Cmd: MAP LOAD FILE="E:/Unreal Work Space/ExampleCollection10/Content/My/TestMap/MatTestMap.umap" TEMPLATE=0 SHOWPROGRESS=1 FEATURELEVEL=3
[2016.01.20-10.41.34:411][  0]LightingResults: New page: Lighting Build
[2016.01.20-10.41.34:873][  0]MapCheck: New page: Map Check
[2016.01.20-10.41.34:873][  0]LightingResults: New page: Lighting Build
[2016.01.20-10.41.35:531][  0]LogParticles: Destroying 0 GPU particle simulations for FXSystem 0x00000000247A6AC0
[2016.01.20-10.42.04:109][  0]LogAIModule: Creating AISystem for world MatTestMap
[2016.01.20-10.42.05:384][  0]LogEditorServer: Finished looking for orphan Actors (0.000 secs)
[2016.01.20-10.42.05:513][  0]Cmd: MAP CHECKDEP NOCLEARLOG
[2016.01.20-10.42.05:706][  0]MapCheck: Info Map check complete: 0 Error(s), 0 Warning(s), took 192.759ms to complete.
[2016.01.20-10.42.05:706][  0]LogFileHelpers: Loading map 'MatTestMap' took 31.673
[2016.01.20-10.42.10:351][  0]LogCollectionManager: Loaded 0 collections in 0.002691 seconds
[2016.01.20-10.42.10:830][  0]LogFileCache: Scanning file cache for directory 'E:/Unreal Work Space/ExampleCollection10/Saved/Collections/' took 0.01s
[2016.01.20-10.42.10:830][  0]LogFileCache: Scanning file cache for directory 'E:/Unreal Work Space/ExampleCollection10/Content/Developers/chenxinghui/Collections/' took 0.01s
[2016.01.20-10.42.10:830][  0]LogFileCache: Scanning file cache for directory 'E:/Unreal Work Space/ExampleCollection10/Content/Collections/' took 0.01s
[2016.01.20-10.42.10:830][  0]LogCollectionManager: Rebuilt the GUID cache for 0 collections in 0.000004 seconds
[2016.01.20-10.42.11:025][  0]LogContentBrowser: Native class hierarchy populated in 0.1821 seconds. Added 1893 classes and 338 folders.
[2016.01.20-10.42.11:762][  0]LogContentBrowser: Native class hierarchy updated for 'WidgetCarousel' in 0.0004 seconds. Added 0 classes and 0 folders.
[2016.01.20-10.42.20:281][  0]LogContentBrowser: Native class hierarchy updated for 'AddContentDialog' in 0.0003 seconds. Added 0 classes and 0 folders.
[2016.01.20-10.42.20:373][  0]LogContentBrowser: Native class hierarchy updated for 'SceneOutliner' in 0.0004 seconds. Added 1 classes and 2 folders.
[2016.01.20-10.42.20:841][  0]LogCrashTracker: Crashtracker disabled due to settings.
[2016.01.20-10.42.21:159][  0]LogUObjectGlobals:Warning: Failed to find object 'Class None.'
[2016.01.20-10.42.21:229][  0]LogLoad: Full Startup: 138.64 seconds (BP compile: 1.04 seconds)
[2016.01.20-10.42.21:583][  0]LogOcInput: Can't find Oculus library dev build: is proper Runtime installed? Version: 0.8.0.0
[2016.01.20-10.42.22:159][  0]LogContentStreaming: Texture pool size now 1000 MB
[2016.01.20-10.42.22:963][  0]LogRenderer: Reallocating scene render targets to support 824x580 (Frame:2).
[2016.01.20-10.42.24:853][  5]LogAssetRegistry: Asset discovery search completed in 79.5271 seconds
[2016.01.20-10.42.24:923][  5]LogCollectionManager: Rebuilt the object cache for 0 collections in 0.000001 seconds (found 0 objects)
[2016.01.20-10.42.24:923][  5]LogCollectionManager: Fixed up redirectors for 0 collections in 0.042773 seconds (updated 0 objects)
[2016.01.20-10.42.31:772][583]LogEditorViewport: Clicking on Actor (LMB): Emitter (Droplets_P)
[2016.01.20-10.45.53:267][180]LogContentBrowser: Native class hierarchy updated for 'Cascade' in 0.0012 seconds. Added 2 classes and 2 folders.
[2016.01.20-10.47.08:112][565]LogRenderer: Reallocating scene render targets to support 824x932 (Frame:5882).
[2016.01.20-10.48.39:901][464]LogFactory: FactoryCreateBinary: StaticMesh with FbxFactory (0 0 C:/Users/chenxinghui/Desktop/UE4 Texture/Architecture/MeshEmitWater/SM_SplashDisc.FBX)
[2016.01.20-10.48.40:143][464]LogFbx: ItemName: GlobalSettings, ItemCount : 1
[2016.01.20-10.48.40:143][464]LogFbx: ItemName: AnimationStack, ItemCount : 1
[2016.01.20-10.48.40:143][464]LogFbx: ItemName: AnimationLayer, ItemCount : 1
[2016.01.20-10.48.40:143][464]LogFbx: ItemName: Model, ItemCount : 1
[2016.01.20-10.48.40:143][464]LogFbx: ItemName: Geometry, ItemCount : 1
[2016.01.20-10.48.40:143][464]LogFbx: ItemName: Material, ItemCount : 1
[2016.01.20-10.48.40:241][464]LogFbx: Loading FBX Scene from C:/Users/chenxinghui/Desktop/UE4 Texture/Architecture/MeshEmitWater/SM_SplashDisc.FBX
[2016.01.20-10.48.40:349][464]LogFbx: FBX Scene Loaded Succesfully
[2016.01.20-10.48.53:737][464]LogFbx: Loading FBX Scene from C:/Users/chenxinghui/Desktop/UE4 Texture/Architecture/MeshEmitWater/SM_SplashDisc.FBX
[2016.01.20-10.48.53:815][464]LogFbx: FBX Scene Loaded Succesfully
[2016.01.20-10.48.53:876][464]LogStaticMesh: Building static mesh SM_SplashDisc...
[2016.01.20-10.48.53:936][464]LogStaticMesh: Built static mesh [0.059909.2s] /Game/My/ExampleCollection/MatCollection/Environment/Droplets/Mesh_SplashDisc/SM_SplashDisc.SM_SplashDisc
[2016.01.20-10.48.53:998][464]FBXImport:Warning: Warning Warning: No smoothing group information was found in this FBX scene.  Please make sure to enable the 'Export Smoothing Groups' option in the FBX Exporter plug-in before exporting the file.  Even for tools that don't support smoothing groups, the FBX Exporter will generate appropriate smoothing data at export-time so that correct vertex normals can be inferred while importing. 
[2016.01.20-10.49.01:246][999]LogParticles: Destroying 0 GPU particle simulations for FXSystem 0x000000003B426C00
[2016.01.20-10.49.02:534][999]LogSavePackage: Save=56.759857ms
[2016.01.20-10.49.02:534][999]LogSavePackage: Moving 'E:/Unreal Work Space/ExampleCollection10/Saved/SM_SplashDisc6CB769384D1F0526342B96A1AFFA52E0.tmp' to 'E:/Unreal Work Space/ExampleCollection10/Content/My/ExampleCollection/MatCollection/Environment/Droplets/Mesh_SplashDisc/SM_SplashDisc.uasset'
[2016.01.20-10.49.02:541][999]LogSavePackage: Total save time: 66.208504ms
[2016.01.20-10.49.02:541][999]LogSavePackage:Display: Finished SavePackage E:/Unreal Work Space/ExampleCollection10/Content/My/ExampleCollection/MatCollection/Environment/Droplets/Mesh_SplashDisc/SM_SplashDisc.uasset
[2016.01.20-10.49.02:613][999]Cmd: OBJ SAVEPACKAGE PACKAGE="/Game/My/TestMap/MatTestMap" FILE="E:/Unreal Work Space/ExampleCollection10/Content/My/TestMap/MatTestMap.umap" SILENT=true AUTOSAVING=false KEEPDIRTY=false
[2016.01.20-10.49.03:382][999]LogSavePackage: Save=243.875977ms
[2016.01.20-10.49.03:382][999]LogSavePackage: Moving 'E:/Unreal Work Space/ExampleCollection10/Saved/MatTestMap35C8868C4656FD6DB7269AB5D9F3C770.tmp' to 'E:/Unreal Work Space/ExampleCollection10/Content/My/TestMap/MatTestMap.umap'
[2016.01.20-10.49.03:384][999]LogSavePackage: Total save time: 753.653694ms
[2016.01.20-10.49.03:384][999]LogSavePackage:Display: Finished SavePackage E:/Unreal Work Space/ExampleCollection10/Content/My/TestMap/MatTestMap.umap
[2016.01.20-10.49.03:405][999]LogFileHelpers: Saving map 'MatTestMap' took 0.861
[2016.01.20-10.50.54:207][975]LogEditorViewport: Clicking on Actor (LMB): Emitter (Droplets_P)
[2016.01.20-10.50.54:636][  5]LogEditorViewport: Clicking on Actor (LMB): Emitter (Droplets_P)
[2016.01.20-10.50.55:045][ 47]LogEditorViewport: Clicking on Actor (LMB): StaticMeshActor (Floor)
[2016.01.20-10.50.55:814][100]LogEditorViewport: Clicking on Actor (LMB): Emitter (Droplets_P)
[2016.01.20-10.53.07:526][890]LogEditorViewport: Clicking on Actor (LMB): Emitter (Droplets_P)
[2016.01.20-10.53.08:732][ 13]LogEditorViewport: Clicking on Actor (LMB): StaticMeshActor (Floor)
[2016.01.20-10.53.15:725][736]LogEditorViewport: Clicking on Actor (LMB): Emitter (Droplets_P)
[2016.01.20-10.53.36:694][648]LogFactory: FactoryCreateBinary: StaticMesh with FbxFactory (0 0 C:/Users/chenxinghui/Desktop/UE4 Texture/Architecture/MeshEmitWater/SM_SplashDisc.FBX)
[2016.01.20-10.53.36:704][648]LogFbx: ItemName: GlobalSettings, ItemCount : 1
[2016.01.20-10.53.36:704][648]LogFbx: ItemName: AnimationStack, ItemCount : 1
[2016.01.20-10.53.36:704][648]LogFbx: ItemName: AnimationLayer, ItemCount : 1
[2016.01.20-10.53.36:704][648]LogFbx: ItemName: Model, ItemCount : 1
[2016.01.20-10.53.36:704][648]LogFbx: ItemName: Geometry, ItemCount : 1
[2016.01.20-10.53.36:704][648]LogFbx: ItemName: Material, ItemCount : 1
[2016.01.20-10.53.36:771][648]LogFbx: Loading FBX Scene from C:/Users/chenxinghui/Desktop/UE4 Texture/Architecture/MeshEmitWater/SM_SplashDisc.FBX
[2016.01.20-10.53.36:849][648]LogFbx: FBX Scene Loaded Succesfully
[2016.01.20-10.55.59:146][957]LogSavePackage: Save=13.806201ms
[2016.01.20-10.55.59:146][957]LogSavePackage: Moving 'E:/Unreal Work Space/ExampleCollection10/Saved/Droplets_P2750FDC545232B3096C59A8097F19884.tmp' to 'E:/Unreal Work Space/ExampleCollection10/Content/My/ExampleCollection/MatCollection/Environment/Droplets/Droplets_P.uasset'
[2016.01.20-10.55.59:147][957]LogSavePackage: Total save time: 37.497569ms
[2016.01.20-10.55.59:147][957]LogSavePackage:Display: Finished SavePackage E:/Unreal Work Space/ExampleCollection10/Content/My/ExampleCollection/MatCollection/Environment/Droplets/Droplets_P.uasset
[2016.01.20-10.58.27:322][655]LogSavePackage: Save=11.243498ms
[2016.01.20-10.58.27:323][655]LogSavePackage: Moving 'E:/Unreal Work Space/ExampleCollection10/Saved/Droplets_P645D372C4E05783C933CC4AD35F04B3E.tmp' to 'E:/Unreal Work Space/ExampleCollection10/Content/My/ExampleCollection/MatCollection/Environment/Droplets/Droplets_P.uasset'
[2016.01.20-10.58.27:324][655]LogSavePackage: Total save time: 25.945198ms
[2016.01.20-10.58.27:324][655]LogSavePackage:Display: Finished SavePackage E:/Unreal Work Space/ExampleCollection10/Content/My/ExampleCollection/MatCollection/Environment/Droplets/Droplets_P.uasset
[2016.01.20-10.58.31:991][ 83]LogEditorViewport: Clicking on Actor (LMB): StaticMeshActor (Floor)
[2016.01.20-10.58.37:302][644]LogEditorViewport: Clicking on Actor (LMB): Emitter (Droplets_P)
[2016.01.20-10.59.02:315][192]LogRenderer: Reallocating scene render targets to support 956x932 (Frame:70794).
[2016.01.20-10.59.28:453][601]LogEditorViewport: Clicking on Actor (LMB): StaticMeshActor (Floor)
[2016.01.20-11.01.24:077][ 22]LogParticles: Destroying 0 GPU particle simulations for FXSystem 0x0000000044AE9B20
[2016.01.20-11.01.24:125][ 22]LogParticles: Destroying 0 GPU particle simulations for FXSystem 0x000000003B4276A0
[2016.01.20-11.01.24:125][ 22]Cmd: OBJ SAVEPACKAGE PACKAGE="/Game/My/TestMap/MatTestMap" FILE="E:/Unreal Work Space/ExampleCollection10/Saved/Autosaves/Game/My/TestMap/MatTestMap_Auto1.umap" SILENT=true AUTOSAVING=true KEEPDIRTY=false
[2016.01.20-11.01.24:248][ 22]LogSavePackage: Save=103.376030ms
[2016.01.20-11.01.24:248][ 22]LogSavePackage: Moving 'E:/Unreal Work Space/ExampleCollection10/Saved/MatTestMap_Auto14BFA9878489BC6F9929B4FA880948074.tmp' to 'E:/Unreal Work Space/ExampleCollection10/Saved/Autosaves/Game/My/TestMap/MatTestMap_Auto1.umap'
[2016.01.20-11.01.24:250][ 22]LogSavePackage: Total save time: 123.712473ms
[2016.01.20-11.01.24:250][ 22]LogSavePackage:Display: Finished SavePackage E:/Unreal Work Space/ExampleCollection10/Saved/Autosaves/Game/My/TestMap/MatTestMap_Auto1.umap
[2016.01.20-11.01.24:251][ 22]LogFileHelpers: Editor autosave (incl. sublevels) for '/Game/My/TestMap/MatTestMap' took 0.187
[2016.01.20-11.01.24:251][ 22]LogFileHelpers: Editor autosave (incl. sublevels) for all levels took 0.187
[2016.01.20-11.01.24:272][ 22]OBJ SavePackage: Generating thumbnails for [1] asset(s) in package [/Game/My/ExampleCollection/MatCollection/Environment/Droplets/Droplets_P] ([1] browsable assets)...
[2016.01.20-11.01.24:279][ 22]OBJ SavePackage:     Rendered thumbnail for [ParticleSystem /Game/My/ExampleCollection/MatCollection/Environment/Droplets/Droplets_P.Droplets_P]
[2016.01.20-11.01.24:279][ 22]OBJ SavePackage: Finished generating thumbnails for package [/Game/My/ExampleCollection/MatCollection/Environment/Droplets/Droplets_P]
[2016.01.20-11.01.24:303][ 22]LogSavePackage: Save=12.920961ms
[2016.01.20-11.01.24:303][ 22]LogSavePackage: Moving 'E:/Unreal Work Space/ExampleCollection10/Saved/Droplets_P_Auto1791C190145F9545F710957BFA7B87418.tmp' to 'E:/Unreal Work Space/ExampleCollection10/Saved/Autosaves/Game/My/ExampleCollection/MatCollection/Environment/Droplets/Droplets_P_Auto1.uasset'
[2016.01.20-11.01.24:311][ 22]LogSavePackage: Total save time: 31.143092ms
[2016.01.20-11.01.24:311][ 22]LogSavePackage:Display: Finished SavePackage E:/Unreal Work Space/ExampleCollection10/Saved/Autosaves/Game/My/ExampleCollection/MatCollection/Environment/Droplets/Droplets_P_Auto1.uasset
[2016.01.20-11.01.24:311][ 22]LogFileHelpers: Auto-saving content packages took 0.051
[2016.01.20-11.04.42:519][935]LogEditorTransaction: Undo Edit Curve
[2016.01.20-11.04.57:443][616]LogEditorTransaction: Undo Edit Curve
[2016.01.20-11.05.02:100][  5]LogEditorTransaction: Undo Edit Curve
[2016.01.20-11.12.38:394][124]LogFileHelpers: Editor autosave (incl. sublevels) for '/Game/My/TestMap/MatTestMap' took 0.014
[2016.01.20-11.12.38:398][124]OBJ SavePackage: Generating thumbnails for [1] asset(s) in package [/Game/My/ExampleCollection/MatCollection/Environment/Droplets/Droplets_P] ([1] browsable assets)...
[2016.01.20-11.12.38:403][124]OBJ SavePackage:     Rendered thumbnail for [ParticleSystem /Game/My/ExampleCollection/MatCollection/Environment/Droplets/Droplets_P.Droplets_P]
[2016.01.20-11.12.38:403][124]OBJ SavePackage: Finished generating thumbnails for package [/Game/My/ExampleCollection/MatCollection/Environment/Droplets/Droplets_P]
[2016.01.20-11.12.38:436][124]LogSavePackage: Save=12.664691ms
[2016.01.20-11.12.38:436][124]LogSavePackage: Moving 'E:/Unreal Work Space/ExampleCollection10/Saved/Droplets_P_Auto26B892F6A41B7DB1026C9B89F14277CE4.tmp' to 'E:/Unreal Work Space/ExampleCollection10/Saved/Autosaves/Game/My/ExampleCollection/MatCollection/Environment/Droplets/Droplets_P_Auto2.uasset'
[2016.01.20-11.12.38:452][124]LogSavePackage: Total save time: 46.399996ms
[2016.01.20-11.12.38:452][124]LogSavePackage:Display: Finished SavePackage E:/Unreal Work Space/ExampleCollection10/Saved/Autosaves/Game/My/ExampleCollection/MatCollection/Environment/Droplets/Droplets_P_Auto2.uasset
[2016.01.20-11.12.38:452][124]LogFileHelpers: Auto-saving content packages took 0.058
[2016.01.20-11.13.35:728][492]LogSlate:Warning: Prevented a slow task dialog from being summoned while a context menu was open
[2016.01.20-11.17.28:222][627]LogSavePackage: Save=12.806779ms
[2016.01.20-11.17.28:222][627]LogSavePackage: Moving 'E:/Unreal Work Space/ExampleCollection10/Saved/Droplets_P9971D00D4296CD428A90218E9FC57071.tmp' to 'E:/Unreal Work Space/ExampleCollection10/Content/My/ExampleCollection/MatCollection/Environment/Droplets/Droplets_P.uasset'
[2016.01.20-11.17.28:225][627]LogSavePackage: Total save time: 29.368125ms
[2016.01.20-11.17.28:225][627]LogSavePackage:Display: Finished SavePackage E:/Unreal Work Space/ExampleCollection10/Content/My/ExampleCollection/MatCollection/Environment/Droplets/Droplets_P.uasset
[2016.01.20-11.18.31:495][897]Cmd: OBJ SAVEPACKAGE PACKAGE="/Game/My/TestMap/MatTestMap" FILE="E:/Unreal Work Space/ExampleCollection10/Content/My/TestMap/MatTestMap.umap" SILENT=true AUTOSAVING=false KEEPDIRTY=false
[2016.01.20-11.18.31:599][897]LogSavePackage: Save=77.468040ms
[2016.01.20-11.18.31:599][897]LogSavePackage: Moving 'E:/Unreal Work Space/ExampleCollection10/Saved/MatTestMap2F8B957B4A039F7F91F2BEAD2FA89742.tmp' to 'E:/Unreal Work Space/ExampleCollection10/Content/My/TestMap/MatTestMap.umap'
[2016.01.20-11.18.31:601][897]LogSavePackage: Total save time: 96.280009ms
[2016.01.20-11.18.31:601][897]LogSavePackage:Display: Finished SavePackage E:/Unreal Work Space/ExampleCollection10/Content/My/TestMap/MatTestMap.umap
[2016.01.20-11.18.31:623][897]LogFileHelpers: Saving map 'MatTestMap' took 0.170
[2016.01.20-11.18.31:677][897]LogSavePackage: Save=35.898365ms
[2016.01.20-11.18.31:677][897]LogSavePackage: Moving 'E:/Unreal Work Space/ExampleCollection10/Saved/Droplets_PE0E50B3A43D038542C80628DE0781D2A.tmp' to 'E:/Unreal Work Space/ExampleCollection10/Content/My/ExampleCollection/MatCollection/Environment/Droplets/Droplets_P.uasset'
[2016.01.20-11.18.31:679][897]LogSavePackage: Total save time: 46.160083ms
[2016.01.20-11.18.31:679][897]LogSavePackage:Display: Finished SavePackage E:/Unreal Work Space/ExampleCollection10/Content/My/ExampleCollection/MatCollection/Environment/Droplets/Droplets_P.uasset
[2016.01.20-11.19.25:245][ 83]LogSavePackage: Save=12.753857ms
[2016.01.20-11.19.25:245][ 83]LogSavePackage: Moving 'E:/Unreal Work Space/ExampleCollection10/Saved/Droplets_PE7606B5D4F8D92B4B6AF6797D9647D2B.tmp' to 'E:/Unreal Work Space/ExampleCollection10/Content/My/ExampleCollection/MatCollection/Environment/Droplets/Droplets_P.uasset'
[2016.01.20-11.19.25:247][ 83]LogSavePackage: Total save time: 26.928585ms
[2016.01.20-11.19.25:247][ 83]LogSavePackage:Display: Finished SavePackage E:/Unreal Work Space/ExampleCollection10/Content/My/ExampleCollection/MatCollection/Environment/Droplets/Droplets_P.uasset
[2016.01.20-11.20.44:764][763]LogCascade: Non-seeded module ParticleModuleColorOverLife
[2016.01.20-11.29.27:882][591]LogSavePackage: Save=12.673993ms
[2016.01.20-11.29.27:882][591]LogSavePackage: Moving 'E:/Unreal Work Space/ExampleCollection10/Saved/Droplets_P65E4E6154EC27131D4D5F6B324720E63.tmp' to 'E:/Unreal Work Space/ExampleCollection10/Content/My/ExampleCollection/MatCollection/Environment/Droplets/Droplets_P.uasset'
[2016.01.20-11.29.27:883][591]LogSavePackage: Total save time: 30.049052ms
[2016.01.20-11.29.27:883][591]LogSavePackage:Display: Finished SavePackage E:/Unreal Work Space/ExampleCollection10/Content/My/ExampleCollection/MatCollection/Environment/Droplets/Droplets_P.uasset
[2016.01.20-11.29.38:678][642]LogSavePackage: Save=16.189611ms
[2016.01.20-11.29.38:679][642]LogSavePackage: Moving 'E:/Unreal Work Space/ExampleCollection10/Saved/Droplets_PACF94E9F4BB43DDD235EFE81772EE1B5.tmp' to 'E:/Unreal Work Space/ExampleCollection10/Content/My/ExampleCollection/MatCollection/Environment/Droplets/Droplets_P.uasset'
[2016.01.20-11.29.38:680][642]LogSavePackage: Total save time: 31.090811ms
[2016.01.20-11.29.38:680][642]LogSavePackage:Display: Finished SavePackage E:/Unreal Work Space/ExampleCollection10/Content/My/ExampleCollection/MatCollection/Environment/Droplets/Droplets_P.uasset
[2016.01.20-11.34.42:643][980]LogCascade: Non-seeded module ParticleModuleColorOverLife
[2016.01.20-11.36.51:553][321]LogSavePackage: Save=15.751802ms
[2016.01.20-11.36.51:553][321]LogSavePackage: Moving 'E:/Unreal Work Space/ExampleCollection10/Saved/Droplets_PA21AF37F46EBBC671CD6AB88409E7963.tmp' to 'E:/Unreal Work Space/ExampleCollection10/Content/My/ExampleCollection/MatCollection/Environment/Droplets/Droplets_P.uasset'
[2016.01.20-11.36.51:555][321]LogSavePackage: Total save time: 33.925179ms
[2016.01.20-11.36.51:555][321]LogSavePackage:Display: Finished SavePackage E:/Unreal Work Space/ExampleCollection10/Content/My/ExampleCollection/MatCollection/Environment/Droplets/Droplets_P.uasset
[2016.01.20-11.41.22:114][ 73]LogFileHelpers: Editor autosave (incl. sublevels) for '/Game/My/TestMap/MatTestMap' took 0.011
[2016.01.20-11.41.22:118][ 73]OBJ SavePackage: Generating thumbnails for [1] asset(s) in package [/Game/My/ExampleCollection/MatCollection/Environment/Droplets/Droplets_P] ([1] browsable assets)...
[2016.01.20-11.41.22:123][ 73]OBJ SavePackage:     Rendered thumbnail for [ParticleSystem /Game/My/ExampleCollection/MatCollection/Environment/Droplets/Droplets_P.Droplets_P]
[2016.01.20-11.41.22:123][ 73]OBJ SavePackage: Finished generating thumbnails for package [/Game/My/ExampleCollection/MatCollection/Environment/Droplets/Droplets_P]
[2016.01.20-11.41.22:155][ 73]LogSavePackage: Save=15.610677ms
[2016.01.20-11.41.22:155][ 73]LogSavePackage: Moving 'E:/Unreal Work Space/ExampleCollection10/Saved/Droplets_P_Auto352DA844E424995EFB51FC4BB2FE6E7DB.tmp' to 'E:/Unreal Work Space/ExampleCollection10/Saved/Autosaves/Game/My/ExampleCollection/MatCollection/Environment/Droplets/Droplets_P_Auto3.uasset'
[2016.01.20-11.41.22:156][ 73]LogSavePackage: Total save time: 31.313729ms
[2016.01.20-11.41.22:156][ 73]LogSavePackage:Display: Finished SavePackage E:/Unreal Work Space/ExampleCollection10/Saved/Autosaves/Game/My/ExampleCollection/MatCollection/Environment/Droplets/Droplets_P_Auto3.uasset
[2016.01.20-11.41.22:156][ 73]LogFileHelpers: Auto-saving content packages took 0.041
[2016.01.20-11.50.39:110][796]LogSavePackage: Save=15.621902ms
[2016.01.20-11.50.39:110][796]LogSavePackage: Moving 'E:/Unreal Work Space/ExampleCollection10/Saved/Droplets_P03D3F70C4C94C83B5A5ECF80C7FABFD3.tmp' to 'E:/Unreal Work Space/ExampleCollection10/Content/My/ExampleCollection/MatCollection/Environment/Droplets/Droplets_P.uasset'
[2016.01.20-11.50.39:112][796]LogSavePackage: Total save time: 34.132700ms
[2016.01.20-11.50.39:112][796]LogSavePackage:Display: Finished SavePackage E:/Unreal Work Space/ExampleCollection10/Content/My/ExampleCollection/MatCollection/Environment/Droplets/Droplets_P.uasset
[2016.01.20-11.59.05:835][721]LogFileHelpers: Editor autosave (incl. sublevels) for '/Game/My/TestMap/MatTestMap' took 0.010
[2016.01.20-11.59.05:838][721]OBJ SavePackage: Generating thumbnails for [1] asset(s) in package [/Game/My/ExampleCollection/MatCollection/Environment/Droplets/Droplets_P] ([1] browsable assets)...
[2016.01.20-11.59.05:844][721]OBJ SavePackage:     Rendered thumbnail for [ParticleSystem /Game/My/ExampleCollection/MatCollection/Environment/Droplets/Droplets_P.Droplets_P]
[2016.01.20-11.59.05:844][721]OBJ SavePackage: Finished generating thumbnails for package [/Game/My/ExampleCollection/MatCollection/Environment/Droplets/Droplets_P]
[2016.01.20-11.59.05:879][721]LogSavePackage: Save=16.119047ms
[2016.01.20-11.59.05:879][721]LogSavePackage: Moving 'E:/Unreal Work Space/ExampleCollection10/Saved/Droplets_P_Auto44AF57916475924DEB557EEB0DCD0B3EC.tmp' to 'E:/Unreal Work Space/ExampleCollection10/Saved/Autosaves/Game/My/ExampleCollection/MatCollection/Environment/Droplets/Droplets_P_Auto4.uasset'
[2016.01.20-11.59.05:880][721]LogSavePackage: Total save time: 33.462677ms
[2016.01.20-11.59.05:880][721]LogSavePackage:Display: Finished SavePackage E:/Unreal Work Space/ExampleCollection10/Saved/Autosaves/Game/My/ExampleCollection/MatCollection/Environment/Droplets/Droplets_P_Auto4.uasset
[2016.01.20-11.59.05:880][721]LogFileHelpers: Auto-saving content packages took 0.044
[2016.01.20-12.07.34:590][945]LogSavePackage: Save=33.456261ms
[2016.01.20-12.07.34:590][945]LogSavePackage: Moving 'E:/Unreal Work Space/ExampleCollection10/Saved/Droplets_PFA6E1D02407514841E686BA76F76FC3D.tmp' to 'E:/Unreal Work Space/ExampleCollection10/Content/My/ExampleCollection/MatCollection/Environment/Droplets/Droplets_P.uasset'
[2016.01.20-12.07.34:592][945]LogSavePackage: Total save time: 52.769229ms
[2016.01.20-12.07.34:592][945]LogSavePackage:Display: Finished SavePackage E:/Unreal Work Space/ExampleCollection10/Content/My/ExampleCollection/MatCollection/Environment/Droplets/Droplets_P.uasset
[2016.01.20-12.07.39:343][348]LogEditorViewport: Clicking on Actor (LMB): Emitter (Droplets_P)
[2016.01.20-12.07.55:991][122]LogEditorViewport: Clicking on Actor (LMB): BP_Sky_Sphere_C (Sky Sphere)
[2016.01.20-12.08.26:447][903]LogEditorViewport: Clicking on Actor (LMB): StaticMeshActor (Floor)
[2016.01.20-12.08.58:879][353]LogEditorViewport: Clicking on Actor (LMB): StaticMeshActor (Floor)
[2016.01.20-12.09.06:000][116]LogEditorViewport: Clicking on Actor (LMB): Emitter (Droplets_P)
[2016.01.20-12.09.07:565][278]LogEditorViewport: Clicking on Actor (LMB): StaticMeshActor (Floor)
[2016.01.20-12.09.14:723][  3]LogEditorViewport: Clicking on Actor (LMB): StaticMeshActor (Floor)
[2016.01.20-12.10.02:656][ 42]LogEditorViewport: Clicking on Actor (LMB): StaticMeshActor (Floor)
[2016.01.20-12.10.24:766][325]Cmd: OBJ SAVEPACKAGE PACKAGE="/Game/My/TestMap/MatTestMap" FILE="E:/Unreal Work Space/ExampleCollection10/Content/My/TestMap/MatTestMap.umap" SILENT=true AUTOSAVING=false KEEPDIRTY=false
[2016.01.20-12.10.24:902][325]LogSavePackage: Save=79.225044ms
[2016.01.20-12.10.24:902][325]LogSavePackage: Moving 'E:/Unreal Work Space/ExampleCollection10/Saved/MatTestMap35A2971C46A9DDB4FBDFCBA0E68DB536.tmp' to 'E:/Unreal Work Space/ExampleCollection10/Content/My/TestMap/MatTestMap.umap'
[2016.01.20-12.10.24:904][325]LogSavePackage: Total save time: 118.635822ms
[2016.01.20-12.10.24:904][325]LogSavePackage:Display: Finished SavePackage E:/Unreal Work Space/ExampleCollection10/Content/My/TestMap/MatTestMap.umap
[2016.01.20-12.10.24:926][325]LogFileHelpers: Saving map 'MatTestMap' took 0.274
[2016.01.20-12.10.24:960][325]LogSavePackage: Save=16.107822ms
[2016.01.20-12.10.24:960][325]LogSavePackage: Moving 'E:/Unreal Work Space/ExampleCollection10/Saved/Droplets_P118A77CD4B1485B7D041EEB643AED8A1.tmp' to 'E:/Unreal Work Space/ExampleCollection10/Content/My/ExampleCollection/MatCollection/Environment/Droplets/Droplets_P.uasset'
[2016.01.20-12.10.24:961][325]LogSavePackage: Total save time: 24.269983ms
[2016.01.20-12.10.24:961][325]LogSavePackage:Display: Finished SavePackage E:/Unreal Work Space/ExampleCollection10/Content/My/ExampleCollection/MatCollection/Environment/Droplets/Droplets_P.uasset
[2016.01.20-12.11.30:713][803]LogSavePackage: Save=16.081202ms
[2016.01.20-12.11.30:713][803]LogSavePackage: Moving 'E:/Unreal Work Space/ExampleCollection10/Saved/Droplets_PBDAA752B40E3D583BCF0E6A1E330AF95.tmp' to 'E:/Unreal Work Space/ExampleCollection10/Content/My/ExampleCollection/MatCollection/Environment/Droplets/Droplets_P.uasset'
[2016.01.20-12.11.30:715][803]LogSavePackage: Total save time: 32.003634ms
[2016.01.20-12.11.30:715][803]LogSavePackage:Display: Finished SavePackage E:/Unreal Work Space/ExampleCollection10/Content/My/ExampleCollection/MatCollection/Environment/Droplets/Droplets_P.uasset
[2016.01.20-12.11.32:460][878]LogEditorViewport: Clicking on Actor (LMB): Emitter (Droplets_P)
[2016.01.20-12.11.34:160][ 42]LogEditorViewport: Clicking on Actor (LMB): StaticMeshActor (Floor)
[2016.01.20-12.12.53:211][560]LogEditorViewport: Clicking on Actor (LMB): BP_Sky_Sphere_C (Sky Sphere)
[2016.01.20-12.14.17:419][793]LogEditorViewport: Clicking on Actor (LMB): StaticMeshActor (Floor)
[2016.01.20-12.14.23:005][350]LogSavePackage: Save=16.201157ms
[2016.01.20-12.14.23:005][350]LogSavePackage: Moving 'E:/Unreal Work Space/ExampleCollection10/Saved/Droplets_PC08419B449B0DC8C431876BBBC9CFC9F.tmp' to 'E:/Unreal Work Space/ExampleCollection10/Content/My/ExampleCollection/MatCollection/Environment/Droplets/Droplets_P.uasset'
[2016.01.20-12.14.23:007][350]LogSavePackage: Total save time: 35.156500ms
[2016.01.20-12.14.23:007][350]LogSavePackage:Display: Finished SavePackage E:/Unreal Work Space/ExampleCollection10/Content/My/ExampleCollection/MatCollection/Environment/Droplets/Droplets_P.uasset
[2016.01.20-12.14.24:993][539]LogEditorViewport: Clicking on Actor (LMB): StaticMeshActor (Floor)
[2016.01.20-12.14.25:713][612]LogPlayLevel: PlayLevel: No blueprints needed recompiling
[2016.01.20-12.14.25:776][612]PIE: New page: PIE session: MatTestMap (Jan 21, 2016, 4:14:25 AM)
[2016.01.20-12.14.25:793][612]LogPlayLevel: Creating play world package: /Game/My/TestMap/UEDPIE_0_MatTestMap
[2016.01.20-12.14.25:978][612]LogPlayLevel: PIE: StaticDuplicateObject took: (0.185473s)
[2016.01.20-12.14.25:980][612]LogAIModule: Creating AISystem for world MatTestMap
[2016.01.20-12.14.25:981][612]LogPlayLevel: PIE: World Init took: (0.002386s)
[2016.01.20-12.14.25:991][612]LogPlayLevel: PIE: Created PIE world by copying editor world from /Game/My/TestMap/MatTestMap.MatTestMap to /Game/My/TestMap/UEDPIE_0_MatTestMap.MatTestMap (0.215051s)
[2016.01.20-12.14.26:082][612]LogInit: XAudio2 using '扬声器 (Realtek High Definition Audio)' : 2 channels at 48 kHz using 32 bits per sample (channel mask 0x3)
[2016.01.20-12.14.26:125][612]LogInit: FAudioDevice initialized.
[2016.01.20-12.14.28:601][612]LogWorld: Game class is 'ThirdPersonGameMode_C'
[2016.01.20-12.14.28:617][612]LogWorld: Bringing World /Game/My/TestMap/UEDPIE_0_MatTestMap.MatTestMap up for play (max tick rate 0) at 2016.01.20-20.14.28
[2016.01.20-12.14.28:617][612]LogActor:Warning: GameSession /Game/My/TestMap/UEDPIE_0_MatTestMap.MatTestMap:PersistentLevel.GameSession_0 has natively added scene component(s), but none of them were set as the actor's RootComponent - picking one arbitrarily
[2016.01.20-12.14.28:622][612]LogActor:Warning: GameNetworkManager /Game/My/TestMap/UEDPIE_0_MatTestMap.MatTestMap:PersistentLevel.GameNetworkManager_0 has natively added scene component(s), but none of them were set as the actor's RootComponent - picking one arbitrarily
[2016.01.20-12.14.28:672][612]LogWorld: Bringing up level for play took: 0.061124
[2016.01.20-12.14.29:387][612]PIE: Info Play in editor start time for /Game/My/TestMap/UEDPIE_0_MatTestMap 4.421
[2016.01.20-12.15.32:081][964]LogParticles: Destroying 0 GPU particle simulations for FXSystem 0x000000003419A5C0
[2016.01.20-12.15.50:347][642]LogCascade: Quitting Cascade. FXSystem=0x000000003B424540
[2016.01.20-12.15.51:074][643]Cmd: QUIT_EDITOR
[2016.01.20-12.15.52:273][643]LogExit: Preparing to exit.
[2016.01.20-12.15.53:627][643]LogExit: Editor shut down
[2016.01.20-12.15.53:627][643]LogExit: Transaction tracking system shut down
[2016.01.20-12.15.53:976][643]LogParticles: Destroying 0 GPU particle simulations for FXSystem 0x0000000011B73880
[2016.01.20-12.15.53:977][643]LogParticles: Destroying 0 GPU particle simulations for FXSystem 0x00000000329677E0
[2016.01.20-12.15.53:977][643]LogParticles: Destroying 0 GPU particle simulations for FXSystem 0x00000000335A2AC0
[2016.01.20-12.15.53:978][643]LogParticles: Destroying 0 GPU particle simulations for FXSystem 0x000000003B424C20
[2016.01.20-12.15.53:978][643]LogParticles: Destroying 0 GPU particle simulations for FXSystem 0x000000003B424540
[2016.01.20-12.15.57:233][643]LogExit: Object subsystem successfully closed.
[2016.01.20-12.15.57:820][643]LogD3D11RHI: Shutdown
[2016.01.20-12.15.57:820][643]LogD3D11RHI: CleanupD3DDevice
[2016.01.20-12.15.58:046][643]LogD3D11RHI: ~FD3D11DynamicRHI
[2016.01.20-12.16.00:131][643]LogModuleManager: Shutting down and abandoning module StaticMeshEditor (203)
[2016.01.20-12.16.00:131][643]LogModuleManager: Shutting down and abandoning module CookingStats (202)
[2016.01.20-12.16.00:131][643]LogModuleManager: Shutting down and abandoning module MaterialEditor (201)
[2016.01.20-12.16.00:159][643]LogModuleManager: Shutting down and abandoning module DistCurveEditor (200)
[2016.01.20-12.16.00:159][643]LogModuleManager: Shutting down and abandoning module Cascade (199)
[2016.01.20-12.16.00:159][643]LogModuleManager: Shutting down and abandoning module CrashTracker (198)
[2016.01.20-12.16.00:159][643]LogModuleManager: Shutting down and abandoning module SceneOutliner (197)
[2016.01.20-12.16.00:159][643]LogModuleManager: Shutting down and abandoning module SuperSearch (196)
[2016.01.20-12.16.00:159][643]LogModuleManager: Shutting down and abandoning module WidgetCarousel (195)
[2016.01.20-12.16.00:187][643]LogModuleManager: Shutting down and abandoning module AddContentDialog (194)
[2016.01.20-12.16.00:238][643]LogModuleManager: Shutting down and abandoning module EditorWidgets (193)
[2016.01.20-12.16.00:238][643]LogModuleManager: Shutting down and abandoning module CollectionManager (192)
[2016.01.20-12.16.00:319][643]LogModuleManager: Shutting down and abandoning module StatsViewer (191)
[2016.01.20-12.16.00:375][643]LogModuleManager: Shutting down and abandoning module FoliageEdit (190)
[2016.01.20-12.16.00:396][643]LogModuleManager: Shutting down and abandoning module LandscapeEditor (189)
[2016.01.20-12.16.00:494][643]LogModuleManager: Shutting down and abandoning module ActorPickerMode (188)
[2016.01.20-12.16.00:494][643]LogModuleManager: Shutting down and abandoning module GeometryMode (187)
[2016.01.20-12.16.00:494][643]LogModuleManager: Shutting down and abandoning module TextureAlignMode (186)
[2016.01.20-12.16.00:494][643]LogModuleManager: Shutting down and abandoning module BspMode (185)
[2016.01.20-12.16.00:494][643]LogModuleManager: Shutting down and abandoning module PlacementMode (184)
[2016.01.20-12.16.00:494][643]LogModuleManager: Shutting down and abandoning module AutomationWorker (183)
[2016.01.20-12.16.00:494][643]LogModuleManager: Shutting down and abandoning module CharacterAI (182)
[2016.01.20-12.16.00:494][643]LogModuleManager: Shutting down and abandoning module SmartSnapping (181)
[2016.01.20-12.16.00:494][643]LogModuleManager: Shutting down and abandoning module ViewportSnapping (180)
[2016.01.20-12.16.00:494][643]LogModuleManager: Shutting down and abandoning module LogVisualizer (179)
[2016.01.20-12.16.00:588][643]LogModuleManager: Shutting down and abandoning module GameProjectGeneration (178)
[2016.01.20-12.16.00:663][643]LogModuleManager: Shutting down and abandoning module IntroTutorials (177)
[2016.01.20-12.16.00:713][643]LogModuleManager: Shutting down and abandoning module EditorLiveStreaming (176)
[2016.01.20-12.16.00:713][643]LogModuleManager: Shutting down and abandoning module IOSPlatformEditor (175)
[2016.01.20-12.16.00:734][643]LogModuleManager: Shutting down and abandoning module HTML5PlatformEditor (174)
[2016.01.20-12.16.00:734][643]LogModuleManager: Shutting down and abandoning module AndroidDeviceDetection (173)
[2016.01.20-12.16.01:614][643]LogModuleManager: Shutting down and abandoning module AndroidPlatformEditor (172)
[2016.01.20-12.16.01:614][643]LogModuleManager: Shutting down and abandoning module IOSRuntimeSettings (171)
[2016.01.20-12.16.01:614][643]LogModuleManager: Shutting down and abandoning module AndroidRuntimeSettings (170)
[2016.01.20-12.16.01:615][643]LogModuleManager: Shutting down and abandoning module MergeActors (169)
[2016.01.20-12.16.01:630][643]LogModuleManager: Shutting down and abandoning module SizeMap (168)
[2016.01.20-12.16.01:630][643]LogModuleManager: Shutting down and abandoning module TreeMap (167)
[2016.01.20-12.16.01:634][643]LogModuleManager: Shutting down and abandoning module ReferenceViewer (166)
[2016.01.20-12.16.01:643][643]LogModuleManager: Shutting down and abandoning module LocalizationService (165)
[2016.01.20-12.16.01:656][643]LogModuleManager: Shutting down and abandoning module LocalizationDashboard (164)
[2016.01.20-12.16.01:697][643]LogModuleManager: Shutting down and abandoning module HardwareTargeting (163)
[2016.01.20-12.16.01:707][643]LogModuleManager: Shutting down and abandoning module DeviceProfileEditor (162)
[2016.01.20-12.16.01:722][643]LogModuleManager: Shutting down and abandoning module UndoHistory (161)
[2016.01.20-12.16.01:739][643]LogModuleManager: Shutting down and abandoning module GameplayTagsEditor (160)
[2016.01.20-12.16.01:749][643]LogModuleManager: Shutting down and abandoning module UserFeedback (159)
[2016.01.20-12.16.01:749][643]LogModuleManager: Shutting down and abandoning module XmlParser (158)
[2016.01.20-12.16.01:758][643]LogModuleManager: Shutting down and abandoning module Blutility (157)
[2016.01.20-12.16.01:758][643]LogModuleManager: Shutting down and abandoning module ProjectTargetPlatformEditor (156)
[2016.01.20-12.16.01:771][643]LogModuleManager: Shutting down and abandoning module ProjectSettingsViewer (155)
[2016.01.20-12.16.01:771][643]LogModuleManager: Shutting down and abandoning module InputBindingEditor (154)
[2016.01.20-12.16.01:834][643]LogModuleManager: Shutting down and abandoning module EditorSettingsViewer (153)
[2016.01.20-12.16.01:834][643]LogModuleManager: Shutting down and abandoning module SettingsEditor (152)
[2016.01.20-12.16.01:842][643]LogModuleManager: Shutting down and abandoning module ProjectLauncher (151)
[2016.01.20-12.16.01:858][643]LogModuleManager: Shutting down and abandoning module SessionFrontend (150)
[2016.01.20-12.16.01:871][643]LogModuleManager: Shutting down and abandoning module ProfilerClient (149)
[2016.01.20-12.16.01:887][643]LogModuleManager: Shutting down and abandoning module TargetDeviceServices (148)
[2016.01.20-12.16.01:887][643]LogModuleManager: Shutting down and abandoning module DeviceManager (147)
[2016.01.20-12.16.01:904][643]LogModuleManager: Shutting down and abandoning module AutomationController (146)
[2016.01.20-12.16.01:917][643]LogModuleManager: Shutting down and abandoning module AutomationWindow (145)
[2016.01.20-12.16.01:926][643]LogModuleManager: Shutting down and abandoning module Layers (144)
[2016.01.20-12.16.01:959][643]LogModuleManager: Shutting down and abandoning module ComponentVisualizers (143)
[2016.01.20-12.16.01:959][643]LogModuleManager: Shutting down and abandoning module DetailCustomizations (142)
[2016.01.20-12.16.01:959][643]LogModuleManager: Shutting down and abandoning module PackagesDialog (141)
[2016.01.20-12.16.01:960][643]LogModuleManager: Shutting down and abandoning module Persona (140)
[2016.01.20-12.16.02:021][643]LogModuleManager: Shutting down and abandoning module Kismet (139)
[2016.01.20-12.16.02:040][643]LogModuleManager: Shutting down and abandoning module GraphEditor (138)
[2016.01.20-12.16.02:086][643]LogModuleManager: Shutting down and abandoning module ClassViewer (137)
[2016.01.20-12.16.02:089][643]LogModuleManager: Shutting down and abandoning module Toolbox (136)
[2016.01.20-12.16.02:089][643]LogModuleManager: Shutting down and abandoning module ModuleUI (135)
[2016.01.20-12.16.02:104][643]LogModuleManager: Shutting down and abandoning module MovieSceneTools (134)
[2016.01.20-12.16.02:120][643]LogModuleManager: Shutting down and abandoning module OutputLog (133)
[2016.01.20-12.16.02:120][643]LogModuleManager: Shutting down and abandoning module GammaUI (132)
[2016.01.20-12.16.02:133][643]LogModuleManager: Shutting down and abandoning module Documentation (131)
[2016.01.20-12.16.02:133][643]LogModuleManager: Shutting down and abandoning module GameLiveStreaming (130)
[2016.01.20-12.16.02:133][643]LogModuleManager: Shutting down and abandoning module StreamingPauseRendering (129)
[2016.01.20-12.16.02:133][643]LogModuleManager: Shutting down and abandoning module AnalyticsET (128)
[2016.01.20-12.16.02:133][643]LogModuleManager: Shutting down and abandoning module Analytics (127)
[2016.01.20-12.16.02:133][643]LogModuleManager: Shutting down and abandoning module AITestSuite (126)
[2016.01.20-12.16.02:151][643]LogModuleManager: Shutting down and abandoning module GameplayDebugger (125)
[2016.01.20-12.16.02:165][643]LogModuleManager: Shutting down and abandoning module AIModule (124)
[2016.01.20-12.16.02:165][643]LogModuleManager: Shutting down and abandoning module ProfilerService (123)
[2016.01.20-12.16.02:309][643]LogModuleManager: Shutting down and abandoning module TaskGraph (122)
[2016.01.20-12.16.02:334][643]LogModuleManager: Shutting down and abandoning module SlateRemote (121)
[2016.01.20-12.16.02:334][643]LogModuleManager: Shutting down and abandoning module SteamVRController (120)
[2016.01.20-12.16.02:334][643]LogModuleManager: Shutting down and abandoning module SteamVR (119)
[2016.01.20-12.16.02:334][643]LogModuleManager: Shutting down and abandoning module ProceduralMeshComponent (118)
[2016.01.20-12.16.02:334][643]LogModuleManager: Shutting down and abandoning module OculusLibrary (117)
[2016.01.20-12.16.02:334][643]LogModuleManager: Shutting down and abandoning module OculusInput (116)
[2016.01.20-12.16.02:334][643]LogModuleManager: Shutting down and abandoning module LeapMotionController (115)
[2016.01.20-12.16.02:365][643]LogModuleManager: Shutting down and abandoning module CustomMeshComponent (114)
[2016.01.20-12.16.02:365][643]LogModuleManager: Shutting down and abandoning module CableComponent (113)
[2016.01.20-12.16.02:385][643]LogModuleManager: Shutting down and abandoning module ArchVisCharacter (112)
[2016.01.20-12.16.02:385][643]LogModuleManager: Shutting down and abandoning module MessagingDebugger (111)
[2016.01.20-12.16.02:422][643]LogModuleManager: Shutting down and abandoning module MediaPlayerEditor (110)
[2016.01.20-12.16.02:437][643]LogModuleManager: Shutting down and abandoning module HTML5Networking (109)
[2016.01.20-12.16.02:437][643]LogModuleManager: Shutting down and abandoning module SpeedTreeImporter (108)
[2016.01.20-12.16.02:437][643]LogModuleManager: Shutting down and abandoning module PluginBrowser (107)
[2016.01.20-12.16.02:457][643]LogModuleManager: Shutting down and abandoning module EpicSurvey (106)
[2016.01.20-12.16.02:466][643]LogModuleManager: Shutting down and abandoning module DesktopPlatform (105)
[2016.01.20-12.16.02:488][643]LogModuleManager: Shutting down and abandoning module VisualStudioSourceCodeAccess (104)
[2016.01.20-12.16.02:488][643]LogModuleManager: Shutting down and abandoning module UObjectPlugin (103)
[2016.01.20-12.16.02:488][643]LogModuleManager: Shutting down and abandoning module SubversionSourceControl (102)
[2016.01.20-12.16.02:509][643]LogModuleManager: Shutting down and abandoning module PerforceSourceControl (101)
[2016.01.20-12.16.02:522][643]LogModuleManager: Shutting down and abandoning module SourceControl (100)
[2016.01.20-12.16.02:541][643]LogModuleManager: Shutting down and abandoning module GitSourceControl (99)
[2016.01.20-12.16.02:573][643]LogModuleManager: Shutting down and abandoning module LightPropagationVolumeEditor (98)
[2016.01.20-12.16.02:573][643]LogModuleManager: Shutting down and abandoning module PaperTiledImporter (97)
[2016.01.20-12.16.02:581][643]LogModuleManager: Shutting down and abandoning module PaperSpriteSheetImporter (96)
[2016.01.20-12.16.02:581][643]LogModuleManager: Shutting down and abandoning module MeshPaint (95)
[2016.01.20-12.16.02:581][643]LogModuleManager: Shutting down and abandoning module SlateReflector (94)
[2016.01.20-12.16.02:595][643]LogModuleManager: Shutting down and abandoning module HotReload (93)
[2016.01.20-12.16.02:609][643]LogModuleManager: Shutting down and abandoning module MainFrame (92)
[2016.01.20-12.16.02:610][643]LogModuleManager: Shutting down and abandoning module LevelEditor (91)
[2016.01.20-12.16.02:620][643]LogModuleManager: Shutting down and abandoning module DirectoryWatcher (90)
[2016.01.20-12.16.02:622][643]LogModuleManager: Shutting down and abandoning module AssetRegistry (89)
[2016.01.20-12.16.02:747][643]LogModuleManager: Shutting down and abandoning module ContentBrowser (88)
[2016.01.20-12.16.02:748][643]LogModuleManager: Shutting down and abandoning module Paper2DEditor (87)
[2016.01.20-12.16.02:798][643]LogModuleManager: Shutting down and abandoning module UdpMessaging (86)
[2016.01.20-12.16.02:898][643]LogModuleManager: Shutting down and abandoning module LightPropagationVolumeRuntime (85)
[2016.01.20-12.16.02:898][643]LogModuleManager: Shutting down and abandoning module Paper2D (84)
[2016.01.20-12.16.02:925][643]LogModuleManager: Shutting down and abandoning module WindowsMoviePlayer (83)
[2016.01.20-12.16.02:946][643]LogModuleManager: Shutting down and abandoning module Media (82)
[2016.01.20-12.16.02:946][643]LogModuleManager: Shutting down and abandoning module WmfMedia (81)
[2016.01.20-12.16.02:956][643]LogModuleManager: Shutting down and abandoning module OnlineBlueprintSupport (80)
[2016.01.20-12.16.02:956][643]LogModuleManager: Shutting down and abandoning module GameplayTasksEditor (79)
[2016.01.20-12.16.02:956][643]LogModuleManager: Shutting down and abandoning module PropertyEditor (78)
[2016.01.20-12.16.02:956][643]LogModuleManager: Shutting down and abandoning module BehaviorTreeEditor (77)
[2016.01.20-12.16.02:991][643]LogModuleManager: Shutting down and abandoning module FunctionalTesting (76)
[2016.01.20-12.16.02:991][643]LogModuleManager: Shutting down and abandoning module CollisionAnalyzer (75)
[2016.01.20-12.16.03:000][643]LogModuleManager: Shutting down and abandoning module WorkspaceMenuStructure (74)
[2016.01.20-12.16.03:000][643]LogModuleManager: Shutting down and abandoning module MessageLog (73)
[2016.01.20-12.16.03:000][643]LogModuleManager: Shutting down and abandoning module Sequencer (72)
[2016.01.20-12.16.03:037][643]LogModuleManager: Shutting down and abandoning module AssetTools (71)
[2016.01.20-12.16.03:078][643]LogModuleManager: Shutting down and abandoning module UMGEditor (70)
[2016.01.20-12.16.03:176][643]LogModuleManager: Shutting down and abandoning module UMG (69)
[2016.01.20-12.16.03:334][643]LogModuleManager: Shutting down and abandoning module Slate (68)
[2016.01.20-12.16.03:334][643]LogModuleManager: Shutting down and abandoning module EditorStyle (67)
[2016.01.20-12.16.03:339][643]LogModuleManager: Shutting down and abandoning module SessionServices (66)
[2016.01.20-12.16.03:339][643]LogModuleManager: Shutting down and abandoning module SourceCodeAccess (65)
[2016.01.20-12.16.03:339][643]LogModuleManager: Shutting down and abandoning module HeadMountedDisplay (64)
[2016.01.20-12.16.03:339][643]LogModuleManager: Shutting down and abandoning module XAudio2 (63)
[2016.01.20-12.16.03:339][643]LogModuleManager: Shutting down and abandoning module Networking (61)
[2016.01.20-12.16.03:339][643]LogModuleManager: Shutting down and abandoning module Core (60)
[2016.01.20-12.16.03:339][643]LogModuleManager: Shutting down and abandoning module KismetCompiler (59)
[2016.01.20-12.16.03:339][643]LogModuleManager: Shutting down and abandoning module PhysXFormats (58)
[2016.01.20-12.16.03:339][643]LogModuleManager: Shutting down and abandoning module MeshUtilities (57)
[2016.01.20-12.16.03:363][643]LogModuleManager: Shutting down and abandoning module DerivedDataCache (56)
[2016.01.20-12.16.03:445][643]LogDerivedDataCache: Shutdown
[2016.01.20-12.16.03:445][643]LogModuleManager: Shutting down and abandoning module ShaderFormatOpenGL (55)
[2016.01.20-12.16.03:490][643]LogModuleManager: Shutting down and abandoning module ShaderFormatD3D (54)
[2016.01.20-12.16.03:502][643]LogModuleManager: Shutting down and abandoning module MetalShaderFormat (53)
[2016.01.20-12.16.03:521][643]LogModuleManager: Shutting down and abandoning module TextureFormatUncompressed (52)
[2016.01.20-12.16.03:521][643]LogModuleManager: Shutting down and abandoning module TextureFormatPVR (51)
[2016.01.20-12.16.03:529][643]LogModuleManager: Shutting down and abandoning module TextureFormatIntelISPCTexComp (50)
[2016.01.20-12.16.03:540][643]LogModuleManager: Shutting down and abandoning module TextureFormatDXT (49)
[2016.01.20-12.16.03:547][643]LogModuleManager: Shutting down and abandoning module ImageWrapper (48)
[2016.01.20-12.16.03:547][643]LogModuleManager: Shutting down and abandoning module TextureFormatASTC (47)
[2016.01.20-12.16.03:547][643]LogModuleManager: Shutting down and abandoning module TextureFormatAndroid (46)
[2016.01.20-12.16.03:547][643]LogModuleManager: Shutting down and abandoning module AudioFormatOpus (45)
[2016.01.20-12.16.03:556][643]LogModuleManager: Shutting down and abandoning module AudioFormatOgg (44)
[2016.01.20-12.16.03:588][643]LogModuleManager: Shutting down and abandoning module AudioFormatADPCM (43)
[2016.01.20-12.16.03:632][643]LogModuleManager: Shutting down and abandoning module LinuxTargetPlatform (42)
[2016.01.20-12.16.03:632][643]LogModuleManager: Shutting down and abandoning module LinuxServerTargetPlatform (41)
[2016.01.20-12.16.03:655][643]LogModuleManager: Shutting down and abandoning module LinuxNoEditorTargetPlatform (40)
[2016.01.20-12.16.03:655][643]LogModuleManager: Shutting down and abandoning module Messaging (39)
[2016.01.20-12.16.03:655][643]LogModuleManager: Shutting down and abandoning module IOSTargetPlatform (38)
[2016.01.20-12.16.03:655][643]LogModuleManager: Shutting down and abandoning module HTML5TargetPlatform (37)
[2016.01.20-12.16.03:655][643]LogModuleManager: Shutting down and abandoning module Android_PVRTCTargetPlatform (36)
[2016.01.20-12.16.03:655][643]LogModuleManager: Shutting down and abandoning module Android_MultiTargetPlatform (35)
[2016.01.20-12.16.03:655][643]LogModuleManager: Shutting down and abandoning module Android_ETC2TargetPlatform (34)
[2016.01.20-12.16.03:655][643]LogModuleManager: Shutting down and abandoning module Android_ETC1TargetPlatform (33)
[2016.01.20-12.16.03:655][643]LogModuleManager: Shutting down and abandoning module Android_DXTTargetPlatform (32)
[2016.01.20-12.16.03:655][643]LogModuleManager: Shutting down and abandoning module Android_ATCTargetPlatform (31)
[2016.01.20-12.16.03:655][643]LogModuleManager: Shutting down and abandoning module Android_ASTCTargetPlatform (30)
[2016.01.20-12.16.03:655][643]LogModuleManager: Shutting down and abandoning module AndroidTargetPlatform (29)
[2016.01.20-12.16.03:655][643]LogModuleManager: Shutting down and abandoning module WindowsTargetPlatform (28)
[2016.01.20-12.16.03:655][643]LogModuleManager: Shutting down and abandoning module WindowsServerTargetPlatform (27)
[2016.01.20-12.16.03:681][643]LogModuleManager: Shutting down and abandoning module WindowsNoEditorTargetPlatform (26)
[2016.01.20-12.16.03:681][643]LogModuleManager: Shutting down and abandoning module WindowsClientTargetPlatform (25)
[2016.01.20-12.16.03:699][643]LogModuleManager: Shutting down and abandoning module AllDesktopTargetPlatform (24)
[2016.01.20-12.16.03:699][643]LogModuleManager: Shutting down and abandoning module TargetPlatform (23)
[2016.01.20-12.16.03:699][643]LogModuleManager: Shutting down and abandoning module InputCore (22)
[2016.01.20-12.16.03:699][643]LogModuleManager: Shutting down and abandoning module Settings (21)
[2016.01.20-12.16.03:699][643]LogModuleManager: Shutting down and abandoning module OnlineSubsystem (19)
[2016.01.20-12.16.03:699][643]LogModuleManager: Shutting down and abandoning module HTTP (18)
[2016.01.20-12.16.05:199][643]LogModuleManager: Shutting down and abandoning module XMPP (17)
[2016.01.20-12.16.05:309][643]LogModuleManager: Shutting down and abandoning module OculusRift (16)
[2016.01.20-12.16.05:387][643]LogModuleManager: Shutting down and abandoning module ExampleDeviceProfileSelector (15)
[2016.01.20-12.16.05:387][643]LogModuleManager: Shutting down and abandoning module TextureCompressor (14)
[2016.01.20-12.16.05:439][643]LogModuleManager: Shutting down and abandoning module ShaderCore (13)
[2016.01.20-12.16.05:439][643]LogModuleManager: Shutting down and abandoning module Landscape (12)
[2016.01.20-12.16.05:439][643]LogModuleManager: Shutting down and abandoning module SlateRHIRenderer (11)
[2016.01.20-12.16.05:486][643]LogModuleManager: Shutting down and abandoning module OpenGLDrv (10)
[2016.01.20-12.16.05:531][643]LogModuleManager: Shutting down and abandoning module D3D11RHI (9)
[2016.01.20-12.16.05:531][643]LogModuleManager: Shutting down and abandoning module AnimGraphRuntime (8)
[2016.01.20-12.16.05:561][643]LogModuleManager: Shutting down and abandoning module Renderer (7)
[2016.01.20-12.16.05:561][643]LogModuleManager: Shutting down and abandoning module Engine (6)
[2016.01.20-12.16.05:561][643]LogModuleManager: Shutting down and abandoning module CoreUObject (5)
[2016.01.20-12.16.05:561][643]LogModuleManager: Shutting down and abandoning module NetworkFile (4)
[2016.01.20-12.16.05:593][643]LogModuleManager: Shutting down and abandoning module StreamingFile (3)
[2016.01.20-12.16.05:640][643]LogModuleManager: Shutting down and abandoning module SandboxFile (2)
[2016.01.20-12.16.05:687][643]LogModuleManager: Shutting down and abandoning module PakFile (1)
[2016.01.20-12.16.05:780][643]LogExit: Exiting.
[2016.01.20-12.16.05:865][643]Log file closed, 01/20/16 20:16:05
