[2016.01.29-03.47.33:054][  0]Log file open, 01/29/16 11:47:33
[2016.01.29-03.47.33:054][  0]LogInit:Display: Running engine for game: ExampleCollection10
[2016.01.29-03.47.33:054][  0]LogPlatformFile: Not using cached read wrapper
[2016.01.29-03.47.33:054][  0]LogInit:Display: RandInit(1067108793) SRandInit(1067108794).
[2016.01.29-03.47.33:054][  0]LogTaskGraph: Started task graph with 4 named threads and 7 total threads.
[2016.01.29-03.47.33:054][  0]LogStats: Stats thread started at 0.085919
[2016.01.29-03.47.33:054][  0]LogInit: Version: 4.10.1-2791327+++depot+UE4-Releases+4.10
[2016.01.29-03.47.33:054][  0]LogInit: API Version: 2758231
[2016.01.29-03.47.33:054][  0]LogInit: Compiled (64-bit): Dec  4 2015 19:44:40
[2016.01.29-03.47.33:054][  0]LogInit: Compiled with Visual C++: 19.00.23026.00
[2016.01.29-03.47.33:054][  0]LogInit: Build Configuration: Development
[2016.01.29-03.47.33:054][  0]LogInit: Branch Name: ++depot+UE4-Releases+4.10
[2016.01.29-03.47.33:054][  0]LogInit: Command line:  
[2016.01.29-03.47.33:055][  0]LogInit: Base directory: D:/Program Files/Epic Games/4.10/Engine/Binaries/Win64/
[2016.01.29-03.47.33:055][  0]LogInit: Rocket: 1
[2016.01.29-03.47.33:062][  0]LogInit: Using libcurl 7.41.0
[2016.01.29-03.47.33:062][  0]LogInit:  - built for x86_64-pc-win32
[2016.01.29-03.47.33:062][  0]LogInit:  - supports SSL with WinSSL
[2016.01.29-03.47.33:062][  0]LogInit:  - other features:
[2016.01.29-03.47.33:062][  0]LogInit:      CURL_VERSION_SSL
[2016.01.29-03.47.33:062][  0]LogInit:      CURL_VERSION_IPV6
[2016.01.29-03.47.33:062][  0]LogInit:      CURL_VERSION_ASYNCHDNS
[2016.01.29-03.47.33:062][  0]LogInit:      CURL_VERSION_LARGEFILE
[2016.01.29-03.47.33:062][  0]LogInit:      CURL_VERSION_IDN
[2016.01.29-03.47.33:062][  0]LogInit:  CurlRequestOptions (configurable via config and command line):
[2016.01.29-03.47.33:062][  0]LogInit:  - bVerifyPeer = true  - Libcurl will verify peer certificate
[2016.01.29-03.47.33:062][  0]LogInit:  - bUseHttpProxy = false  - Libcurl will NOT use HTTP proxy
[2016.01.29-03.47.33:062][  0]LogInit:  - bDontReuseConnections = false  - Libcurl will reuse connections
[2016.01.29-03.47.33:062][  0]LogInit:  - CertBundlePath = nullptr  - Libcurl will use whatever was configured at build time.
[2016.01.29-03.47.33:068][  0]LogInit: Presizing for 0 objects not considered by GC, pre-allocating 0 bytes.
[2016.01.29-03.47.33:073][  0]LogInit: Object subsystem initialized
[2016.01.29-03.47.33:074][  0]LogInit: Selected Device Profile: [Windows]
[2016.01.29-03.47.33:074][  0]LogInit: Applying CVar settings loaded from the selected device profile: [Windows]
[2016.01.29-03.47.33:081][  0]LogInit: Computer: PLAN-CHENXINGHU
[2016.01.29-03.47.33:081][  0]LogInit: User: chenxinghui
[2016.01.29-03.47.33:081][  0]LogInit: CPU Page size=4096, Cores=4
[2016.01.29-03.47.33:081][  0]LogInit: High frequency timer resolution =3.117812 MHz
[2016.01.29-03.47.33:081][  0]LogMemory: Memory total: Physical=7.9GB (8GB approx)
[2016.01.29-03.47.33:081][  0]LogMemory: Platform Memory Stats for Windows
[2016.01.29-03.47.33:081][  0]LogMemory: Process Physical Memory: 56.34 MB used, 56.34 MB peak
[2016.01.29-03.47.33:081][  0]LogMemory: Process Virtual Memory: 57.68 MB used, 57.68 MB peak
[2016.01.29-03.47.33:081][  0]LogMemory: Physical Memory: 3153.22 MB used, 8130.04 MB total
[2016.01.29-03.47.33:082][  0]LogMemory: Virtual Memory: 350.46 MB used, 8388608.00 MB total
[2016.01.29-03.47.33:552][  0]LogD3D11RHI: Found D3D11 adapter 0: NVIDIA GeForce GTX 660   (Feature Level 11_0)
[2016.01.29-03.47.33:552][  0]LogD3D11RHI: Adapter has 1989MB of dedicated video memory, 0MB of dedicated system memory, and 2048MB of shared system memory, 2 output[s]
[2016.01.29-03.47.33:552][  0]LogD3D11RHI: Chosen D3D11 Adapter Id = 0
[2016.01.29-03.47.33:558][  0]LogD3D11RHI: !Direct3DDevice
[2016.01.29-03.47.33:558][  0]LogRHI: Texture pool is 1361 MB (70% of 1945 MB)
[2016.01.29-03.47.33:566][  0]LogD3D11RHI: Async texture creation enabled
[2016.01.29-03.47.33:580][  0]LogShaderCompilers: Guid format shader working directory is 9 characters bigger than the processId version (E:/Unreal Work Space/ExampleCollection10/Intermediate/Shaders/WorkingDirectory/4520/).
[2016.01.29-03.47.33:580][  0]LogShaderCompilers: Cleaned the shader compiler working directory 'C:/Users/CHENXI~1/AppData/Local/Temp/UnrealShaderWorkingDir/60DB1370420995B83E1274817E629DEE/'.
[2016.01.29-03.47.33:580][  0]LogShaderCompilers:Display: Using Local Shader Compiler.
[2016.01.29-03.47.34:575][  0]LogTemp:Display: Loaded TP AllDesktopTargetPlatform
[2016.01.29-03.47.34:578][  0]LogTemp:Display: Loaded TP WindowsClientTargetPlatform
[2016.01.29-03.47.34:582][  0]LogTemp:Display: Loaded TP WindowsNoEditorTargetPlatform
[2016.01.29-03.47.34:586][  0]LogTemp:Display: Loaded TP WindowsServerTargetPlatform
[2016.01.29-03.47.34:590][  0]LogTemp:Display: Loaded TP WindowsTargetPlatform
[2016.01.29-03.47.34:593][  0]LogTemp:Display: Loaded TP AndroidTargetPlatform
[2016.01.29-03.47.34:595][  0]LogTemp:Display: Loaded TP Android_ASTCTargetPlatform
[2016.01.29-03.47.34:597][  0]LogTemp:Display: Loaded TP Android_ATCTargetPlatform
[2016.01.29-03.47.34:600][  0]LogTemp:Display: Loaded TP Android_DXTTargetPlatform
[2016.01.29-03.47.34:603][  0]LogTemp:Display: Loaded TP Android_ETC1TargetPlatform
[2016.01.29-03.47.34:605][  0]LogTemp:Display: Loaded TP Android_ETC2TargetPlatform
[2016.01.29-03.47.34:611][  0]LogTemp:Display: Loaded TP Android_MultiTargetPlatform
[2016.01.29-03.47.34:611][  0]LogTemp:Display: Loaded TP Android_PVRTCTargetPlatform
[2016.01.29-03.47.34:611][  0]LogTemp:Display: Loaded TP HTML5TargetPlatform
[2016.01.29-03.47.34:626][  0]LogTemp:Display: Loaded TP IOSTargetPlatform
[2016.01.29-03.47.34:628][  0]LogTemp:Display: Loaded TP LinuxNoEditorTargetPlatform
[2016.01.29-03.47.34:630][  0]LogTemp:Display: Loaded TP LinuxServerTargetPlatform
[2016.01.29-03.47.34:633][  0]LogTemp:Display: Loaded TP LinuxTargetPlatform
[2016.01.29-03.47.34:633][  0]LogTargetPlatformManager:Display: Building Assets For Windows
[2016.01.29-03.47.34:695][  0]LogDerivedDataCache:Display: Max Cache Size: 512 MB
[2016.01.29-03.47.34:736][  0]LogDerivedDataCache: Loaded boot cache 0.04s 41MB C:/Users/chenxinghui/AppData/Local/UnrealEngine/4.10/DerivedDataCache/Boot.ddc.
[2016.01.29-03.47.34:737][  0]LogDerivedDataCache:Display: Loaded Boot cache: C:/Users/chenxinghui/AppData/Local/UnrealEngine/4.10/DerivedDataCache/Boot.ddc
[2016.01.29-03.47.34:737][  0]LogDerivedDataCache: FDerivedDataBackendGraph:  Pak pak cache file E:/Unreal Work Space/ExampleCollection10/DerivedDataCache/DDC.ddp not found, will not use a pak cache.
[2016.01.29-03.47.34:737][  0]LogDerivedDataCache: Unable to find inner node Pak for hierarchical cache Hierarchy.
[2016.01.29-03.47.34:737][  0]LogDerivedDataCache: FDerivedDataBackendGraph:  CompressedPak pak cache file E:/Unreal Work Space/ExampleCollection10/DerivedDataCache/Compressed.ddp not found, will not use a pak cache.
[2016.01.29-03.47.34:737][  0]LogDerivedDataCache: Unable to find inner node CompressedPak for hierarchical cache Hierarchy.
[2016.01.29-03.47.34:786][  0]LogDerivedDataCache:Display: Pak cache opened for reading ../../../Engine/DerivedDataCache/Compressed.ddp.
[2016.01.29-03.47.34:798][  0]LogDerivedDataCache: Using Local data cache path C:/Users/chenxinghui/AppData/Local/UnrealEngine/Common/DerivedDataCache: Writable
[2016.01.29-03.47.34:926][  0]LogInit: Selected Device Profile: [Windows]
[2016.01.29-03.47.34:926][  0]LogContentStreaming: Texture pool size is 0.000000MB
[2016.01.29-03.47.34:955][  0]LogMeshUtilities: No automatic mesh reduction module available
[2016.01.29-03.47.34:955][  0]LogMeshUtilities: No automatic mesh merging module available
[2016.01.29-03.47.35:235][  0]LogInit: WinSock: version 1.1 (2.2), MaxSocks=32767, MaxUdp=65467
[2016.01.29-03.47.35:850][  0]UdpMessaging: Initializing bridge on interface 0.0.0.0:0 to multicast group 230.0.0.1:6666.
[2016.01.29-03.47.35:976][  0]LogAssetRegistry: FAssetRegistry took 0.0101 seconds to start up
[2016.01.29-03.47.36:127][  0]SourceControl: Info Source control is disabled
[2016.01.29-03.47.36:128][  0]SourceControl: Info Source control is disabled
[2016.01.29-03.47.36:137][  0]SourceControl: Info Source control is disabled
[2016.01.29-03.47.36:145][  0]SourceControl: Info Source control is disabled
[2016.01.29-03.47.36:322][  0]LogObj: 28633 objects as part of root set at end of initial load.
[2016.01.29-03.47.36:322][  0]LogUObjectAllocator: 6099752 out of 0 bytes used by permanent object pool.
[2016.01.29-03.47.36:371][  0]LogEngine: Initializing Engine...
[2016.01.29-03.47.36:373][  0]LogHMD: Can't find Oculus library dev build: is proper Runtime installed? Version: 0.8.0.0
[2016.01.29-03.47.36:373][  0]LogHMD: SteamVR failed to initialize.  Err: 110
[2016.01.29-03.47.36:487][  0]LogAIModule: Creating AISystem for world NewWorld
[2016.01.29-03.47.36:502][  0]LogInit: XAudio2 using '扬声器 (Realtek High Definition Audio)' : 2 channels at 48 kHz using 32 bits per sample (channel mask 0x3)
[2016.01.29-03.47.36:623][  0]LogInit: FAudioDevice initialized.
[2016.01.29-03.47.36:649][  0]LogDerivedDataCache: Saved boot cache 0.03s 41MB C:/Users/chenxinghui/AppData/Local/UnrealEngine/4.10/DerivedDataCache/Boot.ddc.
[2016.01.29-03.47.36:654][  0]LogInit: Texture streaming: Enabled
[2016.01.29-03.47.36:658][  0]LogAnalytics: Creating configured Analytics provider AnalyticsET
[2016.01.29-03.47.36:659][  0]LogAnalytics: [UEEditor.Rocket.Release] APIServer = http://et2.epicgames.com/ET2/. AppVersion = 4.10.1-2791327+++depot+UE4-Releases+4.10
[2016.01.29-03.47.36:659][  0]LogAnalytics: [UEEditor.Rocket.Release] SetUserId fcc8beb743eb3f315b3205bc8f91fbb8|ecc15fb7c1f4439e807eef072eca5f98|c014cd18-b694-4710-a8b7-958888126c98
[2016.01.29-03.47.36:659][  0]LogAnalytics: [UEEditor.Rocket.Release] AnalyticsET::StartSession
[2016.01.29-03.47.36:685][  0]LogInit: Transaction tracking system initialized
[2016.01.29-03.47.36:708][  0]BlueprintLog: New page: Editor Load
[2016.01.29-03.47.36:770][  0]LocalizationService: Info Localization service is disabled
[2016.01.29-03.47.36:826][  0]LogConsoleResponse:Display: 
[2016.01.29-03.47.36:927][  0]LogCook:Display: Done creating registry. It took  0.00s.
[2016.01.29-03.47.36:970][  0]LogFileCache: Scanning file cache for directory 'E:/Unreal Work Space/ExampleCollection10/Content/' took 0.01s
[2016.01.29-03.47.36:970][  0]SourceControl: Info Source control is disabled
[2016.01.29-03.47.36:970][  0]Cmd: MAP LOAD FILE="E:/Unreal Work Space/ExampleCollection10/Content/My/TestMap/MatTestMap.umap" TEMPLATE=0 SHOWPROGRESS=1 FEATURELEVEL=3
[2016.01.29-03.47.36:971][  0]LightingResults: New page: Lighting Build
[2016.01.29-03.47.36:973][  0]MapCheck: New page: Map Check
[2016.01.29-03.47.36:973][  0]LightingResults: New page: Lighting Build
[2016.01.29-03.47.36:982][  0]LogParticles: Destroying 0 GPU particle simulations for FXSystem 0x00000000239B2AC0
[2016.01.29-03.47.37:455][  0]LogAIModule: Creating AISystem for world MatTestMap
[2016.01.29-03.47.37:463][  0]LogEditorServer: Finished looking for orphan Actors (0.000 secs)
[2016.01.29-03.47.37:464][  0]Cmd: MAP CHECKDEP NOCLEARLOG
[2016.01.29-03.47.37:516][  0]MapCheck: Info Map check complete: 0 Error(s), 0 Warning(s), took 52.089ms to complete.
[2016.01.29-03.47.37:516][  0]LogFileHelpers: Loading map 'MatTestMap' took 0.546
[2016.01.29-03.47.37:619][  0]LogCollectionManager: Loaded 0 collections in 0.001768 seconds
[2016.01.29-03.47.37:660][  0]LogFileCache: Scanning file cache for directory 'E:/Unreal Work Space/ExampleCollection10/Saved/Collections/' took 0.01s
[2016.01.29-03.47.37:660][  0]LogFileCache: Scanning file cache for directory 'E:/Unreal Work Space/ExampleCollection10/Content/Developers/chenxinghui/Collections/' took 0.01s
[2016.01.29-03.47.37:660][  0]LogFileCache: Scanning file cache for directory 'E:/Unreal Work Space/ExampleCollection10/Content/Collections/' took 0.01s
[2016.01.29-03.47.37:660][  0]LogCollectionManager: Rebuilt the GUID cache for 0 collections in 0.000002 seconds
[2016.01.29-03.47.37:668][  0]LogContentBrowser: Native class hierarchy populated in 0.0074 seconds. Added 1893 classes and 338 folders.
[2016.01.29-03.47.37:676][  0]LogContentBrowser: Native class hierarchy updated for 'WidgetCarousel' in 0.0003 seconds. Added 0 classes and 0 folders.
[2016.01.29-03.47.37:711][  0]LogContentBrowser: Native class hierarchy updated for 'AddContentDialog' in 0.0003 seconds. Added 0 classes and 0 folders.
[2016.01.29-03.47.37:714][  0]LogContentBrowser: Native class hierarchy updated for 'SceneOutliner' in 0.0003 seconds. Added 1 classes and 2 folders.
[2016.01.29-03.47.37:737][  0]LogCrashTracker: Crashtracker disabled due to settings.
[2016.01.29-03.47.37:740][  0]LogUObjectGlobals:Warning: Failed to find object 'Class None.'
[2016.01.29-03.47.37:761][  0]LogLoad: Full Startup: 5.08 seconds (BP compile: 0.03 seconds)
[2016.01.29-03.47.38:100][  0]LogOcInput: Can't find Oculus library dev build: is proper Runtime installed? Version: 0.8.0.0
[2016.01.29-03.47.38:146][  0]LogContentStreaming: Texture pool size now 1000 MB
[2016.01.29-03.47.38:280][  0]LogRenderer: Reallocating scene render targets to support 824x552 (Frame:2).
[2016.01.29-03.47.39:106][  3]LogAssetRegistry: Asset discovery search completed in 3.1400 seconds
[2016.01.29-03.47.39:106][  3]LogCollectionManager: Rebuilt the object cache for 0 collections in 0.000000 seconds (found 0 objects)
[2016.01.29-03.47.39:106][  3]LogCollectionManager: Fixed up redirectors for 0 collections in 0.000015 seconds (updated 0 objects)
[2016.01.29-03.47.40:934][121]LogEditorViewport: Clicking on Actor (LMB): Emitter (P_Fire)
[2016.01.29-03.47.42:072][229]LogContentBrowser: Native class hierarchy updated for 'Cascade' in 0.0003 seconds. Added 2 classes and 2 folders.
[2016.01.29-03.47.44:110][379]LogMaterial: Missing cached shader map for material Mat_Fire, compiling. 
[2016.01.29-03.47.44:176][379]LogMaterial: Missing cached shader map for material Mat_Fire, compiling. 
[2016.01.29-03.47.44:179][379]LogMaterial: 0.000037 seconds spent updating 1 materials, 1 interfaces, 0 instances, 0 with static permutations.
[2016.01.29-03.47.44:202][379]LogMaterial: Missing cached shader map for material FMatExpressionPreview MaterialExpressionTextureSample_0, compiling. 
[2016.01.29-03.47.44:205][379]LogMaterial: Missing cached shader map for material FMatExpressionPreview MaterialExpressionTextureSample_1, compiling. 
[2016.01.29-03.47.44:244][379]LogMaterial: Missing cached shader map for material FMatExpressionPreview MaterialExpressionDepthFade_0, compiling. 
[2016.01.29-03.47.45:591][448]MaterialEditorStats: Info Base pass shader without light map: 23 instructions
[2016.01.29-03.47.45:591][448]MaterialEditorStats: Info Vertex shader: 70 instructions
[2016.01.29-03.47.45:591][448]MaterialEditorStats: Info Texture samplers: 3/16
[2016.01.29-03.47.54:174][155]LogMaterial: Missing cached shader map for material Mat_Fire, compiling. 
[2016.01.29-03.47.54:177][155]LogMaterial: 0.000083 seconds spent updating 1 materials, 1 interfaces, 0 instances, 0 with static permutations.
[2016.01.29-03.47.55:096][217]MaterialEditorStats: Info Base pass shader without light map: 23 instructions
[2016.01.29-03.47.55:096][217]MaterialEditorStats: Info Vertex shader: 70 instructions
[2016.01.29-03.47.55:096][217]MaterialEditorStats: Info Texture samplers: 3/16
[2016.01.29-03.47.55:878][278]LogMaterial: Missing cached shader map for material Mat_Fire, compiling. 
[2016.01.29-03.47.55:881][278]LogMaterial: 0.000035 seconds spent updating 1 materials, 1 interfaces, 0 instances, 0 with static permutations.
[2016.01.29-03.47.56:744][335]MaterialEditorStats: Info Base pass shader without light map: 23 instructions
[2016.01.29-03.47.56:744][335]MaterialEditorStats: Info Vertex shader: 70 instructions
[2016.01.29-03.47.56:744][335]MaterialEditorStats: Info Texture samplers: 3/16
[2016.01.29-03.47.56:809][341]LogMaterial: Missing cached shader map for material Mat_Fire, compiling. 
[2016.01.29-03.47.56:812][341]LogMaterial: 0.000060 seconds spent updating 1 materials, 1 interfaces, 0 instances, 0 with static permutations.
[2016.01.29-03.47.57:687][403]MaterialEditorStats: Info Base pass shader without light map: 23 instructions
[2016.01.29-03.47.57:687][403]MaterialEditorStats: Info Vertex shader: 70 instructions
[2016.01.29-03.47.57:687][403]MaterialEditorStats: Info Texture samplers: 3/16
[2016.01.29-03.47.58:014][435]LogMaterial: Missing cached shader map for material Mat_Fire, compiling. 
[2016.01.29-03.47.58:017][435]LogMaterial: 0.000105 seconds spent updating 1 materials, 1 interfaces, 0 instances, 0 with static permutations.
[2016.01.29-03.47.58:040][435]LogMaterial: Missing cached shader map for material FMatExpressionPreview MaterialExpressionTextureSample_0, compiling. 
[2016.01.29-03.47.58:915][493]MaterialEditorStats: Info Base pass shader without light map: 23 instructions
[2016.01.29-03.47.58:915][493]MaterialEditorStats: Info Vertex shader: 70 instructions
[2016.01.29-03.47.58:915][493]MaterialEditorStats: Info Texture samplers: 3/16
[2016.01.29-03.47.59:205][521]LogMaterial: Missing cached shader map for material Mat_Fire, compiling. 
[2016.01.29-03.47.59:208][521]LogMaterial: 0.000075 seconds spent updating 1 materials, 1 interfaces, 0 instances, 0 with static permutations.
[2016.01.29-03.47.59:233][521]LogMaterial: Missing cached shader map for material FMatExpressionPreview MaterialExpressionTextureSample_0, compiling. 
[2016.01.29-03.47.59:926][561]LogMaterial: Missing cached shader map for material FMatExpressionPreview MaterialExpressionMultiply_4, compiling. 
[2016.01.29-03.48.00:112][569]MaterialEditorStats: Info Base pass shader without light map: 23 instructions
[2016.01.29-03.48.00:112][569]MaterialEditorStats: Info Vertex shader: 70 instructions
[2016.01.29-03.48.00:112][569]MaterialEditorStats: Info Texture samplers: 3/16
[2016.01.29-03.48.02:194][737]LogMaterial: Missing cached shader map for material Mat_Fire, compiling. 
[2016.01.29-03.48.02:197][737]LogMaterial: 0.000083 seconds spent updating 1 materials, 1 interfaces, 0 instances, 0 with static permutations.
[2016.01.29-03.48.02:221][737]LogMaterial: Missing cached shader map for material FMatExpressionPreview MaterialExpressionMultiply_4, compiling. 
[2016.01.29-03.48.03:118][787]MaterialEditorStats: Info Base pass shader without light map: 23 instructions
[2016.01.29-03.48.03:118][787]MaterialEditorStats: Info Vertex shader: 70 instructions
[2016.01.29-03.48.03:118][787]MaterialEditorStats: Info Texture samplers: 3/16
[2016.01.29-03.48.03:818][844]LogMaterial: Missing cached shader map for material Mat_Fire, compiling. 
[2016.01.29-03.48.03:821][844]LogMaterial: 0.000058 seconds spent updating 1 materials, 1 interfaces, 0 instances, 0 with static permutations.
[2016.01.29-03.48.03:888][844]LogMaterial: Missing cached shader map for material FMatExpressionPreview MaterialExpressionTextureSample_0, compiling. 
[2016.01.29-03.48.04:601][893]MaterialEditorStats: Info Base pass shader without light map: 23 instructions
[2016.01.29-03.48.04:601][893]MaterialEditorStats: Info Vertex shader: 70 instructions
[2016.01.29-03.48.04:601][893]MaterialEditorStats: Info Texture samplers: 3/16
[2016.01.29-03.48.05:916][ 10]LogMaterial: Missing cached shader map for material Mat_Fire, compiling. 
[2016.01.29-03.48.05:919][ 10]LogMaterial: 0.000061 seconds spent updating 1 materials, 1 interfaces, 0 instances, 0 with static permutations.
[2016.01.29-03.48.05:945][ 10]LogMaterial: Missing cached shader map for material FMatExpressionPreview MaterialExpressionMultiply_4, compiling. 
[2016.01.29-03.48.06:937][ 75]MaterialEditorStats: Info Base pass shader without light map: 23 instructions
[2016.01.29-03.48.06:937][ 75]MaterialEditorStats: Info Vertex shader: 70 instructions
[2016.01.29-03.48.06:937][ 75]MaterialEditorStats: Info Texture samplers: 3/16
[2016.01.29-03.48.07:056][ 85]LogMaterial: Missing cached shader map for material FMatExpressionPreview MaterialExpressionMultiply_5, compiling. 
[2016.01.29-03.48.11:720][452]LogContentBrowser: Native class hierarchy updated for 'TextureEditor' in 0.0003 seconds. Added 1 classes and 2 folders.
[2016.01.29-03.48.13:413][594]LogTexture:Display: Building textures: T_FireSubUV_11X11_32 (AutoDXT)
[2016.01.29-03.48.15:331][736]LogSavePackage: Save=18.637428ms
[2016.01.29-03.48.15:331][736]LogSavePackage: Moving 'E:/Unreal Work Space/ExampleCollection10/Saved/T_FireSubUV_11X11_32BAEDABE046002886310A79BD864718E0.tmp' to 'E:/Unreal Work Space/ExampleCollection10/Content/My/ExampleCollection/MatCollection/Environment/Fire/Mat_Fire/T_FireSubUV_11X11_32.uasset'
[2016.01.29-03.48.15:333][736]LogSavePackage: Total save time: 47.452830ms
[2016.01.29-03.48.15:333][736]LogSavePackage:Display: Finished SavePackage E:/Unreal Work Space/ExampleCollection10/Content/My/ExampleCollection/MatCollection/Environment/Fire/Mat_Fire/T_FireSubUV_11X11_32.uasset
[2016.01.29-03.48.18:973][ 79]LogMaterial: Missing cached shader map for material FMatExpressionPreview MaterialExpressionMultiply_5, compiling. 
[2016.01.29-03.48.23:475][433]LogMaterial: Missing cached shader map for material Mat_Fire, compiling. 
[2016.01.29-03.48.23:478][433]LogMaterial: 0.000119 seconds spent updating 1 materials, 1 interfaces, 0 instances, 0 with static permutations.
[2016.01.29-03.48.24:450][507]MaterialEditorStats: Info Base pass shader without light map: 25 instructions
[2016.01.29-03.48.24:450][507]MaterialEditorStats: Info Vertex shader: 70 instructions
[2016.01.29-03.48.24:450][507]MaterialEditorStats: Info Texture samplers: 3/16
[2016.01.29-03.48.42:427][ 16]LogMaterialEditor: Applying material Mat_Fire
[2016.01.29-03.48.42:743][ 16]LogMaterial: Missing cached shader map for material Mat_Fire, compiling. 
[2016.01.29-03.48.42:749][ 16]LogMaterial: 0.000116 seconds spent updating 1 materials, 1 interfaces, 0 instances, 0 with static permutations.
[2016.01.29-03.48.42:837][ 16]LogMaterial: Missing cached shader map for material Mat_Fire, compiling. 
[2016.01.29-03.48.42:846][ 16]LogMaterial: Missing cached shader map for material Mat_Fire, compiling. 
[2016.01.29-03.48.42:851][ 16]LogMaterial: 0.001085 seconds spent updating 1 materials, 1 interfaces, 0 instances, 0 with static permutations.
[2016.01.29-03.48.45:104][115]MaterialEditorStats: Info Base pass shader without light map: 41 instructions
[2016.01.29-03.48.45:104][115]MaterialEditorStats: Info Vertex shader: 70 instructions
[2016.01.29-03.48.45:104][115]MaterialEditorStats: Info Texture samplers: 7/16
[2016.01.29-03.48.46:805][246]LogMaterial: Missing cached shader map for material Mat_Fire, compiling. 
[2016.01.29-03.48.46:808][246]LogMaterial: 0.000083 seconds spent updating 1 materials, 1 interfaces, 0 instances, 0 with static permutations.
[2016.01.29-03.48.47:774][319]MaterialEditorStats: Info Base pass shader without light map: 25 instructions
[2016.01.29-03.48.47:774][319]MaterialEditorStats: Info Vertex shader: 70 instructions
[2016.01.29-03.48.47:774][319]MaterialEditorStats: Info Texture samplers: 3/16
[2016.01.29-03.48.48:937][422]LogMaterial: Missing cached shader map for material Mat_Fire, compiling. 
[2016.01.29-03.48.48:939][422]LogMaterial: 0.000084 seconds spent updating 1 materials, 1 interfaces, 0 instances, 0 with static permutations.
[2016.01.29-03.48.48:962][422]LogMaterial: Missing cached shader map for material FMatExpressionPreview MaterialExpressionTextureSample_0, compiling. 
[2016.01.29-03.48.49:942][494]MaterialEditorStats: Info Base pass shader without light map: 25 instructions
[2016.01.29-03.48.49:942][494]MaterialEditorStats: Info Vertex shader: 70 instructions
[2016.01.29-03.48.49:942][494]MaterialEditorStats: Info Texture samplers: 3/16
[2016.01.29-03.48.51:241][617]LogMaterial: Missing cached shader map for material Mat_Fire, compiling. 
[2016.01.29-03.48.51:244][617]LogMaterial: 0.000076 seconds spent updating 1 materials, 1 interfaces, 0 instances, 0 with static permutations.
[2016.01.29-03.48.52:118][683]MaterialEditorStats: Info Base pass shader without light map: 25 instructions
[2016.01.29-03.48.52:118][683]MaterialEditorStats: Info Vertex shader: 70 instructions
[2016.01.29-03.48.52:118][683]MaterialEditorStats: Info Texture samplers: 3/16
[2016.01.29-03.48.52:997][753]LogMaterial: Missing cached shader map for material Mat_Fire, compiling. 
[2016.01.29-03.48.53:000][753]LogMaterial: 0.000081 seconds spent updating 1 materials, 1 interfaces, 0 instances, 0 with static permutations.
[2016.01.29-03.48.53:970][832]MaterialEditorStats: Info Base pass shader without light map: 25 instructions
[2016.01.29-03.48.53:970][832]MaterialEditorStats: Info Vertex shader: 70 instructions
[2016.01.29-03.48.53:970][832]MaterialEditorStats: Info Texture samplers: 3/16
[2016.01.29-03.48.57:202][112]LogMaterial: Missing cached shader map for material Mat_Fire, compiling. 
[2016.01.29-03.48.57:205][112]LogMaterial: 0.000073 seconds spent updating 1 materials, 1 interfaces, 0 instances, 0 with static permutations.
[2016.01.29-03.48.58:194][181]MaterialEditorStats: Info Base pass shader without light map: 25 instructions
[2016.01.29-03.48.58:194][181]MaterialEditorStats: Info Vertex shader: 70 instructions
[2016.01.29-03.48.58:194][181]MaterialEditorStats: Info Texture samplers: 3/16
[2016.01.29-03.49.01:617][459]LogMaterial: Missing cached shader map for material Mat_Fire, compiling. 
[2016.01.29-03.49.01:618][459]LogMaterial:Warning: Failed to compile Material /Engine/Transient.Mat_Fire for platform PCD3D_SM5, Default Material will be used in game.
[2016.01.29-03.49.01:618][459]LogMaterial:Warning: 	(Node LinearInterpolate) Coercion failed: 	MaterialFloat3 Local27 = (Local26 * Local22.a);
: float3 -> float
[2016.01.29-03.49.01:629][459]LogMaterial: 0.000055 seconds spent updating 1 materials, 1 interfaces, 0 instances, 0 with static permutations.
[2016.01.29-03.49.01:630][459]MaterialEditorStats:Error: Error [SM5] (Node LinearInterpolate) Coercion failed: 	MaterialFloat3 Local27 = (Local26 * Local22.a);
: float3 -> float
[2016.01.29-03.49.09:121][ 94]LogMaterial: Missing cached shader map for material Mat_Fire, compiling. 
[2016.01.29-03.49.09:122][ 94]LogMaterial:Warning: Failed to compile Material /Engine/Transient.Mat_Fire for platform PCD3D_SM5, Default Material will be used in game.
[2016.01.29-03.49.09:122][ 94]LogMaterial:Warning: 	(Node LinearInterpolate) Coercion failed: 	MaterialFloat3 Local27 = (Local26 * Local22.a);
: float3 -> float
[2016.01.29-03.49.09:122][ 94]LogMaterial: 0.000021 seconds spent updating 1 materials, 1 interfaces, 0 instances, 0 with static permutations.
[2016.01.29-03.49.09:124][ 94]LogMaterial: Missing cached shader map for material Mat_Fire, compiling. 
[2016.01.29-03.49.09:124][ 94]LogMaterial:Warning: Failed to compile Material /Engine/Transient.Mat_Fire for platform PCD3D_SM5, Default Material will be used in game.
[2016.01.29-03.49.09:124][ 94]LogMaterial:Warning: 	(Node LinearInterpolate) Coercion failed: 	MaterialFloat3 Local27 = (Local26 * Local22.a);
: float3 -> float
[2016.01.29-03.49.09:124][ 94]LogMaterial: 0.000056 seconds spent updating 1 materials, 1 interfaces, 0 instances, 0 with static permutations.
[2016.01.29-03.49.10:839][232]LogMaterial: Missing cached shader map for material Mat_Fire, compiling. 
[2016.01.29-03.49.10:840][232]LogMaterial:Warning: Failed to compile Material /Engine/Transient.Mat_Fire for platform PCD3D_SM5, Default Material will be used in game.
[2016.01.29-03.49.10:840][232]LogMaterial:Warning: 	(Node LinearInterpolate) Coercion failed: 	MaterialFloat3 Local27 = (Local26 * Local22.a);
: float3 -> float
[2016.01.29-03.49.10:840][232]LogMaterial: 0.000070 seconds spent updating 1 materials, 1 interfaces, 0 instances, 0 with static permutations.
[2016.01.29-03.49.12:974][411]LogMaterial: Missing cached shader map for material Mat_Fire, compiling. 
[2016.01.29-03.49.12:977][411]LogMaterial: 0.000117 seconds spent updating 1 materials, 1 interfaces, 0 instances, 0 with static permutations.
[2016.01.29-03.49.13:931][481]MaterialEditorStats: Info Base pass shader without light map: 27 instructions
[2016.01.29-03.49.13:931][481]MaterialEditorStats: Info Vertex shader: 70 instructions
[2016.01.29-03.49.13:931][481]MaterialEditorStats: Info Texture samplers: 3/16
[2016.01.29-03.49.19:570][918]LogSavePackage: Save=34.888569ms
[2016.01.29-03.49.19:570][918]LogSavePackage: Moving 'E:/Unreal Work Space/ExampleCollection10/Saved/Mat_Fire40A331D641D08F47D8750B9EA93A6DB9.tmp' to 'E:/Unreal Work Space/ExampleCollection10/Content/My/ExampleCollection/MatCollection/Environment/Fire/Mat_Fire/Mat_Fire.uasset'
[2016.01.29-03.49.19:572][918]LogSavePackage: Total save time: 85.840646ms
[2016.01.29-03.49.19:572][918]LogSavePackage:Display: Finished SavePackage E:/Unreal Work Space/ExampleCollection10/Content/My/ExampleCollection/MatCollection/Environment/Fire/Mat_Fire/Mat_Fire.uasset
[2016.01.29-03.49.20:791][ 13]LogMaterialEditor: Applying material Mat_Fire
[2016.01.29-03.49.21:107][ 13]LogMaterial: Missing cached shader map for material Mat_Fire, compiling. 
[2016.01.29-03.49.21:112][ 13]LogMaterial: 0.000110 seconds spent updating 1 materials, 1 interfaces, 0 instances, 0 with static permutations.
[2016.01.29-03.49.21:168][ 13]LogMaterial: Missing cached shader map for material Mat_Fire, compiling. 
[2016.01.29-03.49.21:177][ 13]LogMaterial: Missing cached shader map for material Mat_Fire, compiling. 
[2016.01.29-03.49.21:183][ 13]LogMaterial: 0.001043 seconds spent updating 1 materials, 1 interfaces, 0 instances, 0 with static permutations.
[2016.01.29-03.49.24:788][266]MaterialEditorStats: Info Base pass shader without light map: 43 instructions
[2016.01.29-03.49.24:788][266]MaterialEditorStats: Info Vertex shader: 70 instructions
[2016.01.29-03.49.24:788][266]MaterialEditorStats: Info Texture samplers: 7/16
[2016.01.29-03.49.33:551][970]LogMaterial: Missing cached shader map for material Mat_Fire, compiling. 
[2016.01.29-03.49.33:554][970]LogMaterial: 0.000036 seconds spent updating 1 materials, 1 interfaces, 0 instances, 0 with static permutations.
[2016.01.29-03.49.34:661][ 54]MaterialEditorStats: Info Base pass shader without light map: 28 instructions
[2016.01.29-03.49.34:661][ 54]MaterialEditorStats: Info Vertex shader: 70 instructions
[2016.01.29-03.49.34:661][ 54]MaterialEditorStats: Info Texture samplers: 3/16
[2016.01.29-03.49.36:109][166]LogUnrealMath: Expression Error : Unrecognized Operator
[2016.01.29-03.49.37:747][294]LogMaterial: Missing cached shader map for material Mat_Fire, compiling. 
[2016.01.29-03.49.37:750][294]LogMaterial: 0.000072 seconds spent updating 1 materials, 1 interfaces, 0 instances, 0 with static permutations.
[2016.01.29-03.49.38:758][369]MaterialEditorStats: Info Base pass shader without light map: 27 instructions
[2016.01.29-03.49.38:758][369]MaterialEditorStats: Info Vertex shader: 70 instructions
[2016.01.29-03.49.38:759][369]MaterialEditorStats: Info Texture samplers: 3/16
[2016.01.29-03.49.39:059][394]LogMaterialEditor: Applying material Mat_Fire
[2016.01.29-03.49.39:375][394]LogMaterial: Missing cached shader map for material Mat_Fire, compiling. 
[2016.01.29-03.49.39:380][394]LogMaterial: 0.000131 seconds spent updating 1 materials, 1 interfaces, 0 instances, 0 with static permutations.
[2016.01.29-03.49.39:426][394]LogMaterial: Missing cached shader map for material Mat_Fire, compiling. 
[2016.01.29-03.49.39:435][394]LogMaterial: Missing cached shader map for material Mat_Fire, compiling. 
[2016.01.29-03.49.39:441][394]LogMaterial: 0.001216 seconds spent updating 1 materials, 1 interfaces, 0 instances, 0 with static permutations.
[2016.01.29-03.49.43:322][667]MaterialEditorStats: Info Base pass shader without light map: 43 instructions
[2016.01.29-03.49.43:322][667]MaterialEditorStats: Info Vertex shader: 70 instructions
[2016.01.29-03.49.43:322][667]MaterialEditorStats: Info Texture samplers: 7/16
[2016.01.29-03.55.53:394][ 31]LogMaterial: Missing cached shader map for material Mat_Fire, compiling. 
[2016.01.29-03.55.53:397][ 31]LogMaterial: 0.000059 seconds spent updating 1 materials, 1 interfaces, 0 instances, 0 with static permutations.
[2016.01.29-03.55.54:734][121]MaterialEditorStats: Info Base pass shader without light map: 27 instructions
[2016.01.29-03.55.54:734][121]MaterialEditorStats: Info Vertex shader: 70 instructions
[2016.01.29-03.55.54:734][121]MaterialEditorStats: Info Texture samplers: 3/16
[2016.01.29-03.56.01:247][679]LogMaterial: Missing cached shader map for material Mat_Fire, compiling. 
[2016.01.29-03.56.01:249][679]LogMaterial: 0.000044 seconds spent updating 1 materials, 1 interfaces, 0 instances, 0 with static permutations.
[2016.01.29-03.56.02:183][746]MaterialEditorStats: Info Base pass shader without light map: 27 instructions
[2016.01.29-03.56.02:183][746]MaterialEditorStats: Info Vertex shader: 70 instructions
[2016.01.29-03.56.02:183][746]MaterialEditorStats: Info Texture samplers: 3/16
[2016.01.29-03.56.10:735][ 62]LogMaterial: Missing cached shader map for material Mat_Fire, compiling. 
[2016.01.29-03.56.10:738][ 62]LogMaterial: 0.000036 seconds spent updating 1 materials, 1 interfaces, 0 instances, 0 with static permutations.
[2016.01.29-03.56.11:635][125]MaterialEditorStats: Info Base pass shader without light map: 24 instructions
[2016.01.29-03.56.11:635][125]MaterialEditorStats: Info Vertex shader: 70 instructions
[2016.01.29-03.56.11:635][125]MaterialEditorStats: Info Texture samplers: 3/16
[2016.01.29-03.56.19:621][484]LogMaterial: Missing cached shader map for material Mat_Fire, compiling. 
[2016.01.29-03.56.19:624][484]LogMaterial: 0.000104 seconds spent updating 1 materials, 1 interfaces, 0 instances, 0 with static permutations.
[2016.01.29-03.56.20:607][554]MaterialEditorStats: Info Base pass shader without light map: 24 instructions
[2016.01.29-03.56.20:607][554]MaterialEditorStats: Info Vertex shader: 70 instructions
[2016.01.29-03.56.20:607][554]MaterialEditorStats: Info Texture samplers: 3/16
[2016.01.29-03.56.24:017][834]LogMaterial: Missing cached shader map for material Mat_Fire, compiling. 
[2016.01.29-03.56.24:020][834]LogMaterial: 0.000062 seconds spent updating 1 materials, 1 interfaces, 0 instances, 0 with static permutations.
[2016.01.29-03.56.25:011][900]MaterialEditorStats: Info Base pass shader without light map: 24 instructions
[2016.01.29-03.56.25:011][900]MaterialEditorStats: Info Vertex shader: 70 instructions
[2016.01.29-03.56.25:011][900]MaterialEditorStats: Info Texture samplers: 3/16
[2016.01.29-03.56.27:992][165]LogMaterial: Missing cached shader map for material Mat_Fire, compiling. 
[2016.01.29-03.56.27:995][165]LogMaterial: 0.000072 seconds spent updating 1 materials, 1 interfaces, 0 instances, 0 with static permutations.
[2016.01.29-03.56.28:022][165]LogMaterial: Missing cached shader map for material FMatExpressionPreview MaterialExpressionTextureSample_1, compiling. 
[2016.01.29-03.56.28:966][217]MaterialEditorStats: Info Base pass shader without light map: 24 instructions
[2016.01.29-03.56.28:966][217]MaterialEditorStats: Info Vertex shader: 70 instructions
[2016.01.29-03.56.28:966][217]MaterialEditorStats: Info Texture samplers: 3/16
[2016.01.29-03.56.39:643][260]LogMaterial: Missing cached shader map for material Mat_Fire, compiling. 
[2016.01.29-03.56.39:646][260]LogMaterial: 0.000122 seconds spent updating 1 materials, 1 interfaces, 0 instances, 0 with static permutations.
[2016.01.29-03.56.40:700][321]MaterialEditorStats: Info Base pass shader without light map: 28 instructions
[2016.01.29-03.56.40:700][321]MaterialEditorStats: Info Vertex shader: 70 instructions
[2016.01.29-03.56.40:700][321]MaterialEditorStats: Info Texture samplers: 3/16
[2016.01.29-03.57.02:129][792]LogMaterial: Missing cached shader map for material Mat_Fire, compiling. 
[2016.01.29-03.57.02:131][792]LogMaterial: 0.000154 seconds spent updating 1 materials, 1 interfaces, 0 instances, 0 with static permutations.
[2016.01.29-03.57.03:346][870]MaterialEditorStats: Info Base pass shader without light map: 29 instructions
[2016.01.29-03.57.03:346][870]MaterialEditorStats: Info Vertex shader: 70 instructions
[2016.01.29-03.57.03:346][870]MaterialEditorStats: Info Texture samplers: 3/16
[2016.01.29-03.57.09:876][400]LogMaterial: Missing cached shader map for material Mat_Fire, compiling. 
[2016.01.29-03.57.09:879][400]LogMaterial: 0.000037 seconds spent updating 1 materials, 1 interfaces, 0 instances, 0 with static permutations.
[2016.01.29-03.57.10:507][441]LogMaterial: Missing cached shader map for material Mat_Fire, compiling. 
[2016.01.29-03.57.10:509][441]LogMaterial: 0.000028 seconds spent updating 1 materials, 1 interfaces, 0 instances, 0 with static permutations.
[2016.01.29-03.57.10:961][468]MaterialEditorStats: Info Base pass shader without light map: 28 instructions
[2016.01.29-03.57.10:961][468]MaterialEditorStats: Info Vertex shader: 70 instructions
[2016.01.29-03.57.10:961][468]MaterialEditorStats: Info Texture samplers: 3/16
[2016.01.29-03.57.12:415][580]LogMaterial: Missing cached shader map for material Mat_Fire, compiling. 
[2016.01.29-03.57.12:418][580]LogMaterial: 0.000078 seconds spent updating 1 materials, 1 interfaces, 0 instances, 0 with static permutations.
[2016.01.29-03.57.13:493][645]MaterialEditorStats: Info Base pass shader without light map: 28 instructions
[2016.01.29-03.57.13:493][645]MaterialEditorStats: Info Vertex shader: 70 instructions
[2016.01.29-03.57.13:493][645]MaterialEditorStats: Info Texture samplers: 3/16
[2016.01.29-03.57.14:755][756]LogMaterial: Missing cached shader map for material Mat_Fire, compiling. 
[2016.01.29-03.57.14:757][756]LogMaterial: 0.000119 seconds spent updating 1 materials, 1 interfaces, 0 instances, 0 with static permutations.
[2016.01.29-03.57.16:198][803]MaterialEditorStats: Info Base pass shader without light map: 28 instructions
[2016.01.29-03.57.16:198][803]MaterialEditorStats: Info Vertex shader: 70 instructions
[2016.01.29-03.57.16:198][803]MaterialEditorStats: Info Texture samplers: 3/16
[2016.01.29-03.57.21:211][972]LogMaterial: Missing cached shader map for material Mat_Fire, compiling. 
[2016.01.29-03.57.21:214][972]LogMaterial: 0.000095 seconds spent updating 1 materials, 1 interfaces, 0 instances, 0 with static permutations.
[2016.01.29-03.57.22:182][ 32]MaterialEditorStats: Info Base pass shader without light map: 28 instructions
[2016.01.29-03.57.22:182][ 32]MaterialEditorStats: Info Vertex shader: 70 instructions
[2016.01.29-03.57.22:182][ 32]MaterialEditorStats: Info Texture samplers: 3/16
[2016.01.29-03.57.31:005][780]LogMaterial: Missing cached shader map for material Mat_Fire, compiling. 
[2016.01.29-03.57.31:008][780]LogMaterial: 0.000038 seconds spent updating 1 materials, 1 interfaces, 0 instances, 0 with static permutations.
[2016.01.29-03.57.31:960][847]MaterialEditorStats: Info Base pass shader without light map: 25 instructions
[2016.01.29-03.57.31:960][847]MaterialEditorStats: Info Vertex shader: 70 instructions
[2016.01.29-03.57.31:960][847]MaterialEditorStats: Info Texture samplers: 3/16
[2016.01.29-03.57.53:315][892]LogMaterial: Missing cached shader map for material Mat_Fire, compiling. 
[2016.01.29-03.57.53:317][892]LogMaterial: 0.000085 seconds spent updating 1 materials, 1 interfaces, 0 instances, 0 with static permutations.
[2016.01.29-03.57.54:528][972]MaterialEditorStats: Info Base pass shader without light map: 25 instructions
[2016.01.29-03.57.54:528][972]MaterialEditorStats: Info Vertex shader: 70 instructions
[2016.01.29-03.57.54:528][972]MaterialEditorStats: Info Texture samplers: 3/16
[2016.01.29-03.57.55:402][ 52]LogMaterial: Missing cached shader map for material Mat_Fire, compiling. 
[2016.01.29-03.57.55:405][ 52]LogMaterial: 0.000078 seconds spent updating 1 materials, 1 interfaces, 0 instances, 0 with static permutations.
[2016.01.29-03.57.56:356][121]MaterialEditorStats: Info Base pass shader without light map: 25 instructions
[2016.01.29-03.57.56:356][121]MaterialEditorStats: Info Vertex shader: 70 instructions
[2016.01.29-03.57.56:356][121]MaterialEditorStats: Info Texture samplers: 3/16
[2016.01.29-03.57.57:750][259]LogMaterial: Missing cached shader map for material Mat_Fire, compiling. 
[2016.01.29-03.57.57:753][259]LogMaterial: 0.000064 seconds spent updating 1 materials, 1 interfaces, 0 instances, 0 with static permutations.
[2016.01.29-03.57.57:828][259]LogMaterial: Missing cached shader map for material FMatExpressionPreview MaterialExpressionTextureSample_0, compiling. 
[2016.01.29-03.57.58:611][305]MaterialEditorStats: Info Base pass shader without light map: 25 instructions
[2016.01.29-03.57.58:611][305]MaterialEditorStats: Info Vertex shader: 70 instructions
[2016.01.29-03.57.58:611][305]MaterialEditorStats: Info Texture samplers: 3/16
[2016.01.29-03.57.59:478][383]LogMaterial: Missing cached shader map for material Mat_Fire, compiling. 
[2016.01.29-03.57.59:481][383]LogMaterial: 0.000060 seconds spent updating 1 materials, 1 interfaces, 0 instances, 0 with static permutations.
[2016.01.29-03.57.59:505][383]LogMaterial: Missing cached shader map for material FMatExpressionPreview MaterialExpressionDepthFade_0, compiling. 
[2016.01.29-03.58.00:462][448]MaterialEditorStats: Info Base pass shader without light map: 26 instructions
[2016.01.29-03.58.00:462][448]MaterialEditorStats: Info Vertex shader: 70 instructions
[2016.01.29-03.58.00:462][448]MaterialEditorStats: Info Texture samplers: 3/16
[2016.01.29-03.58.07:487][646]LogMaterialEditor: Applying material Mat_Fire
[2016.01.29-03.58.07:808][646]LogMaterial: Missing cached shader map for material Mat_Fire, compiling. 
[2016.01.29-03.58.07:814][646]LogMaterial: 0.000132 seconds spent updating 1 materials, 1 interfaces, 0 instances, 0 with static permutations.
[2016.01.29-03.58.07:872][646]LogMaterial: Missing cached shader map for material Mat_Fire, compiling. 
[2016.01.29-03.58.07:881][646]LogMaterial: Missing cached shader map for material Mat_Fire, compiling. 
[2016.01.29-03.58.07:887][646]LogMaterial: 0.001063 seconds spent updating 1 materials, 1 interfaces, 0 instances, 0 with static permutations.
[2016.01.29-03.58.10:815][789]MaterialEditorStats: Info Base pass shader without light map: 42 instructions
[2016.01.29-03.58.10:815][789]MaterialEditorStats: Info Vertex shader: 70 instructions
[2016.01.29-03.58.10:815][789]MaterialEditorStats: Info Texture samplers: 7/16
[2016.01.29-03.58.57:379][ 12]LogFileHelpers: Editor autosave (incl. sublevels) for '/Game/My/TestMap/MatTestMap' took 0.015
[2016.01.29-03.58.57:383][ 12]OBJ SavePackage: Generating thumbnails for [1] asset(s) in package [/Game/My/ExampleCollection/MatCollection/Environment/Fire/P_Fire] ([1] browsable assets)...
[2016.01.29-03.58.57:391][ 12]OBJ SavePackage:     Rendered thumbnail for [ParticleSystem /Game/My/ExampleCollection/MatCollection/Environment/Fire/P_Fire.P_Fire]
[2016.01.29-03.58.57:391][ 12]OBJ SavePackage: Finished generating thumbnails for package [/Game/My/ExampleCollection/MatCollection/Environment/Fire/P_Fire]
[2016.01.29-03.58.57:439][ 12]LogSavePackage: Save=11.136335ms
[2016.01.29-03.58.57:439][ 12]LogSavePackage: Moving 'E:/Unreal Work Space/ExampleCollection10/Saved/P_Fire_Auto123D949CC41431423B6A90FB48D794441.tmp' to 'E:/Unreal Work Space/ExampleCollection10/Saved/Autosaves/Game/My/ExampleCollection/MatCollection/Environment/Fire/P_Fire_Auto1.uasset'
[2016.01.29-03.58.57:440][ 12]LogSavePackage: Total save time: 47.572143ms
[2016.01.29-03.58.57:440][ 12]LogSavePackage:Display: Finished SavePackage E:/Unreal Work Space/ExampleCollection10/Saved/Autosaves/Game/My/ExampleCollection/MatCollection/Environment/Fire/P_Fire_Auto1.uasset
[2016.01.29-03.58.57:465][ 12]OBJ SavePackage: Generating thumbnails for [1] asset(s) in package [/Game/My/ExampleCollection/MatCollection/Environment/Fire/Mat_Fire/Mat_Fire] ([1] browsable assets)...
[2016.01.29-03.58.57:484][ 12]OBJ SavePackage:     Rendered thumbnail for [Material /Game/My/ExampleCollection/MatCollection/Environment/Fire/Mat_Fire/Mat_Fire.Mat_Fire]
[2016.01.29-03.58.57:484][ 12]OBJ SavePackage: Finished generating thumbnails for package [/Game/My/ExampleCollection/MatCollection/Environment/Fire/Mat_Fire/Mat_Fire]
[2016.01.29-03.58.57:561][ 12]LogSavePackage: Save=40.546703ms
[2016.01.29-03.58.57:561][ 12]LogSavePackage: Moving 'E:/Unreal Work Space/ExampleCollection10/Saved/Mat_Fire_Auto139AA95DE4F068802E9FADC8299368CCA.tmp' to 'E:/Unreal Work Space/ExampleCollection10/Saved/Autosaves/Game/My/ExampleCollection/MatCollection/Environment/Fire/Mat_Fire/Mat_Fire_Auto1.uasset'
[2016.01.29-03.58.57:562][ 12]LogSavePackage: Total save time: 76.554324ms
[2016.01.29-03.58.57:562][ 12]LogSavePackage:Display: Finished SavePackage E:/Unreal Work Space/ExampleCollection10/Saved/Autosaves/Game/My/ExampleCollection/MatCollection/Environment/Fire/Mat_Fire/Mat_Fire_Auto1.uasset
[2016.01.29-03.58.57:562][ 12]LogFileHelpers: Auto-saving content packages took 0.182
[2016.01.29-03.59.21:324][ 92]LogEditorViewport: Clicking on Actor (LMB): StaticMeshActor (Floor)
[2016.01.29-03.59.29:440][818]LogEditorViewport: Clicking on Actor (LMB): StaticMeshActor (Floor)
[2016.01.29-03.59.31:194][974]LogSavePackage: Save=8.021009ms
[2016.01.29-03.59.31:194][974]LogSavePackage: Moving 'E:/Unreal Work Space/ExampleCollection10/Saved/P_Fire0A4E8A684687CB5A7442BFA3EE188602.tmp' to 'E:/Unreal Work Space/ExampleCollection10/Content/My/ExampleCollection/MatCollection/Environment/Fire/P_Fire.uasset'
[2016.01.29-03.59.31:198][974]LogSavePackage: Total save time: 32.777473ms
[2016.01.29-03.59.31:198][974]LogSavePackage:Display: Finished SavePackage E:/Unreal Work Space/ExampleCollection10/Content/My/ExampleCollection/MatCollection/Environment/Fire/P_Fire.uasset
[2016.01.29-03.59.31:233][974]LogSavePackage: Save=5.776808ms
[2016.01.29-03.59.31:233][974]LogSavePackage: Moving 'E:/Unreal Work Space/ExampleCollection10/Saved/Mat_FireEAE8A64141D11CA513161EB3E5E4E083.tmp' to 'E:/Unreal Work Space/ExampleCollection10/Content/My/ExampleCollection/MatCollection/Environment/Fire/Mat_Fire/Mat_Fire.uasset'
[2016.01.29-03.59.31:235][974]LogSavePackage: Total save time: 28.755423ms
[2016.01.29-03.59.31:235][974]LogSavePackage:Display: Finished SavePackage E:/Unreal Work Space/ExampleCollection10/Content/My/ExampleCollection/MatCollection/Environment/Fire/Mat_Fire/Mat_Fire.uasset
[2016.01.29-04.00.48:242][464]LogRenderer: Reallocating scene render targets to support 916x552 (Frame:84187).
[2016.01.29-04.00.52:925][705]LogRenderer: Reallocating scene render targets to support 916x580 (Frame:84671).
[2016.01.29-04.02.15:637][826]LogCascade: Quitting Cascade. FXSystem=0x00000000360014E0
[2016.01.29-04.02.17:469][896]LogParticles: Destroying 0 GPU particle simulations for FXSystem 0x00000000360014E0
[2016.01.29-04.02.17:469][896]LogParticles: Destroying 0 GPU particle simulations for FXSystem 0x000000001EE01120
[2016.01.29-04.02.17:751][897]Cmd: QUIT_EDITOR
[2016.01.29-04.02.17:875][897]LogExit: Preparing to exit.
[2016.01.29-04.02.18:939][897]LogExit: Editor shut down
[2016.01.29-04.02.18:939][897]LogExit: Transaction tracking system shut down
[2016.01.29-04.02.18:941][897]LogParticles: Destroying 0 GPU particle simulations for FXSystem 0x000000002A8FB740
[2016.01.29-04.02.18:942][897]LogParticles: Destroying 0 GPU particle simulations for FXSystem 0x000000003434F880
[2016.01.29-04.02.18:942][897]LogParticles: Destroying 0 GPU particle simulations for FXSystem 0x000000001EE15580
[2016.01.29-04.02.18:942][897]LogParticles: Destroying 0 GPU particle simulations for FXSystem 0x000000001EE15C60
[2016.01.29-04.02.18:942][897]LogParticles: Destroying 0 GPU particle simulations for FXSystem 0x000000001EE165C0
[2016.01.29-04.02.19:076][897]LogExit: Object subsystem successfully closed.
[2016.01.29-04.02.19:086][897]LogD3D11RHI: Shutdown
[2016.01.29-04.02.19:086][897]LogD3D11RHI: CleanupD3DDevice
[2016.01.29-04.02.19:158][897]LogD3D11RHI: ~FD3D11DynamicRHI
[2016.01.29-04.02.19:245][897]LogModuleManager: Shutting down and abandoning module CookingStats (203)
[2016.01.29-04.02.19:245][897]LogModuleManager: Shutting down and abandoning module TextureEditor (202)
[2016.01.29-04.02.19:245][897]LogModuleManager: Shutting down and abandoning module MaterialEditor (201)
[2016.01.29-04.02.19:245][897]LogModuleManager: Shutting down and abandoning module DistCurveEditor (200)
[2016.01.29-04.02.19:245][897]LogModuleManager: Shutting down and abandoning module Cascade (199)
[2016.01.29-04.02.19:245][897]LogModuleManager: Shutting down and abandoning module CrashTracker (198)
[2016.01.29-04.02.19:245][897]LogModuleManager: Shutting down and abandoning module SceneOutliner (197)
[2016.01.29-04.02.19:245][897]LogModuleManager: Shutting down and abandoning module SuperSearch (196)
[2016.01.29-04.02.19:245][897]LogModuleManager: Shutting down and abandoning module WidgetCarousel (195)
[2016.01.29-04.02.19:245][897]LogModuleManager: Shutting down and abandoning module AddContentDialog (194)
[2016.01.29-04.02.19:246][897]LogModuleManager: Shutting down and abandoning module EditorWidgets (193)
[2016.01.29-04.02.19:246][897]LogModuleManager: Shutting down and abandoning module CollectionManager (192)
[2016.01.29-04.02.19:246][897]LogModuleManager: Shutting down and abandoning module StatsViewer (191)
[2016.01.29-04.02.19:246][897]LogModuleManager: Shutting down and abandoning module FoliageEdit (190)
[2016.01.29-04.02.19:246][897]LogModuleManager: Shutting down and abandoning module LandscapeEditor (189)
[2016.01.29-04.02.19:247][897]LogModuleManager: Shutting down and abandoning module ActorPickerMode (188)
[2016.01.29-04.02.19:247][897]LogModuleManager: Shutting down and abandoning module GeometryMode (187)
[2016.01.29-04.02.19:247][897]LogModuleManager: Shutting down and abandoning module TextureAlignMode (186)
[2016.01.29-04.02.19:247][897]LogModuleManager: Shutting down and abandoning module BspMode (185)
[2016.01.29-04.02.19:247][897]LogModuleManager: Shutting down and abandoning module PlacementMode (184)
[2016.01.29-04.02.19:247][897]LogModuleManager: Shutting down and abandoning module AutomationWorker (183)
[2016.01.29-04.02.19:247][897]LogModuleManager: Shutting down and abandoning module CharacterAI (182)
[2016.01.29-04.02.19:247][897]LogModuleManager: Shutting down and abandoning module SmartSnapping (181)
[2016.01.29-04.02.19:247][897]LogModuleManager: Shutting down and abandoning module ViewportSnapping (180)
[2016.01.29-04.02.19:247][897]LogModuleManager: Shutting down and abandoning module LogVisualizer (179)
[2016.01.29-04.02.19:247][897]LogModuleManager: Shutting down and abandoning module GameProjectGeneration (178)
[2016.01.29-04.02.19:247][897]LogModuleManager: Shutting down and abandoning module IntroTutorials (177)
[2016.01.29-04.02.19:247][897]LogModuleManager: Shutting down and abandoning module EditorLiveStreaming (176)
[2016.01.29-04.02.19:247][897]LogModuleManager: Shutting down and abandoning module IOSPlatformEditor (175)
[2016.01.29-04.02.19:247][897]LogModuleManager: Shutting down and abandoning module HTML5PlatformEditor (174)
[2016.01.29-04.02.19:247][897]LogModuleManager: Shutting down and abandoning module AndroidDeviceDetection (173)
[2016.01.29-04.02.19:979][897]LogModuleManager: Shutting down and abandoning module AndroidPlatformEditor (172)
[2016.01.29-04.02.19:979][897]LogModuleManager: Shutting down and abandoning module IOSRuntimeSettings (171)
[2016.01.29-04.02.19:979][897]LogModuleManager: Shutting down and abandoning module AndroidRuntimeSettings (170)
[2016.01.29-04.02.19:979][897]LogModuleManager: Shutting down and abandoning module MergeActors (169)
[2016.01.29-04.02.19:979][897]LogModuleManager: Shutting down and abandoning module SizeMap (168)
[2016.01.29-04.02.19:979][897]LogModuleManager: Shutting down and abandoning module TreeMap (167)
[2016.01.29-04.02.19:979][897]LogModuleManager: Shutting down and abandoning module ReferenceViewer (166)
[2016.01.29-04.02.19:979][897]LogModuleManager: Shutting down and abandoning module LocalizationService (165)
[2016.01.29-04.02.19:979][897]LogModuleManager: Shutting down and abandoning module LocalizationDashboard (164)
[2016.01.29-04.02.19:979][897]LogModuleManager: Shutting down and abandoning module HardwareTargeting (163)
[2016.01.29-04.02.19:979][897]LogModuleManager: Shutting down and abandoning module DeviceProfileEditor (162)
[2016.01.29-04.02.19:979][897]LogModuleManager: Shutting down and abandoning module UndoHistory (161)
[2016.01.29-04.02.19:979][897]LogModuleManager: Shutting down and abandoning module GameplayTagsEditor (160)
[2016.01.29-04.02.19:979][897]LogModuleManager: Shutting down and abandoning module UserFeedback (159)
[2016.01.29-04.02.19:979][897]LogModuleManager: Shutting down and abandoning module XmlParser (158)
[2016.01.29-04.02.19:979][897]LogModuleManager: Shutting down and abandoning module Blutility (157)
[2016.01.29-04.02.19:979][897]LogModuleManager: Shutting down and abandoning module ProjectTargetPlatformEditor (156)
[2016.01.29-04.02.19:979][897]LogModuleManager: Shutting down and abandoning module ProjectSettingsViewer (155)
[2016.01.29-04.02.19:979][897]LogModuleManager: Shutting down and abandoning module InputBindingEditor (154)
[2016.01.29-04.02.19:979][897]LogModuleManager: Shutting down and abandoning module EditorSettingsViewer (153)
[2016.01.29-04.02.19:979][897]LogModuleManager: Shutting down and abandoning module SettingsEditor (152)
[2016.01.29-04.02.19:979][897]LogModuleManager: Shutting down and abandoning module ProjectLauncher (151)
[2016.01.29-04.02.19:979][897]LogModuleManager: Shutting down and abandoning module SessionFrontend (150)
[2016.01.29-04.02.19:979][897]LogModuleManager: Shutting down and abandoning module ProfilerClient (149)
[2016.01.29-04.02.19:979][897]LogModuleManager: Shutting down and abandoning module TargetDeviceServices (148)
[2016.01.29-04.02.19:979][897]LogModuleManager: Shutting down and abandoning module DeviceManager (147)
[2016.01.29-04.02.19:980][897]LogModuleManager: Shutting down and abandoning module AutomationController (146)
[2016.01.29-04.02.19:980][897]LogModuleManager: Shutting down and abandoning module AutomationWindow (145)
[2016.01.29-04.02.19:980][897]LogModuleManager: Shutting down and abandoning module Layers (144)
[2016.01.29-04.02.19:980][897]LogModuleManager: Shutting down and abandoning module ComponentVisualizers (143)
[2016.01.29-04.02.19:980][897]LogModuleManager: Shutting down and abandoning module DetailCustomizations (142)
[2016.01.29-04.02.19:980][897]LogModuleManager: Shutting down and abandoning module PackagesDialog (141)
[2016.01.29-04.02.19:980][897]LogModuleManager: Shutting down and abandoning module Persona (140)
[2016.01.29-04.02.19:980][897]LogModuleManager: Shutting down and abandoning module Kismet (139)
[2016.01.29-04.02.19:980][897]LogModuleManager: Shutting down and abandoning module GraphEditor (138)
[2016.01.29-04.02.19:980][897]LogModuleManager: Shutting down and abandoning module ClassViewer (137)
[2016.01.29-04.02.19:981][897]LogModuleManager: Shutting down and abandoning module Toolbox (136)
[2016.01.29-04.02.19:981][897]LogModuleManager: Shutting down and abandoning module ModuleUI (135)
[2016.01.29-04.02.19:981][897]LogModuleManager: Shutting down and abandoning module MovieSceneTools (134)
[2016.01.29-04.02.19:981][897]LogModuleManager: Shutting down and abandoning module OutputLog (133)
[2016.01.29-04.02.19:981][897]LogModuleManager: Shutting down and abandoning module GammaUI (132)
[2016.01.29-04.02.19:981][897]LogModuleManager: Shutting down and abandoning module Documentation (131)
[2016.01.29-04.02.19:981][897]LogModuleManager: Shutting down and abandoning module GameLiveStreaming (130)
[2016.01.29-04.02.19:981][897]LogModuleManager: Shutting down and abandoning module StreamingPauseRendering (129)
[2016.01.29-04.02.19:981][897]LogModuleManager: Shutting down and abandoning module AnalyticsET (128)
[2016.01.29-04.02.19:981][897]LogModuleManager: Shutting down and abandoning module Analytics (127)
[2016.01.29-04.02.19:981][897]LogModuleManager: Shutting down and abandoning module AITestSuite (126)
[2016.01.29-04.02.19:981][897]LogModuleManager: Shutting down and abandoning module GameplayDebugger (125)
[2016.01.29-04.02.19:981][897]LogModuleManager: Shutting down and abandoning module AIModule (124)
[2016.01.29-04.02.19:981][897]LogModuleManager: Shutting down and abandoning module ProfilerService (123)
[2016.01.29-04.02.20:070][897]LogModuleManager: Shutting down and abandoning module TaskGraph (122)
[2016.01.29-04.02.20:070][897]LogModuleManager: Shutting down and abandoning module SlateRemote (121)
[2016.01.29-04.02.20:070][897]LogModuleManager: Shutting down and abandoning module SteamVRController (120)
[2016.01.29-04.02.20:070][897]LogModuleManager: Shutting down and abandoning module SteamVR (119)
[2016.01.29-04.02.20:070][897]LogModuleManager: Shutting down and abandoning module ProceduralMeshComponent (118)
[2016.01.29-04.02.20:070][897]LogModuleManager: Shutting down and abandoning module OculusLibrary (117)
[2016.01.29-04.02.20:070][897]LogModuleManager: Shutting down and abandoning module OculusInput (116)
[2016.01.29-04.02.20:070][897]LogModuleManager: Shutting down and abandoning module LeapMotionController (115)
[2016.01.29-04.02.20:078][897]LogModuleManager: Shutting down and abandoning module CustomMeshComponent (114)
[2016.01.29-04.02.20:078][897]LogModuleManager: Shutting down and abandoning module CableComponent (113)
[2016.01.29-04.02.20:078][897]LogModuleManager: Shutting down and abandoning module ArchVisCharacter (112)
[2016.01.29-04.02.20:078][897]LogModuleManager: Shutting down and abandoning module MessagingDebugger (111)
[2016.01.29-04.02.20:078][897]LogModuleManager: Shutting down and abandoning module MediaPlayerEditor (110)
[2016.01.29-04.02.20:078][897]LogModuleManager: Shutting down and abandoning module HTML5Networking (109)
[2016.01.29-04.02.20:078][897]LogModuleManager: Shutting down and abandoning module SpeedTreeImporter (108)
[2016.01.29-04.02.20:078][897]LogModuleManager: Shutting down and abandoning module PluginBrowser (107)
[2016.01.29-04.02.20:078][897]LogModuleManager: Shutting down and abandoning module EpicSurvey (106)
[2016.01.29-04.02.20:078][897]LogModuleManager: Shutting down and abandoning module DesktopPlatform (105)
[2016.01.29-04.02.20:078][897]LogModuleManager: Shutting down and abandoning module VisualStudioSourceCodeAccess (104)
[2016.01.29-04.02.20:078][897]LogModuleManager: Shutting down and abandoning module UObjectPlugin (103)
[2016.01.29-04.02.20:078][897]LogModuleManager: Shutting down and abandoning module SubversionSourceControl (102)
[2016.01.29-04.02.20:079][897]LogModuleManager: Shutting down and abandoning module PerforceSourceControl (101)
[2016.01.29-04.02.20:079][897]LogModuleManager: Shutting down and abandoning module SourceControl (100)
[2016.01.29-04.02.20:079][897]LogModuleManager: Shutting down and abandoning module GitSourceControl (99)
[2016.01.29-04.02.20:079][897]LogModuleManager: Shutting down and abandoning module LightPropagationVolumeEditor (98)
[2016.01.29-04.02.20:079][897]LogModuleManager: Shutting down and abandoning module PaperTiledImporter (97)
[2016.01.29-04.02.20:079][897]LogModuleManager: Shutting down and abandoning module PaperSpriteSheetImporter (96)
[2016.01.29-04.02.20:079][897]LogModuleManager: Shutting down and abandoning module MeshPaint (95)
[2016.01.29-04.02.20:079][897]LogModuleManager: Shutting down and abandoning module SlateReflector (94)
[2016.01.29-04.02.20:079][897]LogModuleManager: Shutting down and abandoning module HotReload (93)
[2016.01.29-04.02.20:079][897]LogModuleManager: Shutting down and abandoning module MainFrame (92)
[2016.01.29-04.02.20:079][897]LogModuleManager: Shutting down and abandoning module LevelEditor (91)
[2016.01.29-04.02.20:080][897]LogModuleManager: Shutting down and abandoning module DirectoryWatcher (90)
[2016.01.29-04.02.20:080][897]LogModuleManager: Shutting down and abandoning module AssetRegistry (89)
[2016.01.29-04.02.20:162][897]LogModuleManager: Shutting down and abandoning module ContentBrowser (88)
[2016.01.29-04.02.20:162][897]LogModuleManager: Shutting down and abandoning module Paper2DEditor (87)
[2016.01.29-04.02.20:162][897]LogModuleManager: Shutting down and abandoning module UdpMessaging (86)
[2016.01.29-04.02.20:262][897]LogModuleManager: Shutting down and abandoning module LightPropagationVolumeRuntime (85)
[2016.01.29-04.02.20:262][897]LogModuleManager: Shutting down and abandoning module Paper2D (84)
[2016.01.29-04.02.20:262][897]LogModuleManager: Shutting down and abandoning module WindowsMoviePlayer (83)
[2016.01.29-04.02.20:262][897]LogModuleManager: Shutting down and abandoning module Media (82)
[2016.01.29-04.02.20:262][897]LogModuleManager: Shutting down and abandoning module WmfMedia (81)
[2016.01.29-04.02.20:262][897]LogModuleManager: Shutting down and abandoning module OnlineBlueprintSupport (80)
[2016.01.29-04.02.20:262][897]LogModuleManager: Shutting down and abandoning module GameplayTasksEditor (79)
[2016.01.29-04.02.20:262][897]LogModuleManager: Shutting down and abandoning module PropertyEditor (78)
[2016.01.29-04.02.20:262][897]LogModuleManager: Shutting down and abandoning module BehaviorTreeEditor (77)
[2016.01.29-04.02.20:262][897]LogModuleManager: Shutting down and abandoning module FunctionalTesting (76)
[2016.01.29-04.02.20:262][897]LogModuleManager: Shutting down and abandoning module CollisionAnalyzer (75)
[2016.01.29-04.02.20:262][897]LogModuleManager: Shutting down and abandoning module WorkspaceMenuStructure (74)
[2016.01.29-04.02.20:262][897]LogModuleManager: Shutting down and abandoning module MessageLog (73)
[2016.01.29-04.02.20:262][897]LogModuleManager: Shutting down and abandoning module Sequencer (72)
[2016.01.29-04.02.20:262][897]LogModuleManager: Shutting down and abandoning module AssetTools (71)
[2016.01.29-04.02.20:262][897]LogModuleManager: Shutting down and abandoning module UMGEditor (70)
[2016.01.29-04.02.20:262][897]LogModuleManager: Shutting down and abandoning module UMG (69)
[2016.01.29-04.02.20:263][897]LogModuleManager: Shutting down and abandoning module Slate (68)
[2016.01.29-04.02.20:263][897]LogModuleManager: Shutting down and abandoning module EditorStyle (67)
[2016.01.29-04.02.20:264][897]LogModuleManager: Shutting down and abandoning module SessionServices (66)
[2016.01.29-04.02.20:264][897]LogModuleManager: Shutting down and abandoning module SourceCodeAccess (65)
[2016.01.29-04.02.20:264][897]LogModuleManager: Shutting down and abandoning module HeadMountedDisplay (64)
[2016.01.29-04.02.20:264][897]LogModuleManager: Shutting down and abandoning module XAudio2 (63)
[2016.01.29-04.02.20:264][897]LogModuleManager: Shutting down and abandoning module Networking (61)
[2016.01.29-04.02.20:264][897]LogModuleManager: Shutting down and abandoning module Core (60)
[2016.01.29-04.02.20:264][897]LogModuleManager: Shutting down and abandoning module KismetCompiler (59)
[2016.01.29-04.02.20:264][897]LogModuleManager: Shutting down and abandoning module PhysXFormats (58)
[2016.01.29-04.02.20:264][897]LogModuleManager: Shutting down and abandoning module MeshUtilities (57)
[2016.01.29-04.02.20:264][897]LogModuleManager: Shutting down and abandoning module DerivedDataCache (56)
[2016.01.29-04.02.20:324][897]LogDerivedDataCache: Shutdown
[2016.01.29-04.02.20:324][897]LogModuleManager: Shutting down and abandoning module ShaderFormatOpenGL (55)
[2016.01.29-04.02.20:324][897]LogModuleManager: Shutting down and abandoning module ShaderFormatD3D (54)
[2016.01.29-04.02.20:324][897]LogModuleManager: Shutting down and abandoning module MetalShaderFormat (53)
[2016.01.29-04.02.20:324][897]LogModuleManager: Shutting down and abandoning module TextureFormatUncompressed (52)
[2016.01.29-04.02.20:324][897]LogModuleManager: Shutting down and abandoning module TextureFormatPVR (51)
[2016.01.29-04.02.20:324][897]LogModuleManager: Shutting down and abandoning module TextureFormatIntelISPCTexComp (50)
[2016.01.29-04.02.20:324][897]LogModuleManager: Shutting down and abandoning module TextureFormatDXT (49)
[2016.01.29-04.02.20:324][897]LogModuleManager: Shutting down and abandoning module ImageWrapper (48)
[2016.01.29-04.02.20:324][897]LogModuleManager: Shutting down and abandoning module TextureFormatASTC (47)
[2016.01.29-04.02.20:324][897]LogModuleManager: Shutting down and abandoning module TextureFormatAndroid (46)
[2016.01.29-04.02.20:324][897]LogModuleManager: Shutting down and abandoning module AudioFormatOpus (45)
[2016.01.29-04.02.20:324][897]LogModuleManager: Shutting down and abandoning module AudioFormatOgg (44)
[2016.01.29-04.02.20:324][897]LogModuleManager: Shutting down and abandoning module AudioFormatADPCM (43)
[2016.01.29-04.02.20:324][897]LogModuleManager: Shutting down and abandoning module LinuxTargetPlatform (42)
[2016.01.29-04.02.20:324][897]LogModuleManager: Shutting down and abandoning module LinuxServerTargetPlatform (41)
[2016.01.29-04.02.20:324][897]LogModuleManager: Shutting down and abandoning module LinuxNoEditorTargetPlatform (40)
[2016.01.29-04.02.20:324][897]LogModuleManager: Shutting down and abandoning module Messaging (39)
[2016.01.29-04.02.20:324][897]LogModuleManager: Shutting down and abandoning module IOSTargetPlatform (38)
[2016.01.29-04.02.20:324][897]LogModuleManager: Shutting down and abandoning module HTML5TargetPlatform (37)
[2016.01.29-04.02.20:324][897]LogModuleManager: Shutting down and abandoning module Android_PVRTCTargetPlatform (36)
[2016.01.29-04.02.20:324][897]LogModuleManager: Shutting down and abandoning module Android_MultiTargetPlatform (35)
[2016.01.29-04.02.20:324][897]LogModuleManager: Shutting down and abandoning module Android_ETC2TargetPlatform (34)
[2016.01.29-04.02.20:324][897]LogModuleManager: Shutting down and abandoning module Android_ETC1TargetPlatform (33)
[2016.01.29-04.02.20:324][897]LogModuleManager: Shutting down and abandoning module Android_DXTTargetPlatform (32)
[2016.01.29-04.02.20:324][897]LogModuleManager: Shutting down and abandoning module Android_ATCTargetPlatform (31)
[2016.01.29-04.02.20:324][897]LogModuleManager: Shutting down and abandoning module Android_ASTCTargetPlatform (30)
[2016.01.29-04.02.20:324][897]LogModuleManager: Shutting down and abandoning module AndroidTargetPlatform (29)
[2016.01.29-04.02.20:324][897]LogModuleManager: Shutting down and abandoning module WindowsTargetPlatform (28)
[2016.01.29-04.02.20:324][897]LogModuleManager: Shutting down and abandoning module WindowsServerTargetPlatform (27)
[2016.01.29-04.02.20:324][897]LogModuleManager: Shutting down and abandoning module WindowsNoEditorTargetPlatform (26)
[2016.01.29-04.02.20:324][897]LogModuleManager: Shutting down and abandoning module WindowsClientTargetPlatform (25)
[2016.01.29-04.02.20:324][897]LogModuleManager: Shutting down and abandoning module AllDesktopTargetPlatform (24)
[2016.01.29-04.02.20:324][897]LogModuleManager: Shutting down and abandoning module TargetPlatform (23)
[2016.01.29-04.02.20:324][897]LogModuleManager: Shutting down and abandoning module InputCore (22)
[2016.01.29-04.02.20:324][897]LogModuleManager: Shutting down and abandoning module Settings (21)
[2016.01.29-04.02.20:324][897]LogModuleManager: Shutting down and abandoning module OnlineSubsystem (19)
[2016.01.29-04.02.20:324][897]LogModuleManager: Shutting down and abandoning module HTTP (18)
[2016.01.29-04.02.23:325][897]LogModuleManager: Shutting down and abandoning module XMPP (17)
[2016.01.29-04.02.23:325][897]LogModuleManager: Shutting down and abandoning module OculusRift (16)
[2016.01.29-04.02.23:325][897]LogModuleManager: Shutting down and abandoning module ExampleDeviceProfileSelector (15)
[2016.01.29-04.02.23:325][897]LogModuleManager: Shutting down and abandoning module TextureCompressor (14)
[2016.01.29-04.02.23:325][897]LogModuleManager: Shutting down and abandoning module ShaderCore (13)
[2016.01.29-04.02.23:325][897]LogModuleManager: Shutting down and abandoning module Landscape (12)
[2016.01.29-04.02.23:325][897]LogModuleManager: Shutting down and abandoning module SlateRHIRenderer (11)
[2016.01.29-04.02.23:326][897]LogModuleManager: Shutting down and abandoning module OpenGLDrv (10)
[2016.01.29-04.02.23:326][897]LogModuleManager: Shutting down and abandoning module D3D11RHI (9)
[2016.01.29-04.02.23:326][897]LogModuleManager: Shutting down and abandoning module AnimGraphRuntime (8)
[2016.01.29-04.02.23:326][897]LogModuleManager: Shutting down and abandoning module Renderer (7)
[2016.01.29-04.02.23:326][897]LogModuleManager: Shutting down and abandoning module Engine (6)
[2016.01.29-04.02.23:326][897]LogModuleManager: Shutting down and abandoning module CoreUObject (5)
[2016.01.29-04.02.23:326][897]LogModuleManager: Shutting down and abandoning module NetworkFile (4)
[2016.01.29-04.02.23:326][897]LogModuleManager: Shutting down and abandoning module StreamingFile (3)
[2016.01.29-04.02.23:326][897]LogModuleManager: Shutting down and abandoning module SandboxFile (2)
[2016.01.29-04.02.23:326][897]LogModuleManager: Shutting down and abandoning module PakFile (1)
[2016.01.29-04.02.23:328][897]LogExit: Exiting.
[2016.01.29-04.02.23:329][897]Log file closed, 01/29/16 12:02:23
