[2016.01.04-02.33.05:913][  0]Log file open, 01/04/16 10:33:05
[2016.01.04-02.33.05:913][  0]LogInit:Display: Running engine for game: ExampleCollection10
[2016.01.04-02.33.05:913][  0]LogPlatformFile: Not using cached read wrapper
[2016.01.04-02.33.05:913][  0]LogInit:Display: RandInit(-1545512092) SRandInit(-1545512091).
[2016.01.04-02.33.05:913][  0]LogTaskGraph: Started task graph with 4 named threads and 7 total threads.
[2016.01.04-02.33.05:913][  0]LogStats: Stats thread started at 3.576096
[2016.01.04-02.33.05:913][  0]LogInit: Version: 4.10.1-2791327+++depot+UE4-Releases+4.10
[2016.01.04-02.33.05:913][  0]LogInit: API Version: 2758231
[2016.01.04-02.33.05:913][  0]LogInit: Compiled (64-bit): Dec  4 2015 19:44:40
[2016.01.04-02.33.05:913][  0]LogInit: Compiled with Visual C++: 19.00.23026.00
[2016.01.04-02.33.05:913][  0]LogInit: Build Configuration: Development
[2016.01.04-02.33.05:913][  0]LogInit: Branch Name: ++depot+UE4-Releases+4.10
[2016.01.04-02.33.05:913][  0]LogInit: Command line:  
[2016.01.04-02.33.05:913][  0]LogInit: Base directory: D:/Program Files/Epic Games/4.10/Engine/Binaries/Win64/
[2016.01.04-02.33.05:913][  0]LogInit: Rocket: 1
[2016.01.04-02.33.06:056][  0]LogInit: Using libcurl 7.41.0
[2016.01.04-02.33.06:056][  0]LogInit:  - built for x86_64-pc-win32
[2016.01.04-02.33.06:056][  0]LogInit:  - supports SSL with WinSSL
[2016.01.04-02.33.06:056][  0]LogInit:  - other features:
[2016.01.04-02.33.06:056][  0]LogInit:      CURL_VERSION_SSL
[2016.01.04-02.33.06:056][  0]LogInit:      CURL_VERSION_IPV6
[2016.01.04-02.33.06:057][  0]LogInit:      CURL_VERSION_ASYNCHDNS
[2016.01.04-02.33.06:057][  0]LogInit:      CURL_VERSION_LARGEFILE
[2016.01.04-02.33.06:057][  0]LogInit:      CURL_VERSION_IDN
[2016.01.04-02.33.06:057][  0]LogInit:  CurlRequestOptions (configurable via config and command line):
[2016.01.04-02.33.06:057][  0]LogInit:  - bVerifyPeer = true  - Libcurl will verify peer certificate
[2016.01.04-02.33.06:057][  0]LogInit:  - bUseHttpProxy = false  - Libcurl will NOT use HTTP proxy
[2016.01.04-02.33.06:058][  0]LogInit:  - bDontReuseConnections = false  - Libcurl will reuse connections
[2016.01.04-02.33.06:058][  0]LogInit:  - CertBundlePath = nullptr  - Libcurl will use whatever was configured at build time.
[2016.01.04-02.33.06:190][  0]LogInit: Presizing for 0 objects not considered by GC, pre-allocating 0 bytes.
[2016.01.04-02.33.06:379][  0]LogInit: Object subsystem initialized
[2016.01.04-02.33.06:614][  0]LogInit: Selected Device Profile: [Windows]
[2016.01.04-02.33.06:614][  0]LogInit: Applying CVar settings loaded from the selected device profile: [Windows]
[2016.01.04-02.33.06:702][  0]LogInit: Computer: PLAN-CHENXINGHU
[2016.01.04-02.33.06:702][  0]LogInit: User: chenxinghui
[2016.01.04-02.33.06:702][  0]LogInit: CPU Page size=4096, Cores=4
[2016.01.04-02.33.06:702][  0]LogInit: High frequency timer resolution =3.117832 MHz
[2016.01.04-02.33.06:703][  0]LogMemory: Memory total: Physical=7.9GB (8GB approx)
[2016.01.04-02.33.06:703][  0]LogMemory: Platform Memory Stats for Windows
[2016.01.04-02.33.06:703][  0]LogMemory: Process Physical Memory: 56.21 MB used, 56.21 MB peak
[2016.01.04-02.33.06:703][  0]LogMemory: Process Virtual Memory: 59.64 MB used, 59.64 MB peak
[2016.01.04-02.33.06:703][  0]LogMemory: Physical Memory: 2553.79 MB used, 8130.04 MB total
[2016.01.04-02.33.06:703][  0]LogMemory: Virtual Memory: 352.39 MB used, 8388608.00 MB total
[2016.01.04-02.33.09:282][  0]LogD3D11RHI: Found D3D11 adapter 0: NVIDIA GeForce GTX 660   (Feature Level 11_0)
[2016.01.04-02.33.09:282][  0]LogD3D11RHI: Adapter has 1989MB of dedicated video memory, 0MB of dedicated system memory, and 2048MB of shared system memory, 2 output[s]
[2016.01.04-02.33.09:282][  0]LogD3D11RHI: Chosen D3D11 Adapter Id = 0
[2016.01.04-02.33.09:289][  0]LogD3D11RHI: !Direct3DDevice
[2016.01.04-02.33.09:330][  0]LogRHI: Texture pool is 1361 MB (70% of 1945 MB)
[2016.01.04-02.33.09:339][  0]LogD3D11RHI: Async texture creation enabled
[2016.01.04-02.33.09:757][  0]LogShaderCompilers: Guid format shader working directory is 10 characters bigger than the processId version (E:/Unreal Work Space/ExampleCollection10/Intermediate/Shaders/WorkingDirectory/284/).
[2016.01.04-02.33.09:757][  0]LogShaderCompilers: Cleaned the shader compiler working directory 'C:/Users/CHENXI~1/AppData/Local/Temp/UnrealShaderWorkingDir/7A3160C741D2D5C767BB7E98EB5674A8/'.
[2016.01.04-02.33.09:775][  0]LogShaderCompilers:Display: Using Local Shader Compiler.
[2016.01.04-02.33.14:746][  0]LogTemp:Display: Loaded TP AllDesktopTargetPlatform
[2016.01.04-02.33.14:750][  0]LogTemp:Display: Loaded TP WindowsClientTargetPlatform
[2016.01.04-02.33.14:754][  0]LogTemp:Display: Loaded TP WindowsNoEditorTargetPlatform
[2016.01.04-02.33.14:758][  0]LogTemp:Display: Loaded TP WindowsServerTargetPlatform
[2016.01.04-02.33.14:773][  0]LogTemp:Display: Loaded TP WindowsTargetPlatform
[2016.01.04-02.33.14:799][  0]LogTemp:Display: Loaded TP AndroidTargetPlatform
[2016.01.04-02.33.14:813][  0]LogTemp:Display: Loaded TP Android_ASTCTargetPlatform
[2016.01.04-02.33.14:835][  0]LogTemp:Display: Loaded TP Android_ATCTargetPlatform
[2016.01.04-02.33.14:869][  0]LogTemp:Display: Loaded TP Android_DXTTargetPlatform
[2016.01.04-02.33.14:892][  0]LogTemp:Display: Loaded TP Android_ETC1TargetPlatform
[2016.01.04-02.33.14:913][  0]LogTemp:Display: Loaded TP Android_ETC2TargetPlatform
[2016.01.04-02.33.14:956][  0]LogTemp:Display: Loaded TP Android_MultiTargetPlatform
[2016.01.04-02.33.14:956][  0]LogTemp:Display: Loaded TP Android_PVRTCTargetPlatform
[2016.01.04-02.33.14:957][  0]LogTemp:Display: Loaded TP HTML5TargetPlatform
[2016.01.04-02.33.15:069][  0]LogTemp:Display: Loaded TP IOSTargetPlatform
[2016.01.04-02.33.15:080][  0]LogTemp:Display: Loaded TP LinuxNoEditorTargetPlatform
[2016.01.04-02.33.15:085][  0]LogTemp:Display: Loaded TP LinuxServerTargetPlatform
[2016.01.04-02.33.15:104][  0]LogTemp:Display: Loaded TP LinuxTargetPlatform
[2016.01.04-02.33.15:104][  0]LogTargetPlatformManager:Display: Building Assets For Windows
[2016.01.04-02.33.16:391][  0]LogDerivedDataCache:Display: Max Cache Size: 512 MB
[2016.01.04-02.33.16:805][  0]LogDerivedDataCache: Loaded boot cache 0.41s 41MB C:/Users/chenxinghui/AppData/Local/UnrealEngine/4.10/DerivedDataCache/Boot.ddc.
[2016.01.04-02.33.16:805][  0]LogDerivedDataCache:Display: Loaded Boot cache: C:/Users/chenxinghui/AppData/Local/UnrealEngine/4.10/DerivedDataCache/Boot.ddc
[2016.01.04-02.33.16:805][  0]LogDerivedDataCache: FDerivedDataBackendGraph:  Pak pak cache file E:/Unreal Work Space/ExampleCollection10/DerivedDataCache/DDC.ddp not found, will not use a pak cache.
[2016.01.04-02.33.16:805][  0]LogDerivedDataCache: Unable to find inner node Pak for hierarchical cache Hierarchy.
[2016.01.04-02.33.16:805][  0]LogDerivedDataCache: FDerivedDataBackendGraph:  CompressedPak pak cache file E:/Unreal Work Space/ExampleCollection10/DerivedDataCache/Compressed.ddp not found, will not use a pak cache.
[2016.01.04-02.33.16:805][  0]LogDerivedDataCache: Unable to find inner node CompressedPak for hierarchical cache Hierarchy.
[2016.01.04-02.33.16:915][  0]LogDerivedDataCache:Display: Pak cache opened for reading ../../../Engine/DerivedDataCache/Compressed.ddp.
[2016.01.04-02.33.16:946][  0]LogDerivedDataCache: Using Local data cache path C:/Users/chenxinghui/AppData/Local/UnrealEngine/Common/DerivedDataCache: Writable
[2016.01.04-02.33.32:602][  0]LogInit: Selected Device Profile: [Windows]
[2016.01.04-02.33.32:635][  0]LogContentStreaming: Texture pool size is 0.000000MB
[2016.01.04-02.33.33:672][  0]LogMeshUtilities: No automatic mesh reduction module available
[2016.01.04-02.33.33:672][  0]LogMeshUtilities: No automatic mesh merging module available
[2016.01.04-02.33.37:113][  0]LogInit: WinSock: version 1.1 (2.2), MaxSocks=32767, MaxUdp=65467
[2016.01.04-02.33.44:657][  0]UdpMessaging: Initializing bridge on interface 0.0.0.0:0 to multicast group 230.0.0.1:6666.
[2016.01.04-02.33.45:191][  0]LogAssetRegistry: FAssetRegistry took 0.0218 seconds to start up
[2016.01.04-02.33.49:868][  0]SourceControl: Info Source control is disabled
[2016.01.04-02.33.49:907][  0]SourceControl: Info Source control is disabled
[2016.01.04-02.33.49:916][  0]SourceControl: Info Source control is disabled
[2016.01.04-02.33.49:924][  0]SourceControl: Info Source control is disabled
[2016.01.04-02.33.51:025][  0]LogObj: 28633 objects as part of root set at end of initial load.
[2016.01.04-02.33.51:025][  0]LogUObjectAllocator: 6099744 out of 0 bytes used by permanent object pool.
[2016.01.04-02.33.51:712][  0]LogEngine: Initializing Engine...
[2016.01.04-02.33.51:726][  0]LogHMD: Can't find Oculus library dev build: is proper Runtime installed? Version: 0.8.0.0
[2016.01.04-02.33.51:746][  0]LogHMD: SteamVR failed to initialize.  Err: 110
[2016.01.04-02.33.52:369][  0]LogAIModule: Creating AISystem for world NewWorld
[2016.01.04-02.33.52:601][  0]LogInit: XAudio2 using '扬声器 (Realtek High Definition Audio)' : 2 channels at 48 kHz using 32 bits per sample (channel mask 0x3)
[2016.01.04-02.33.53:014][  0]LogInit: FAudioDevice initialized.
[2016.01.04-02.33.53:040][  0]LogDerivedDataCache: Saved boot cache 0.03s 41MB C:/Users/chenxinghui/AppData/Local/UnrealEngine/4.10/DerivedDataCache/Boot.ddc.
[2016.01.04-02.33.53:047][  0]LogInit: Texture streaming: Enabled
[2016.01.04-02.33.53:099][  0]LogAnalytics: Creating configured Analytics provider AnalyticsET
[2016.01.04-02.33.53:107][  0]LogAnalytics: [UEEditor.Rocket.Release] APIServer = http://et2.epicgames.com/ET2/. AppVersion = 4.10.1-2791327+++depot+UE4-Releases+4.10
[2016.01.04-02.33.53:108][  0]LogAnalytics: [UEEditor.Rocket.Release] SetUserId fcc8beb743eb3f315b3205bc8f91fbb8|ecc15fb7c1f4439e807eef072eca5f98|c014cd18-b694-4710-a8b7-958888126c98
[2016.01.04-02.33.53:120][  0]LogAnalytics: [UEEditor.Rocket.Release] AnalyticsET::StartSession
[2016.01.04-02.33.53:450][  0]LogInit: Transaction tracking system initialized
[2016.01.04-02.33.53:719][  0]BlueprintLog: New page: Editor Load
[2016.01.04-02.33.55:391][  0]LocalizationService: Info Localization service is disabled
[2016.01.04-02.33.56:153][  0]LogConsoleResponse:Display: 
[2016.01.04-02.33.59:610][  0]LogFileCache: Scanning file cache for directory 'E:/Unreal Work Space/ExampleCollection10/Content/' took 0.01s
[2016.01.04-02.33.59:610][  0]LogCook:Display: Done creating registry. It took  0.00s.
[2016.01.04-02.34.00:519][  0]SourceControl: Info Source control is disabled
[2016.01.04-02.34.00:553][  0]Cmd: MAP LOAD FILE="E:/Unreal Work Space/ExampleCollection10/Content/ThirdPersonBP/Maps/ThirdPersonExampleMap.umap" TEMPLATE=0 SHOWPROGRESS=1 FEATURELEVEL=3
[2016.01.04-02.34.00:665][  0]LightingResults: New page: Lighting Build
[2016.01.04-02.34.01:032][  0]MapCheck: New page: Map Check
[2016.01.04-02.34.01:032][  0]LightingResults: New page: Lighting Build
[2016.01.04-02.34.01:391][  0]LogParticles: Destroying 0 GPU particle simulations for FXSystem 0x0000000023E0EAC0
[2016.01.04-02.34.05:570][  0]LogAIModule: Creating AISystem for world ThirdPersonExampleMap
[2016.01.04-02.34.06:287][  0]LogEditorServer: Finished looking for orphan Actors (0.000 secs)
[2016.01.04-02.34.06:333][  0]Cmd: MAP CHECKDEP NOCLEARLOG
[2016.01.04-02.34.06:371][  0]MapCheck: Info Map check complete: 0 Error(s), 0 Warning(s), took 37.717ms to complete.
[2016.01.04-02.34.06:371][  0]LogFileHelpers: Loading map 'ThirdPersonExampleMap' took 5.826
[2016.01.04-02.34.07:722][  0]LogCollectionManager: Loaded 0 collections in 0.001859 seconds
[2016.01.04-02.34.07:843][  0]LogFileCache: Scanning file cache for directory 'E:/Unreal Work Space/ExampleCollection10/Saved/Collections/' took 0.01s
[2016.01.04-02.34.07:843][  0]LogFileCache: Scanning file cache for directory 'E:/Unreal Work Space/ExampleCollection10/Content/Developers/chenxinghui/Collections/' took 0.01s
[2016.01.04-02.34.07:843][  0]LogFileCache: Scanning file cache for directory 'E:/Unreal Work Space/ExampleCollection10/Content/Collections/' took 0.01s
[2016.01.04-02.34.07:843][  0]LogCollectionManager: Rebuilt the GUID cache for 0 collections in 0.000004 seconds
[2016.01.04-02.34.07:864][  0]LogContentBrowser: Native class hierarchy populated in 0.0204 seconds. Added 1893 classes and 338 folders.
[2016.01.04-02.34.07:945][  0]LogContentBrowser: Native class hierarchy updated for 'WidgetCarousel' in 0.0004 seconds. Added 0 classes and 0 folders.
[2016.01.04-02.34.08:601][  0]LogContentBrowser: Native class hierarchy updated for 'AddContentDialog' in 0.0003 seconds. Added 0 classes and 0 folders.
[2016.01.04-02.34.08:685][  0]LogContentBrowser: Native class hierarchy updated for 'SceneOutliner' in 0.0004 seconds. Added 1 classes and 2 folders.
[2016.01.04-02.34.09:195][  0]LogCrashTracker: Crashtracker disabled due to settings.
[2016.01.04-02.34.09:447][  0]LogUObjectGlobals:Warning: Failed to find object 'Class None.'
[2016.01.04-02.34.09:508][  0]LogLoad: Full Startup: 70.65 seconds (BP compile: 0.67 seconds)
[2016.01.04-02.34.09:863][  0]LogOcInput: Can't find Oculus library dev build: is proper Runtime installed? Version: 0.8.0.0
[2016.01.04-02.34.10:239][  0]LogContentStreaming: Texture pool size now 1000 MB
[2016.01.04-02.34.11:002][  0]LogRenderer: Reallocating scene render targets to support 824x580 (Frame:2).
[2016.01.04-02.34.12:058][  5]LogAssetRegistry: Asset discovery search completed in 26.8798 seconds
[2016.01.04-02.34.12:086][  5]LogCollectionManager: Rebuilt the object cache for 0 collections in 0.000000 seconds (found 0 objects)
[2016.01.04-02.34.12:086][  5]LogCollectionManager: Fixed up redirectors for 0 collections in 0.017775 seconds (updated 0 objects)
[2016.01.04-02.35.37:765][ 47]Cmd: MAP LOAD FILE="E:/Unreal Work Space/ExampleCollection10/Content/My/TestMap/MatTestMap.umap" TEMPLATE=0 SHOWPROGRESS=1 FEATURELEVEL=3
[2016.01.04-02.35.37:816][ 47]LightingResults: New page: Lighting Build
[2016.01.04-02.35.37:831][ 47]LoadErrors: New page: Loading map: MatTestMap.umap
[2016.01.04-02.35.37:844][ 47]MapCheck: New page: Map Check
[2016.01.04-02.35.37:844][ 47]LightingResults: New page: Lighting Build
[2016.01.04-02.35.37:891][ 47]LogParticles: Destroying 0 GPU particle simulations for FXSystem 0x00000000114E7CE0
[2016.01.04-02.35.40:833][ 47]LogMaterial: Missing cached shader map for material My_TilesWall, compiling. 
[2016.01.04-02.35.41:794][ 47]LogAIModule: Creating AISystem for world MatTestMap
[2016.01.04-02.35.41:900][ 47]LogEditorServer: Finished looking for orphan Actors (0.000 secs)
[2016.01.04-02.35.41:925][ 47]Cmd: MAP CHECKDEP NOCLEARLOG
[2016.01.04-02.35.41:966][ 47]MapCheck: Info Map check complete: 0 Error(s), 0 Warning(s), took 41.08ms to complete.
[2016.01.04-02.35.41:966][ 47]LogFileHelpers: Loading map 'MatTestMap' took 4.202
[2016.01.04-02.38.26:494][504]LogEditorViewport: Clicking on Actor (LMB): StaticMeshActor (Wall_400x401)
[2016.01.04-02.38.29:510][505]LogEditorViewport: Clicking on Actor (LMB): StaticMeshActor (Wall_400x401)
[2016.01.04-02.38.34:563][960]LogRenderer: Reallocating scene render targets to support 956x892 (Frame:6375).
[2016.01.04-02.38.46:609][127]LogEditorViewport: Clicking on Actor (LMB): StaticMeshActor (Wall_400x401)
[2016.01.04-02.38.47:599][210]LogMaterial: Missing cached shader map for material My_TilesWall, compiling. 
[2016.01.04-02.38.48:008][210]LogMaterial: Missing cached shader map for material My_TilesWall, compiling. 
[2016.01.04-02.38.48:019][210]LogMaterial: 0.000058 seconds spent updating 1 materials, 1 interfaces, 0 instances, 0 with static permutations.
[2016.01.04-02.38.48:081][210]LogMaterial: Missing cached shader map for material FMatExpressionPreview MaterialExpressionTextureSample_0, compiling. 
[2016.01.04-02.38.48:114][210]LogMaterial: Missing cached shader map for material FMatExpressionPreview MaterialExpressionTextureSample_14, compiling. 
[2016.01.04-02.38.48:129][210]LogMaterial: Missing cached shader map for material FMatExpressionPreview MaterialExpressionScalarParameter_3, compiling. 
[2016.01.04-02.38.48:156][210]LogMaterial: Missing cached shader map for material FMatExpressionPreview MaterialExpressionTextureSample_17, compiling. 
[2016.01.04-02.38.48:173][210]LogMaterial: Missing cached shader map for material FMatExpressionPreview MaterialExpressionTextureSample_18, compiling. 
[2016.01.04-02.38.49:792][274]MaterialEditorStats: Info Base pass shader with only dynamic lighting: 99 instructions
[2016.01.04-02.38.49:792][274]MaterialEditorStats: Info Vertex shader: 34 instructions
[2016.01.04-02.38.49:792][274]MaterialEditorStats: Info Texture samplers: 8/16
[2016.01.04-02.38.54:711][661]LogMaterial: Missing cached shader map for material My_TilesWall, compiling. 
[2016.01.04-02.38.54:735][661]LogMaterial: 0.000149 seconds spent updating 1 materials, 1 interfaces, 0 instances, 0 with static permutations.
[2016.01.04-02.38.56:624][809]MaterialEditorStats: Info Base pass shader with only dynamic lighting: 100 instructions
[2016.01.04-02.38.56:624][809]MaterialEditorStats: Info Vertex shader: 33 instructions
[2016.01.04-02.38.56:624][809]MaterialEditorStats: Info Texture samplers: 8/16
[2016.01.04-02.39.00:695][162]LogMaterial: Missing cached shader map for material My_TilesWall, compiling. 
[2016.01.04-02.39.00:715][162]LogMaterial: 0.000286 seconds spent updating 1 materials, 1 interfaces, 0 instances, 0 with static permutations.
[2016.01.04-02.39.02:388][271]MaterialEditorStats: Info Base pass shader with only dynamic lighting: 100 instructions
[2016.01.04-02.39.02:388][271]MaterialEditorStats: Info Vertex shader: 33 instructions
[2016.01.04-02.39.02:388][271]MaterialEditorStats: Info Texture samplers: 8/16
[2016.01.04-02.39.13:438][242]LogMaterial: Missing cached shader map for material Material_1, compiling. 
[2016.01.04-02.39.13:444][242]LogMaterial: 0.000076 seconds spent updating 1 materials, 1 interfaces, 0 instances, 0 with static permutations.
[2016.01.04-02.39.13:448][242]LogMaterial: Missing cached shader map for material Material_1, compiling. 
[2016.01.04-02.39.13:455][242]LogMaterial: 0.000163 seconds spent updating 1 materials, 1 interfaces, 0 instances, 0 with static permutations.
[2016.01.04-02.39.13:578][242]LogMaterial: Missing cached shader map for material FMatExpressionPreview MaterialExpressionFunctionOutput_1, compiling. 
[2016.01.04-02.39.13:587][242]LogMaterial: Missing cached shader map for material FMatExpressionPreview MaterialExpressionFunctionInput_5, compiling. 
[2016.01.04-02.39.13:667][242]LogMaterial: Missing cached shader map for material FMatExpressionPreview MaterialExpressionTextureSample_5, compiling. 
[2016.01.04-02.39.13:670][242]LogMaterial: Missing cached shader map for material FMatExpressionPreview MaterialExpressionTextureSample_6, compiling. 
[2016.01.04-02.39.13:732][242]LogMaterial: Missing cached shader map for material FMatExpressionPreview MaterialExpressionTextureSample_7, compiling. 
[2016.01.04-02.39.13:836][242]LogMaterial: Missing cached shader map for material FMatExpressionPreview MaterialExpressionBumpOffset_0, compiling. 
[2016.01.04-02.39.13:889][242]LogMaterial: Missing cached shader map for material FMatExpressionPreview MaterialExpressionFunctionInput_6, compiling. 
[2016.01.04-02.39.20:089][722]LogMaterial: Missing cached shader map for material Material_1, compiling. 
[2016.01.04-02.39.20:113][722]LogMaterial: 0.000193 seconds spent updating 1 materials, 1 interfaces, 0 instances, 0 with static permutations.
[2016.01.04-02.39.28:229][319]LogMaterialEditor: Applying material ML_Tiles_Broken
[2016.01.04-02.39.28:629][319]LogMaterial: Missing cached shader map for material Material_1, compiling. 
[2016.01.04-02.39.28:685][319]LogMaterial: 0.000195 seconds spent updating 1 materials, 1 interfaces, 0 instances, 0 with static permutations.
[2016.01.04-02.39.29:083][319]LogMaterial: Missing cached shader map for material My_TilesWall, compiling. 
[2016.01.04-02.39.29:236][319]LogMaterial: Missing cached shader map for material My_TilesWall, compiling. 
[2016.01.04-02.39.29:290][319]LogMaterial: 0.001010 seconds spent updating 2 materials, 2 interfaces, 0 instances, 0 with static permutations.
[2016.01.04-02.39.31:056][433]LogMaterial: Missing cached shader map for material Material_3, compiling. 
[2016.01.04-02.39.31:063][433]LogMaterial: 0.000025 seconds spent updating 1 materials, 1 interfaces, 0 instances, 0 with static permutations.
[2016.01.04-02.39.31:066][433]LogMaterial: Missing cached shader map for material Material_3, compiling. 
[2016.01.04-02.39.31:073][433]LogMaterial: 0.000023 seconds spent updating 1 materials, 1 interfaces, 0 instances, 0 with static permutations.
[2016.01.04-02.39.31:228][433]LogMaterial: Missing cached shader map for material FMatExpressionPreview MaterialExpressionFunctionOutput_2, compiling. 
[2016.01.04-02.39.31:386][433]LogMaterial: Missing cached shader map for material FMatExpressionPreview MaterialExpressionFunctionInput_7, compiling. 
[2016.01.04-02.39.31:512][433]LogMaterial: Missing cached shader map for material FMatExpressionPreview MaterialExpressionTextureSample_8, compiling. 
[2016.01.04-02.39.31:624][433]LogMaterial: Missing cached shader map for material FMatExpressionPreview MaterialExpressionTextureSample_9, compiling. 
[2016.01.04-02.39.31:683][434]MaterialEditorStats: Info Base pass shader with only dynamic lighting: 101 instructions
[2016.01.04-02.39.31:683][434]MaterialEditorStats: Info Vertex shader: 33 instructions
[2016.01.04-02.39.31:683][434]MaterialEditorStats: Info Texture samplers: 8/16
[2016.01.04-02.39.36:573][686]LogMaterial: Missing cached shader map for material Material_3, compiling. 
[2016.01.04-02.39.36:579][686]LogMaterial: 0.000028 seconds spent updating 1 materials, 1 interfaces, 0 instances, 0 with static permutations.
[2016.01.04-02.39.37:345][721]LogMaterialEditor: Applying material ML_Tiles_Whole
[2016.01.04-02.39.37:786][721]LogMaterial: Missing cached shader map for material Material_3, compiling. 
[2016.01.04-02.39.37:809][721]LogMaterial: 0.000031 seconds spent updating 1 materials, 1 interfaces, 0 instances, 0 with static permutations.
[2016.01.04-02.39.37:870][721]LogMaterial: Missing cached shader map for material My_TilesWall, compiling. 
[2016.01.04-02.39.37:883][721]LogMaterial: Missing cached shader map for material My_TilesWall, compiling. 
[2016.01.04-02.39.37:898][721]LogMaterial: 0.000884 seconds spent updating 2 materials, 2 interfaces, 0 instances, 0 with static permutations.
[2016.01.04-02.39.41:061][900]MaterialEditorStats: Info Base pass shader with only dynamic lighting: 100 instructions
[2016.01.04-02.39.41:061][900]MaterialEditorStats: Info Vertex shader: 33 instructions
[2016.01.04-02.39.41:061][900]MaterialEditorStats: Info Texture samplers: 8/16
[2016.01.04-02.39.49:983][548]LogMaterialEditor: Saving and Compiling material ML_Tiles_Whole
[2016.01.04-02.39.50:166][548]LogMaterial: Missing cached shader map for material Material_4, compiling. 
[2016.01.04-02.39.50:361][548]LogSavePackage: Save=60.542389ms
[2016.01.04-02.39.50:361][548]LogSavePackage: Moving 'E:/Unreal Work Space/ExampleCollection10/Saved/ML_Tiles_WholeB8E992F74DD8EF640D80E8A16CCE1A6D.tmp' to 'E:/Unreal Work Space/ExampleCollection10/Content/My/ExampleCollection/MatCollection/MatFunction/ML_Tiles_Whole/ML_Tiles_Whole.uasset'
[2016.01.04-02.39.50:364][548]LogSavePackage: Total save time: 155.339349ms
[2016.01.04-02.39.50:364][548]LogSavePackage:Display: Finished SavePackage E:/Unreal Work Space/ExampleCollection10/Content/My/ExampleCollection/MatCollection/MatFunction/ML_Tiles_Whole/ML_Tiles_Whole.uasset
[2016.01.04-02.39.52:079][644]LogMaterialEditor: Saving and Compiling material ML_Tiles_Broken
[2016.01.04-02.39.52:129][644]LogMaterial: Missing cached shader map for material Material_5, compiling. 
[2016.01.04-02.39.52:186][644]LogSavePackage: Save=15.608603ms
[2016.01.04-02.39.52:186][644]LogSavePackage: Moving 'E:/Unreal Work Space/ExampleCollection10/Saved/ML_Tiles_BrokenFD0CB17E40C526D08C88E3B10CFD0449.tmp' to 'E:/Unreal Work Space/ExampleCollection10/Content/My/ExampleCollection/MatCollection/MatFunction/ML_Tiles_Broken/ML_Tiles_Broken.uasset'
[2016.01.04-02.39.52:189][644]LogSavePackage: Total save time: 22.665426ms
[2016.01.04-02.39.52:189][644]LogSavePackage:Display: Finished SavePackage E:/Unreal Work Space/ExampleCollection10/Content/My/ExampleCollection/MatCollection/MatFunction/ML_Tiles_Broken/ML_Tiles_Broken.uasset
[2016.01.04-02.39.53:239][689]LogMaterialEditor: Applying material My_TilesWall
[2016.01.04-02.39.53:661][689]LogMaterial: Missing cached shader map for material My_TilesWall, compiling. 
[2016.01.04-02.39.53:679][689]LogMaterial: 0.000139 seconds spent updating 1 materials, 1 interfaces, 0 instances, 0 with static permutations.
[2016.01.04-02.39.53:739][689]LogMaterial: Missing cached shader map for material My_TilesWall, compiling. 
[2016.01.04-02.39.53:768][689]LogMaterial: Missing cached shader map for material My_TilesWall, compiling. 
[2016.01.04-02.39.53:777][689]LogMaterial: 0.000454 seconds spent updating 1 materials, 1 interfaces, 0 instances, 0 with static permutations.
[2016.01.04-02.39.58:916][ 50]MaterialEditorStats: Info Base pass shader with only dynamic lighting: 119 instructions
[2016.01.04-02.39.58:916][ 50]MaterialEditorStats: Info Vertex shader: 33 instructions
[2016.01.04-02.39.58:916][ 50]MaterialEditorStats: Info Texture samplers: 11/16
[2016.01.04-02.40.22:733][128]LogMaterial: Missing cached shader map for material Material_3, compiling. 
[2016.01.04-02.40.22:740][128]LogMaterial: 0.000162 seconds spent updating 1 materials, 1 interfaces, 0 instances, 0 with static permutations.
[2016.01.04-02.40.29:997][729]LogMaterialEditor: Applying material ML_Tiles_Whole
[2016.01.04-02.40.30:363][729]LogMaterial: Missing cached shader map for material Material_3, compiling. 
[2016.01.04-02.40.30:394][729]LogMaterial: 0.000106 seconds spent updating 1 materials, 1 interfaces, 0 instances, 0 with static permutations.
[2016.01.04-02.40.30:490][729]LogMaterial: Missing cached shader map for material My_TilesWall, compiling. 
[2016.01.04-02.40.30:501][729]LogMaterial: Missing cached shader map for material My_TilesWall, compiling. 
[2016.01.04-02.40.30:514][729]LogMaterial: 0.000406 seconds spent updating 2 materials, 2 interfaces, 0 instances, 0 with static permutations.
[2016.01.04-02.40.37:252][201]MaterialEditorStats: Info Base pass shader with only dynamic lighting: 120 instructions
[2016.01.04-02.40.37:252][201]MaterialEditorStats: Info Vertex shader: 33 instructions
[2016.01.04-02.40.37:252][201]MaterialEditorStats: Info Texture samplers: 11/16
[2016.01.04-02.40.57:742][972]LogContentBrowser: Native class hierarchy updated for 'TextureEditor' in 0.0014 seconds. Added 1 classes and 2 folders.
[2016.01.04-02.41.31:723][ 79]LogMaterialEditor: Saving and Compiling material ML_Tiles_Whole
[2016.01.04-02.41.31:824][ 79]LogMaterial: Missing cached shader map for material Material_6, compiling. 
[2016.01.04-02.41.31:902][ 79]LogSavePackage: Save=16.219925ms
[2016.01.04-02.41.31:902][ 79]LogSavePackage: Moving 'E:/Unreal Work Space/ExampleCollection10/Saved/ML_Tiles_WholeEB4E185F47CD407918D2BBA03DB1EA32.tmp' to 'E:/Unreal Work Space/ExampleCollection10/Content/My/ExampleCollection/MatCollection/MatFunction/ML_Tiles_Whole/ML_Tiles_Whole.uasset'
[2016.01.04-02.41.31:903][ 79]LogSavePackage: Total save time: 20.579685ms
[2016.01.04-02.41.31:903][ 79]LogSavePackage:Display: Finished SavePackage E:/Unreal Work Space/ExampleCollection10/Content/My/ExampleCollection/MatCollection/MatFunction/ML_Tiles_Whole/ML_Tiles_Whole.uasset
[2016.01.04-02.45.09:687][431]LogEditorViewport: Clicking on Actor (LMB): StaticMeshActor (Wall_400x401)
[2016.01.04-02.45.46:139][858]LogParticles: Destroying 0 GPU particle simulations for FXSystem 0x0000000028CA8EA0
[2016.01.04-02.45.46:139][858]LogParticles: Destroying 0 GPU particle simulations for FXSystem 0x000000001B68A0C0
[2016.01.04-02.45.46:242][858]LogSavePackage: Save=18.093342ms
[2016.01.04-02.45.46:242][858]LogSavePackage: Moving 'E:/Unreal Work Space/ExampleCollection10/Saved/My_TilesWallBA014491474C31725182DD961355534B.tmp' to 'E:/Unreal Work Space/ExampleCollection10/Content/My/ExampleCollection/MatCollection/Architecture/TilesWall/My_TilesWall.uasset'
[2016.01.04-02.45.46:243][858]LogSavePackage: Total save time: 24.948746ms
[2016.01.04-02.45.46:243][858]LogSavePackage:Display: Finished SavePackage E:/Unreal Work Space/ExampleCollection10/Content/My/ExampleCollection/MatCollection/Architecture/TilesWall/My_TilesWall.uasset
[2016.01.04-02.56.48:631][565]LogFactory: FactoryCreateBinary: StaticMesh with FbxFactory (0 0 C:/Users/chenxinghui/Desktop/UE4 Texture/Architecture/TilesWall/SM_Hallway_Wall_Corner_Outer_Curved_600.FBX)
[2016.01.04-02.56.48:854][565]LogFbx: ItemName: GlobalSettings, ItemCount : 1
[2016.01.04-02.56.48:854][565]LogFbx: ItemName: AnimationStack, ItemCount : 1
[2016.01.04-02.56.48:854][565]LogFbx: ItemName: AnimationLayer, ItemCount : 1
[2016.01.04-02.56.48:854][565]LogFbx: ItemName: Model, ItemCount : 1
[2016.01.04-02.56.48:854][565]LogFbx: ItemName: Geometry, ItemCount : 1
[2016.01.04-02.56.48:854][565]LogFbx: ItemName: Material, ItemCount : 1
[2016.01.04-02.56.48:944][565]LogFbx: Loading FBX Scene from C:/Users/chenxinghui/Desktop/UE4 Texture/Architecture/TilesWall/SM_Hallway_Wall_Corner_Outer_Curved_600.FBX
[2016.01.04-02.56.49:061][565]LogFbx: FBX Scene Loaded Succesfully
[2016.01.04-02.57.07:477][565]LogFbx: Loading FBX Scene from C:/Users/chenxinghui/Desktop/UE4 Texture/Architecture/TilesWall/SM_Hallway_Wall_Corner_Outer_Curved_600.FBX
[2016.01.04-02.57.07:558][565]LogFbx: FBX Scene Loaded Succesfully
[2016.01.04-02.57.07:674][565]LogLinker:Warning: Can't find file '/Game/My/Shape/M_Tiles_Wall_Mesh_Paint'
[2016.01.04-02.57.07:675][565]LogLinker:Warning: Can't find file '/Game/My/Shape/M_Tiles_Wall_Mesh_Paint'
[2016.01.04-02.57.07:715][565]LogMaterial: Missing cached shader map for material M_Tiles_Wall_Mesh_Paint, compiling. 
[2016.01.04-02.57.08:007][565]LogStaticMesh: Building static mesh SM_Hallway_Wall_Corner_Outer_Curved_600...
[2016.01.04-02.57.08:492][565]LogStaticMesh: Built static mesh [0.485240.2s] /Game/My/Shape/SM_Hallway_Wall_Corner_Outer_Curved_600.SM_Hallway_Wall_Corner_Outer_Curved_600
[2016.01.04-02.57.08:967][565]FBXImport:Warning: Warning Warning: No smoothing group information was found in this FBX scene.  Please make sure to enable the 'Export Smoothing Groups' option in the FBX Exporter plug-in before exporting the file.  Even for tools that don't support smoothing groups, the FBX Exporter will generate appropriate smoothing data at export-time so that correct vertex normals can be inferred while importing. 
[2016.01.04-02.57.15:817][982]LogActorFactory: Actor Factory created SM_Hallway_Wall_Corner_Outer_Curved_600
[2016.01.04-02.57.16:660][ 39]LogActorFactory: Actor Factory created SM_Hallway_Wall_Corner_Outer_Curved_600
[2016.01.04-02.58.16:627][908]LogEditorViewport: Clicking on Actor (LMB): BP_Sky_Sphere_C (Sky Sphere)
[2016.01.04-02.58.17:445][985]LogEditorViewport: Clicking on Actor (LMB): BP_Sky_Sphere_C (Sky Sphere)
[2016.01.04-02.58.18:116][ 59]LogEditorViewport: Clicking on Actor (LMB): StaticMeshActor (Floor)
[2016.01.04-02.58.18:858][135]LogEditorViewport: Clicking on Actor (LMB): StaticMeshActor (SM_Hallway_Wall_Corner_Outer_Curved_600)
[2016.01.04-02.58.28:460][ 80]LogEditorViewport: Clicking on Actor (LMB): StaticMeshActor (SM_Hallway_Wall_Corner_Outer_Curved_600)
[2016.01.04-02.58.45:745][771]LogMaterial: Missing cached shader map for material My_TilesWall, compiling. 
[2016.01.04-02.58.45:751][771]LogMaterial: 0.000068 seconds spent updating 1 materials, 1 interfaces, 0 instances, 0 with static permutations.
[2016.01.04-02.58.48:017][906]LogMaterial: Missing cached shader map for material My_TilesWall, compiling. 
[2016.01.04-02.58.48:023][906]LogMaterial: 0.000080 seconds spent updating 1 materials, 1 interfaces, 0 instances, 0 with static permutations.
[2016.01.04-02.58.49:839][ 16]MaterialEditorStats: Info Base pass shader with only dynamic lighting: 100 instructions
[2016.01.04-02.58.49:839][ 16]MaterialEditorStats: Info Vertex shader: 33 instructions
[2016.01.04-02.58.49:839][ 16]MaterialEditorStats: Info Texture samplers: 8/16
[2016.01.04-02.58.52:384][206]LogMaterialEditor: Applying material My_TilesWall
[2016.01.04-02.58.52:736][206]LogMaterial: Missing cached shader map for material My_TilesWall, compiling. 
[2016.01.04-02.58.52:753][206]LogMaterial: 0.000150 seconds spent updating 1 materials, 1 interfaces, 0 instances, 0 with static permutations.
[2016.01.04-02.58.52:782][206]LogMaterial: Missing cached shader map for material My_TilesWall, compiling. 
[2016.01.04-02.58.52:820][206]LogMaterial: Missing cached shader map for material My_TilesWall, compiling. 
[2016.01.04-02.58.52:830][206]LogMaterial: 0.000389 seconds spent updating 1 materials, 1 interfaces, 0 instances, 0 with static permutations.
[2016.01.04-02.58.57:530][477]LogMaterial: Missing cached shader map for material Material_1, compiling. 
[2016.01.04-02.58.57:536][477]LogMaterial: 0.000084 seconds spent updating 1 materials, 1 interfaces, 0 instances, 0 with static permutations.
[2016.01.04-02.58.58:629][543]MaterialEditorStats: Info Base pass shader with only dynamic lighting: 119 instructions
[2016.01.04-02.58.58:629][543]MaterialEditorStats: Info Vertex shader: 33 instructions
[2016.01.04-02.58.58:629][543]MaterialEditorStats: Info Texture samplers: 11/16
[2016.01.04-02.59.03:118][860]LogMaterialEditor: Applying material ML_Tiles_Broken
[2016.01.04-02.59.03:460][860]LogMaterial: Missing cached shader map for material Material_1, compiling. 
[2016.01.04-02.59.03:483][860]LogMaterial: 0.000074 seconds spent updating 1 materials, 1 interfaces, 0 instances, 0 with static permutations.
[2016.01.04-02.59.03:508][860]LogMaterial: Missing cached shader map for material My_TilesWall, compiling. 
[2016.01.04-02.59.03:518][860]LogMaterial: Missing cached shader map for material My_TilesWall, compiling. 
[2016.01.04-02.59.03:532][860]LogMaterial: 0.000465 seconds spent updating 2 materials, 2 interfaces, 0 instances, 0 with static permutations.
[2016.01.04-02.59.04:221][895]LogMaterialEditor: Saving and Compiling material ML_Tiles_Broken
[2016.01.04-02.59.04:549][895]LogMaterial: Missing cached shader map for material Material_7, compiling. 
[2016.01.04-02.59.04:696][895]LogSavePackage: Save=54.440071ms
[2016.01.04-02.59.04:696][895]LogSavePackage: Moving 'E:/Unreal Work Space/ExampleCollection10/Saved/ML_Tiles_BrokenEB43D0544B00BC344BF0A3840A0746AC.tmp' to 'E:/Unreal Work Space/ExampleCollection10/Content/My/ExampleCollection/MatCollection/MatFunction/ML_Tiles_Broken/ML_Tiles_Broken.uasset'
[2016.01.04-02.59.04:700][895]LogSavePackage: Total save time: 110.241987ms
[2016.01.04-02.59.04:700][895]LogSavePackage:Display: Finished SavePackage E:/Unreal Work Space/ExampleCollection10/Content/My/ExampleCollection/MatCollection/MatFunction/ML_Tiles_Broken/ML_Tiles_Broken.uasset
[2016.01.04-02.59.05:536][928]LogMaterialEditor: Saving and Compiling material ML_Tiles_Whole
[2016.01.04-02.59.05:614][928]LogSavePackage: Save=5.023362ms
[2016.01.04-02.59.05:614][928]LogSavePackage: Moving 'E:/Unreal Work Space/ExampleCollection10/Saved/ML_Tiles_WholeDD48DE5342B593C5B97839B0FC8B39DD.tmp' to 'E:/Unreal Work Space/ExampleCollection10/Content/My/ExampleCollection/MatCollection/MatFunction/ML_Tiles_Whole/ML_Tiles_Whole.uasset'
[2016.01.04-02.59.05:615][928]LogSavePackage: Total save time: 28.838631ms
[2016.01.04-02.59.05:615][928]LogSavePackage:Display: Finished SavePackage E:/Unreal Work Space/ExampleCollection10/Content/My/ExampleCollection/MatCollection/MatFunction/ML_Tiles_Whole/ML_Tiles_Whole.uasset
[2016.01.04-02.59.07:428][  8]LogMaterialEditor: Saving and Compiling material My_TilesWall
[2016.01.04-02.59.09:941][  8]LogSavePackage: Save=19.558462ms
[2016.01.04-02.59.09:942][  8]LogSavePackage: Moving 'E:/Unreal Work Space/ExampleCollection10/Saved/My_TilesWallAA38EABE4DDFEA2706991F92B06FABB5.tmp' to 'E:/Unreal Work Space/ExampleCollection10/Content/My/ExampleCollection/MatCollection/Architecture/TilesWall/My_TilesWall.uasset'
[2016.01.04-02.59.09:945][  8]LogSavePackage: Total save time: 31.332992ms
[2016.01.04-02.59.09:945][  8]LogSavePackage:Display: Finished SavePackage E:/Unreal Work Space/ExampleCollection10/Content/My/ExampleCollection/MatCollection/Architecture/TilesWall/My_TilesWall.uasset
[2016.01.04-02.59.09:951][  8]MaterialEditorStats: Info Base pass shader with only dynamic lighting: 118 instructions
[2016.01.04-02.59.09:951][  8]MaterialEditorStats: Info Vertex shader: 34 instructions
[2016.01.04-02.59.09:951][  8]MaterialEditorStats: Info Texture samplers: 11/16
[2016.01.04-02.59.45:704][918]Cmd: OBJ SAVEPACKAGE PACKAGE="/Game/My/TestMap/MatTestMap" FILE="E:/Unreal Work Space/ExampleCollection10/Saved/Autosaves/Game/My/TestMap/MatTestMap_Auto1.umap" SILENT=true AUTOSAVING=true KEEPDIRTY=false
[2016.01.04-02.59.45:925][918]LogSavePackage: Save=198.363159ms
[2016.01.04-02.59.45:925][918]LogSavePackage: Moving 'E:/Unreal Work Space/ExampleCollection10/Saved/MatTestMap_Auto18A22C7FC4F874AEE673749AF2CBD2B7B.tmp' to 'E:/Unreal Work Space/ExampleCollection10/Saved/Autosaves/Game/My/TestMap/MatTestMap_Auto1.umap'
[2016.01.04-02.59.45:938][918]LogSavePackage: Total save time: 216.880832ms
[2016.01.04-02.59.45:938][918]LogSavePackage:Display: Finished SavePackage E:/Unreal Work Space/ExampleCollection10/Saved/Autosaves/Game/My/TestMap/MatTestMap_Auto1.umap
[2016.01.04-02.59.45:952][918]LogFileHelpers: Editor autosave (incl. sublevels) for '/Game/My/TestMap/MatTestMap' took 0.261
[2016.01.04-02.59.45:952][918]LogFileHelpers: Editor autosave (incl. sublevels) for all levels took 0.261
[2016.01.04-02.59.45:955][918]OBJ SavePackage: Generating thumbnails for [1] asset(s) in package [/Game/My/Shape/SM_Hallway_Wall_Corner_Outer_Curved_600] ([1] browsable assets)...
[2016.01.04-02.59.45:981][918]OBJ SavePackage:     Rendered thumbnail for [StaticMesh /Game/My/Shape/SM_Hallway_Wall_Corner_Outer_Curved_600.SM_Hallway_Wall_Corner_Outer_Curved_600]
[2016.01.04-02.59.45:981][918]OBJ SavePackage: Finished generating thumbnails for package [/Game/My/Shape/SM_Hallway_Wall_Corner_Outer_Curved_600]
[2016.01.04-02.59.45:994][918]LogSavePackage: Save=11.866899ms
[2016.01.04-02.59.45:994][918]LogSavePackage: Moving 'E:/Unreal Work Space/ExampleCollection10/Saved/SM_Hallway_Wall_Corner_Outer_Curved_600_Auto163992E514372ACC3A68910B2B0FDCFAF.tmp' to 'E:/Unreal Work Space/ExampleCollection10/Saved/Autosaves/Game/My/Shape/SM_Hallway_Wall_Corner_Outer_Curved_600_Auto1.uasset'
[2016.01.04-02.59.45:995][918]LogSavePackage: Total save time: 12.879141ms
[2016.01.04-02.59.45:995][918]LogSavePackage:Display: Finished SavePackage E:/Unreal Work Space/ExampleCollection10/Saved/Autosaves/Game/My/Shape/SM_Hallway_Wall_Corner_Outer_Curved_600_Auto1.uasset
[2016.01.04-02.59.45:997][918]OBJ SavePackage: Generating thumbnails for [1] asset(s) in package [/Game/My/Shape/M_Tiles_Wall_Mesh_Paint] ([1] browsable assets)...
[2016.01.04-02.59.46:038][918]OBJ SavePackage:     Rendered thumbnail for [Material /Game/My/Shape/M_Tiles_Wall_Mesh_Paint.M_Tiles_Wall_Mesh_Paint]
[2016.01.04-02.59.46:038][918]OBJ SavePackage: Finished generating thumbnails for package [/Game/My/Shape/M_Tiles_Wall_Mesh_Paint]
[2016.01.04-02.59.46:052][918]LogSavePackage: Save=12.458015ms
[2016.01.04-02.59.46:052][918]LogSavePackage: Moving 'E:/Unreal Work Space/ExampleCollection10/Saved/M_Tiles_Wall_Mesh_Paint_Auto1D40883C141586B4C3A5BF3BBA8CEAFA1.tmp' to 'E:/Unreal Work Space/ExampleCollection10/Saved/Autosaves/Game/My/Shape/M_Tiles_Wall_Mesh_Paint_Auto1.uasset'
[2016.01.04-02.59.46:053][918]LogSavePackage: Total save time: 13.679057ms
[2016.01.04-02.59.46:053][918]LogSavePackage:Display: Finished SavePackage E:/Unreal Work Space/ExampleCollection10/Saved/Autosaves/Game/My/Shape/M_Tiles_Wall_Mesh_Paint_Auto1.uasset
[2016.01.04-02.59.46:053][918]LogFileHelpers: Auto-saving content packages took 0.101
[2016.01.04-03.47.03:879][816]LogEditorViewport: Clicking on Actor (LMB): StaticMeshActor (SM_Hallway_Wall_Corner_Outer_Curved_600)
[2016.01.04-03.50.09:665][737]LogActorComponent: UnregisterComponent: (/Engine/Transient.SphereBrushComponent) Not registered. Aborting.
[2016.01.04-03.50.09:809][737]LogTexture:Display: Building textures: Texture2D_4 (G8)
[2016.01.04-03.51.10:444][640]Cmd: OBJ SAVEPACKAGE PACKAGE="/Game/My/TestMap/MatTestMap" FILE="E:/Unreal Work Space/ExampleCollection10/Saved/Autosaves/Game/My/TestMap/MatTestMap_Auto2.umap" SILENT=true AUTOSAVING=true KEEPDIRTY=false
[2016.01.04-03.51.10:479][640]LogSavePackage: Save=27.127504ms
[2016.01.04-03.51.10:479][640]LogSavePackage: Moving 'E:/Unreal Work Space/ExampleCollection10/Saved/MatTestMap_Auto2761238794FEE5F87A090CFADEBEF8997.tmp' to 'E:/Unreal Work Space/ExampleCollection10/Saved/Autosaves/Game/My/TestMap/MatTestMap_Auto2.umap'
[2016.01.04-03.51.10:480][640]LogSavePackage: Total save time: 34.304928ms
[2016.01.04-03.51.10:480][640]LogSavePackage:Display: Finished SavePackage E:/Unreal Work Space/ExampleCollection10/Saved/Autosaves/Game/My/TestMap/MatTestMap_Auto2.umap
[2016.01.04-03.51.10:481][640]LogFileHelpers: Editor autosave (incl. sublevels) for '/Game/My/TestMap/MatTestMap' took 0.066
[2016.01.04-03.51.10:481][640]LogFileHelpers: Editor autosave (incl. sublevels) for all levels took 0.066
[2016.01.04-04.03.20:774][110]LogEditorViewport: Clicking on Actor (LMB): StaticMeshActor (Floor)
[2016.01.04-04.03.31:282][837]LogEditorViewport: Clicking on Actor (LMB): StaticMeshActor (SM_Hallway_Wall_Corner_Outer_Curved_600)
[2016.01.04-04.04.12:479][713]LogParticles: Destroying 0 GPU particle simulations for FXSystem 0x000000003A63CC20
[2016.01.04-04.04.12:479][713]Cmd: OBJ SAVEPACKAGE PACKAGE="/Game/My/TestMap/MatTestMap" FILE="E:/Unreal Work Space/ExampleCollection10/Saved/Autosaves/Game/My/TestMap/MatTestMap_Auto3.umap" SILENT=true AUTOSAVING=true KEEPDIRTY=false
[2016.01.04-04.04.12:520][713]LogSavePackage: Save=34.004078ms
[2016.01.04-04.04.12:520][713]LogSavePackage: Moving 'E:/Unreal Work Space/ExampleCollection10/Saved/MatTestMap_Auto37E200C7B46D540C026F7F4A6D58EB857.tmp' to 'E:/Unreal Work Space/ExampleCollection10/Saved/Autosaves/Game/My/TestMap/MatTestMap_Auto3.umap'
[2016.01.04-04.04.12:521][713]LogSavePackage: Total save time: 40.370040ms
[2016.01.04-04.04.12:521][713]LogSavePackage:Display: Finished SavePackage E:/Unreal Work Space/ExampleCollection10/Saved/Autosaves/Game/My/TestMap/MatTestMap_Auto3.umap
[2016.01.04-04.04.12:523][713]LogFileHelpers: Editor autosave (incl. sublevels) for '/Game/My/TestMap/MatTestMap' took 0.059
[2016.01.04-04.04.12:523][713]LogFileHelpers: Editor autosave (incl. sublevels) for all levels took 0.059
[2016.01.04-04.08.58:754][461]Cmd: TRANSACTION UNDO
[2016.01.04-04.08.58:754][461]LogEditorTransaction: Undo Vertex Paint
[2016.01.04-04.08.58:803][461]LogMaterial: Missing cached shader map for material My_TilesWall, compiling. 
[2016.01.04-04.08.58:822][461]LogMaterial: 0.000156 seconds spent updating 1 materials, 1 interfaces, 0 instances, 0 with static permutations.
[2016.01.04-04.08.58:829][461]LogMaterial: Missing cached shader map for material Material_1, compiling. 
[2016.01.04-04.08.58:841][461]LogMaterial: 0.000191 seconds spent updating 1 materials, 1 interfaces, 0 instances, 0 with static permutations.
[2016.01.04-04.08.58:849][461]LogMaterial: Missing cached shader map for material Material_3, compiling. 
[2016.01.04-04.08.58:856][461]LogMaterial: 0.000083 seconds spent updating 1 materials, 1 interfaces, 0 instances, 0 with static permutations.
[2016.01.04-04.09.00:800][603]MaterialEditorStats: Info Base pass shader with only dynamic lighting: 99 instructions
[2016.01.04-04.09.00:800][603]MaterialEditorStats: Info Vertex shader: 34 instructions
[2016.01.04-04.09.00:800][603]MaterialEditorStats: Info Texture samplers: 8/16
[2016.01.04-04.09.04:414][885]Cmd: TRANSACTION UNDO
[2016.01.04-04.09.04:415][885]LogEditorTransaction: Undo Vertex Paint
[2016.01.04-04.09.04:419][885]LogMaterial: Missing cached shader map for material My_TilesWall, compiling. 
[2016.01.04-04.09.04:425][885]LogMaterial: 0.000072 seconds spent updating 1 materials, 1 interfaces, 0 instances, 0 with static permutations.
[2016.01.04-04.09.04:428][885]LogMaterial: Missing cached shader map for material Material_1, compiling. 
[2016.01.04-04.09.04:435][885]LogMaterial: 0.000129 seconds spent updating 1 materials, 1 interfaces, 0 instances, 0 with static permutations.
[2016.01.04-04.09.04:437][885]LogMaterial: Missing cached shader map for material Material_3, compiling. 
[2016.01.04-04.09.04:444][885]LogMaterial: 0.000030 seconds spent updating 1 materials, 1 interfaces, 0 instances, 0 with static permutations.
[2016.01.04-04.09.06:051][  3]MaterialEditorStats: Info Base pass shader with only dynamic lighting: 99 instructions
[2016.01.04-04.09.06:051][  3]MaterialEditorStats: Info Vertex shader: 34 instructions
[2016.01.04-04.09.06:051][  3]MaterialEditorStats: Info Texture samplers: 8/16
[2016.01.04-04.09.38:744][559]Cmd: TRANSACTION UNDO
[2016.01.04-04.09.38:744][559]LogEditorTransaction: Undo Vertex Paint
[2016.01.04-04.09.38:748][559]LogMaterial: Missing cached shader map for material My_TilesWall, compiling. 
[2016.01.04-04.09.38:754][559]LogMaterial: 0.000095 seconds spent updating 1 materials, 1 interfaces, 0 instances, 0 with static permutations.
[2016.01.04-04.09.38:756][559]LogMaterial: Missing cached shader map for material Material_1, compiling. 
[2016.01.04-04.09.38:763][559]LogMaterial: 0.000155 seconds spent updating 1 materials, 1 interfaces, 0 instances, 0 with static permutations.
[2016.01.04-04.09.38:766][559]LogMaterial: Missing cached shader map for material Material_3, compiling. 
[2016.01.04-04.09.38:773][559]LogMaterial: 0.000081 seconds spent updating 1 materials, 1 interfaces, 0 instances, 0 with static permutations.
[2016.01.04-04.09.39:499][594]Cmd: TRANSACTION UNDO
[2016.01.04-04.09.39:499][594]LogEditorTransaction: Undo Vertex Paint
[2016.01.04-04.09.39:504][594]LogMaterial: Missing cached shader map for material My_TilesWall, compiling. 
[2016.01.04-04.09.39:510][594]LogMaterial: 0.000037 seconds spent updating 1 materials, 1 interfaces, 0 instances, 0 with static permutations.
[2016.01.04-04.09.39:512][594]LogMaterial: Missing cached shader map for material Material_1, compiling. 
[2016.01.04-04.09.39:520][594]LogMaterial: 0.000032 seconds spent updating 1 materials, 1 interfaces, 0 instances, 0 with static permutations.
[2016.01.04-04.09.39:522][594]LogMaterial: Missing cached shader map for material Material_3, compiling. 
[2016.01.04-04.09.39:529][594]LogMaterial: 0.000031 seconds spent updating 1 materials, 1 interfaces, 0 instances, 0 with static permutations.
[2016.01.04-04.09.41:083][701]MaterialEditorStats: Info Base pass shader with only dynamic lighting: 99 instructions
[2016.01.04-04.09.41:083][701]MaterialEditorStats: Info Vertex shader: 34 instructions
[2016.01.04-04.09.41:083][701]MaterialEditorStats: Info Texture samplers: 8/16
[2016.01.04-04.09.41:680][760]LogEditorViewport: Clicking on Actor (LMB): BP_Sky_Sphere_C (Sky Sphere)
[2016.01.04-04.10.04:793][397]LogEditorViewport: Clicking on Actor (LMB): BP_Sky_Sphere_C (Sky Sphere)
[2016.01.04-04.10.06:011][541]LogEditorViewport: Clicking on Actor (LMB): StaticMeshActor (SM_Hallway_Wall_Corner_Outer_Curved_600)
[2016.01.04-04.14.13:455][869]Cmd: OBJ SAVEPACKAGE PACKAGE="/Game/My/TestMap/MatTestMap" FILE="E:/Unreal Work Space/ExampleCollection10/Saved/Autosaves/Game/My/TestMap/MatTestMap_Auto4.umap" SILENT=true AUTOSAVING=true KEEPDIRTY=false
[2016.01.04-04.14.13:497][869]LogSavePackage: Save=33.802013ms
[2016.01.04-04.14.13:497][869]LogSavePackage: Moving 'E:/Unreal Work Space/ExampleCollection10/Saved/MatTestMap_Auto42DF56BBF4F786C68087DA4901CB9810B.tmp' to 'E:/Unreal Work Space/ExampleCollection10/Saved/Autosaves/Game/My/TestMap/MatTestMap_Auto4.umap'
[2016.01.04-04.14.13:498][869]LogSavePackage: Total save time: 41.493896ms
[2016.01.04-04.14.13:498][869]LogSavePackage:Display: Finished SavePackage E:/Unreal Work Space/ExampleCollection10/Saved/Autosaves/Game/My/TestMap/MatTestMap_Auto4.umap
[2016.01.04-04.14.13:500][869]LogFileHelpers: Editor autosave (incl. sublevels) for '/Game/My/TestMap/MatTestMap' took 0.058
[2016.01.04-04.14.13:500][869]LogFileHelpers: Editor autosave (incl. sublevels) for all levels took 0.058
[2016.01.04-04.47.34:778][488]Cmd: OBJ SAVEPACKAGE PACKAGE="/Game/My/TestMap/MatTestMap" FILE="E:/Unreal Work Space/ExampleCollection10/Content/My/TestMap/MatTestMap.umap" SILENT=true AUTOSAVING=false KEEPDIRTY=false
[2016.01.04-04.47.34:886][488]LogSavePackage: Save=72.163605ms
[2016.01.04-04.47.34:886][488]LogSavePackage: Moving 'E:/Unreal Work Space/ExampleCollection10/Saved/MatTestMap49D1D5264BD26E5718A1E686BE29332E.tmp' to 'E:/Unreal Work Space/ExampleCollection10/Content/My/TestMap/MatTestMap.umap'
[2016.01.04-04.47.34:917][488]LogSavePackage: Total save time: 111.077506ms
[2016.01.04-04.47.34:917][488]LogSavePackage:Display: Finished SavePackage E:/Unreal Work Space/ExampleCollection10/Content/My/TestMap/MatTestMap.umap
[2016.01.04-04.47.34:985][488]LogFileHelpers: Saving map 'MatTestMap' took 0.349
[2016.01.04-04.47.35:017][488]LogSavePackage: Save=11.319725ms
[2016.01.04-04.47.35:017][488]LogSavePackage: Moving 'E:/Unreal Work Space/ExampleCollection10/Saved/SM_Hallway_Wall_Corner_Outer_Curved_60059A0775945FA0F29A33191803A0EDB88.tmp' to 'E:/Unreal Work Space/ExampleCollection10/Content/My/Shape/SM_Hallway_Wall_Corner_Outer_Curved_600.uasset'
[2016.01.04-04.47.35:019][488]LogSavePackage: Total save time: 14.210515ms
[2016.01.04-04.47.35:019][488]LogSavePackage:Display: Finished SavePackage E:/Unreal Work Space/ExampleCollection10/Content/My/Shape/SM_Hallway_Wall_Corner_Outer_Curved_600.uasset
[2016.01.04-04.47.35:040][488]Cmd: OBJ SAVEPACKAGE PACKAGE="/Game/My/Shape/M_Tiles_Wall_Mesh_Paint" FILE="E:/Unreal Work Space/ExampleCollection10/Content/My/Shape/M_Tiles_Wall_Mesh_Paint.uasset" SILENT=true
[2016.01.04-04.47.35:053][488]LogSavePackage: Save=11.564767ms
[2016.01.04-04.47.35:053][488]LogSavePackage: Moving 'E:/Unreal Work Space/ExampleCollection10/Saved/M_Tiles_Wall_Mesh_Paint9D8E0E3C4F6F9CF2FE9B058E71337EEC.tmp' to 'E:/Unreal Work Space/ExampleCollection10/Content/My/Shape/M_Tiles_Wall_Mesh_Paint.uasset'
[2016.01.04-04.47.35:056][488]LogSavePackage: Total save time: 14.386602ms
[2016.01.04-04.47.35:056][488]LogSavePackage:Display: Finished SavePackage E:/Unreal Work Space/ExampleCollection10/Content/My/Shape/M_Tiles_Wall_Mesh_Paint.uasset
[2016.01.04-04.47.46:895][672]Cmd: QUIT_EDITOR
[2016.01.04-04.47.47:436][672]LogExit: Preparing to exit.
[2016.01.04-04.47.48:390][672]LogExit: Editor shut down
[2016.01.04-04.47.48:391][672]LogExit: Transaction tracking system shut down
[2016.01.04-04.47.48:392][672]LogParticles: Destroying 0 GPU particle simulations for FXSystem 0x0000000016FC3060
[2016.01.04-04.47.48:427][672]LogParticles: Destroying 0 GPU particle simulations for FXSystem 0x0000000041580900
[2016.01.04-04.47.48:428][672]LogParticles: Destroying 0 GPU particle simulations for FXSystem 0x000000003108D440
[2016.01.04-04.47.48:429][672]LogParticles: Destroying 0 GPU particle simulations for FXSystem 0x0000000003D10860
[2016.01.04-04.47.48:443][672]LogParticles: Destroying 0 GPU particle simulations for FXSystem 0x000000001B5E4680
[2016.01.04-04.47.48:443][672]LogParticles: Destroying 0 GPU particle simulations for FXSystem 0x0000000011B61E40
[2016.01.04-04.47.48:446][672]LogParticles: Destroying 0 GPU particle simulations for FXSystem 0x0000000011B62520
[2016.01.04-04.47.48:446][672]LogParticles: Destroying 0 GPU particle simulations for FXSystem 0x000000003AEA22A0
[2016.01.04-04.47.48:447][672]LogParticles: Destroying 0 GPU particle simulations for FXSystem 0x000000003397B420
[2016.01.04-04.47.50:255][672]LogExit: Object subsystem successfully closed.
[2016.01.04-04.47.50:427][672]LogD3D11RHI: Shutdown
[2016.01.04-04.47.50:427][672]LogD3D11RHI: CleanupD3DDevice
[2016.01.04-04.47.50:565][672]LogD3D11RHI: ~FD3D11DynamicRHI
[2016.01.04-04.47.51:362][672]LogModuleManager: Shutting down and abandoning module TextureEditor (202)
[2016.01.04-04.47.51:373][672]LogModuleManager: Shutting down and abandoning module CookingStats (201)
[2016.01.04-04.47.51:373][672]LogModuleManager: Shutting down and abandoning module MaterialEditor (200)
[2016.01.04-04.47.51:373][672]LogModuleManager: Shutting down and abandoning module StaticMeshEditor (199)
[2016.01.04-04.47.51:373][672]LogModuleManager: Shutting down and abandoning module CrashTracker (198)
[2016.01.04-04.47.51:373][672]LogModuleManager: Shutting down and abandoning module SceneOutliner (197)
[2016.01.04-04.47.51:373][672]LogModuleManager: Shutting down and abandoning module SuperSearch (196)
[2016.01.04-04.47.51:373][672]LogModuleManager: Shutting down and abandoning module WidgetCarousel (195)
[2016.01.04-04.47.51:384][672]LogModuleManager: Shutting down and abandoning module AddContentDialog (194)
[2016.01.04-04.47.51:402][672]LogModuleManager: Shutting down and abandoning module EditorWidgets (193)
[2016.01.04-04.47.51:402][672]LogModuleManager: Shutting down and abandoning module CollectionManager (192)
[2016.01.04-04.47.51:433][672]LogModuleManager: Shutting down and abandoning module StatsViewer (191)
[2016.01.04-04.47.51:448][672]LogModuleManager: Shutting down and abandoning module FoliageEdit (190)
[2016.01.04-04.47.51:448][672]LogModuleManager: Shutting down and abandoning module LandscapeEditor (189)
[2016.01.04-04.47.51:448][672]LogModuleManager: Shutting down and abandoning module ActorPickerMode (188)
[2016.01.04-04.47.51:448][672]LogModuleManager: Shutting down and abandoning module GeometryMode (187)
[2016.01.04-04.47.51:448][672]LogModuleManager: Shutting down and abandoning module TextureAlignMode (186)
[2016.01.04-04.47.51:448][672]LogModuleManager: Shutting down and abandoning module BspMode (185)
[2016.01.04-04.47.51:448][672]LogModuleManager: Shutting down and abandoning module PlacementMode (184)
[2016.01.04-04.47.51:448][672]LogModuleManager: Shutting down and abandoning module AutomationWorker (183)
[2016.01.04-04.47.51:448][672]LogModuleManager: Shutting down and abandoning module CharacterAI (182)
[2016.01.04-04.47.51:448][672]LogModuleManager: Shutting down and abandoning module SmartSnapping (181)
[2016.01.04-04.47.51:448][672]LogModuleManager: Shutting down and abandoning module ViewportSnapping (180)
[2016.01.04-04.47.51:448][672]LogModuleManager: Shutting down and abandoning module LogVisualizer (179)
[2016.01.04-04.47.51:476][672]LogModuleManager: Shutting down and abandoning module GameProjectGeneration (178)
[2016.01.04-04.47.51:501][672]LogModuleManager: Shutting down and abandoning module IntroTutorials (177)
[2016.01.04-04.47.51:526][672]LogModuleManager: Shutting down and abandoning module EditorLiveStreaming (176)
[2016.01.04-04.47.51:526][672]LogModuleManager: Shutting down and abandoning module IOSPlatformEditor (175)
[2016.01.04-04.47.51:538][672]LogModuleManager: Shutting down and abandoning module HTML5PlatformEditor (174)
[2016.01.04-04.47.51:538][672]LogModuleManager: Shutting down and abandoning module AndroidDeviceDetection (173)
[2016.01.04-04.47.52:093][672]LogModuleManager: Shutting down and abandoning module AndroidPlatformEditor (172)
[2016.01.04-04.47.52:093][672]LogModuleManager: Shutting down and abandoning module IOSRuntimeSettings (171)
[2016.01.04-04.47.52:093][672]LogModuleManager: Shutting down and abandoning module AndroidRuntimeSettings (170)
[2016.01.04-04.47.52:093][672]LogModuleManager: Shutting down and abandoning module MergeActors (169)
[2016.01.04-04.47.52:110][672]LogModuleManager: Shutting down and abandoning module SizeMap (168)
[2016.01.04-04.47.52:110][672]LogModuleManager: Shutting down and abandoning module TreeMap (167)
[2016.01.04-04.47.52:110][672]LogModuleManager: Shutting down and abandoning module ReferenceViewer (166)
[2016.01.04-04.47.52:111][672]LogModuleManager: Shutting down and abandoning module LocalizationService (165)
[2016.01.04-04.47.52:119][672]LogModuleManager: Shutting down and abandoning module LocalizationDashboard (164)
[2016.01.04-04.47.52:143][672]LogModuleManager: Shutting down and abandoning module HardwareTargeting (163)
[2016.01.04-04.47.52:154][672]LogModuleManager: Shutting down and abandoning module DeviceProfileEditor (162)
[2016.01.04-04.47.52:168][672]LogModuleManager: Shutting down and abandoning module UndoHistory (161)
[2016.01.04-04.47.52:185][672]LogModuleManager: Shutting down and abandoning module GameplayTagsEditor (160)
[2016.01.04-04.47.52:195][672]LogModuleManager: Shutting down and abandoning module UserFeedback (159)
[2016.01.04-04.47.52:195][672]LogModuleManager: Shutting down and abandoning module XmlParser (158)
[2016.01.04-04.47.52:204][672]LogModuleManager: Shutting down and abandoning module Blutility (157)
[2016.01.04-04.47.52:204][672]LogModuleManager: Shutting down and abandoning module ProjectTargetPlatformEditor (156)
[2016.01.04-04.47.52:217][672]LogModuleManager: Shutting down and abandoning module ProjectSettingsViewer (155)
[2016.01.04-04.47.52:217][672]LogModuleManager: Shutting down and abandoning module InputBindingEditor (154)
[2016.01.04-04.47.52:280][672]LogModuleManager: Shutting down and abandoning module EditorSettingsViewer (153)
[2016.01.04-04.47.52:280][672]LogModuleManager: Shutting down and abandoning module SettingsEditor (152)
[2016.01.04-04.47.52:321][672]LogModuleManager: Shutting down and abandoning module ProjectLauncher (151)
[2016.01.04-04.47.52:338][672]LogModuleManager: Shutting down and abandoning module SessionFrontend (150)
[2016.01.04-04.47.52:350][672]LogModuleManager: Shutting down and abandoning module ProfilerClient (149)
[2016.01.04-04.47.52:367][672]LogModuleManager: Shutting down and abandoning module TargetDeviceServices (148)
[2016.01.04-04.47.52:367][672]LogModuleManager: Shutting down and abandoning module DeviceManager (147)
[2016.01.04-04.47.52:384][672]LogModuleManager: Shutting down and abandoning module AutomationController (146)
[2016.01.04-04.47.52:396][672]LogModuleManager: Shutting down and abandoning module AutomationWindow (145)
[2016.01.04-04.47.52:406][672]LogModuleManager: Shutting down and abandoning module Layers (144)
[2016.01.04-04.47.52:439][672]LogModuleManager: Shutting down and abandoning module ComponentVisualizers (143)
[2016.01.04-04.47.52:439][672]LogModuleManager: Shutting down and abandoning module DetailCustomizations (142)
[2016.01.04-04.47.52:439][672]LogModuleManager: Shutting down and abandoning module PackagesDialog (141)
[2016.01.04-04.47.52:439][672]LogModuleManager: Shutting down and abandoning module Persona (140)
[2016.01.04-04.47.52:500][672]LogModuleManager: Shutting down and abandoning module Kismet (139)
[2016.01.04-04.47.52:528][672]LogModuleManager: Shutting down and abandoning module GraphEditor (138)
[2016.01.04-04.47.52:528][672]LogModuleManager: Shutting down and abandoning module ClassViewer (137)
[2016.01.04-04.47.52:542][672]LogModuleManager: Shutting down and abandoning module Toolbox (136)
[2016.01.04-04.47.52:542][672]LogModuleManager: Shutting down and abandoning module ModuleUI (135)
[2016.01.04-04.47.52:567][672]LogModuleManager: Shutting down and abandoning module MovieSceneTools (134)
[2016.01.04-04.47.52:583][672]LogModuleManager: Shutting down and abandoning module OutputLog (133)
[2016.01.04-04.47.52:583][672]LogModuleManager: Shutting down and abandoning module GammaUI (132)
[2016.01.04-04.47.52:596][672]LogModuleManager: Shutting down and abandoning module Documentation (131)
[2016.01.04-04.47.52:596][672]LogModuleManager: Shutting down and abandoning module GameLiveStreaming (130)
[2016.01.04-04.47.52:608][672]LogModuleManager: Shutting down and abandoning module StreamingPauseRendering (129)
[2016.01.04-04.47.52:608][672]LogModuleManager: Shutting down and abandoning module AnalyticsET (128)
[2016.01.04-04.47.52:608][672]LogModuleManager: Shutting down and abandoning module Analytics (127)
[2016.01.04-04.47.52:608][672]LogModuleManager: Shutting down and abandoning module AITestSuite (126)
[2016.01.04-04.47.52:631][672]LogModuleManager: Shutting down and abandoning module GameplayDebugger (125)
[2016.01.04-04.47.52:645][672]LogModuleManager: Shutting down and abandoning module AIModule (124)
[2016.01.04-04.47.52:652][672]LogModuleManager: Shutting down and abandoning module ProfilerService (123)
[2016.01.04-04.47.52:805][672]LogModuleManager: Shutting down and abandoning module TaskGraph (122)
[2016.01.04-04.47.52:830][672]LogModuleManager: Shutting down and abandoning module SlateRemote (121)
[2016.01.04-04.47.52:830][672]LogModuleManager: Shutting down and abandoning module SteamVRController (120)
[2016.01.04-04.47.52:830][672]LogModuleManager: Shutting down and abandoning module SteamVR (119)
[2016.01.04-04.47.52:830][672]LogModuleManager: Shutting down and abandoning module ProceduralMeshComponent (118)
[2016.01.04-04.47.52:830][672]LogModuleManager: Shutting down and abandoning module OculusLibrary (117)
[2016.01.04-04.47.52:831][672]LogModuleManager: Shutting down and abandoning module OculusInput (116)
[2016.01.04-04.47.52:831][672]LogModuleManager: Shutting down and abandoning module LeapMotionController (115)
[2016.01.04-04.47.52:878][672]LogModuleManager: Shutting down and abandoning module CustomMeshComponent (114)
[2016.01.04-04.47.52:879][672]LogModuleManager: Shutting down and abandoning module CableComponent (113)
[2016.01.04-04.47.52:890][672]LogModuleManager: Shutting down and abandoning module ArchVisCharacter (112)
[2016.01.04-04.47.52:890][672]LogModuleManager: Shutting down and abandoning module MessagingDebugger (111)
[2016.01.04-04.47.52:927][672]LogModuleManager: Shutting down and abandoning module MediaPlayerEditor (110)
[2016.01.04-04.47.52:942][672]LogModuleManager: Shutting down and abandoning module HTML5Networking (109)
[2016.01.04-04.47.52:942][672]LogModuleManager: Shutting down and abandoning module SpeedTreeImporter (108)
[2016.01.04-04.47.52:942][672]LogModuleManager: Shutting down and abandoning module PluginBrowser (107)
[2016.01.04-04.47.52:962][672]LogModuleManager: Shutting down and abandoning module EpicSurvey (106)
[2016.01.04-04.47.52:971][672]LogModuleManager: Shutting down and abandoning module DesktopPlatform (105)
[2016.01.04-04.47.52:992][672]LogModuleManager: Shutting down and abandoning module VisualStudioSourceCodeAccess (104)
[2016.01.04-04.47.53:002][672]LogModuleManager: Shutting down and abandoning module UObjectPlugin (103)
[2016.01.04-04.47.53:002][672]LogModuleManager: Shutting down and abandoning module SubversionSourceControl (102)
[2016.01.04-04.47.53:006][672]LogModuleManager: Shutting down and abandoning module PerforceSourceControl (101)
[2016.01.04-04.47.53:018][672]LogModuleManager: Shutting down and abandoning module SourceControl (100)
[2016.01.04-04.47.53:037][672]LogModuleManager: Shutting down and abandoning module GitSourceControl (99)
[2016.01.04-04.47.53:069][672]LogModuleManager: Shutting down and abandoning module LightPropagationVolumeEditor (98)
[2016.01.04-04.47.53:069][672]LogModuleManager: Shutting down and abandoning module PaperTiledImporter (97)
[2016.01.04-04.47.53:077][672]LogModuleManager: Shutting down and abandoning module PaperSpriteSheetImporter (96)
[2016.01.04-04.47.53:078][672]LogModuleManager: Shutting down and abandoning module MeshPaint (95)
[2016.01.04-04.47.53:078][672]LogModuleManager: Shutting down and abandoning module SlateReflector (94)
[2016.01.04-04.47.53:092][672]LogModuleManager: Shutting down and abandoning module HotReload (93)
[2016.01.04-04.47.53:097][672]LogModuleManager: Shutting down and abandoning module MainFrame (92)
[2016.01.04-04.47.53:098][672]LogModuleManager: Shutting down and abandoning module LevelEditor (91)
[2016.01.04-04.47.53:107][672]LogModuleManager: Shutting down and abandoning module DirectoryWatcher (90)
[2016.01.04-04.47.53:109][672]LogModuleManager: Shutting down and abandoning module AssetRegistry (89)
[2016.01.04-04.47.53:250][672]LogModuleManager: Shutting down and abandoning module ContentBrowser (88)
[2016.01.04-04.47.53:251][672]LogModuleManager: Shutting down and abandoning module Paper2DEditor (87)
[2016.01.04-04.47.53:302][672]LogModuleManager: Shutting down and abandoning module UdpMessaging (86)
[2016.01.04-04.47.53:402][672]LogModuleManager: Shutting down and abandoning module LightPropagationVolumeRuntime (85)
[2016.01.04-04.47.53:402][672]LogModuleManager: Shutting down and abandoning module Paper2D (84)
[2016.01.04-04.47.53:405][672]LogModuleManager: Shutting down and abandoning module WindowsMoviePlayer (83)
[2016.01.04-04.47.53:417][672]LogModuleManager: Shutting down and abandoning module Media (82)
[2016.01.04-04.47.53:417][672]LogModuleManager: Shutting down and abandoning module WmfMedia (81)
[2016.01.04-04.47.53:428][672]LogModuleManager: Shutting down and abandoning module OnlineBlueprintSupport (80)
[2016.01.04-04.47.53:428][672]LogModuleManager: Shutting down and abandoning module GameplayTasksEditor (79)
[2016.01.04-04.47.53:428][672]LogModuleManager: Shutting down and abandoning module PropertyEditor (78)
[2016.01.04-04.47.53:428][672]LogModuleManager: Shutting down and abandoning module BehaviorTreeEditor (77)
[2016.01.04-04.47.53:462][672]LogModuleManager: Shutting down and abandoning module FunctionalTesting (76)
[2016.01.04-04.47.53:462][672]LogModuleManager: Shutting down and abandoning module CollisionAnalyzer (75)
[2016.01.04-04.47.53:472][672]LogModuleManager: Shutting down and abandoning module WorkspaceMenuStructure (74)
[2016.01.04-04.47.53:472][672]LogModuleManager: Shutting down and abandoning module MessageLog (73)
[2016.01.04-04.47.53:472][672]LogModuleManager: Shutting down and abandoning module Sequencer (72)
[2016.01.04-04.47.53:509][672]LogModuleManager: Shutting down and abandoning module AssetTools (71)
[2016.01.04-04.47.53:541][672]LogModuleManager: Shutting down and abandoning module UMGEditor (70)
[2016.01.04-04.47.53:572][672]LogModuleManager: Shutting down and abandoning module UMG (69)
[2016.01.04-04.47.53:597][672]LogModuleManager: Shutting down and abandoning module Slate (68)
[2016.01.04-04.47.53:597][672]LogModuleManager: Shutting down and abandoning module EditorStyle (67)
[2016.01.04-04.47.53:603][672]LogModuleManager: Shutting down and abandoning module SessionServices (66)
[2016.01.04-04.47.53:603][672]LogModuleManager: Shutting down and abandoning module SourceCodeAccess (65)
[2016.01.04-04.47.53:603][672]LogModuleManager: Shutting down and abandoning module HeadMountedDisplay (64)
[2016.01.04-04.47.53:603][672]LogModuleManager: Shutting down and abandoning module XAudio2 (63)
[2016.01.04-04.47.53:603][672]LogModuleManager: Shutting down and abandoning module Networking (61)
[2016.01.04-04.47.53:603][672]LogModuleManager: Shutting down and abandoning module Core (60)
[2016.01.04-04.47.53:603][672]LogModuleManager: Shutting down and abandoning module KismetCompiler (59)
[2016.01.04-04.47.53:603][672]LogModuleManager: Shutting down and abandoning module PhysXFormats (58)
[2016.01.04-04.47.53:603][672]LogModuleManager: Shutting down and abandoning module MeshUtilities (57)
[2016.01.04-04.47.53:609][672]LogModuleManager: Shutting down and abandoning module DerivedDataCache (56)
[2016.01.04-04.47.53:666][672]LogDerivedDataCache: Shutdown
[2016.01.04-04.47.53:666][672]LogModuleManager: Shutting down and abandoning module ShaderFormatOpenGL (55)
[2016.01.04-04.47.53:698][672]LogModuleManager: Shutting down and abandoning module ShaderFormatD3D (54)
[2016.01.04-04.47.53:707][672]LogModuleManager: Shutting down and abandoning module MetalShaderFormat (53)
[2016.01.04-04.47.53:726][672]LogModuleManager: Shutting down and abandoning module TextureFormatUncompressed (52)
[2016.01.04-04.47.53:726][672]LogModuleManager: Shutting down and abandoning module TextureFormatPVR (51)
[2016.01.04-04.47.53:733][672]LogModuleManager: Shutting down and abandoning module TextureFormatIntelISPCTexComp (50)
[2016.01.04-04.47.53:745][672]LogModuleManager: Shutting down and abandoning module TextureFormatDXT (49)
[2016.01.04-04.47.53:751][672]LogModuleManager: Shutting down and abandoning module ImageWrapper (48)
[2016.01.04-04.47.53:751][672]LogModuleManager: Shutting down and abandoning module TextureFormatASTC (47)
[2016.01.04-04.47.53:751][672]LogModuleManager: Shutting down and abandoning module TextureFormatAndroid (46)
[2016.01.04-04.47.53:752][672]LogModuleManager: Shutting down and abandoning module AudioFormatOpus (45)
[2016.01.04-04.47.53:760][672]LogModuleManager: Shutting down and abandoning module AudioFormatOgg (44)
[2016.01.04-04.47.53:768][672]LogModuleManager: Shutting down and abandoning module AudioFormatADPCM (43)
[2016.01.04-04.47.53:778][672]LogModuleManager: Shutting down and abandoning module LinuxTargetPlatform (42)
[2016.01.04-04.47.53:778][672]LogModuleManager: Shutting down and abandoning module LinuxServerTargetPlatform (41)
[2016.01.04-04.47.53:793][672]LogModuleManager: Shutting down and abandoning module LinuxNoEditorTargetPlatform (40)
[2016.01.04-04.47.53:796][672]LogModuleManager: Shutting down and abandoning module Messaging (39)
[2016.01.04-04.47.53:796][672]LogModuleManager: Shutting down and abandoning module IOSTargetPlatform (38)
[2016.01.04-04.47.53:796][672]LogModuleManager: Shutting down and abandoning module HTML5TargetPlatform (37)
[2016.01.04-04.47.53:796][672]LogModuleManager: Shutting down and abandoning module Android_PVRTCTargetPlatform (36)
[2016.01.04-04.47.53:797][672]LogModuleManager: Shutting down and abandoning module Android_MultiTargetPlatform (35)
[2016.01.04-04.47.53:797][672]LogModuleManager: Shutting down and abandoning module Android_ETC2TargetPlatform (34)
[2016.01.04-04.47.53:797][672]LogModuleManager: Shutting down and abandoning module Android_ETC1TargetPlatform (33)
[2016.01.04-04.47.53:797][672]LogModuleManager: Shutting down and abandoning module Android_DXTTargetPlatform (32)
[2016.01.04-04.47.53:797][672]LogModuleManager: Shutting down and abandoning module Android_ATCTargetPlatform (31)
[2016.01.04-04.47.53:797][672]LogModuleManager: Shutting down and abandoning module Android_ASTCTargetPlatform (30)
[2016.01.04-04.47.53:797][672]LogModuleManager: Shutting down and abandoning module AndroidTargetPlatform (29)
[2016.01.04-04.47.53:797][672]LogModuleManager: Shutting down and abandoning module WindowsTargetPlatform (28)
[2016.01.04-04.47.53:797][672]LogModuleManager: Shutting down and abandoning module WindowsServerTargetPlatform (27)
[2016.01.04-04.47.53:810][672]LogModuleManager: Shutting down and abandoning module WindowsNoEditorTargetPlatform (26)
[2016.01.04-04.47.53:818][672]LogModuleManager: Shutting down and abandoning module WindowsClientTargetPlatform (25)
[2016.01.04-04.47.53:828][672]LogModuleManager: Shutting down and abandoning module AllDesktopTargetPlatform (24)
[2016.01.04-04.47.53:828][672]LogModuleManager: Shutting down and abandoning module TargetPlatform (23)
[2016.01.04-04.47.53:828][672]LogModuleManager: Shutting down and abandoning module InputCore (22)
[2016.01.04-04.47.53:828][672]LogModuleManager: Shutting down and abandoning module Settings (21)
[2016.01.04-04.47.53:829][672]LogModuleManager: Shutting down and abandoning module OnlineSubsystem (19)
[2016.01.04-04.47.53:829][672]LogModuleManager: Shutting down and abandoning module HTTP (18)
[2016.01.04-04.48.01:329][672]LogModuleManager: Shutting down and abandoning module XMPP (17)
[2016.01.04-04.48.01:373][672]LogModuleManager: Shutting down and abandoning module OculusRift (16)
[2016.01.04-04.48.01:392][672]LogModuleManager: Shutting down and abandoning module ExampleDeviceProfileSelector (15)
[2016.01.04-04.48.01:392][672]LogModuleManager: Shutting down and abandoning module TextureCompressor (14)
[2016.01.04-04.48.01:392][672]LogModuleManager: Shutting down and abandoning module ShaderCore (13)
[2016.01.04-04.48.01:393][672]LogModuleManager: Shutting down and abandoning module Landscape (12)
[2016.01.04-04.48.01:393][672]LogModuleManager: Shutting down and abandoning module SlateRHIRenderer (11)
[2016.01.04-04.48.01:410][672]LogModuleManager: Shutting down and abandoning module OpenGLDrv (10)
[2016.01.04-04.48.01:427][672]LogModuleManager: Shutting down and abandoning module D3D11RHI (9)
[2016.01.04-04.48.01:427][672]LogModuleManager: Shutting down and abandoning module AnimGraphRuntime (8)
[2016.01.04-04.48.01:440][672]LogModuleManager: Shutting down and abandoning module Renderer (7)
[2016.01.04-04.48.01:440][672]LogModuleManager: Shutting down and abandoning module Engine (6)
[2016.01.04-04.48.01:440][672]LogModuleManager: Shutting down and abandoning module CoreUObject (5)
[2016.01.04-04.48.01:440][672]LogModuleManager: Shutting down and abandoning module NetworkFile (4)
[2016.01.04-04.48.01:463][672]LogModuleManager: Shutting down and abandoning module StreamingFile (3)
[2016.01.04-04.48.01:477][672]LogModuleManager: Shutting down and abandoning module SandboxFile (2)
[2016.01.04-04.48.01:491][672]LogModuleManager: Shutting down and abandoning module PakFile (1)
[2016.01.04-04.48.01:509][672]LogExit: Exiting.
[2016.01.04-04.48.01:552][672]Log file closed, 01/04/16 12:48:01
