[2016.01.29-06.51.17:605][  0]Log file open, 01/29/16 14:51:17
[2016.01.29-06.51.17:605][  0]LogInit:Display: Running engine for game: ExampleCollection10
[2016.01.29-06.51.17:605][  0]LogPlatformFile: Not using cached read wrapper
[2016.01.29-06.51.17:605][  0]LogInit:Display: RandInit(1080023591) SRandInit(1080023592).
[2016.01.29-06.51.17:605][  0]LogTaskGraph: Started task graph with 4 named threads and 7 total threads.
[2016.01.29-06.51.17:605][  0]LogStats: Stats thread started at 0.066470
[2016.01.29-06.51.17:605][  0]LogInit: Version: 4.10.1-2791327+++depot+UE4-Releases+4.10
[2016.01.29-06.51.17:605][  0]LogInit: API Version: 2758231
[2016.01.29-06.51.17:605][  0]LogInit: Compiled (64-bit): Dec  4 2015 19:44:40
[2016.01.29-06.51.17:605][  0]LogInit: Compiled with Visual C++: 19.00.23026.00
[2016.01.29-06.51.17:605][  0]LogInit: Build Configuration: Development
[2016.01.29-06.51.17:605][  0]LogInit: Branch Name: ++depot+UE4-Releases+4.10
[2016.01.29-06.51.17:605][  0]LogInit: Command line:  
[2016.01.29-06.51.17:605][  0]LogInit: Base directory: D:/Program Files/Epic Games/4.10/Engine/Binaries/Win64/
[2016.01.29-06.51.17:605][  0]LogInit: Rocket: 1
[2016.01.29-06.51.17:613][  0]LogInit: Using libcurl 7.41.0
[2016.01.29-06.51.17:613][  0]LogInit:  - built for x86_64-pc-win32
[2016.01.29-06.51.17:613][  0]LogInit:  - supports SSL with WinSSL
[2016.01.29-06.51.17:613][  0]LogInit:  - other features:
[2016.01.29-06.51.17:613][  0]LogInit:      CURL_VERSION_SSL
[2016.01.29-06.51.17:613][  0]LogInit:      CURL_VERSION_IPV6
[2016.01.29-06.51.17:613][  0]LogInit:      CURL_VERSION_ASYNCHDNS
[2016.01.29-06.51.17:613][  0]LogInit:      CURL_VERSION_LARGEFILE
[2016.01.29-06.51.17:613][  0]LogInit:      CURL_VERSION_IDN
[2016.01.29-06.51.17:613][  0]LogInit:  CurlRequestOptions (configurable via config and command line):
[2016.01.29-06.51.17:613][  0]LogInit:  - bVerifyPeer = true  - Libcurl will verify peer certificate
[2016.01.29-06.51.17:613][  0]LogInit:  - bUseHttpProxy = false  - Libcurl will NOT use HTTP proxy
[2016.01.29-06.51.17:613][  0]LogInit:  - bDontReuseConnections = false  - Libcurl will reuse connections
[2016.01.29-06.51.17:613][  0]LogInit:  - CertBundlePath = nullptr  - Libcurl will use whatever was configured at build time.
[2016.01.29-06.51.17:619][  0]LogInit: Presizing for 0 objects not considered by GC, pre-allocating 0 bytes.
[2016.01.29-06.51.17:624][  0]LogInit: Object subsystem initialized
[2016.01.29-06.51.17:625][  0]LogInit: Selected Device Profile: [Windows]
[2016.01.29-06.51.17:625][  0]LogInit: Applying CVar settings loaded from the selected device profile: [Windows]
[2016.01.29-06.51.17:639][  0]LogInit: Computer: PLAN-CHENXINGHU
[2016.01.29-06.51.17:639][  0]LogInit: User: chenxinghui
[2016.01.29-06.51.17:639][  0]LogInit: CPU Page size=4096, Cores=4
[2016.01.29-06.51.17:639][  0]LogInit: High frequency timer resolution =3.117812 MHz
[2016.01.29-06.51.17:639][  0]LogMemory: Memory total: Physical=7.9GB (8GB approx)
[2016.01.29-06.51.17:639][  0]LogMemory: Platform Memory Stats for Windows
[2016.01.29-06.51.17:639][  0]LogMemory: Process Physical Memory: 56.61 MB used, 56.61 MB peak
[2016.01.29-06.51.17:639][  0]LogMemory: Process Virtual Memory: 59.62 MB used, 59.62 MB peak
[2016.01.29-06.51.17:639][  0]LogMemory: Physical Memory: 3664.37 MB used, 8130.04 MB total
[2016.01.29-06.51.17:639][  0]LogMemory: Virtual Memory: 352.39 MB used, 8388608.00 MB total
[2016.01.29-06.51.18:136][  0]LogD3D11RHI: Found D3D11 adapter 0: NVIDIA GeForce GTX 660   (Feature Level 11_0)
[2016.01.29-06.51.18:136][  0]LogD3D11RHI: Adapter has 1989MB of dedicated video memory, 0MB of dedicated system memory, and 2048MB of shared system memory, 2 output[s]
[2016.01.29-06.51.18:136][  0]LogD3D11RHI: Chosen D3D11 Adapter Id = 0
[2016.01.29-06.51.18:142][  0]LogD3D11RHI: !Direct3DDevice
[2016.01.29-06.51.18:142][  0]LogRHI: Texture pool is 1361 MB (70% of 1945 MB)
[2016.01.29-06.51.18:150][  0]LogD3D11RHI: Async texture creation enabled
[2016.01.29-06.51.18:164][  0]LogShaderCompilers: Guid format shader working directory is 9 characters bigger than the processId version (E:/Unreal Work Space/ExampleCollection10/Intermediate/Shaders/WorkingDirectory/5348/).
[2016.01.29-06.51.18:164][  0]LogShaderCompilers: Cleaned the shader compiler working directory 'C:/Users/CHENXI~1/AppData/Local/Temp/UnrealShaderWorkingDir/9BEDE60C4BE0E9C097C81B8588E0C1E8/'.
[2016.01.29-06.51.18:164][  0]LogShaderCompilers:Display: Using Local Shader Compiler.
[2016.01.29-06.51.19:559][  0]LogTemp:Display: Loaded TP AllDesktopTargetPlatform
[2016.01.29-06.51.19:563][  0]LogTemp:Display: Loaded TP WindowsClientTargetPlatform
[2016.01.29-06.51.19:567][  0]LogTemp:Display: Loaded TP WindowsNoEditorTargetPlatform
[2016.01.29-06.51.19:571][  0]LogTemp:Display: Loaded TP WindowsServerTargetPlatform
[2016.01.29-06.51.19:574][  0]LogTemp:Display: Loaded TP WindowsTargetPlatform
[2016.01.29-06.51.19:579][  0]LogTemp:Display: Loaded TP AndroidTargetPlatform
[2016.01.29-06.51.19:581][  0]LogTemp:Display: Loaded TP Android_ASTCTargetPlatform
[2016.01.29-06.51.19:583][  0]LogTemp:Display: Loaded TP Android_ATCTargetPlatform
[2016.01.29-06.51.19:586][  0]LogTemp:Display: Loaded TP Android_DXTTargetPlatform
[2016.01.29-06.51.19:588][  0]LogTemp:Display: Loaded TP Android_ETC1TargetPlatform
[2016.01.29-06.51.19:591][  0]LogTemp:Display: Loaded TP Android_ETC2TargetPlatform
[2016.01.29-06.51.19:596][  0]LogTemp:Display: Loaded TP Android_MultiTargetPlatform
[2016.01.29-06.51.19:596][  0]LogTemp:Display: Loaded TP Android_PVRTCTargetPlatform
[2016.01.29-06.51.19:596][  0]LogTemp:Display: Loaded TP HTML5TargetPlatform
[2016.01.29-06.51.19:613][  0]LogTemp:Display: Loaded TP IOSTargetPlatform
[2016.01.29-06.51.19:615][  0]LogTemp:Display: Loaded TP LinuxNoEditorTargetPlatform
[2016.01.29-06.51.19:617][  0]LogTemp:Display: Loaded TP LinuxServerTargetPlatform
[2016.01.29-06.51.19:640][  0]LogTemp:Display: Loaded TP LinuxTargetPlatform
[2016.01.29-06.51.19:640][  0]LogTargetPlatformManager:Display: Building Assets For Windows
[2016.01.29-06.51.19:707][  0]LogDerivedDataCache:Display: Max Cache Size: 512 MB
[2016.01.29-06.51.20:163][  0]LogDerivedDataCache: Loaded boot cache 0.46s 41MB C:/Users/chenxinghui/AppData/Local/UnrealEngine/4.10/DerivedDataCache/Boot.ddc.
[2016.01.29-06.51.20:163][  0]LogDerivedDataCache:Display: Loaded Boot cache: C:/Users/chenxinghui/AppData/Local/UnrealEngine/4.10/DerivedDataCache/Boot.ddc
[2016.01.29-06.51.20:163][  0]LogDerivedDataCache: FDerivedDataBackendGraph:  Pak pak cache file E:/Unreal Work Space/ExampleCollection10/DerivedDataCache/DDC.ddp not found, will not use a pak cache.
[2016.01.29-06.51.20:163][  0]LogDerivedDataCache: Unable to find inner node Pak for hierarchical cache Hierarchy.
[2016.01.29-06.51.20:163][  0]LogDerivedDataCache: FDerivedDataBackendGraph:  CompressedPak pak cache file E:/Unreal Work Space/ExampleCollection10/DerivedDataCache/Compressed.ddp not found, will not use a pak cache.
[2016.01.29-06.51.20:163][  0]LogDerivedDataCache: Unable to find inner node CompressedPak for hierarchical cache Hierarchy.
[2016.01.29-06.51.20:331][  0]LogDerivedDataCache:Display: Pak cache opened for reading ../../../Engine/DerivedDataCache/Compressed.ddp.
[2016.01.29-06.51.20:343][  0]LogDerivedDataCache: Using Local data cache path C:/Users/chenxinghui/AppData/Local/UnrealEngine/Common/DerivedDataCache: Writable
[2016.01.29-06.51.23:237][  0]LogInit: Selected Device Profile: [Windows]
[2016.01.29-06.51.23:238][  0]LogContentStreaming: Texture pool size is 0.000000MB
[2016.01.29-06.51.23:268][  0]LogMeshUtilities: No automatic mesh reduction module available
[2016.01.29-06.51.23:268][  0]LogMeshUtilities: No automatic mesh merging module available
[2016.01.29-06.51.23:578][  0]LogInit: WinSock: version 1.1 (2.2), MaxSocks=32767, MaxUdp=65467
[2016.01.29-06.51.30:509][  0]UdpMessaging: Initializing bridge on interface 0.0.0.0:0 to multicast group 230.0.0.1:6666.
[2016.01.29-06.51.30:943][  0]LogAssetRegistry: FAssetRegistry took 0.0110 seconds to start up
[2016.01.29-06.51.31:098][  0]SourceControl: Info Source control is disabled
[2016.01.29-06.51.31:098][  0]SourceControl: Info Source control is disabled
[2016.01.29-06.51.31:106][  0]SourceControl: Info Source control is disabled
[2016.01.29-06.51.31:114][  0]SourceControl: Info Source control is disabled
[2016.01.29-06.51.31:616][  0]LogObj: 28633 objects as part of root set at end of initial load.
[2016.01.29-06.51.31:616][  0]LogUObjectAllocator: 6099752 out of 0 bytes used by permanent object pool.
[2016.01.29-06.51.31:692][  0]LogEngine: Initializing Engine...
[2016.01.29-06.51.31:694][  0]LogHMD: Can't find Oculus library dev build: is proper Runtime installed? Version: 0.8.0.0
[2016.01.29-06.51.31:708][  0]LogHMD: SteamVR failed to initialize.  Err: 110
[2016.01.29-06.51.31:816][  0]LogAIModule: Creating AISystem for world NewWorld
[2016.01.29-06.51.31:832][  0]LogInit: XAudio2 using '扬声器 (Realtek High Definition Audio)' : 2 channels at 48 kHz using 32 bits per sample (channel mask 0x3)
[2016.01.29-06.51.31:950][  0]LogInit: FAudioDevice initialized.
[2016.01.29-06.51.31:975][  0]LogDerivedDataCache: Saved boot cache 0.02s 41MB C:/Users/chenxinghui/AppData/Local/UnrealEngine/4.10/DerivedDataCache/Boot.ddc.
[2016.01.29-06.51.31:980][  0]LogInit: Texture streaming: Enabled
[2016.01.29-06.51.31:985][  0]LogAnalytics: Creating configured Analytics provider AnalyticsET
[2016.01.29-06.51.31:985][  0]LogAnalytics: [UEEditor.Rocket.Release] APIServer = http://et2.epicgames.com/ET2/. AppVersion = 4.10.1-2791327+++depot+UE4-Releases+4.10
[2016.01.29-06.51.31:985][  0]LogAnalytics: [UEEditor.Rocket.Release] SetUserId fcc8beb743eb3f315b3205bc8f91fbb8|ecc15fb7c1f4439e807eef072eca5f98|c014cd18-b694-4710-a8b7-958888126c98
[2016.01.29-06.51.31:985][  0]LogAnalytics: [UEEditor.Rocket.Release] AnalyticsET::StartSession
[2016.01.29-06.51.32:025][  0]LogInit: Transaction tracking system initialized
[2016.01.29-06.51.32:048][  0]BlueprintLog: New page: Editor Load
[2016.01.29-06.51.32:265][  0]LocalizationService: Info Localization service is disabled
[2016.01.29-06.51.32:489][  0]LogConsoleResponse:Display: 
[2016.01.29-06.51.34:425][  0]LogCook:Display: Done creating registry. It took  0.00s.
[2016.01.29-06.51.34:642][  0]LogFileCache: Scanning file cache for directory 'E:/Unreal Work Space/ExampleCollection10/Content/' took 0.02s
[2016.01.29-06.51.34:646][  0]SourceControl: Info Source control is disabled
[2016.01.29-06.51.34:646][  0]Cmd: MAP LOAD FILE="E:/Unreal Work Space/ExampleCollection10/Content/My/TestMap/MatTestMap.umap" TEMPLATE=0 SHOWPROGRESS=1 FEATURELEVEL=3
[2016.01.29-06.51.34:967][  0]LightingResults: New page: Lighting Build
[2016.01.29-06.51.34:969][  0]MapCheck: New page: Map Check
[2016.01.29-06.51.34:969][  0]LightingResults: New page: Lighting Build
[2016.01.29-06.51.34:978][  0]LogParticles: Destroying 0 GPU particle simulations for FXSystem 0x000000002317AAC0
[2016.01.29-06.51.40:919][  0]LogAIModule: Creating AISystem for world MatTestMap
[2016.01.29-06.51.40:931][  0]LogEditorServer: Finished looking for orphan Actors (0.000 secs)
[2016.01.29-06.51.40:932][  0]Cmd: MAP CHECKDEP NOCLEARLOG
[2016.01.29-06.51.40:979][  0]MapCheck: Info Map check complete: 0 Error(s), 0 Warning(s), took 47.318ms to complete.
[2016.01.29-06.51.40:979][  0]LogFileHelpers: Loading map 'MatTestMap' took 6.333
[2016.01.29-06.51.41:166][  0]LogCollectionManager: Loaded 0 collections in 0.001717 seconds
[2016.01.29-06.51.41:206][  0]LogFileCache: Scanning file cache for directory 'E:/Unreal Work Space/ExampleCollection10/Saved/Collections/' took 0.01s
[2016.01.29-06.51.41:206][  0]LogFileCache: Scanning file cache for directory 'E:/Unreal Work Space/ExampleCollection10/Content/Developers/chenxinghui/Collections/' took 0.01s
[2016.01.29-06.51.41:206][  0]LogFileCache: Scanning file cache for directory 'E:/Unreal Work Space/ExampleCollection10/Content/Collections/' took 0.01s
[2016.01.29-06.51.41:206][  0]LogCollectionManager: Rebuilt the GUID cache for 0 collections in 0.000002 seconds
[2016.01.29-06.51.41:212][  0]LogContentBrowser: Native class hierarchy populated in 0.0062 seconds. Added 1893 classes and 338 folders.
[2016.01.29-06.51.41:220][  0]LogContentBrowser: Native class hierarchy updated for 'WidgetCarousel' in 0.0003 seconds. Added 0 classes and 0 folders.
[2016.01.29-06.51.41:739][  0]LogContentBrowser: Native class hierarchy updated for 'AddContentDialog' in 0.0003 seconds. Added 0 classes and 0 folders.
[2016.01.29-06.51.41:742][  0]LogContentBrowser: Native class hierarchy updated for 'SceneOutliner' in 0.0003 seconds. Added 1 classes and 2 folders.
[2016.01.29-06.51.41:816][  0]LogCrashTracker: Crashtracker disabled due to settings.
[2016.01.29-06.51.41:819][  0]LogUObjectGlobals:Warning: Failed to find object 'Class None.'
[2016.01.29-06.51.41:839][  0]LogLoad: Full Startup: 24.71 seconds (BP compile: 0.05 seconds)
[2016.01.29-06.51.41:851][  0]LogOcInput: Can't find Oculus library dev build: is proper Runtime installed? Version: 0.8.0.0
[2016.01.29-06.51.41:949][  0]LogContentStreaming: Texture pool size now 1000 MB
[2016.01.29-06.51.42:117][  0]LogRenderer: Reallocating scene render targets to support 824x552 (Frame:2).
[2016.01.29-06.51.42:379][  3]LogAssetRegistry: Asset discovery search completed in 11.4478 seconds
[2016.01.29-06.51.42:379][  3]LogCollectionManager: Rebuilt the object cache for 0 collections in 0.000001 seconds (found 0 objects)
[2016.01.29-06.51.42:379][  3]LogCollectionManager: Fixed up redirectors for 0 collections in 0.000016 seconds (updated 0 objects)
[2016.01.29-06.51.47:286][500]LogEditorViewport: Clicking on Actor (LMB): StaticMeshActor (Wall_400x402)
[2016.01.29-06.51.49:393][681]LogEditorViewport: Clicking on Actor (LMB): Emitter (P_Fire)
[2016.01.29-06.51.50:217][761]LogEditorViewport: Clicking on Actor (LMB): StaticMeshActor (Wall_400x402)
[2016.01.29-06.51.50:672][804]LogEditorViewport: Clicking on Actor (LMB): Emitter (P_Fire)
[2016.01.29-06.51.51:655][888]LogContentBrowser: Native class hierarchy updated for 'Cascade' in 0.0003 seconds. Added 2 classes and 2 folders.
[2016.01.29-06.51.51:948][888]LogRenderer: Reallocating scene render targets to support 896x552 (Frame:1005).
[2016.01.29-06.51.51:958][888]LogRenderer: Reallocating scene render targets to support 1076x552 (Frame:1006).
[2016.01.29-06.52.01:659][218]LogFactory: FactoryCreateBinary: VectorFieldStatic with ReimportVectorFieldStaticFactory (0 0 C:/Users/chenxinghui/Desktop/UE4 Texture/FV/vel_vertex.68.fga)
[2016.01.29-06.52.03:086][319]LogSavePackage: Save=3.242979ms
[2016.01.29-06.52.03:086][319]LogSavePackage: Moving 'E:/Unreal Work Space/ExampleCollection10/Saved/vel_vertex_68C4B11E50487B583C27B07586902DA4CE.tmp' to 'E:/Unreal Work Space/ExampleCollection10/Content/My/ExampleCollection/MatCollection/Environment/Fire/vel_vertex_68.uasset'
[2016.01.29-06.52.03:089][319]LogSavePackage: Total save time: 8.614052ms
[2016.01.29-06.52.03:089][319]LogSavePackage:Display: Finished SavePackage E:/Unreal Work Space/ExampleCollection10/Content/My/ExampleCollection/MatCollection/Environment/Fire/vel_vertex_68.uasset
[2016.01.29-06.54.02:507][750]LogEditorViewport: Clicking on Actor (LMB): StaticMeshActor (Wall_400x402)
[2016.01.29-06.57.04:336][823]LogEditorViewport: Clicking on Actor (LMB): StaticMeshActor (Floor)
[2016.01.29-06.57.13:139][500]LogEditorViewport: Clicking on Actor (LMB): StaticMeshActor (Floor)
[2016.01.29-06.58.09:406][731]LogParticles:Warning: MaxCount =  807 for Emitter ParticleSpriteEmitter_6 (/Game/My/ExampleCollection/MatCollection/Environment/Fire/P_Fire.P_Fire)
[2016.01.29-06.58.21:066][617]LogParticles:Warning: MaxCount =  807 for Emitter ParticleSpriteEmitter_6 (/Game/My/ExampleCollection/MatCollection/Environment/Fire/P_Fire.P_Fire)
[2016.01.29-06.59.35:090][939]LogVectorFieldFactory: Performing atomic reimport of [C:/Users/chenxinghui/Desktop/UE4 Texture/FV/vel_vertex.68.fga]
[2016.01.29-06.59.35:090][939]LogFactory: FactoryCreateBinary: VectorFieldStatic with ReimportVectorFieldStaticFactory (0 0 C:/Users/chenxinghui/Desktop/UE4 Texture/FV/vel_vertex.68.fga)
[2016.01.29-06.59.35:092][939]LogVectorFieldFactory: Reimported successfully
[2016.01.29-06.59.36:043][995]LogSavePackage: Save=17.093397ms
[2016.01.29-06.59.36:043][995]LogSavePackage: Moving 'E:/Unreal Work Space/ExampleCollection10/Saved/P_FireA62E8DCE45EFF2833E3FC18ADBC10D1F.tmp' to 'E:/Unreal Work Space/ExampleCollection10/Content/My/ExampleCollection/MatCollection/Environment/Fire/P_Fire.uasset'
[2016.01.29-06.59.36:045][995]LogSavePackage: Total save time: 43.472152ms
[2016.01.29-06.59.36:045][995]LogSavePackage:Display: Finished SavePackage E:/Unreal Work Space/ExampleCollection10/Content/My/ExampleCollection/MatCollection/Environment/Fire/P_Fire.uasset
[2016.01.29-06.59.36:077][995]LogSavePackage: Save=2.593806ms
[2016.01.29-06.59.36:078][995]LogSavePackage: Moving 'E:/Unreal Work Space/ExampleCollection10/Saved/vel_vertex_68AE8E159D41F342F16BAF32970909A962.tmp' to 'E:/Unreal Work Space/ExampleCollection10/Content/My/ExampleCollection/MatCollection/Environment/Fire/vel_vertex_68.uasset'
[2016.01.29-06.59.36:079][995]LogSavePackage: Total save time: 28.350972ms
[2016.01.29-06.59.36:079][995]LogSavePackage:Display: Finished SavePackage E:/Unreal Work Space/ExampleCollection10/Content/My/ExampleCollection/MatCollection/Environment/Fire/vel_vertex_68.uasset
[2016.01.29-06.59.45:956][774]LogEditorViewport: Clicking on Actor (LMB): StaticMeshActor (Floor)
[2016.01.29-06.59.59:372][764]LogEditorViewport: Clicking on Actor (context menu): StaticMeshActor (Floor)
[2016.01.29-07.00.00:196][839]LogEditorViewport: Clicking on Actor (LMB): StaticMeshActor (Floor)
[2016.01.29-07.00.05:174][999]LogEditorViewport: Clicking on Actor (LMB): StaticMeshActor (Floor)
[2016.01.29-07.00.27:050][844]LogEditorViewport: Clicking on Actor (LMB): StaticMeshActor (Wall_400x402)
[2016.01.29-07.00.27:787][894]LogEditorViewport: Clicking on Actor (LMB): StaticMeshActor (Floor)
[2016.01.29-07.01.05:310][862]LogEditorViewport: Clicking on Actor (LMB): StaticMeshActor (Wall_400x402)
[2016.01.29-07.01.09:994][260]LogEditorViewport: Clicking on Actor (LMB): StaticMeshActor (Wall_400x402)
[2016.01.29-07.01.13:679][514]LogCascade: Non-seeded module ParticleModuleVectorFieldRotationRate
[2016.01.29-07.01.18:859][912]LogEditorViewport: Clicking on Actor (LMB): StaticMeshActor (Floor)
[2016.01.29-07.02.00:606][182]LogEditorViewport: Clicking on Actor (LMB): StaticMeshActor (Wall_400x402)
[2016.01.29-07.02.03:113][361]LogEditorViewport: Clicking on Actor (LMB): StaticMeshActor (Floor)
[2016.01.29-07.02.06:202][594]LogEditorViewport: Clicking on Actor (LMB): StaticMeshActor (Floor)
[2016.01.29-07.02.54:467][206]LogEditorViewport: Clicking on Actor (LMB): StaticMeshActor (Floor)
[2016.01.29-07.03.06:927][160]LogSavePackage: Save=17.145357ms
[2016.01.29-07.03.06:927][160]LogSavePackage: Moving 'E:/Unreal Work Space/ExampleCollection10/Saved/P_Fire6DB8B3894AE58CD993E8D1A8F16715B8.tmp' to 'E:/Unreal Work Space/ExampleCollection10/Content/My/ExampleCollection/MatCollection/Environment/Fire/P_Fire.uasset'
[2016.01.29-07.03.06:929][160]LogSavePackage: Total save time: 45.821235ms
[2016.01.29-07.03.06:929][160]LogSavePackage:Display: Finished SavePackage E:/Unreal Work Space/ExampleCollection10/Content/My/ExampleCollection/MatCollection/Environment/Fire/P_Fire.uasset
[2016.01.29-07.05.33:389][831]LogEditorViewport: Clicking on Actor (LMB): StaticMeshActor (Floor)
[2016.01.29-07.05.37:641][155]LogEditorViewport: Clicking on Actor (LMB): StaticMeshActor (Wall_400x402)
[2016.01.29-07.05.38:146][184]LogEditorViewport: Clicking on Actor (LMB): PlayerStart (Player Start)
[2016.01.29-07.05.38:767][229]LogEditorViewport: Clicking on Actor (LMB): StaticMeshActor (Floor)
[2016.01.29-07.05.39:283][267]LogEditorViewport: Clicking on Actor (LMB): PlayerStart (Player Start)
[2016.01.29-07.06.46:674][335]LogEditorViewport: Clicking on Actor (LMB): Emitter (P_WaterFall)
[2016.01.29-07.06.50:161][585]LogMaterial: Missing cached shader map for material Mat_WaterFlow, compiling. 
[2016.01.29-07.06.50:251][585]LogMaterial: Missing cached shader map for material Mat_WaterFlow, compiling. 
[2016.01.29-07.06.50:257][585]LogMaterial: 0.000091 seconds spent updating 1 materials, 1 interfaces, 0 instances, 0 with static permutations.
[2016.01.29-07.06.50:282][585]LogMaterial: Missing cached shader map for material FMatExpressionPreview MaterialExpressionDepthFade_0, compiling. 
[2016.01.29-07.06.50:283][585]LogMaterial: Missing cached shader map for material FMatExpressionPreview MaterialExpressionTextureSample_0, compiling. 
[2016.01.29-07.06.50:286][585]LogMaterial: Missing cached shader map for material FMatExpressionPreview MaterialExpressionTextureSample_1, compiling. 
[2016.01.29-07.06.50:298][585]LogMaterial: Missing cached shader map for material FMatExpressionPreview MaterialExpressionTextureSample_2, compiling. 
[2016.01.29-07.06.50:354][585]LogMaterial: Missing cached shader map for material FMatExpressionPreview MaterialExpressionTextureSample_3, compiling. 
[2016.01.29-07.06.50:357][585]LogMaterial: Missing cached shader map for material FMatExpressionPreview MaterialExpressionTextureSample_4, compiling. 
[2016.01.29-07.06.54:321][812]MaterialEditorStats: Info Base pass shader with static lighting: 81 instructions
[2016.01.29-07.06.54:321][812]MaterialEditorStats: Info Base pass shader with only dynamic lighting: 41 instructions
[2016.01.29-07.06.54:321][812]MaterialEditorStats: Info Base pass shader for self shadowed translucency: 77 instructions
[2016.01.29-07.06.54:321][812]MaterialEditorStats: Info Vertex shader: 70 instructions
[2016.01.29-07.06.54:321][812]MaterialEditorStats: Info Texture samplers: 8/16
[2016.01.29-07.07.22:208][909]LogEditorViewport: Clicking on Actor (LMB): Emitter (P_Fire)
[2016.01.29-07.07.23:340][988]LogEditorViewport: Clicking on Actor (LMB): StaticMeshActor (Wall_400x402)
[2016.01.29-07.09.07:534][  7]LogEditorViewport: Clicking on Actor (LMB): Emitter (P_Droplet_Test)
[2016.01.29-07.09.10:325][188]LogCascade: Quitting Cascade. FXSystem=0x00000000589C0180
[2016.01.29-07.09.10:876][228]LogCascade: Quitting Cascade. FXSystem=0x0000000058A8E980
[2016.01.29-07.09.10:891][228]LogActorComponent: UnregisterComponent: (/Engine/Transient.FloorComponent) Not registered. Aborting.
[2016.01.29-07.09.15:797][623]LogBlueprintUserMessages: Early PlayInEditor Detection: Level '/Game/My/TestMap/MatTestMap.MatTestMap:PersistentLevel' has LevelScriptBlueprint '/Game/My/TestMap/MatTestMap.MatTestMap:PersistentLevel.MatTestMap' with GeneratedClass '/Game/My/TestMap/MatTestMap.MatTestMap_C' with ClassGeneratedBy '/Game/My/TestMap/MatTestMap.MatTestMap:PersistentLevel.MatTestMap'
[2016.01.29-07.09.15:797][623]LogPlayLevel: PlayLevel: No blueprints needed recompiling
[2016.01.29-07.09.15:798][623]PIE: New page: PIE session: MatTestMap (Jan 29, 2016, 11:09:15 PM)
[2016.01.29-07.09.15:798][623]LogPlayLevel: Creating play world package: /Game/My/TestMap/UEDPIE_0_MatTestMap
[2016.01.29-07.09.15:809][623]LogPlayLevel: PIE: StaticDuplicateObject took: (0.011528s)
[2016.01.29-07.09.15:810][623]LogAIModule: Creating AISystem for world MatTestMap
[2016.01.29-07.09.15:810][623]LogPlayLevel: PIE: World Init took: (0.000711s)
[2016.01.29-07.09.15:810][623]LogPlayLevel: PIE: Created PIE world by copying editor world from /Game/My/TestMap/MatTestMap.MatTestMap to /Game/My/TestMap/UEDPIE_0_MatTestMap.MatTestMap (0.012473s)
[2016.01.29-07.09.15:822][623]LogParticles: Destroying 0 GPU particle simulations for FXSystem 0x000000007B98C5E0
[2016.01.29-07.09.15:823][623]LogParticles: Destroying 0 GPU particle simulations for FXSystem 0x0000000058A8E980
[2016.01.29-07.09.15:823][623]LogParticles: Destroying 0 GPU particle simulations for FXSystem 0x00000000589C0180
[2016.01.29-07.09.15:836][623]LogInit: XAudio2 using '扬声器 (Realtek High Definition Audio)' : 2 channels at 48 kHz using 32 bits per sample (channel mask 0x3)
[2016.01.29-07.09.15:852][623]LogInit: FAudioDevice initialized.
[2016.01.29-07.09.15:987][623]LogWorld: Game class is 'ThirdPersonGameMode_C'
[2016.01.29-07.09.15:996][623]LogWorld: Bringing World /Game/My/TestMap/UEDPIE_0_MatTestMap.MatTestMap up for play (max tick rate 0) at 2016.01.29-15.09.15
[2016.01.29-07.09.15:996][623]LogActor:Warning: GameSession /Game/My/TestMap/UEDPIE_0_MatTestMap.MatTestMap:PersistentLevel.GameSession_0 has natively added scene component(s), but none of them were set as the actor's RootComponent - picking one arbitrarily
[2016.01.29-07.09.15:996][623]LogActor:Warning: GameNetworkManager /Game/My/TestMap/UEDPIE_0_MatTestMap.MatTestMap:PersistentLevel.GameNetworkManager_0 has natively added scene component(s), but none of them were set as the actor's RootComponent - picking one arbitrarily
[2016.01.29-07.09.15:996][623]LogWorld: Bringing up level for play took: 0.008234
[2016.01.29-07.09.15:999][623]PIE: Info Play in editor start time for /Game/My/TestMap/UEDPIE_0_MatTestMap -0.008
[2016.01.29-07.09.16:000][623]LogBlueprintUserMessages: Late PlayInEditor Detection: Level '/Game/My/TestMap/MatTestMap.MatTestMap:PersistentLevel' has LevelScriptBlueprint '/Game/My/TestMap/MatTestMap.MatTestMap:PersistentLevel.MatTestMap' with GeneratedClass '/Game/My/TestMap/MatTestMap.MatTestMap_C' with ClassGeneratedBy '/Game/My/TestMap/MatTestMap.MatTestMap:PersistentLevel.MatTestMap'
[2016.01.29-07.09.51:706][863]LogBlueprintUserMessages: Early EndPlayMap Detection: Level '/Game/My/TestMap/MatTestMap.MatTestMap:PersistentLevel' has LevelScriptBlueprint '/Game/My/TestMap/MatTestMap.MatTestMap:PersistentLevel.MatTestMap' with GeneratedClass '/Game/My/TestMap/MatTestMap.MatTestMap_C' with ClassGeneratedBy '/Game/My/TestMap/MatTestMap.MatTestMap:PersistentLevel.MatTestMap'
[2016.01.29-07.09.51:748][863]LogBlueprintUserMessages: Late EndPlayMap Detection: Level '/Game/My/TestMap/MatTestMap.MatTestMap:PersistentLevel' has LevelScriptBlueprint '/Game/My/TestMap/MatTestMap.MatTestMap:PersistentLevel.MatTestMap' with GeneratedClass '/Game/My/TestMap/MatTestMap.MatTestMap_C' with ClassGeneratedBy '/Game/My/TestMap/MatTestMap.MatTestMap:PersistentLevel.MatTestMap'
[2016.01.29-07.09.51:763][863]LogParticles: Destroying 0 GPU particle simulations for FXSystem 0x0000000067B79DA0
[2016.01.29-07.10.30:762][361]LogCascade: Non-seeded module ParticleModuleEventGenerator
[2016.01.29-07.10.36:595][748]LogParticles:Warning: MaxCount = 2016 for Emitter ParticleSpriteEmitter_2 (/Game/My/ExampleCollection/MatCollection/Environment/Droplets/test/P_Droplet_Test.P_Droplet_Test)
[2016.01.29-07.10.51:055][660]LogParticles:Warning: MaxCount = 2016 for Emitter ParticleSpriteEmitter_2 (/Game/My/ExampleCollection/MatCollection/Environment/Droplets/test/P_Droplet_Test.P_Droplet_Test)
[2016.01.29-07.10.53:766][862]LogParticles:Warning: MaxCount = 2016 for Emitter ParticleSpriteEmitter_2 (/Game/My/ExampleCollection/MatCollection/Environment/Droplets/test/P_Droplet_Test.P_Droplet_Test)
[2016.01.29-07.10.53:862][862]LogSavePackage: Save=15.168651ms
[2016.01.29-07.10.53:862][862]LogSavePackage: Moving 'E:/Unreal Work Space/ExampleCollection10/Saved/P_Droplet_TestD9E6E53D495A60A05C7351A7FE323CB8.tmp' to 'E:/Unreal Work Space/ExampleCollection10/Content/My/ExampleCollection/MatCollection/Environment/Droplets/test/P_Droplet_Test.uasset'
[2016.01.29-07.10.53:864][862]LogSavePackage: Total save time: 40.823821ms
[2016.01.29-07.10.53:864][862]LogSavePackage:Display: Finished SavePackage E:/Unreal Work Space/ExampleCollection10/Content/My/ExampleCollection/MatCollection/Environment/Droplets/test/P_Droplet_Test.uasset
[2016.01.29-07.11.48:766][802]LogEditorViewport: Clicking on Actor (LMB): StaticMeshActor (Floor)
[2016.01.29-07.13.21:643][148]LogEditorViewport: Clicking on Actor (LMB): StaticMeshActor (Floor)
[2016.01.29-07.13.22:305][201]LogEditorViewport: Clicking on Actor (LMB): StaticMeshActor (Floor)
[2016.01.29-07.13.23:020][255]LogEditorViewport: Clicking on Actor (LMB): StaticMeshActor (Floor)
[2016.01.29-07.13.28:231][590]LogParticles:Warning: MaxCount = 2016 for Emitter ParticleSpriteEmitter_2 (/Game/My/ExampleCollection/MatCollection/Environment/Droplets/test/P_Droplet_Test.P_Droplet_Test)
[2016.01.29-07.13.33:219][992]LogEditorViewport: Clicking on Actor (LMB): SkeletalMeshActor (SK_Mannequin)
[2016.01.29-07.13.57:442][748]LogEditorViewport: Clicking on Actor (LMB): StaticMeshActor (Floor)
[2016.01.29-07.13.57:830][775]LogEditorViewport: Clicking on Actor (LMB): SkeletalMeshActor (SK_Mannequin)
[2016.01.29-07.14.01:194][940]LogContentBrowser: Native class hierarchy updated for 'PhAT' in 0.0004 seconds. Added 1 classes and 2 folders.
[2016.01.29-07.14.01:485][941]LogRenderer: Reallocating scene render targets to support 1076x908 (Frame:176670).
[2016.01.29-07.14.37:014][273]LogEditorViewport: Clicking on Actor (LMB): StaticMeshActor (Shape_Cube10)
[2016.01.29-07.14.37:507][300]LogEditorViewport: Clicking on Actor (LMB): StaticMeshActor (Shape_Cube2)
[2016.01.29-07.14.52:628][530]LogEditorViewport: Clicking on Actor (LMB): StaticMeshActor (Shape_Cube24)
[2016.01.29-07.14.54:742][681]LogEditorViewport: Clicking on Actor (LMB): StaticMeshActor (Shape_Cube32)
[2016.01.29-07.15.03:029][367]LogEditorViewport: Clicking on Actor (LMB): StaticMeshActor (Shape_Cube59)
[2016.01.29-07.15.04:254][423]LogRenderer: Reallocating scene render targets to support 1076x932 (Frame:186173).
[2016.01.29-07.15.05:435][498]LogMaterial: Missing cached shader map for material Mat_SplashMesh_Test2, compiling. 
[2016.01.29-07.15.05:516][498]LogMaterial: Missing cached shader map for material Mat_SplashMesh_Test2, compiling. 
[2016.01.29-07.15.05:520][498]LogMaterial: 0.000077 seconds spent updating 1 materials, 1 interfaces, 0 instances, 0 with static permutations.
[2016.01.29-07.15.05:544][498]LogMaterial: Missing cached shader map for material FMatExpressionPreview MaterialExpressionCollectionParameter_1, compiling. 
[2016.01.29-07.15.05:546][498]LogMaterial: Missing cached shader map for material FMatExpressionPreview MaterialExpressionTextureSample_2, compiling. 
[2016.01.29-07.15.05:549][498]LogMaterial: Missing cached shader map for material FMatExpressionPreview MaterialExpressionConstant3Vector_2, compiling. 
[2016.01.29-07.15.05:551][498]LogMaterial: Missing cached shader map for material FMatExpressionPreview MaterialExpressionConstant3Vector_3, compiling. 
[2016.01.29-07.15.07:173][587]MaterialEditorStats: Info Base pass shader with static lighting: 66 instructions
[2016.01.29-07.15.07:173][587]MaterialEditorStats: Info Base pass shader with only dynamic lighting: 34 instructions
[2016.01.29-07.15.07:173][587]MaterialEditorStats: Info Vertex shader: 31 instructions
[2016.01.29-07.15.07:173][587]MaterialEditorStats: Info Texture samplers: 2/16
[2016.01.29-07.15.18:751][442]LogEditorViewport: Clicking on Actor (LMB): StaticMeshActor (Floor)
[2016.01.29-07.15.38:500][982]LogEditorViewport: Clicking on Actor (LMB): StaticMeshActor (Shape_Cube42)
[2016.01.29-07.15.50:531][920]LogEditorViewport: Clicking on Actor (LMB): StaticMeshActor (Shape_Cube42)
[2016.01.29-07.16.22:090][580]LogParticles: Destroying 0 GPU particle simulations for FXSystem 0x0000000058C637E0
[2016.01.29-07.16.22:091][580]LogParticles: Destroying 0 GPU particle simulations for FXSystem 0x00000000351DB9C0
[2016.01.29-07.16.22:102][580]LogParticles: Destroying 0 GPU particle simulations for FXSystem 0x000000007425D580
[2016.01.29-07.16.22:194][580]Cmd: OBJ SAVEPACKAGE PACKAGE="/Game/My/TestMap/MatTestMap" FILE="E:/Unreal Work Space/ExampleCollection10/Content/My/TestMap/MatTestMap.umap" SILENT=true AUTOSAVING=false KEEPDIRTY=false
[2016.01.29-07.16.22:476][580]LogSavePackage: Save=208.005173ms
[2016.01.29-07.16.22:476][580]LogSavePackage: Moving 'E:/Unreal Work Space/ExampleCollection10/Saved/MatTestMapABA68E0E4496030C837C83876B93365E.tmp' to 'E:/Unreal Work Space/ExampleCollection10/Content/My/TestMap/MatTestMap.umap'
[2016.01.29-07.16.22:478][580]LogSavePackage: Total save time: 270.971119ms
[2016.01.29-07.16.22:478][580]LogSavePackage:Display: Finished SavePackage E:/Unreal Work Space/ExampleCollection10/Content/My/TestMap/MatTestMap.umap
[2016.01.29-07.16.22:509][580]LogFileHelpers: Saving map 'MatTestMap' took 0.369
[2016.01.29-07.16.22:556][580]LogSavePackage: Save=14.548985ms
[2016.01.29-07.16.22:556][580]LogSavePackage: Moving 'E:/Unreal Work Space/ExampleCollection10/Saved/P_Droplet_Test66C1C507444EC05666EACAAE394212FA.tmp' to 'E:/Unreal Work Space/ExampleCollection10/Content/My/ExampleCollection/MatCollection/Environment/Droplets/test/P_Droplet_Test.uasset'
[2016.01.29-07.16.22:558][580]LogSavePackage: Total save time: 39.695464ms
[2016.01.29-07.16.22:558][580]LogSavePackage:Display: Finished SavePackage E:/Unreal Work Space/ExampleCollection10/Content/My/ExampleCollection/MatCollection/Environment/Droplets/test/P_Droplet_Test.uasset
[2016.01.29-07.16.23:859][693]LogCascade: Quitting Cascade. FXSystem=0x0000000088F44AE0
[2016.01.29-07.16.23:877][693]LogActorComponent: UnregisterComponent: (/Engine/Transient.FloorComponent) Not registered. Aborting.
[2016.01.29-07.21.17:988][883]LogParticles: Destroying 0 GPU particle simulations for FXSystem 0x0000000088F44AE0
[2016.01.29-07.21.18:890][950]Cmd: QUIT_EDITOR
[2016.01.29-07.21.19:025][950]LogExit: Preparing to exit.
[2016.01.29-07.21.19:608][950]LogExit: Editor shut down
[2016.01.29-07.21.19:609][950]LogExit: Transaction tracking system shut down
[2016.01.29-07.21.19:611][950]LogParticles: Destroying 0 GPU particle simulations for FXSystem 0x000000002ABD3560
[2016.01.29-07.21.19:611][950]LogParticles: Destroying 0 GPU particle simulations for FXSystem 0x000000003487D760
[2016.01.29-07.21.19:611][950]LogParticles: Destroying 0 GPU particle simulations for FXSystem 0x000000003488DC60
[2016.01.29-07.21.19:611][950]LogParticles: Destroying 0 GPU particle simulations for FXSystem 0x000000003488DEE0
[2016.01.29-07.21.19:612][950]LogParticles: Destroying 0 GPU particle simulations for FXSystem 0x000000003488E2A0
[2016.01.29-07.21.19:736][950]LogExit: Object subsystem successfully closed.
[2016.01.29-07.21.19:750][950]LogD3D11RHI: Shutdown
[2016.01.29-07.21.19:750][950]LogD3D11RHI: CleanupD3DDevice
[2016.01.29-07.21.19:836][950]LogD3D11RHI: ~FD3D11DynamicRHI
[2016.01.29-07.21.19:846][950]LogModuleManager: Shutting down and abandoning module PhAT (203)
[2016.01.29-07.21.19:846][950]LogModuleManager: Shutting down and abandoning module MaterialEditor (202)
[2016.01.29-07.21.19:846][950]LogModuleManager: Shutting down and abandoning module CookingStats (201)
[2016.01.29-07.21.19:846][950]LogModuleManager: Shutting down and abandoning module DistCurveEditor (200)
[2016.01.29-07.21.19:846][950]LogModuleManager: Shutting down and abandoning module Cascade (199)
[2016.01.29-07.21.19:846][950]LogModuleManager: Shutting down and abandoning module CrashTracker (198)
[2016.01.29-07.21.19:846][950]LogModuleManager: Shutting down and abandoning module SceneOutliner (197)
[2016.01.29-07.21.19:846][950]LogModuleManager: Shutting down and abandoning module SuperSearch (196)
[2016.01.29-07.21.19:846][950]LogModuleManager: Shutting down and abandoning module WidgetCarousel (195)
[2016.01.29-07.21.19:846][950]LogModuleManager: Shutting down and abandoning module AddContentDialog (194)
[2016.01.29-07.21.19:847][950]LogModuleManager: Shutting down and abandoning module EditorWidgets (193)
[2016.01.29-07.21.19:847][950]LogModuleManager: Shutting down and abandoning module CollectionManager (192)
[2016.01.29-07.21.19:847][950]LogModuleManager: Shutting down and abandoning module StatsViewer (191)
[2016.01.29-07.21.19:847][950]LogModuleManager: Shutting down and abandoning module FoliageEdit (190)
[2016.01.29-07.21.19:847][950]LogModuleManager: Shutting down and abandoning module LandscapeEditor (189)
[2016.01.29-07.21.19:847][950]LogModuleManager: Shutting down and abandoning module ActorPickerMode (188)
[2016.01.29-07.21.19:847][950]LogModuleManager: Shutting down and abandoning module GeometryMode (187)
[2016.01.29-07.21.19:847][950]LogModuleManager: Shutting down and abandoning module TextureAlignMode (186)
[2016.01.29-07.21.19:847][950]LogModuleManager: Shutting down and abandoning module BspMode (185)
[2016.01.29-07.21.19:847][950]LogModuleManager: Shutting down and abandoning module PlacementMode (184)
[2016.01.29-07.21.19:847][950]LogModuleManager: Shutting down and abandoning module AutomationWorker (183)
[2016.01.29-07.21.19:847][950]LogModuleManager: Shutting down and abandoning module CharacterAI (182)
[2016.01.29-07.21.19:847][950]LogModuleManager: Shutting down and abandoning module SmartSnapping (181)
[2016.01.29-07.21.19:847][950]LogModuleManager: Shutting down and abandoning module ViewportSnapping (180)
[2016.01.29-07.21.19:847][950]LogModuleManager: Shutting down and abandoning module LogVisualizer (179)
[2016.01.29-07.21.19:848][950]LogModuleManager: Shutting down and abandoning module GameProjectGeneration (178)
[2016.01.29-07.21.19:848][950]LogModuleManager: Shutting down and abandoning module IntroTutorials (177)
[2016.01.29-07.21.19:848][950]LogModuleManager: Shutting down and abandoning module EditorLiveStreaming (176)
[2016.01.29-07.21.19:848][950]LogModuleManager: Shutting down and abandoning module IOSPlatformEditor (175)
[2016.01.29-07.21.19:848][950]LogModuleManager: Shutting down and abandoning module HTML5PlatformEditor (174)
[2016.01.29-07.21.19:848][950]LogModuleManager: Shutting down and abandoning module AndroidDeviceDetection (173)
[2016.01.29-07.21.20:342][950]LogModuleManager: Shutting down and abandoning module AndroidPlatformEditor (172)
[2016.01.29-07.21.20:342][950]LogModuleManager: Shutting down and abandoning module IOSRuntimeSettings (171)
[2016.01.29-07.21.20:342][950]LogModuleManager: Shutting down and abandoning module AndroidRuntimeSettings (170)
[2016.01.29-07.21.20:342][950]LogModuleManager: Shutting down and abandoning module MergeActors (169)
[2016.01.29-07.21.20:342][950]LogModuleManager: Shutting down and abandoning module SizeMap (168)
[2016.01.29-07.21.20:342][950]LogModuleManager: Shutting down and abandoning module TreeMap (167)
[2016.01.29-07.21.20:342][950]LogModuleManager: Shutting down and abandoning module ReferenceViewer (166)
[2016.01.29-07.21.20:342][950]LogModuleManager: Shutting down and abandoning module LocalizationService (165)
[2016.01.29-07.21.20:342][950]LogModuleManager: Shutting down and abandoning module LocalizationDashboard (164)
[2016.01.29-07.21.20:342][950]LogModuleManager: Shutting down and abandoning module HardwareTargeting (163)
[2016.01.29-07.21.20:342][950]LogModuleManager: Shutting down and abandoning module DeviceProfileEditor (162)
[2016.01.29-07.21.20:342][950]LogModuleManager: Shutting down and abandoning module UndoHistory (161)
[2016.01.29-07.21.20:342][950]LogModuleManager: Shutting down and abandoning module GameplayTagsEditor (160)
[2016.01.29-07.21.20:342][950]LogModuleManager: Shutting down and abandoning module UserFeedback (159)
[2016.01.29-07.21.20:342][950]LogModuleManager: Shutting down and abandoning module XmlParser (158)
[2016.01.29-07.21.20:343][950]LogModuleManager: Shutting down and abandoning module Blutility (157)
[2016.01.29-07.21.20:343][950]LogModuleManager: Shutting down and abandoning module ProjectTargetPlatformEditor (156)
[2016.01.29-07.21.20:343][950]LogModuleManager: Shutting down and abandoning module ProjectSettingsViewer (155)
[2016.01.29-07.21.20:343][950]LogModuleManager: Shutting down and abandoning module InputBindingEditor (154)
[2016.01.29-07.21.20:343][950]LogModuleManager: Shutting down and abandoning module EditorSettingsViewer (153)
[2016.01.29-07.21.20:343][950]LogModuleManager: Shutting down and abandoning module SettingsEditor (152)
[2016.01.29-07.21.20:343][950]LogModuleManager: Shutting down and abandoning module ProjectLauncher (151)
[2016.01.29-07.21.20:343][950]LogModuleManager: Shutting down and abandoning module SessionFrontend (150)
[2016.01.29-07.21.20:343][950]LogModuleManager: Shutting down and abandoning module ProfilerClient (149)
[2016.01.29-07.21.20:343][950]LogModuleManager: Shutting down and abandoning module TargetDeviceServices (148)
[2016.01.29-07.21.20:343][950]LogModuleManager: Shutting down and abandoning module DeviceManager (147)
[2016.01.29-07.21.20:343][950]LogModuleManager: Shutting down and abandoning module AutomationController (146)
[2016.01.29-07.21.20:343][950]LogModuleManager: Shutting down and abandoning module AutomationWindow (145)
[2016.01.29-07.21.20:343][950]LogModuleManager: Shutting down and abandoning module Layers (144)
[2016.01.29-07.21.20:343][950]LogModuleManager: Shutting down and abandoning module ComponentVisualizers (143)
[2016.01.29-07.21.20:343][950]LogModuleManager: Shutting down and abandoning module DetailCustomizations (142)
[2016.01.29-07.21.20:344][950]LogModuleManager: Shutting down and abandoning module PackagesDialog (141)
[2016.01.29-07.21.20:344][950]LogModuleManager: Shutting down and abandoning module Persona (140)
[2016.01.29-07.21.20:344][950]LogModuleManager: Shutting down and abandoning module Kismet (139)
[2016.01.29-07.21.20:344][950]LogModuleManager: Shutting down and abandoning module GraphEditor (138)
[2016.01.29-07.21.20:344][950]LogModuleManager: Shutting down and abandoning module ClassViewer (137)
[2016.01.29-07.21.20:346][950]LogModuleManager: Shutting down and abandoning module Toolbox (136)
[2016.01.29-07.21.20:346][950]LogModuleManager: Shutting down and abandoning module ModuleUI (135)
[2016.01.29-07.21.20:346][950]LogModuleManager: Shutting down and abandoning module MovieSceneTools (134)
[2016.01.29-07.21.20:346][950]LogModuleManager: Shutting down and abandoning module OutputLog (133)
[2016.01.29-07.21.20:346][950]LogModuleManager: Shutting down and abandoning module GammaUI (132)
[2016.01.29-07.21.20:346][950]LogModuleManager: Shutting down and abandoning module Documentation (131)
[2016.01.29-07.21.20:346][950]LogModuleManager: Shutting down and abandoning module GameLiveStreaming (130)
[2016.01.29-07.21.20:346][950]LogModuleManager: Shutting down and abandoning module StreamingPauseRendering (129)
[2016.01.29-07.21.20:346][950]LogModuleManager: Shutting down and abandoning module AnalyticsET (128)
[2016.01.29-07.21.20:346][950]LogModuleManager: Shutting down and abandoning module Analytics (127)
[2016.01.29-07.21.20:346][950]LogModuleManager: Shutting down and abandoning module AITestSuite (126)
[2016.01.29-07.21.20:346][950]LogModuleManager: Shutting down and abandoning module GameplayDebugger (125)
[2016.01.29-07.21.20:346][950]LogModuleManager: Shutting down and abandoning module AIModule (124)
[2016.01.29-07.21.20:346][950]LogModuleManager: Shutting down and abandoning module ProfilerService (123)
[2016.01.29-07.21.20:551][950]LogModuleManager: Shutting down and abandoning module TaskGraph (122)
[2016.01.29-07.21.20:551][950]LogModuleManager: Shutting down and abandoning module SlateRemote (121)
[2016.01.29-07.21.20:551][950]LogModuleManager: Shutting down and abandoning module SteamVRController (120)
[2016.01.29-07.21.20:551][950]LogModuleManager: Shutting down and abandoning module SteamVR (119)
[2016.01.29-07.21.20:551][950]LogModuleManager: Shutting down and abandoning module ProceduralMeshComponent (118)
[2016.01.29-07.21.20:551][950]LogModuleManager: Shutting down and abandoning module OculusLibrary (117)
[2016.01.29-07.21.20:551][950]LogModuleManager: Shutting down and abandoning module OculusInput (116)
[2016.01.29-07.21.20:551][950]LogModuleManager: Shutting down and abandoning module LeapMotionController (115)
[2016.01.29-07.21.20:567][950]LogModuleManager: Shutting down and abandoning module CustomMeshComponent (114)
[2016.01.29-07.21.20:567][950]LogModuleManager: Shutting down and abandoning module CableComponent (113)
[2016.01.29-07.21.20:567][950]LogModuleManager: Shutting down and abandoning module ArchVisCharacter (112)
[2016.01.29-07.21.20:567][950]LogModuleManager: Shutting down and abandoning module MessagingDebugger (111)
[2016.01.29-07.21.20:567][950]LogModuleManager: Shutting down and abandoning module MediaPlayerEditor (110)
[2016.01.29-07.21.20:567][950]LogModuleManager: Shutting down and abandoning module HTML5Networking (109)
[2016.01.29-07.21.20:567][950]LogModuleManager: Shutting down and abandoning module SpeedTreeImporter (108)
[2016.01.29-07.21.20:568][950]LogModuleManager: Shutting down and abandoning module PluginBrowser (107)
[2016.01.29-07.21.20:568][950]LogModuleManager: Shutting down and abandoning module EpicSurvey (106)
[2016.01.29-07.21.20:568][950]LogModuleManager: Shutting down and abandoning module DesktopPlatform (105)
[2016.01.29-07.21.20:568][950]LogModuleManager: Shutting down and abandoning module VisualStudioSourceCodeAccess (104)
[2016.01.29-07.21.20:568][950]LogModuleManager: Shutting down and abandoning module UObjectPlugin (103)
[2016.01.29-07.21.20:568][950]LogModuleManager: Shutting down and abandoning module SubversionSourceControl (102)
[2016.01.29-07.21.20:568][950]LogModuleManager: Shutting down and abandoning module PerforceSourceControl (101)
[2016.01.29-07.21.20:568][950]LogModuleManager: Shutting down and abandoning module SourceControl (100)
[2016.01.29-07.21.20:568][950]LogModuleManager: Shutting down and abandoning module GitSourceControl (99)
[2016.01.29-07.21.20:568][950]LogModuleManager: Shutting down and abandoning module LightPropagationVolumeEditor (98)
[2016.01.29-07.21.20:568][950]LogModuleManager: Shutting down and abandoning module PaperTiledImporter (97)
[2016.01.29-07.21.20:568][950]LogModuleManager: Shutting down and abandoning module PaperSpriteSheetImporter (96)
[2016.01.29-07.21.20:568][950]LogModuleManager: Shutting down and abandoning module MeshPaint (95)
[2016.01.29-07.21.20:568][950]LogModuleManager: Shutting down and abandoning module SlateReflector (94)
[2016.01.29-07.21.20:568][950]LogModuleManager: Shutting down and abandoning module HotReload (93)
[2016.01.29-07.21.20:568][950]LogModuleManager: Shutting down and abandoning module MainFrame (92)
[2016.01.29-07.21.20:568][950]LogModuleManager: Shutting down and abandoning module LevelEditor (91)
[2016.01.29-07.21.20:570][950]LogModuleManager: Shutting down and abandoning module DirectoryWatcher (90)
[2016.01.29-07.21.20:571][950]LogModuleManager: Shutting down and abandoning module AssetRegistry (89)
[2016.01.29-07.21.20:641][950]LogModuleManager: Shutting down and abandoning module ContentBrowser (88)
[2016.01.29-07.21.20:641][950]LogModuleManager: Shutting down and abandoning module Paper2DEditor (87)
[2016.01.29-07.21.20:641][950]LogModuleManager: Shutting down and abandoning module UdpMessaging (86)
[2016.01.29-07.21.20:741][950]LogModuleManager: Shutting down and abandoning module LightPropagationVolumeRuntime (85)
[2016.01.29-07.21.20:741][950]LogModuleManager: Shutting down and abandoning module Paper2D (84)
[2016.01.29-07.21.20:741][950]LogModuleManager: Shutting down and abandoning module WindowsMoviePlayer (83)
[2016.01.29-07.21.20:750][950]LogModuleManager: Shutting down and abandoning module Media (82)
[2016.01.29-07.21.20:750][950]LogModuleManager: Shutting down and abandoning module WmfMedia (81)
[2016.01.29-07.21.20:751][950]LogModuleManager: Shutting down and abandoning module OnlineBlueprintSupport (80)
[2016.01.29-07.21.20:751][950]LogModuleManager: Shutting down and abandoning module GameplayTasksEditor (79)
[2016.01.29-07.21.20:751][950]LogModuleManager: Shutting down and abandoning module PropertyEditor (78)
[2016.01.29-07.21.20:751][950]LogModuleManager: Shutting down and abandoning module BehaviorTreeEditor (77)
[2016.01.29-07.21.20:752][950]LogModuleManager: Shutting down and abandoning module FunctionalTesting (76)
[2016.01.29-07.21.20:752][950]LogModuleManager: Shutting down and abandoning module CollisionAnalyzer (75)
[2016.01.29-07.21.20:752][950]LogModuleManager: Shutting down and abandoning module WorkspaceMenuStructure (74)
[2016.01.29-07.21.20:752][950]LogModuleManager: Shutting down and abandoning module MessageLog (73)
[2016.01.29-07.21.20:752][950]LogModuleManager: Shutting down and abandoning module Sequencer (72)
[2016.01.29-07.21.20:752][950]LogModuleManager: Shutting down and abandoning module AssetTools (71)
[2016.01.29-07.21.20:752][950]LogModuleManager: Shutting down and abandoning module UMGEditor (70)
[2016.01.29-07.21.20:752][950]LogModuleManager: Shutting down and abandoning module UMG (69)
[2016.01.29-07.21.20:752][950]LogModuleManager: Shutting down and abandoning module Slate (68)
[2016.01.29-07.21.20:752][950]LogModuleManager: Shutting down and abandoning module EditorStyle (67)
[2016.01.29-07.21.20:756][950]LogModuleManager: Shutting down and abandoning module SessionServices (66)
[2016.01.29-07.21.20:756][950]LogModuleManager: Shutting down and abandoning module SourceCodeAccess (65)
[2016.01.29-07.21.20:756][950]LogModuleManager: Shutting down and abandoning module HeadMountedDisplay (64)
[2016.01.29-07.21.20:756][950]LogModuleManager: Shutting down and abandoning module XAudio2 (63)
[2016.01.29-07.21.20:756][950]LogModuleManager: Shutting down and abandoning module Networking (61)
[2016.01.29-07.21.20:756][950]LogModuleManager: Shutting down and abandoning module Core (60)
[2016.01.29-07.21.20:757][950]LogModuleManager: Shutting down and abandoning module KismetCompiler (59)
[2016.01.29-07.21.20:757][950]LogModuleManager: Shutting down and abandoning module PhysXFormats (58)
[2016.01.29-07.21.20:757][950]LogModuleManager: Shutting down and abandoning module MeshUtilities (57)
[2016.01.29-07.21.20:757][950]LogModuleManager: Shutting down and abandoning module DerivedDataCache (56)
[2016.01.29-07.21.20:836][950]LogDerivedDataCache: Shutdown
[2016.01.29-07.21.20:836][950]LogModuleManager: Shutting down and abandoning module ShaderFormatOpenGL (55)
[2016.01.29-07.21.20:836][950]LogModuleManager: Shutting down and abandoning module ShaderFormatD3D (54)
[2016.01.29-07.21.20:836][950]LogModuleManager: Shutting down and abandoning module MetalShaderFormat (53)
[2016.01.29-07.21.20:836][950]LogModuleManager: Shutting down and abandoning module TextureFormatUncompressed (52)
[2016.01.29-07.21.20:836][950]LogModuleManager: Shutting down and abandoning module TextureFormatPVR (51)
[2016.01.29-07.21.20:836][950]LogModuleManager: Shutting down and abandoning module TextureFormatIntelISPCTexComp (50)
[2016.01.29-07.21.20:836][950]LogModuleManager: Shutting down and abandoning module TextureFormatDXT (49)
[2016.01.29-07.21.20:836][950]LogModuleManager: Shutting down and abandoning module ImageWrapper (48)
[2016.01.29-07.21.20:836][950]LogModuleManager: Shutting down and abandoning module TextureFormatASTC (47)
[2016.01.29-07.21.20:836][950]LogModuleManager: Shutting down and abandoning module TextureFormatAndroid (46)
[2016.01.29-07.21.20:836][950]LogModuleManager: Shutting down and abandoning module AudioFormatOpus (45)
[2016.01.29-07.21.20:836][950]LogModuleManager: Shutting down and abandoning module AudioFormatOgg (44)
[2016.01.29-07.21.20:836][950]LogModuleManager: Shutting down and abandoning module AudioFormatADPCM (43)
[2016.01.29-07.21.20:836][950]LogModuleManager: Shutting down and abandoning module LinuxTargetPlatform (42)
[2016.01.29-07.21.20:836][950]LogModuleManager: Shutting down and abandoning module LinuxServerTargetPlatform (41)
[2016.01.29-07.21.20:836][950]LogModuleManager: Shutting down and abandoning module LinuxNoEditorTargetPlatform (40)
[2016.01.29-07.21.20:836][950]LogModuleManager: Shutting down and abandoning module Messaging (39)
[2016.01.29-07.21.20:836][950]LogModuleManager: Shutting down and abandoning module IOSTargetPlatform (38)
[2016.01.29-07.21.20:836][950]LogModuleManager: Shutting down and abandoning module HTML5TargetPlatform (37)
[2016.01.29-07.21.20:836][950]LogModuleManager: Shutting down and abandoning module Android_PVRTCTargetPlatform (36)
[2016.01.29-07.21.20:837][950]LogModuleManager: Shutting down and abandoning module Android_MultiTargetPlatform (35)
[2016.01.29-07.21.20:837][950]LogModuleManager: Shutting down and abandoning module Android_ETC2TargetPlatform (34)
[2016.01.29-07.21.20:837][950]LogModuleManager: Shutting down and abandoning module Android_ETC1TargetPlatform (33)
[2016.01.29-07.21.20:837][950]LogModuleManager: Shutting down and abandoning module Android_DXTTargetPlatform (32)
[2016.01.29-07.21.20:837][950]LogModuleManager: Shutting down and abandoning module Android_ATCTargetPlatform (31)
[2016.01.29-07.21.20:837][950]LogModuleManager: Shutting down and abandoning module Android_ASTCTargetPlatform (30)
[2016.01.29-07.21.20:837][950]LogModuleManager: Shutting down and abandoning module AndroidTargetPlatform (29)
[2016.01.29-07.21.20:837][950]LogModuleManager: Shutting down and abandoning module WindowsTargetPlatform (28)
[2016.01.29-07.21.20:837][950]LogModuleManager: Shutting down and abandoning module WindowsServerTargetPlatform (27)
[2016.01.29-07.21.20:837][950]LogModuleManager: Shutting down and abandoning module WindowsNoEditorTargetPlatform (26)
[2016.01.29-07.21.20:837][950]LogModuleManager: Shutting down and abandoning module WindowsClientTargetPlatform (25)
[2016.01.29-07.21.20:837][950]LogModuleManager: Shutting down and abandoning module AllDesktopTargetPlatform (24)
[2016.01.29-07.21.20:837][950]LogModuleManager: Shutting down and abandoning module TargetPlatform (23)
[2016.01.29-07.21.20:837][950]LogModuleManager: Shutting down and abandoning module InputCore (22)
[2016.01.29-07.21.20:837][950]LogModuleManager: Shutting down and abandoning module Settings (21)
[2016.01.29-07.21.20:837][950]LogModuleManager: Shutting down and abandoning module OnlineSubsystem (19)
[2016.01.29-07.21.20:837][950]LogModuleManager: Shutting down and abandoning module HTTP (18)
[2016.01.29-07.21.23:837][950]LogModuleManager: Shutting down and abandoning module XMPP (17)
[2016.01.29-07.21.23:837][950]LogModuleManager: Shutting down and abandoning module OculusRift (16)
[2016.01.29-07.21.23:837][950]LogModuleManager: Shutting down and abandoning module ExampleDeviceProfileSelector (15)
[2016.01.29-07.21.23:837][950]LogModuleManager: Shutting down and abandoning module TextureCompressor (14)
[2016.01.29-07.21.23:837][950]LogModuleManager: Shutting down and abandoning module ShaderCore (13)
[2016.01.29-07.21.23:837][950]LogModuleManager: Shutting down and abandoning module Landscape (12)
[2016.01.29-07.21.23:837][950]LogModuleManager: Shutting down and abandoning module SlateRHIRenderer (11)
[2016.01.29-07.21.23:842][950]LogModuleManager: Shutting down and abandoning module OpenGLDrv (10)
[2016.01.29-07.21.23:842][950]LogModuleManager: Shutting down and abandoning module D3D11RHI (9)
[2016.01.29-07.21.23:842][950]LogModuleManager: Shutting down and abandoning module AnimGraphRuntime (8)
[2016.01.29-07.21.23:842][950]LogModuleManager: Shutting down and abandoning module Renderer (7)
[2016.01.29-07.21.23:842][950]LogModuleManager: Shutting down and abandoning module Engine (6)
[2016.01.29-07.21.23:842][950]LogModuleManager: Shutting down and abandoning module CoreUObject (5)
[2016.01.29-07.21.23:842][950]LogModuleManager: Shutting down and abandoning module NetworkFile (4)
[2016.01.29-07.21.23:842][950]LogModuleManager: Shutting down and abandoning module StreamingFile (3)
[2016.01.29-07.21.23:842][950]LogModuleManager: Shutting down and abandoning module SandboxFile (2)
[2016.01.29-07.21.23:842][950]LogModuleManager: Shutting down and abandoning module PakFile (1)
[2016.01.29-07.21.23:844][950]LogExit: Exiting.
[2016.01.29-07.21.23:877][950]Log file closed, 01/29/16 15:21:23
