[2016.01.16-07.39.56:839][  0]Log file open, 01/16/16 15:39:56
[2016.01.16-07.39.56:839][  0]LogInit:Display: Running engine for game: ExampleCollection10
[2016.01.16-07.39.56:839][  0]LogPlatformFile: Not using cached read wrapper
[2016.01.16-07.39.56:839][  0]LogInit:Display: RandInit(1663489660) SRandInit(1663489664).
[2016.01.16-07.39.56:839][  0]LogTaskGraph: Started task graph with 4 named threads and 7 total threads.
[2016.01.16-07.39.56:839][  0]LogStats: Stats thread started at 3.181941
[2016.01.16-07.39.56:839][  0]LogInit: Version: 4.10.1-2791327+++depot+UE4-Releases+4.10
[2016.01.16-07.39.56:839][  0]LogInit: API Version: 2758231
[2016.01.16-07.39.56:839][  0]LogInit: Compiled (64-bit): Dec  4 2015 19:44:40
[2016.01.16-07.39.56:839][  0]LogInit: Compiled with Visual C++: 19.00.23026.00
[2016.01.16-07.39.56:839][  0]LogInit: Build Configuration: Development
[2016.01.16-07.39.56:839][  0]LogInit: Branch Name: ++depot+UE4-Releases+4.10
[2016.01.16-07.39.56:839][  0]LogInit: Command line:  
[2016.01.16-07.39.56:839][  0]LogInit: Base directory: D:/Program Files/Epic Games/4.10/Engine/Binaries/Win64/
[2016.01.16-07.39.56:839][  0]LogInit: Rocket: 1
[2016.01.16-07.39.57:043][  0]LogInit: Using libcurl 7.41.0
[2016.01.16-07.39.57:043][  0]LogInit:  - built for x86_64-pc-win32
[2016.01.16-07.39.57:043][  0]LogInit:  - supports SSL with WinSSL
[2016.01.16-07.39.57:043][  0]LogInit:  - other features:
[2016.01.16-07.39.57:043][  0]LogInit:      CURL_VERSION_SSL
[2016.01.16-07.39.57:043][  0]LogInit:      CURL_VERSION_IPV6
[2016.01.16-07.39.57:043][  0]LogInit:      CURL_VERSION_ASYNCHDNS
[2016.01.16-07.39.57:043][  0]LogInit:      CURL_VERSION_LARGEFILE
[2016.01.16-07.39.57:043][  0]LogInit:      CURL_VERSION_IDN
[2016.01.16-07.39.57:043][  0]LogInit:  CurlRequestOptions (configurable via config and command line):
[2016.01.16-07.39.57:043][  0]LogInit:  - bVerifyPeer = true  - Libcurl will verify peer certificate
[2016.01.16-07.39.57:043][  0]LogInit:  - bUseHttpProxy = false  - Libcurl will NOT use HTTP proxy
[2016.01.16-07.39.57:043][  0]LogInit:  - bDontReuseConnections = false  - Libcurl will reuse connections
[2016.01.16-07.39.57:043][  0]LogInit:  - CertBundlePath = nullptr  - Libcurl will use whatever was configured at build time.
[2016.01.16-07.39.57:247][  0]LogInit: Presizing for 0 objects not considered by GC, pre-allocating 0 bytes.
[2016.01.16-07.39.57:356][  0]LogInit: Object subsystem initialized
[2016.01.16-07.39.57:544][  0]LogInit: Selected Device Profile: [Windows]
[2016.01.16-07.39.57:544][  0]LogInit: Applying CVar settings loaded from the selected device profile: [Windows]
[2016.01.16-07.39.57:669][  0]LogInit: Computer: PLAN-CHENXINGHU
[2016.01.16-07.39.57:669][  0]LogInit: User: chenxinghui
[2016.01.16-07.39.57:669][  0]LogInit: CPU Page size=4096, Cores=4
[2016.01.16-07.39.57:669][  0]LogInit: High frequency timer resolution =3.117812 MHz
[2016.01.16-07.39.57:669][  0]LogMemory: Memory total: Physical=7.9GB (8GB approx)
[2016.01.16-07.39.57:669][  0]LogMemory: Platform Memory Stats for Windows
[2016.01.16-07.39.57:669][  0]LogMemory: Process Physical Memory: 56.28 MB used, 56.28 MB peak
[2016.01.16-07.39.57:669][  0]LogMemory: Process Virtual Memory: 57.69 MB used, 57.69 MB peak
[2016.01.16-07.39.57:669][  0]LogMemory: Physical Memory: 2362.76 MB used, 8130.04 MB total
[2016.01.16-07.39.57:669][  0]LogMemory: Virtual Memory: 350.46 MB used, 8388608.00 MB total
[2016.01.16-07.40.01:273][  0]LogD3D11RHI: Found D3D11 adapter 0: NVIDIA GeForce GTX 660   (Feature Level 11_0)
[2016.01.16-07.40.01:273][  0]LogD3D11RHI: Adapter has 1989MB of dedicated video memory, 0MB of dedicated system memory, and 2048MB of shared system memory, 2 output[s]
[2016.01.16-07.40.01:273][  0]LogD3D11RHI: Chosen D3D11 Adapter Id = 0
[2016.01.16-07.40.01:349][  0]LogD3D11RHI: !Direct3DDevice
[2016.01.16-07.40.01:349][  0]LogRHI: Texture pool is 1361 MB (70% of 1945 MB)
[2016.01.16-07.40.01:366][  0]LogD3D11RHI: Async texture creation enabled
[2016.01.16-07.40.01:665][  0]LogShaderCompilers: Guid format shader working directory is 9 characters bigger than the processId version (E:/Unreal Work Space/ExampleCollection10/Intermediate/Shaders/WorkingDirectory/5636/).
[2016.01.16-07.40.01:666][  0]LogShaderCompilers: Cleaned the shader compiler working directory 'C:/Users/CHENXI~1/AppData/Local/Temp/UnrealShaderWorkingDir/0DA8EEBC48D9DF2AF8229B8DD57269EE/'.
[2016.01.16-07.40.01:666][  0]LogShaderCompilers:Display: Using Local Shader Compiler.
[2016.01.16-07.40.08:619][  0]LogTemp:Display: Loaded TP AllDesktopTargetPlatform
[2016.01.16-07.40.08:627][  0]LogTemp:Display: Loaded TP WindowsClientTargetPlatform
[2016.01.16-07.40.08:635][  0]LogTemp:Display: Loaded TP WindowsNoEditorTargetPlatform
[2016.01.16-07.40.08:643][  0]LogTemp:Display: Loaded TP WindowsServerTargetPlatform
[2016.01.16-07.40.08:660][  0]LogTemp:Display: Loaded TP WindowsTargetPlatform
[2016.01.16-07.40.08:711][  0]LogTemp:Display: Loaded TP AndroidTargetPlatform
[2016.01.16-07.40.08:718][  0]LogTemp:Display: Loaded TP Android_ASTCTargetPlatform
[2016.01.16-07.40.08:739][  0]LogTemp:Display: Loaded TP Android_ATCTargetPlatform
[2016.01.16-07.40.08:772][  0]LogTemp:Display: Loaded TP Android_DXTTargetPlatform
[2016.01.16-07.40.08:804][  0]LogTemp:Display: Loaded TP Android_ETC1TargetPlatform
[2016.01.16-07.40.08:850][  0]LogTemp:Display: Loaded TP Android_ETC2TargetPlatform
[2016.01.16-07.40.08:902][  0]LogTemp:Display: Loaded TP Android_MultiTargetPlatform
[2016.01.16-07.40.08:902][  0]LogTemp:Display: Loaded TP Android_PVRTCTargetPlatform
[2016.01.16-07.40.08:904][  0]LogTemp:Display: Loaded TP HTML5TargetPlatform
[2016.01.16-07.40.09:014][  0]LogTemp:Display: Loaded TP IOSTargetPlatform
[2016.01.16-07.40.09:040][  0]LogTemp:Display: Loaded TP LinuxNoEditorTargetPlatform
[2016.01.16-07.40.09:050][  0]LogTemp:Display: Loaded TP LinuxServerTargetPlatform
[2016.01.16-07.40.09:091][  0]LogTemp:Display: Loaded TP LinuxTargetPlatform
[2016.01.16-07.40.09:091][  0]LogTargetPlatformManager:Display: Building Assets For Windows
[2016.01.16-07.40.10:136][  0]LogDerivedDataCache:Display: Max Cache Size: 512 MB
[2016.01.16-07.40.10:669][  0]LogDerivedDataCache: Loaded boot cache 0.51s 41MB C:/Users/chenxinghui/AppData/Local/UnrealEngine/4.10/DerivedDataCache/Boot.ddc.
[2016.01.16-07.40.10:669][  0]LogDerivedDataCache:Display: Loaded Boot cache: C:/Users/chenxinghui/AppData/Local/UnrealEngine/4.10/DerivedDataCache/Boot.ddc
[2016.01.16-07.40.10:669][  0]LogDerivedDataCache: FDerivedDataBackendGraph:  Pak pak cache file E:/Unreal Work Space/ExampleCollection10/DerivedDataCache/DDC.ddp not found, will not use a pak cache.
[2016.01.16-07.40.10:669][  0]LogDerivedDataCache: Unable to find inner node Pak for hierarchical cache Hierarchy.
[2016.01.16-07.40.10:669][  0]LogDerivedDataCache: FDerivedDataBackendGraph:  CompressedPak pak cache file E:/Unreal Work Space/ExampleCollection10/DerivedDataCache/Compressed.ddp not found, will not use a pak cache.
[2016.01.16-07.40.10:669][  0]LogDerivedDataCache: Unable to find inner node CompressedPak for hierarchical cache Hierarchy.
[2016.01.16-07.40.10:944][  0]LogDerivedDataCache:Display: Pak cache opened for reading ../../../Engine/DerivedDataCache/Compressed.ddp.
[2016.01.16-07.40.10:972][  0]LogDerivedDataCache: Using Local data cache path C:/Users/chenxinghui/AppData/Local/UnrealEngine/Common/DerivedDataCache: Writable
[2016.01.16-07.40.25:396][  0]LogInit: Selected Device Profile: [Windows]
[2016.01.16-07.40.25:455][  0]LogContentStreaming: Texture pool size is 0.000000MB
[2016.01.16-07.40.26:623][  0]LogMeshUtilities: No automatic mesh reduction module available
[2016.01.16-07.40.26:623][  0]LogMeshUtilities: No automatic mesh merging module available
[2016.01.16-07.40.31:774][  0]LogInit: WinSock: version 1.1 (2.2), MaxSocks=32767, MaxUdp=65467
[2016.01.16-07.40.45:369][  0]UdpMessaging: Initializing bridge on interface 0.0.0.0:0 to multicast group 230.0.0.1:6666.
[2016.01.16-07.40.46:033][  0]LogAssetRegistry: FAssetRegistry took 0.0105 seconds to start up
[2016.01.16-07.40.51:263][  0]SourceControl: Info Source control is disabled
[2016.01.16-07.40.51:426][  0]SourceControl: Info Source control is disabled
[2016.01.16-07.40.51:732][  0]SourceControl: Info Source control is disabled
[2016.01.16-07.40.51:839][  0]SourceControl: Info Source control is disabled
[2016.01.16-07.40.53:828][  0]LogObj: 28633 objects as part of root set at end of initial load.
[2016.01.16-07.40.53:828][  0]LogUObjectAllocator: 6099752 out of 0 bytes used by permanent object pool.
[2016.01.16-07.40.54:739][  0]LogEngine: Initializing Engine...
[2016.01.16-07.40.54:772][  0]LogHMD: Can't find Oculus library dev build: is proper Runtime installed? Version: 0.8.0.0
[2016.01.16-07.40.54:906][  0]LogHMD: SteamVR failed to initialize.  Err: 110
[2016.01.16-07.40.55:773][  0]LogAIModule: Creating AISystem for world NewWorld
[2016.01.16-07.40.55:977][  0]LogInit: XAudio2 using '扬声器 (Realtek High Definition Audio)' : 2 channels at 48 kHz using 32 bits per sample (channel mask 0x3)
[2016.01.16-07.40.56:170][  0]LogInit: FAudioDevice initialized.
[2016.01.16-07.40.56:194][  0]LogDerivedDataCache: Saved boot cache 0.02s 41MB C:/Users/chenxinghui/AppData/Local/UnrealEngine/4.10/DerivedDataCache/Boot.ddc.
[2016.01.16-07.40.56:200][  0]LogInit: Texture streaming: Enabled
[2016.01.16-07.40.56:293][  0]LogAnalytics: Creating configured Analytics provider AnalyticsET
[2016.01.16-07.40.56:293][  0]LogAnalytics: [UEEditor.Rocket.Release] APIServer = http://et2.epicgames.com/ET2/. AppVersion = 4.10.1-2791327+++depot+UE4-Releases+4.10
[2016.01.16-07.40.56:294][  0]LogAnalytics: [UEEditor.Rocket.Release] SetUserId fcc8beb743eb3f315b3205bc8f91fbb8|ecc15fb7c1f4439e807eef072eca5f98|c014cd18-b694-4710-a8b7-958888126c98
[2016.01.16-07.40.56:294][  0]LogAnalytics: [UEEditor.Rocket.Release] AnalyticsET::StartSession
[2016.01.16-07.40.56:922][  0]LogInit: Transaction tracking system initialized
[2016.01.16-07.40.58:805][  0]BlueprintLog: New page: Editor Load
[2016.01.16-07.41.05:464][  0]LocalizationService: Info Localization service is disabled
[2016.01.16-07.41.07:704][  0]LogConsoleResponse:Display: 
[2016.01.16-07.41.12:593][  0]LogFileCache: Scanning file cache for directory 'E:/Unreal Work Space/ExampleCollection10/Content/' took 0.03s
[2016.01.16-07.41.12:593][  0]LogCook:Display: Done creating registry. It took  0.00s.
[2016.01.16-07.41.17:295][  0]SourceControl: Info Source control is disabled
[2016.01.16-07.41.17:374][  0]Cmd: MAP LOAD FILE="E:/Unreal Work Space/ExampleCollection10/Content/My/TestMap/MatTestMap.umap" TEMPLATE=0 SHOWPROGRESS=1 FEATURELEVEL=3
[2016.01.16-07.41.17:744][  0]LightingResults: New page: Lighting Build
[2016.01.16-07.41.18:276][  0]MapCheck: New page: Map Check
[2016.01.16-07.41.18:277][  0]LightingResults: New page: Lighting Build
[2016.01.16-07.41.18:760][  0]LogParticles: Destroying 0 GPU particle simulations for FXSystem 0x0000000024532AC0
[2016.01.16-07.41.34:506][  0]LogAIModule: Creating AISystem for world MatTestMap
[2016.01.16-07.41.35:780][  0]LogEditorServer: Finished looking for orphan Actors (0.030 secs)
[2016.01.16-07.41.35:937][  0]Cmd: MAP CHECKDEP NOCLEARLOG
[2016.01.16-07.41.36:148][  0]MapCheck: Info Map check complete: 0 Error(s), 0 Warning(s), took 210.926ms to complete.
[2016.01.16-07.41.36:148][  0]LogFileHelpers: Loading map 'MatTestMap' took 18.776
[2016.01.16-07.41.40:658][  0]LogCollectionManager: Loaded 0 collections in 0.005301 seconds
[2016.01.16-07.41.41:753][  0]LogFileCache: Scanning file cache for directory 'E:/Unreal Work Space/ExampleCollection10/Saved/Collections/' took 0.01s
[2016.01.16-07.41.41:753][  0]LogFileCache: Scanning file cache for directory 'E:/Unreal Work Space/ExampleCollection10/Content/Developers/chenxinghui/Collections/' took 0.01s
[2016.01.16-07.41.41:753][  0]LogFileCache: Scanning file cache for directory 'E:/Unreal Work Space/ExampleCollection10/Content/Collections/' took 0.01s
[2016.01.16-07.41.41:753][  0]LogCollectionManager: Rebuilt the GUID cache for 0 collections in 0.000018 seconds
[2016.01.16-07.41.42:014][  0]LogContentBrowser: Native class hierarchy populated in 0.1608 seconds. Added 1893 classes and 338 folders.
[2016.01.16-07.41.42:552][  0]LogContentBrowser: Native class hierarchy updated for 'WidgetCarousel' in 0.0011 seconds. Added 0 classes and 0 folders.
[2016.01.16-07.41.52:983][  0]LogContentBrowser: Native class hierarchy updated for 'AddContentDialog' in 0.0011 seconds. Added 0 classes and 0 folders.
[2016.01.16-07.41.53:479][  0]LogContentBrowser: Native class hierarchy updated for 'SceneOutliner' in 0.0011 seconds. Added 1 classes and 2 folders.
[2016.01.16-07.41.56:984][  0]LogCrashTracker: Crashtracker disabled due to settings.
[2016.01.16-07.41.57:581][  0]LogUObjectGlobals:Warning: Failed to find object 'Class None.'
[2016.01.16-07.41.57:741][  0]LogLoad: Full Startup: 129.35 seconds (BP compile: 0.86 seconds)
[2016.01.16-07.41.58:084][  0]LogOcInput: Can't find Oculus library dev build: is proper Runtime installed? Version: 0.8.0.0
[2016.01.16-07.42.00:085][  0]LogContentStreaming: Texture pool size now 1000 MB
[2016.01.16-07.42.01:007][  0]LogRenderer: Reallocating scene render targets to support 824x580 (Frame:2).
[2016.01.16-07.42.04:817][  7]LogAssetRegistry: Asset discovery search completed in 78.7984 seconds
[2016.01.16-07.42.04:860][  7]LogCollectionManager: Rebuilt the object cache for 0 collections in 0.000001 seconds (found 0 objects)
[2016.01.16-07.42.04:860][  7]LogCollectionManager: Fixed up redirectors for 0 collections in 0.042886 seconds (updated 0 objects)
[2016.01.16-07.46.53:330][873]LogEditorViewport: Clicking on Actor (LMB): StaticMeshActor (Floor)
[2016.01.16-07.46.53:943][873]LogEditorViewport: Clicking on Actor (LMB): StaticMeshActor (Floor)
[2016.01.16-08.12.25:231][ 48]Cmd: PARTICLE RESET SELECTED
[2016.01.16-08.12.25:231][ 48]LogEditorServer: Exec Particle!
[2016.01.16-08.18.04:872][999]LogEditorViewport: Clicking on Actor (context menu): StaticMeshActor (Floor)
[2016.01.16-08.18.05:188][  1]LogEditorViewport: Clicking on Actor (LMB): StaticMeshActor (Floor)
[2016.01.16-08.18.05:932][ 88]LogEditorViewport: Clicking on Actor (LMB): Emitter (Droplets_P)
[2016.01.16-08.18.13:419][857]LogEditorViewport: Clicking on Actor (LMB): Emitter (Droplets_P)
[2016.01.16-08.18.15:222][ 33]LogContentBrowser: Native class hierarchy updated for 'Cascade' in 0.0012 seconds. Added 2 classes and 2 folders.
[2016.01.16-08.18.23:662][698]LogEditorViewport: Clicking on Actor (LMB): StaticMeshActor (Floor)
[2016.01.16-08.20.05:667][279]LogEditorViewport: Clicking on Actor (LMB): StaticMeshActor (Floor)
[2016.01.16-08.20.47:859][ 53]LogCascade: Quitting Cascade. FXSystem=0x0000000040922F20
[2016.01.16-08.20.48:423][ 54]Cmd: QUIT_EDITOR
[2016.01.16-08.20.48:995][ 54]LogExit: Preparing to exit.
[2016.01.16-08.20.50:408][ 54]LogExit: Editor shut down
[2016.01.16-08.20.50:408][ 54]LogExit: Transaction tracking system shut down
[2016.01.16-08.20.50:450][ 54]LogParticles: Destroying 0 GPU particle simulations for FXSystem 0x0000000011E97740
[2016.01.16-08.20.56:675][ 54]LogParticles: Destroying 0 GPU particle simulations for FXSystem 0x000000003446EFC0
[2016.01.16-08.20.56:675][ 54]LogParticles: Destroying 0 GPU particle simulations for FXSystem 0x000000003448C9A0
[2016.01.16-08.20.56:675][ 54]LogParticles: Destroying 0 GPU particle simulations for FXSystem 0x000000003448CB80
[2016.01.16-08.20.56:675][ 54]LogParticles: Destroying 0 GPU particle simulations for FXSystem 0x0000000040922F20
[2016.01.16-08.20.56:675][ 54]LogExit: Object subsystem successfully closed.
[2016.01.16-08.20.57:821][ 54]LogD3D11RHI: Shutdown
[2016.01.16-08.20.57:821][ 54]LogD3D11RHI: CleanupD3DDevice
[2016.01.16-08.20.58:254][ 54]LogD3D11RHI: ~FD3D11DynamicRHI
[2016.01.16-08.21.03:495][ 54]LogModuleManager: Shutting down and abandoning module DistCurveEditor (200)
[2016.01.16-08.21.03:495][ 54]LogModuleManager: Shutting down and abandoning module Cascade (199)
[2016.01.16-08.21.03:495][ 54]LogModuleManager: Shutting down and abandoning module CrashTracker (198)
[2016.01.16-08.21.03:495][ 54]LogModuleManager: Shutting down and abandoning module SceneOutliner (197)
[2016.01.16-08.21.03:495][ 54]LogModuleManager: Shutting down and abandoning module SuperSearch (196)
[2016.01.16-08.21.03:495][ 54]LogModuleManager: Shutting down and abandoning module WidgetCarousel (195)
[2016.01.16-08.21.03:542][ 54]LogModuleManager: Shutting down and abandoning module AddContentDialog (194)
[2016.01.16-08.21.03:642][ 54]LogModuleManager: Shutting down and abandoning module EditorWidgets (193)
[2016.01.16-08.21.03:642][ 54]LogModuleManager: Shutting down and abandoning module CollectionManager (192)
[2016.01.16-08.21.03:766][ 54]LogModuleManager: Shutting down and abandoning module StatsViewer (191)
[2016.01.16-08.21.03:881][ 54]LogModuleManager: Shutting down and abandoning module FoliageEdit (190)
[2016.01.16-08.21.03:943][ 54]LogModuleManager: Shutting down and abandoning module LandscapeEditor (189)
[2016.01.16-08.21.04:106][ 54]LogModuleManager: Shutting down and abandoning module ActorPickerMode (188)
[2016.01.16-08.21.04:106][ 54]LogModuleManager: Shutting down and abandoning module GeometryMode (187)
[2016.01.16-08.21.04:106][ 54]LogModuleManager: Shutting down and abandoning module TextureAlignMode (186)
[2016.01.16-08.21.04:106][ 54]LogModuleManager: Shutting down and abandoning module BspMode (185)
[2016.01.16-08.21.04:106][ 54]LogModuleManager: Shutting down and abandoning module PlacementMode (184)
[2016.01.16-08.21.04:106][ 54]LogModuleManager: Shutting down and abandoning module AutomationWorker (183)
[2016.01.16-08.21.04:107][ 54]LogModuleManager: Shutting down and abandoning module CharacterAI (182)
[2016.01.16-08.21.04:107][ 54]LogModuleManager: Shutting down and abandoning module SmartSnapping (181)
[2016.01.16-08.21.04:107][ 54]LogModuleManager: Shutting down and abandoning module ViewportSnapping (180)
[2016.01.16-08.21.04:107][ 54]LogModuleManager: Shutting down and abandoning module LogVisualizer (179)
[2016.01.16-08.21.04:267][ 54]LogModuleManager: Shutting down and abandoning module GameProjectGeneration (178)
[2016.01.16-08.21.04:451][ 54]LogModuleManager: Shutting down and abandoning module IntroTutorials (177)
[2016.01.16-08.21.04:517][ 54]LogModuleManager: Shutting down and abandoning module EditorLiveStreaming (176)
[2016.01.16-08.21.04:517][ 54]LogModuleManager: Shutting down and abandoning module IOSPlatformEditor (175)
[2016.01.16-08.21.04:580][ 54]LogModuleManager: Shutting down and abandoning module HTML5PlatformEditor (174)
[2016.01.16-08.21.04:580][ 54]LogModuleManager: Shutting down and abandoning module AndroidDeviceDetection (173)
[2016.01.16-08.21.04:864][ 54]LogModuleManager: Shutting down and abandoning module AndroidPlatformEditor (172)
[2016.01.16-08.21.04:864][ 54]LogModuleManager: Shutting down and abandoning module IOSRuntimeSettings (171)
[2016.01.16-08.21.04:864][ 54]LogModuleManager: Shutting down and abandoning module AndroidRuntimeSettings (170)
[2016.01.16-08.21.04:864][ 54]LogModuleManager: Shutting down and abandoning module MergeActors (169)
[2016.01.16-08.21.04:909][ 54]LogModuleManager: Shutting down and abandoning module SizeMap (168)
[2016.01.16-08.21.04:909][ 54]LogModuleManager: Shutting down and abandoning module TreeMap (167)
[2016.01.16-08.21.04:997][ 54]LogModuleManager: Shutting down and abandoning module ReferenceViewer (166)
[2016.01.16-08.21.05:031][ 54]LogModuleManager: Shutting down and abandoning module LocalizationService (165)
[2016.01.16-08.21.05:052][ 54]LogModuleManager: Shutting down and abandoning module LocalizationDashboard (164)
[2016.01.16-08.21.05:159][ 54]LogModuleManager: Shutting down and abandoning module HardwareTargeting (163)
[2016.01.16-08.21.05:187][ 54]LogModuleManager: Shutting down and abandoning module DeviceProfileEditor (162)
[2016.01.16-08.21.05:243][ 54]LogModuleManager: Shutting down and abandoning module UndoHistory (161)
[2016.01.16-08.21.05:293][ 54]LogModuleManager: Shutting down and abandoning module GameplayTagsEditor (160)
[2016.01.16-08.21.05:329][ 54]LogModuleManager: Shutting down and abandoning module UserFeedback (159)
[2016.01.16-08.21.05:329][ 54]LogModuleManager: Shutting down and abandoning module XmlParser (158)
[2016.01.16-08.21.05:329][ 54]LogModuleManager: Shutting down and abandoning module Blutility (157)
[2016.01.16-08.21.05:329][ 54]LogModuleManager: Shutting down and abandoning module ProjectTargetPlatformEditor (156)
[2016.01.16-08.21.05:375][ 54]LogModuleManager: Shutting down and abandoning module ProjectSettingsViewer (155)
[2016.01.16-08.21.05:375][ 54]LogModuleManager: Shutting down and abandoning module InputBindingEditor (154)
[2016.01.16-08.21.05:505][ 54]LogModuleManager: Shutting down and abandoning module EditorSettingsViewer (153)
[2016.01.16-08.21.05:505][ 54]LogModuleManager: Shutting down and abandoning module SettingsEditor (152)
[2016.01.16-08.21.05:595][ 54]LogModuleManager: Shutting down and abandoning module ProjectLauncher (151)
[2016.01.16-08.21.05:654][ 54]LogModuleManager: Shutting down and abandoning module SessionFrontend (150)
[2016.01.16-08.21.05:767][ 54]LogModuleManager: Shutting down and abandoning module ProfilerClient (149)
[2016.01.16-08.21.05:833][ 54]LogModuleManager: Shutting down and abandoning module TargetDeviceServices (148)
[2016.01.16-08.21.05:833][ 54]LogModuleManager: Shutting down and abandoning module DeviceManager (147)
[2016.01.16-08.21.05:859][ 54]LogModuleManager: Shutting down and abandoning module AutomationController (146)
[2016.01.16-08.21.05:904][ 54]LogModuleManager: Shutting down and abandoning module AutomationWindow (145)
[2016.01.16-08.21.05:971][ 54]LogModuleManager: Shutting down and abandoning module Layers (144)
[2016.01.16-08.21.06:238][ 54]LogModuleManager: Shutting down and abandoning module ComponentVisualizers (143)
[2016.01.16-08.21.06:238][ 54]LogModuleManager: Shutting down and abandoning module DetailCustomizations (142)
[2016.01.16-08.21.06:238][ 54]LogModuleManager: Shutting down and abandoning module PackagesDialog (141)
[2016.01.16-08.21.06:238][ 54]LogModuleManager: Shutting down and abandoning module Persona (140)
[2016.01.16-08.21.06:400][ 54]LogModuleManager: Shutting down and abandoning module Kismet (139)
[2016.01.16-08.21.06:452][ 54]LogModuleManager: Shutting down and abandoning module GraphEditor (138)
[2016.01.16-08.21.06:642][ 54]LogModuleManager: Shutting down and abandoning module ClassViewer (137)
[2016.01.16-08.21.06:642][ 54]LogModuleManager: Shutting down and abandoning module Toolbox (136)
[2016.01.16-08.21.06:642][ 54]LogModuleManager: Shutting down and abandoning module ModuleUI (135)
[2016.01.16-08.21.06:692][ 54]LogModuleManager: Shutting down and abandoning module MovieSceneTools (134)
[2016.01.16-08.21.06:716][ 54]LogModuleManager: Shutting down and abandoning module OutputLog (133)
[2016.01.16-08.21.06:716][ 54]LogModuleManager: Shutting down and abandoning module GammaUI (132)
[2016.01.16-08.21.06:729][ 54]LogModuleManager: Shutting down and abandoning module Documentation (131)
[2016.01.16-08.21.06:729][ 54]LogModuleManager: Shutting down and abandoning module GameLiveStreaming (130)
[2016.01.16-08.21.06:741][ 54]LogModuleManager: Shutting down and abandoning module StreamingPauseRendering (129)
[2016.01.16-08.21.06:741][ 54]LogModuleManager: Shutting down and abandoning module AnalyticsET (128)
[2016.01.16-08.21.06:741][ 54]LogModuleManager: Shutting down and abandoning module Analytics (127)
[2016.01.16-08.21.06:741][ 54]LogModuleManager: Shutting down and abandoning module AITestSuite (126)
[2016.01.16-08.21.06:764][ 54]LogModuleManager: Shutting down and abandoning module GameplayDebugger (125)
[2016.01.16-08.21.06:778][ 54]LogModuleManager: Shutting down and abandoning module AIModule (124)
[2016.01.16-08.21.06:801][ 54]LogModuleManager: Shutting down and abandoning module ProfilerService (123)
[2016.01.16-08.21.07:013][ 54]LogModuleManager: Shutting down and abandoning module TaskGraph (122)
[2016.01.16-08.21.07:103][ 54]LogModuleManager: Shutting down and abandoning module SlateRemote (121)
[2016.01.16-08.21.07:103][ 54]LogModuleManager: Shutting down and abandoning module SteamVRController (120)
[2016.01.16-08.21.07:104][ 54]LogModuleManager: Shutting down and abandoning module SteamVR (119)
[2016.01.16-08.21.07:104][ 54]LogModuleManager: Shutting down and abandoning module ProceduralMeshComponent (118)
[2016.01.16-08.21.07:104][ 54]LogModuleManager: Shutting down and abandoning module OculusLibrary (117)
[2016.01.16-08.21.07:104][ 54]LogModuleManager: Shutting down and abandoning module OculusInput (116)
[2016.01.16-08.21.07:104][ 54]LogModuleManager: Shutting down and abandoning module LeapMotionController (115)
[2016.01.16-08.21.07:170][ 54]LogModuleManager: Shutting down and abandoning module CustomMeshComponent (114)
[2016.01.16-08.21.07:170][ 54]LogModuleManager: Shutting down and abandoning module CableComponent (113)
[2016.01.16-08.21.07:198][ 54]LogModuleManager: Shutting down and abandoning module ArchVisCharacter (112)
[2016.01.16-08.21.07:198][ 54]LogModuleManager: Shutting down and abandoning module MessagingDebugger (111)
[2016.01.16-08.21.07:235][ 54]LogModuleManager: Shutting down and abandoning module MediaPlayerEditor (110)
[2016.01.16-08.21.07:250][ 54]LogModuleManager: Shutting down and abandoning module HTML5Networking (109)
[2016.01.16-08.21.07:250][ 54]LogModuleManager: Shutting down and abandoning module SpeedTreeImporter (108)
[2016.01.16-08.21.07:250][ 54]LogModuleManager: Shutting down and abandoning module PluginBrowser (107)
[2016.01.16-08.21.07:270][ 54]LogModuleManager: Shutting down and abandoning module EpicSurvey (106)
[2016.01.16-08.21.07:279][ 54]LogModuleManager: Shutting down and abandoning module DesktopPlatform (105)
[2016.01.16-08.21.07:300][ 54]LogModuleManager: Shutting down and abandoning module VisualStudioSourceCodeAccess (104)
[2016.01.16-08.21.07:301][ 54]LogModuleManager: Shutting down and abandoning module UObjectPlugin (103)
[2016.01.16-08.21.07:301][ 54]LogModuleManager: Shutting down and abandoning module SubversionSourceControl (102)
[2016.01.16-08.21.07:322][ 54]LogModuleManager: Shutting down and abandoning module PerforceSourceControl (101)
[2016.01.16-08.21.07:429][ 54]LogModuleManager: Shutting down and abandoning module SourceControl (100)
[2016.01.16-08.21.07:445][ 54]LogModuleManager: Shutting down and abandoning module GitSourceControl (99)
[2016.01.16-08.21.07:536][ 54]LogModuleManager: Shutting down and abandoning module LightPropagationVolumeEditor (98)
[2016.01.16-08.21.07:536][ 54]LogModuleManager: Shutting down and abandoning module PaperTiledImporter (97)
[2016.01.16-08.21.07:560][ 54]LogModuleManager: Shutting down and abandoning module PaperSpriteSheetImporter (96)
[2016.01.16-08.21.07:561][ 54]LogModuleManager: Shutting down and abandoning module MeshPaint (95)
[2016.01.16-08.21.07:561][ 54]LogModuleManager: Shutting down and abandoning module SlateReflector (94)
[2016.01.16-08.21.07:632][ 54]LogModuleManager: Shutting down and abandoning module HotReload (93)
[2016.01.16-08.21.07:664][ 54]LogModuleManager: Shutting down and abandoning module MainFrame (92)
[2016.01.16-08.21.07:664][ 54]LogModuleManager: Shutting down and abandoning module LevelEditor (91)
[2016.01.16-08.21.07:691][ 54]LogModuleManager: Shutting down and abandoning module DirectoryWatcher (90)
[2016.01.16-08.21.07:693][ 54]LogModuleManager: Shutting down and abandoning module AssetRegistry (89)
[2016.01.16-08.21.07:796][ 54]LogModuleManager: Shutting down and abandoning module ContentBrowser (88)
[2016.01.16-08.21.07:797][ 54]LogModuleManager: Shutting down and abandoning module Paper2DEditor (87)
[2016.01.16-08.21.07:822][ 54]LogModuleManager: Shutting down and abandoning module UdpMessaging (86)
[2016.01.16-08.21.07:922][ 54]LogModuleManager: Shutting down and abandoning module LightPropagationVolumeRuntime (85)
[2016.01.16-08.21.07:922][ 54]LogModuleManager: Shutting down and abandoning module Paper2D (84)
[2016.01.16-08.21.07:963][ 54]LogModuleManager: Shutting down and abandoning module WindowsMoviePlayer (83)
[2016.01.16-08.21.07:968][ 54]LogModuleManager: Shutting down and abandoning module Media (82)
[2016.01.16-08.21.07:968][ 54]LogModuleManager: Shutting down and abandoning module WmfMedia (81)
[2016.01.16-08.21.08:052][ 54]LogModuleManager: Shutting down and abandoning module OnlineBlueprintSupport (80)
[2016.01.16-08.21.08:052][ 54]LogModuleManager: Shutting down and abandoning module GameplayTasksEditor (79)
[2016.01.16-08.21.08:053][ 54]LogModuleManager: Shutting down and abandoning module PropertyEditor (78)
[2016.01.16-08.21.08:053][ 54]LogModuleManager: Shutting down and abandoning module BehaviorTreeEditor (77)
[2016.01.16-08.21.08:245][ 54]LogModuleManager: Shutting down and abandoning module FunctionalTesting (76)
[2016.01.16-08.21.08:245][ 54]LogModuleManager: Shutting down and abandoning module CollisionAnalyzer (75)
[2016.01.16-08.21.08:312][ 54]LogModuleManager: Shutting down and abandoning module WorkspaceMenuStructure (74)
[2016.01.16-08.21.08:312][ 54]LogModuleManager: Shutting down and abandoning module MessageLog (73)
[2016.01.16-08.21.08:312][ 54]LogModuleManager: Shutting down and abandoning module Sequencer (72)
[2016.01.16-08.21.08:916][ 54]LogModuleManager: Shutting down and abandoning module AssetTools (71)
[2016.01.16-08.21.08:999][ 54]LogModuleManager: Shutting down and abandoning module UMGEditor (70)
[2016.01.16-08.21.09:038][ 54]LogModuleManager: Shutting down and abandoning module UMG (69)
[2016.01.16-08.21.09:063][ 54]LogModuleManager: Shutting down and abandoning module Slate (68)
[2016.01.16-08.21.09:063][ 54]LogModuleManager: Shutting down and abandoning module EditorStyle (67)
[2016.01.16-08.21.09:068][ 54]LogModuleManager: Shutting down and abandoning module SessionServices (66)
[2016.01.16-08.21.09:068][ 54]LogModuleManager: Shutting down and abandoning module SourceCodeAccess (65)
[2016.01.16-08.21.09:068][ 54]LogModuleManager: Shutting down and abandoning module HeadMountedDisplay (64)
[2016.01.16-08.21.09:068][ 54]LogModuleManager: Shutting down and abandoning module XAudio2 (63)
[2016.01.16-08.21.09:068][ 54]LogModuleManager: Shutting down and abandoning module Networking (61)
[2016.01.16-08.21.09:068][ 54]LogModuleManager: Shutting down and abandoning module Core (60)
[2016.01.16-08.21.09:068][ 54]LogModuleManager: Shutting down and abandoning module KismetCompiler (59)
[2016.01.16-08.21.09:068][ 54]LogModuleManager: Shutting down and abandoning module PhysXFormats (58)
[2016.01.16-08.21.09:068][ 54]LogModuleManager: Shutting down and abandoning module MeshUtilities (57)
[2016.01.16-08.21.09:117][ 54]LogModuleManager: Shutting down and abandoning module DerivedDataCache (56)
[2016.01.16-08.21.09:199][ 54]LogDerivedDataCache: Shutdown
[2016.01.16-08.21.09:199][ 54]LogModuleManager: Shutting down and abandoning module ShaderFormatOpenGL (55)
[2016.01.16-08.21.09:231][ 54]LogModuleManager: Shutting down and abandoning module ShaderFormatD3D (54)
[2016.01.16-08.21.09:231][ 54]LogModuleManager: Shutting down and abandoning module MetalShaderFormat (53)
[2016.01.16-08.21.09:250][ 54]LogModuleManager: Shutting down and abandoning module TextureFormatUncompressed (52)
[2016.01.16-08.21.09:250][ 54]LogModuleManager: Shutting down and abandoning module TextureFormatPVR (51)
[2016.01.16-08.21.09:258][ 54]LogModuleManager: Shutting down and abandoning module TextureFormatIntelISPCTexComp (50)
[2016.01.16-08.21.09:258][ 54]LogModuleManager: Shutting down and abandoning module TextureFormatDXT (49)
[2016.01.16-08.21.09:258][ 54]LogModuleManager: Shutting down and abandoning module ImageWrapper (48)
[2016.01.16-08.21.09:258][ 54]LogModuleManager: Shutting down and abandoning module TextureFormatASTC (47)
[2016.01.16-08.21.09:258][ 54]LogModuleManager: Shutting down and abandoning module TextureFormatAndroid (46)
[2016.01.16-08.21.09:258][ 54]LogModuleManager: Shutting down and abandoning module AudioFormatOpus (45)
[2016.01.16-08.21.09:268][ 54]LogModuleManager: Shutting down and abandoning module AudioFormatOgg (44)
[2016.01.16-08.21.09:268][ 54]LogModuleManager: Shutting down and abandoning module AudioFormatADPCM (43)
[2016.01.16-08.21.09:268][ 54]LogModuleManager: Shutting down and abandoning module LinuxTargetPlatform (42)
[2016.01.16-08.21.09:269][ 54]LogModuleManager: Shutting down and abandoning module LinuxServerTargetPlatform (41)
[2016.01.16-08.21.09:269][ 54]LogModuleManager: Shutting down and abandoning module LinuxNoEditorTargetPlatform (40)
[2016.01.16-08.21.09:269][ 54]LogModuleManager: Shutting down and abandoning module Messaging (39)
[2016.01.16-08.21.09:269][ 54]LogModuleManager: Shutting down and abandoning module IOSTargetPlatform (38)
[2016.01.16-08.21.09:269][ 54]LogModuleManager: Shutting down and abandoning module HTML5TargetPlatform (37)
[2016.01.16-08.21.09:269][ 54]LogModuleManager: Shutting down and abandoning module Android_PVRTCTargetPlatform (36)
[2016.01.16-08.21.09:269][ 54]LogModuleManager: Shutting down and abandoning module Android_MultiTargetPlatform (35)
[2016.01.16-08.21.09:269][ 54]LogModuleManager: Shutting down and abandoning module Android_ETC2TargetPlatform (34)
[2016.01.16-08.21.09:269][ 54]LogModuleManager: Shutting down and abandoning module Android_ETC1TargetPlatform (33)
[2016.01.16-08.21.09:269][ 54]LogModuleManager: Shutting down and abandoning module Android_DXTTargetPlatform (32)
[2016.01.16-08.21.09:269][ 54]LogModuleManager: Shutting down and abandoning module Android_ATCTargetPlatform (31)
[2016.01.16-08.21.09:269][ 54]LogModuleManager: Shutting down and abandoning module Android_ASTCTargetPlatform (30)
[2016.01.16-08.21.09:269][ 54]LogModuleManager: Shutting down and abandoning module AndroidTargetPlatform (29)
[2016.01.16-08.21.09:269][ 54]LogModuleManager: Shutting down and abandoning module WindowsTargetPlatform (28)
[2016.01.16-08.21.09:269][ 54]LogModuleManager: Shutting down and abandoning module WindowsServerTargetPlatform (27)
[2016.01.16-08.21.09:269][ 54]LogModuleManager: Shutting down and abandoning module WindowsNoEditorTargetPlatform (26)
[2016.01.16-08.21.09:269][ 54]LogModuleManager: Shutting down and abandoning module WindowsClientTargetPlatform (25)
[2016.01.16-08.21.09:269][ 54]LogModuleManager: Shutting down and abandoning module AllDesktopTargetPlatform (24)
[2016.01.16-08.21.09:269][ 54]LogModuleManager: Shutting down and abandoning module TargetPlatform (23)
[2016.01.16-08.21.09:269][ 54]LogModuleManager: Shutting down and abandoning module InputCore (22)
[2016.01.16-08.21.09:269][ 54]LogModuleManager: Shutting down and abandoning module Settings (21)
[2016.01.16-08.21.09:269][ 54]LogModuleManager: Shutting down and abandoning module OnlineSubsystem (19)
[2016.01.16-08.21.09:269][ 54]LogModuleManager: Shutting down and abandoning module HTTP (18)
[2016.01.16-08.21.12:270][ 54]LogModuleManager: Shutting down and abandoning module XMPP (17)
[2016.01.16-08.21.12:405][ 54]LogModuleManager: Shutting down and abandoning module OculusRift (16)
[2016.01.16-08.21.12:500][ 54]LogModuleManager: Shutting down and abandoning module ExampleDeviceProfileSelector (15)
[2016.01.16-08.21.12:500][ 54]LogModuleManager: Shutting down and abandoning module TextureCompressor (14)
[2016.01.16-08.21.12:519][ 54]LogModuleManager: Shutting down and abandoning module ShaderCore (13)
[2016.01.16-08.21.12:519][ 54]LogModuleManager: Shutting down and abandoning module Landscape (12)
[2016.01.16-08.21.12:519][ 54]LogModuleManager: Shutting down and abandoning module SlateRHIRenderer (11)
[2016.01.16-08.21.12:598][ 54]LogModuleManager: Shutting down and abandoning module OpenGLDrv (10)
[2016.01.16-08.21.12:677][ 54]LogModuleManager: Shutting down and abandoning module D3D11RHI (9)
[2016.01.16-08.21.12:677][ 54]LogModuleManager: Shutting down and abandoning module AnimGraphRuntime (8)
[2016.01.16-08.21.12:732][ 54]LogModuleManager: Shutting down and abandoning module Renderer (7)
[2016.01.16-08.21.12:732][ 54]LogModuleManager: Shutting down and abandoning module Engine (6)
[2016.01.16-08.21.12:732][ 54]LogModuleManager: Shutting down and abandoning module CoreUObject (5)
[2016.01.16-08.21.12:732][ 54]LogModuleManager: Shutting down and abandoning module NetworkFile (4)
[2016.01.16-08.21.12:780][ 54]LogModuleManager: Shutting down and abandoning module StreamingFile (3)
[2016.01.16-08.21.12:780][ 54]LogModuleManager: Shutting down and abandoning module SandboxFile (2)
[2016.01.16-08.21.12:832][ 54]LogModuleManager: Shutting down and abandoning module PakFile (1)
[2016.01.16-08.21.12:917][ 54]LogExit: Exiting.
[2016.01.16-08.21.12:960][ 54]Log file closed, 01/16/16 16:21:12
