[2016.01.28-11.33.12:297][  0]Log file open, 01/28/16 19:33:12
[2016.01.28-11.33.12:297][  0]LogInit:Display: Running engine for game: ExampleCollection10
[2016.01.28-11.33.12:297][  0]LogPlatformFile: Not using cached read wrapper
[2016.01.28-11.33.12:297][  0]LogInit:Display: RandInit(-977971273) SRandInit(-977971272).
[2016.01.28-11.33.12:297][  0]LogTaskGraph: Started task graph with 4 named threads and 7 total threads.
[2016.01.28-11.33.12:297][  0]LogStats: Stats thread started at 0.068686
[2016.01.28-11.33.12:297][  0]LogInit: Version: 4.10.1-2791327+++depot+UE4-Releases+4.10
[2016.01.28-11.33.12:297][  0]LogInit: API Version: 2758231
[2016.01.28-11.33.12:297][  0]LogInit: Compiled (64-bit): Dec  4 2015 19:44:40
[2016.01.28-11.33.12:297][  0]LogInit: Compiled with Visual C++: 19.00.23026.00
[2016.01.28-11.33.12:297][  0]LogInit: Build Configuration: Development
[2016.01.28-11.33.12:297][  0]LogInit: Branch Name: ++depot+UE4-Releases+4.10
[2016.01.28-11.33.12:297][  0]LogInit: Command line:  
[2016.01.28-11.33.12:297][  0]LogInit: Base directory: D:/Program Files/Epic Games/4.10/Engine/Binaries/Win64/
[2016.01.28-11.33.12:297][  0]LogInit: Rocket: 1
[2016.01.28-11.33.12:305][  0]LogInit: Using libcurl 7.41.0
[2016.01.28-11.33.12:305][  0]LogInit:  - built for x86_64-pc-win32
[2016.01.28-11.33.12:305][  0]LogInit:  - supports SSL with WinSSL
[2016.01.28-11.33.12:305][  0]LogInit:  - other features:
[2016.01.28-11.33.12:305][  0]LogInit:      CURL_VERSION_SSL
[2016.01.28-11.33.12:305][  0]LogInit:      CURL_VERSION_IPV6
[2016.01.28-11.33.12:305][  0]LogInit:      CURL_VERSION_ASYNCHDNS
[2016.01.28-11.33.12:305][  0]LogInit:      CURL_VERSION_LARGEFILE
[2016.01.28-11.33.12:305][  0]LogInit:      CURL_VERSION_IDN
[2016.01.28-11.33.12:305][  0]LogInit:  CurlRequestOptions (configurable via config and command line):
[2016.01.28-11.33.12:305][  0]LogInit:  - bVerifyPeer = true  - Libcurl will verify peer certificate
[2016.01.28-11.33.12:305][  0]LogInit:  - bUseHttpProxy = false  - Libcurl will NOT use HTTP proxy
[2016.01.28-11.33.12:305][  0]LogInit:  - bDontReuseConnections = false  - Libcurl will reuse connections
[2016.01.28-11.33.12:305][  0]LogInit:  - CertBundlePath = nullptr  - Libcurl will use whatever was configured at build time.
[2016.01.28-11.33.12:311][  0]LogInit: Presizing for 0 objects not considered by GC, pre-allocating 0 bytes.
[2016.01.28-11.33.12:317][  0]LogInit: Object subsystem initialized
[2016.01.28-11.33.12:318][  0]LogInit: Selected Device Profile: [Windows]
[2016.01.28-11.33.12:318][  0]LogInit: Applying CVar settings loaded from the selected device profile: [Windows]
[2016.01.28-11.33.12:328][  0]LogInit: Computer: PLAN-CHENXINGHU
[2016.01.28-11.33.12:328][  0]LogInit: User: chenxinghui
[2016.01.28-11.33.12:328][  0]LogInit: CPU Page size=4096, Cores=4
[2016.01.28-11.33.12:328][  0]LogInit: High frequency timer resolution =3.117812 MHz
[2016.01.28-11.33.12:328][  0]LogMemory: Memory total: Physical=7.9GB (8GB approx)
[2016.01.28-11.33.12:328][  0]LogMemory: Platform Memory Stats for Windows
[2016.01.28-11.33.12:328][  0]LogMemory: Process Physical Memory: 56.45 MB used, 56.45 MB peak
[2016.01.28-11.33.12:328][  0]LogMemory: Process Virtual Memory: 57.73 MB used, 57.73 MB peak
[2016.01.28-11.33.12:328][  0]LogMemory: Physical Memory: 4037.64 MB used, 8130.04 MB total
[2016.01.28-11.33.12:328][  0]LogMemory: Virtual Memory: 350.46 MB used, 8388608.00 MB total
[2016.01.28-11.33.12:851][  0]LogD3D11RHI: Found D3D11 adapter 0: NVIDIA GeForce GTX 660   (Feature Level 11_0)
[2016.01.28-11.33.12:851][  0]LogD3D11RHI: Adapter has 1989MB of dedicated video memory, 0MB of dedicated system memory, and 2048MB of shared system memory, 2 output[s]
[2016.01.28-11.33.12:851][  0]LogD3D11RHI: Chosen D3D11 Adapter Id = 0
[2016.01.28-11.33.12:858][  0]LogD3D11RHI: !Direct3DDevice
[2016.01.28-11.33.12:858][  0]LogRHI: Texture pool is 1361 MB (70% of 1945 MB)
[2016.01.28-11.33.12:867][  0]LogD3D11RHI: Async texture creation enabled
[2016.01.28-11.33.12:881][  0]LogShaderCompilers: Guid format shader working directory is 9 characters bigger than the processId version (E:/Unreal Work Space/ExampleCollection10/Intermediate/Shaders/WorkingDirectory/1928/).
[2016.01.28-11.33.12:881][  0]LogShaderCompilers: Cleaned the shader compiler working directory 'C:/Users/CHENXI~1/AppData/Local/Temp/UnrealShaderWorkingDir/5C18F5AA4F6BCD2B4132F69985AFBA59/'.
[2016.01.28-11.33.12:881][  0]LogShaderCompilers:Display: Using Local Shader Compiler.
[2016.01.28-11.33.13:756][  0]LogTemp:Display: Loaded TP AllDesktopTargetPlatform
[2016.01.28-11.33.13:760][  0]LogTemp:Display: Loaded TP WindowsClientTargetPlatform
[2016.01.28-11.33.13:764][  0]LogTemp:Display: Loaded TP WindowsNoEditorTargetPlatform
[2016.01.28-11.33.13:768][  0]LogTemp:Display: Loaded TP WindowsServerTargetPlatform
[2016.01.28-11.33.13:772][  0]LogTemp:Display: Loaded TP WindowsTargetPlatform
[2016.01.28-11.33.13:775][  0]LogTemp:Display: Loaded TP AndroidTargetPlatform
[2016.01.28-11.33.13:778][  0]LogTemp:Display: Loaded TP Android_ASTCTargetPlatform
[2016.01.28-11.33.13:780][  0]LogTemp:Display: Loaded TP Android_ATCTargetPlatform
[2016.01.28-11.33.13:783][  0]LogTemp:Display: Loaded TP Android_DXTTargetPlatform
[2016.01.28-11.33.13:786][  0]LogTemp:Display: Loaded TP Android_ETC1TargetPlatform
[2016.01.28-11.33.13:789][  0]LogTemp:Display: Loaded TP Android_ETC2TargetPlatform
[2016.01.28-11.33.13:795][  0]LogTemp:Display: Loaded TP Android_MultiTargetPlatform
[2016.01.28-11.33.13:795][  0]LogTemp:Display: Loaded TP Android_PVRTCTargetPlatform
[2016.01.28-11.33.13:795][  0]LogTemp:Display: Loaded TP HTML5TargetPlatform
[2016.01.28-11.33.13:811][  0]LogTemp:Display: Loaded TP IOSTargetPlatform
[2016.01.28-11.33.13:813][  0]LogTemp:Display: Loaded TP LinuxNoEditorTargetPlatform
[2016.01.28-11.33.13:816][  0]LogTemp:Display: Loaded TP LinuxServerTargetPlatform
[2016.01.28-11.33.13:819][  0]LogTemp:Display: Loaded TP LinuxTargetPlatform
[2016.01.28-11.33.13:819][  0]LogTargetPlatformManager:Display: Building Assets For Windows
[2016.01.28-11.33.13:887][  0]LogDerivedDataCache:Display: Max Cache Size: 512 MB
[2016.01.28-11.33.13:930][  0]LogDerivedDataCache: Loaded boot cache 0.04s 41MB C:/Users/chenxinghui/AppData/Local/UnrealEngine/4.10/DerivedDataCache/Boot.ddc.
[2016.01.28-11.33.13:930][  0]LogDerivedDataCache:Display: Loaded Boot cache: C:/Users/chenxinghui/AppData/Local/UnrealEngine/4.10/DerivedDataCache/Boot.ddc
[2016.01.28-11.33.13:930][  0]LogDerivedDataCache: FDerivedDataBackendGraph:  Pak pak cache file E:/Unreal Work Space/ExampleCollection10/DerivedDataCache/DDC.ddp not found, will not use a pak cache.
[2016.01.28-11.33.13:930][  0]LogDerivedDataCache: Unable to find inner node Pak for hierarchical cache Hierarchy.
[2016.01.28-11.33.13:930][  0]LogDerivedDataCache: FDerivedDataBackendGraph:  CompressedPak pak cache file E:/Unreal Work Space/ExampleCollection10/DerivedDataCache/Compressed.ddp not found, will not use a pak cache.
[2016.01.28-11.33.13:930][  0]LogDerivedDataCache: Unable to find inner node CompressedPak for hierarchical cache Hierarchy.
[2016.01.28-11.33.13:983][  0]LogDerivedDataCache:Display: Pak cache opened for reading ../../../Engine/DerivedDataCache/Compressed.ddp.
[2016.01.28-11.33.13:996][  0]LogDerivedDataCache: Using Local data cache path C:/Users/chenxinghui/AppData/Local/UnrealEngine/Common/DerivedDataCache: Writable
[2016.01.28-11.33.14:150][  0]LogInit: Selected Device Profile: [Windows]
[2016.01.28-11.33.14:151][  0]LogContentStreaming: Texture pool size is 0.000000MB
[2016.01.28-11.33.14:185][  0]LogMeshUtilities: No automatic mesh reduction module available
[2016.01.28-11.33.14:185][  0]LogMeshUtilities: No automatic mesh merging module available
[2016.01.28-11.33.14:491][  0]LogInit: WinSock: version 1.1 (2.2), MaxSocks=32767, MaxUdp=65467
[2016.01.28-11.33.15:127][  0]UdpMessaging: Initializing bridge on interface 0.0.0.0:0 to multicast group 230.0.0.1:6666.
[2016.01.28-11.33.15:232][  0]LogAssetRegistry: FAssetRegistry took 0.0103 seconds to start up
[2016.01.28-11.33.15:379][  0]SourceControl: Info Source control is disabled
[2016.01.28-11.33.15:379][  0]SourceControl: Info Source control is disabled
[2016.01.28-11.33.15:388][  0]SourceControl: Info Source control is disabled
[2016.01.28-11.33.15:396][  0]SourceControl: Info Source control is disabled
[2016.01.28-11.33.15:583][  0]LogObj: 28633 objects as part of root set at end of initial load.
[2016.01.28-11.33.15:583][  0]LogUObjectAllocator: 6099752 out of 0 bytes used by permanent object pool.
[2016.01.28-11.33.15:633][  0]LogEngine: Initializing Engine...
[2016.01.28-11.33.15:634][  0]LogHMD: Can't find Oculus library dev build: is proper Runtime installed? Version: 0.8.0.0
[2016.01.28-11.33.15:635][  0]LogHMD: SteamVR failed to initialize.  Err: 110
[2016.01.28-11.33.15:751][  0]LogAIModule: Creating AISystem for world NewWorld
[2016.01.28-11.33.15:765][  0]LogInit: XAudio2 using '扬声器 (Realtek High Definition Audio)' : 2 channels at 48 kHz using 32 bits per sample (channel mask 0x3)
[2016.01.28-11.33.15:894][  0]LogInit: FAudioDevice initialized.
[2016.01.28-11.33.15:920][  0]LogDerivedDataCache: Saved boot cache 0.03s 41MB C:/Users/chenxinghui/AppData/Local/UnrealEngine/4.10/DerivedDataCache/Boot.ddc.
[2016.01.28-11.33.15:926][  0]LogInit: Texture streaming: Enabled
[2016.01.28-11.33.15:931][  0]LogAnalytics: Creating configured Analytics provider AnalyticsET
[2016.01.28-11.33.15:931][  0]LogAnalytics: [UEEditor.Rocket.Release] APIServer = http://et2.epicgames.com/ET2/. AppVersion = 4.10.1-2791327+++depot+UE4-Releases+4.10
[2016.01.28-11.33.15:932][  0]LogAnalytics: [UEEditor.Rocket.Release] SetUserId fcc8beb743eb3f315b3205bc8f91fbb8|ecc15fb7c1f4439e807eef072eca5f98|c014cd18-b694-4710-a8b7-958888126c98
[2016.01.28-11.33.15:932][  0]LogAnalytics: [UEEditor.Rocket.Release] AnalyticsET::StartSession
[2016.01.28-11.33.15:981][  0]LogInit: Transaction tracking system initialized
[2016.01.28-11.33.16:006][  0]BlueprintLog: New page: Editor Load
[2016.01.28-11.33.16:074][  0]LocalizationService: Info Localization service is disabled
[2016.01.28-11.33.16:132][  0]LogConsoleResponse:Display: 
[2016.01.28-11.33.16:229][  0]LogCook:Display: Done creating registry. It took  0.00s.
[2016.01.28-11.33.16:274][  0]LogFileCache: Scanning file cache for directory 'E:/Unreal Work Space/ExampleCollection10/Content/' took 0.01s
[2016.01.28-11.33.16:274][  0]SourceControl: Info Source control is disabled
[2016.01.28-11.33.16:274][  0]Cmd: MAP LOAD FILE="E:/Unreal Work Space/ExampleCollection10/Content/My/TestMap/MatTestMap.umap" TEMPLATE=0 SHOWPROGRESS=1 FEATURELEVEL=3
[2016.01.28-11.33.16:274][  0]LightingResults: New page: Lighting Build
[2016.01.28-11.33.16:277][  0]MapCheck: New page: Map Check
[2016.01.28-11.33.16:277][  0]LightingResults: New page: Lighting Build
[2016.01.28-11.33.16:285][  0]LogParticles: Destroying 0 GPU particle simulations for FXSystem 0x0000000023972AC0
[2016.01.28-11.33.16:783][  0]LogAIModule: Creating AISystem for world MatTestMap
[2016.01.28-11.33.16:791][  0]LogEditorServer: Finished looking for orphan Actors (0.000 secs)
[2016.01.28-11.33.16:791][  0]Cmd: MAP CHECKDEP NOCLEARLOG
[2016.01.28-11.33.16:838][  0]MapCheck: Info Map check complete: 0 Error(s), 0 Warning(s), took 46.964ms to complete.
[2016.01.28-11.33.16:838][  0]LogFileHelpers: Loading map 'MatTestMap' took 0.565
[2016.01.28-11.33.16:959][  0]LogCollectionManager: Loaded 0 collections in 0.001796 seconds
[2016.01.28-11.33.16:992][  0]LogFileCache: Scanning file cache for directory 'E:/Unreal Work Space/ExampleCollection10/Saved/Collections/' took 0.01s
[2016.01.28-11.33.16:992][  0]LogFileCache: Scanning file cache for directory 'E:/Unreal Work Space/ExampleCollection10/Content/Developers/chenxinghui/Collections/' took 0.01s
[2016.01.28-11.33.16:992][  0]LogFileCache: Scanning file cache for directory 'E:/Unreal Work Space/ExampleCollection10/Content/Collections/' took 0.00s
[2016.01.28-11.33.16:992][  0]LogCollectionManager: Rebuilt the GUID cache for 0 collections in 0.000001 seconds
[2016.01.28-11.33.16:999][  0]LogContentBrowser: Native class hierarchy populated in 0.0062 seconds. Added 1893 classes and 338 folders.
[2016.01.28-11.33.17:007][  0]LogContentBrowser: Native class hierarchy updated for 'WidgetCarousel' in 0.0003 seconds. Added 0 classes and 0 folders.
[2016.01.28-11.33.17:045][  0]LogContentBrowser: Native class hierarchy updated for 'AddContentDialog' in 0.0003 seconds. Added 0 classes and 0 folders.
[2016.01.28-11.33.17:048][  0]LogContentBrowser: Native class hierarchy updated for 'SceneOutliner' in 0.0003 seconds. Added 1 classes and 2 folders.
[2016.01.28-11.33.17:066][  0]LogCrashTracker: Crashtracker disabled due to settings.
[2016.01.28-11.33.17:069][  0]LogUObjectGlobals:Warning: Failed to find object 'Class None.'
[2016.01.28-11.33.17:091][  0]LogLoad: Full Startup: 5.19 seconds (BP compile: 0.03 seconds)
[2016.01.28-11.33.17:103][  0]LogOcInput: Can't find Oculus library dev build: is proper Runtime installed? Version: 0.8.0.0
[2016.01.28-11.33.17:147][  0]LogContentStreaming: Texture pool size now 1000 MB
[2016.01.28-11.33.17:277][  0]LogRenderer: Reallocating scene render targets to support 824x552 (Frame:2).
[2016.01.28-11.33.17:459][  3]LogAssetRegistry: Asset discovery search completed in 2.2369 seconds
[2016.01.28-11.33.17:459][  3]LogCollectionManager: Rebuilt the object cache for 0 collections in 0.000001 seconds (found 0 objects)
[2016.01.28-11.33.17:459][  3]LogCollectionManager: Fixed up redirectors for 0 collections in 0.000017 seconds (updated 0 objects)
[2016.01.28-11.33.19:730][208]LogEditorViewport: Clicking on Actor (LMB): Emitter (VF_Test)
[2016.01.28-11.33.20:841][315]Cmd: DELETE
[2016.01.28-11.33.20:841][315]Cmd: ACTOR DELETE
[2016.01.28-11.33.20:846][315]LogEditorActor: Deleted Actor: Emitter
[2016.01.28-11.33.20:863][315]LogEditorActor: Deleted 1 Actors (0.022 secs)
[2016.01.28-11.33.26:069][907]LogEditorViewport: Clicking on Actor (LMB): Emitter (P_WaterFallSplash)
[2016.01.28-11.33.27:078][  2]LogContentBrowser: Native class hierarchy updated for 'Cascade' in 0.0004 seconds. Added 2 classes and 2 folders.
[2016.01.28-11.34.01:824][114]LogEditorViewport: Clicking on Actor (LMB): Emitter (P_WaterFall)
[2016.01.28-11.34.13:442][ 80]LogEditorViewport: Clicking on Actor (LMB): Emitter (P_WaterFallSplash)
[2016.01.28-11.34.38:829][226]LogCascade: Non-seeded module ParticleModuleAccelerationConstant
[2016.01.28-11.35.10:012][904]LogEditorViewport: Clicking on Actor (LMB): Emitter (P_WaterFallSplash)
[2016.01.28-11.35.10:420][928]LogEditorViewport: Clicking on Actor (LMB): StaticMeshActor (Floor)
[2016.01.28-11.35.31:325][679]Cmd: OBJ SAVEPACKAGE PACKAGE="/Game/My/TestMap/MatTestMap" FILE="E:/Unreal Work Space/ExampleCollection10/Content/My/TestMap/MatTestMap.umap" SILENT=true AUTOSAVING=false KEEPDIRTY=false
[2016.01.28-11.35.31:588][679]LogSavePackage: Save=203.843597ms
[2016.01.28-11.35.31:589][679]LogSavePackage: Moving 'E:/Unreal Work Space/ExampleCollection10/Saved/MatTestMap8029852B4682794D0EACCD979A097A3D.tmp' to 'E:/Unreal Work Space/ExampleCollection10/Content/My/TestMap/MatTestMap.umap'
[2016.01.28-11.35.31:592][679]LogSavePackage: Total save time: 255.307566ms
[2016.01.28-11.35.31:592][679]LogSavePackage:Display: Finished SavePackage E:/Unreal Work Space/ExampleCollection10/Content/My/TestMap/MatTestMap.umap
[2016.01.28-11.35.31:623][679]LogFileHelpers: Saving map 'MatTestMap' took 0.352
[2016.01.28-11.35.31:666][679]LogSavePackage: Save=8.096704ms
[2016.01.28-11.35.31:666][679]LogSavePackage: Moving 'E:/Unreal Work Space/ExampleCollection10/Saved/P_WaterFallSplash547AF8874AD403EE9218DE815CBF9664.tmp' to 'E:/Unreal Work Space/ExampleCollection10/Content/My/ExampleCollection/MatCollection/Environment/WaterFall/P_WaterFallSplash.uasset'
[2016.01.28-11.35.31:670][679]LogSavePackage: Total save time: 32.696009ms
[2016.01.28-11.35.31:670][679]LogSavePackage:Display: Finished SavePackage E:/Unreal Work Space/ExampleCollection10/Content/My/ExampleCollection/MatCollection/Environment/WaterFall/P_WaterFallSplash.uasset
[2016.01.28-11.37.43:213][419]LogCascade: Quitting Cascade. FXSystem=0x000000001EE7BEC0
[2016.01.28-11.37.44:616][573]LogParticles: Destroying 0 GPU particle simulations for FXSystem 0x000000001EE7BEC0
[2016.01.28-11.37.44:882][574]Cmd: QUIT_EDITOR
[2016.01.28-11.37.45:006][574]LogExit: Preparing to exit.
[2016.01.28-11.37.45:369][574]LogExit: Editor shut down
[2016.01.28-11.37.45:369][574]LogExit: Transaction tracking system shut down
[2016.01.28-11.37.45:371][574]LogParticles: Destroying 0 GPU particle simulations for FXSystem 0x000000002B1BF6A0
[2016.01.28-11.37.45:371][574]LogParticles: Destroying 0 GPU particle simulations for FXSystem 0x000000002866F880
[2016.01.28-11.37.45:371][574]LogParticles: Destroying 0 GPU particle simulations for FXSystem 0x000000001EEB53A0
[2016.01.28-11.37.45:372][574]LogParticles: Destroying 0 GPU particle simulations for FXSystem 0x000000001EEB4FE0
[2016.01.28-11.37.45:372][574]LogParticles: Destroying 0 GPU particle simulations for FXSystem 0x00000000286EB6A0
[2016.01.28-11.37.45:492][574]LogExit: Object subsystem successfully closed.
[2016.01.28-11.37.45:507][574]LogD3D11RHI: Shutdown
[2016.01.28-11.37.45:507][574]LogD3D11RHI: CleanupD3DDevice
[2016.01.28-11.37.45:564][574]LogD3D11RHI: ~FD3D11DynamicRHI
[2016.01.28-11.37.45:574][574]LogModuleManager: Shutting down and abandoning module CookingStats (201)
[2016.01.28-11.37.45:574][574]LogModuleManager: Shutting down and abandoning module DistCurveEditor (200)
[2016.01.28-11.37.45:574][574]LogModuleManager: Shutting down and abandoning module Cascade (199)
[2016.01.28-11.37.45:574][574]LogModuleManager: Shutting down and abandoning module CrashTracker (198)
[2016.01.28-11.37.45:574][574]LogModuleManager: Shutting down and abandoning module SceneOutliner (197)
[2016.01.28-11.37.45:574][574]LogModuleManager: Shutting down and abandoning module SuperSearch (196)
[2016.01.28-11.37.45:574][574]LogModuleManager: Shutting down and abandoning module WidgetCarousel (195)
[2016.01.28-11.37.45:574][574]LogModuleManager: Shutting down and abandoning module AddContentDialog (194)
[2016.01.28-11.37.45:575][574]LogModuleManager: Shutting down and abandoning module EditorWidgets (193)
[2016.01.28-11.37.45:575][574]LogModuleManager: Shutting down and abandoning module CollectionManager (192)
[2016.01.28-11.37.45:575][574]LogModuleManager: Shutting down and abandoning module StatsViewer (191)
[2016.01.28-11.37.45:575][574]LogModuleManager: Shutting down and abandoning module FoliageEdit (190)
[2016.01.28-11.37.45:575][574]LogModuleManager: Shutting down and abandoning module LandscapeEditor (189)
[2016.01.28-11.37.45:576][574]LogModuleManager: Shutting down and abandoning module ActorPickerMode (188)
[2016.01.28-11.37.45:576][574]LogModuleManager: Shutting down and abandoning module GeometryMode (187)
[2016.01.28-11.37.45:576][574]LogModuleManager: Shutting down and abandoning module TextureAlignMode (186)
[2016.01.28-11.37.45:576][574]LogModuleManager: Shutting down and abandoning module BspMode (185)
[2016.01.28-11.37.45:576][574]LogModuleManager: Shutting down and abandoning module PlacementMode (184)
[2016.01.28-11.37.45:576][574]LogModuleManager: Shutting down and abandoning module AutomationWorker (183)
[2016.01.28-11.37.45:576][574]LogModuleManager: Shutting down and abandoning module CharacterAI (182)
[2016.01.28-11.37.45:576][574]LogModuleManager: Shutting down and abandoning module SmartSnapping (181)
[2016.01.28-11.37.45:576][574]LogModuleManager: Shutting down and abandoning module ViewportSnapping (180)
[2016.01.28-11.37.45:576][574]LogModuleManager: Shutting down and abandoning module LogVisualizer (179)
[2016.01.28-11.37.45:576][574]LogModuleManager: Shutting down and abandoning module GameProjectGeneration (178)
[2016.01.28-11.37.45:576][574]LogModuleManager: Shutting down and abandoning module IntroTutorials (177)
[2016.01.28-11.37.45:576][574]LogModuleManager: Shutting down and abandoning module EditorLiveStreaming (176)
[2016.01.28-11.37.45:576][574]LogModuleManager: Shutting down and abandoning module IOSPlatformEditor (175)
[2016.01.28-11.37.45:576][574]LogModuleManager: Shutting down and abandoning module HTML5PlatformEditor (174)
[2016.01.28-11.37.45:576][574]LogModuleManager: Shutting down and abandoning module AndroidDeviceDetection (173)
[2016.01.28-11.37.46:213][574]LogModuleManager: Shutting down and abandoning module AndroidPlatformEditor (172)
[2016.01.28-11.37.46:213][574]LogModuleManager: Shutting down and abandoning module IOSRuntimeSettings (171)
[2016.01.28-11.37.46:213][574]LogModuleManager: Shutting down and abandoning module AndroidRuntimeSettings (170)
[2016.01.28-11.37.46:213][574]LogModuleManager: Shutting down and abandoning module MergeActors (169)
[2016.01.28-11.37.46:213][574]LogModuleManager: Shutting down and abandoning module SizeMap (168)
[2016.01.28-11.37.46:213][574]LogModuleManager: Shutting down and abandoning module TreeMap (167)
[2016.01.28-11.37.46:213][574]LogModuleManager: Shutting down and abandoning module ReferenceViewer (166)
[2016.01.28-11.37.46:213][574]LogModuleManager: Shutting down and abandoning module LocalizationService (165)
[2016.01.28-11.37.46:213][574]LogModuleManager: Shutting down and abandoning module LocalizationDashboard (164)
[2016.01.28-11.37.46:214][574]LogModuleManager: Shutting down and abandoning module HardwareTargeting (163)
[2016.01.28-11.37.46:214][574]LogModuleManager: Shutting down and abandoning module DeviceProfileEditor (162)
[2016.01.28-11.37.46:214][574]LogModuleManager: Shutting down and abandoning module UndoHistory (161)
[2016.01.28-11.37.46:214][574]LogModuleManager: Shutting down and abandoning module GameplayTagsEditor (160)
[2016.01.28-11.37.46:214][574]LogModuleManager: Shutting down and abandoning module UserFeedback (159)
[2016.01.28-11.37.46:214][574]LogModuleManager: Shutting down and abandoning module XmlParser (158)
[2016.01.28-11.37.46:214][574]LogModuleManager: Shutting down and abandoning module Blutility (157)
[2016.01.28-11.37.46:214][574]LogModuleManager: Shutting down and abandoning module ProjectTargetPlatformEditor (156)
[2016.01.28-11.37.46:214][574]LogModuleManager: Shutting down and abandoning module ProjectSettingsViewer (155)
[2016.01.28-11.37.46:214][574]LogModuleManager: Shutting down and abandoning module InputBindingEditor (154)
[2016.01.28-11.37.46:214][574]LogModuleManager: Shutting down and abandoning module EditorSettingsViewer (153)
[2016.01.28-11.37.46:214][574]LogModuleManager: Shutting down and abandoning module SettingsEditor (152)
[2016.01.28-11.37.46:214][574]LogModuleManager: Shutting down and abandoning module ProjectLauncher (151)
[2016.01.28-11.37.46:214][574]LogModuleManager: Shutting down and abandoning module SessionFrontend (150)
[2016.01.28-11.37.46:214][574]LogModuleManager: Shutting down and abandoning module ProfilerClient (149)
[2016.01.28-11.37.46:214][574]LogModuleManager: Shutting down and abandoning module TargetDeviceServices (148)
[2016.01.28-11.37.46:214][574]LogModuleManager: Shutting down and abandoning module DeviceManager (147)
[2016.01.28-11.37.46:215][574]LogModuleManager: Shutting down and abandoning module AutomationController (146)
[2016.01.28-11.37.46:215][574]LogModuleManager: Shutting down and abandoning module AutomationWindow (145)
[2016.01.28-11.37.46:215][574]LogModuleManager: Shutting down and abandoning module Layers (144)
[2016.01.28-11.37.46:215][574]LogModuleManager: Shutting down and abandoning module ComponentVisualizers (143)
[2016.01.28-11.37.46:215][574]LogModuleManager: Shutting down and abandoning module DetailCustomizations (142)
[2016.01.28-11.37.46:215][574]LogModuleManager: Shutting down and abandoning module PackagesDialog (141)
[2016.01.28-11.37.46:215][574]LogModuleManager: Shutting down and abandoning module Persona (140)
[2016.01.28-11.37.46:215][574]LogModuleManager: Shutting down and abandoning module Kismet (139)
[2016.01.28-11.37.46:215][574]LogModuleManager: Shutting down and abandoning module GraphEditor (138)
[2016.01.28-11.37.46:215][574]LogModuleManager: Shutting down and abandoning module ClassViewer (137)
[2016.01.28-11.37.46:215][574]LogModuleManager: Shutting down and abandoning module Toolbox (136)
[2016.01.28-11.37.46:215][574]LogModuleManager: Shutting down and abandoning module ModuleUI (135)
[2016.01.28-11.37.46:215][574]LogModuleManager: Shutting down and abandoning module MovieSceneTools (134)
[2016.01.28-11.37.46:215][574]LogModuleManager: Shutting down and abandoning module OutputLog (133)
[2016.01.28-11.37.46:215][574]LogModuleManager: Shutting down and abandoning module GammaUI (132)
[2016.01.28-11.37.46:215][574]LogModuleManager: Shutting down and abandoning module Documentation (131)
[2016.01.28-11.37.46:215][574]LogModuleManager: Shutting down and abandoning module GameLiveStreaming (130)
[2016.01.28-11.37.46:216][574]LogModuleManager: Shutting down and abandoning module StreamingPauseRendering (129)
[2016.01.28-11.37.46:216][574]LogModuleManager: Shutting down and abandoning module AnalyticsET (128)
[2016.01.28-11.37.46:216][574]LogModuleManager: Shutting down and abandoning module Analytics (127)
[2016.01.28-11.37.46:216][574]LogModuleManager: Shutting down and abandoning module AITestSuite (126)
[2016.01.28-11.37.46:216][574]LogModuleManager: Shutting down and abandoning module GameplayDebugger (125)
[2016.01.28-11.37.46:216][574]LogModuleManager: Shutting down and abandoning module AIModule (124)
[2016.01.28-11.37.46:216][574]LogModuleManager: Shutting down and abandoning module ProfilerService (123)
[2016.01.28-11.37.46:233][574]LogModuleManager: Shutting down and abandoning module TaskGraph (122)
[2016.01.28-11.37.46:233][574]LogModuleManager: Shutting down and abandoning module SlateRemote (121)
[2016.01.28-11.37.46:233][574]LogModuleManager: Shutting down and abandoning module SteamVRController (120)
[2016.01.28-11.37.46:233][574]LogModuleManager: Shutting down and abandoning module SteamVR (119)
[2016.01.28-11.37.46:233][574]LogModuleManager: Shutting down and abandoning module ProceduralMeshComponent (118)
[2016.01.28-11.37.46:233][574]LogModuleManager: Shutting down and abandoning module OculusLibrary (117)
[2016.01.28-11.37.46:233][574]LogModuleManager: Shutting down and abandoning module OculusInput (116)
[2016.01.28-11.37.46:233][574]LogModuleManager: Shutting down and abandoning module LeapMotionController (115)
[2016.01.28-11.37.46:252][574]LogModuleManager: Shutting down and abandoning module CustomMeshComponent (114)
[2016.01.28-11.37.46:252][574]LogModuleManager: Shutting down and abandoning module CableComponent (113)
[2016.01.28-11.37.46:252][574]LogModuleManager: Shutting down and abandoning module ArchVisCharacter (112)
[2016.01.28-11.37.46:252][574]LogModuleManager: Shutting down and abandoning module MessagingDebugger (111)
[2016.01.28-11.37.46:252][574]LogModuleManager: Shutting down and abandoning module MediaPlayerEditor (110)
[2016.01.28-11.37.46:252][574]LogModuleManager: Shutting down and abandoning module HTML5Networking (109)
[2016.01.28-11.37.46:252][574]LogModuleManager: Shutting down and abandoning module SpeedTreeImporter (108)
[2016.01.28-11.37.46:252][574]LogModuleManager: Shutting down and abandoning module PluginBrowser (107)
[2016.01.28-11.37.46:252][574]LogModuleManager: Shutting down and abandoning module EpicSurvey (106)
[2016.01.28-11.37.46:252][574]LogModuleManager: Shutting down and abandoning module DesktopPlatform (105)
[2016.01.28-11.37.46:252][574]LogModuleManager: Shutting down and abandoning module VisualStudioSourceCodeAccess (104)
[2016.01.28-11.37.46:252][574]LogModuleManager: Shutting down and abandoning module UObjectPlugin (103)
[2016.01.28-11.37.46:252][574]LogModuleManager: Shutting down and abandoning module SubversionSourceControl (102)
[2016.01.28-11.37.46:252][574]LogModuleManager: Shutting down and abandoning module PerforceSourceControl (101)
[2016.01.28-11.37.46:252][574]LogModuleManager: Shutting down and abandoning module SourceControl (100)
[2016.01.28-11.37.46:252][574]LogModuleManager: Shutting down and abandoning module GitSourceControl (99)
[2016.01.28-11.37.46:252][574]LogModuleManager: Shutting down and abandoning module LightPropagationVolumeEditor (98)
[2016.01.28-11.37.46:252][574]LogModuleManager: Shutting down and abandoning module PaperTiledImporter (97)
[2016.01.28-11.37.46:252][574]LogModuleManager: Shutting down and abandoning module PaperSpriteSheetImporter (96)
[2016.01.28-11.37.46:253][574]LogModuleManager: Shutting down and abandoning module MeshPaint (95)
[2016.01.28-11.37.46:253][574]LogModuleManager: Shutting down and abandoning module SlateReflector (94)
[2016.01.28-11.37.46:253][574]LogModuleManager: Shutting down and abandoning module HotReload (93)
[2016.01.28-11.37.46:253][574]LogModuleManager: Shutting down and abandoning module MainFrame (92)
[2016.01.28-11.37.46:253][574]LogModuleManager: Shutting down and abandoning module LevelEditor (91)
[2016.01.28-11.37.46:254][574]LogModuleManager: Shutting down and abandoning module DirectoryWatcher (90)
[2016.01.28-11.37.46:255][574]LogModuleManager: Shutting down and abandoning module AssetRegistry (89)
[2016.01.28-11.37.46:357][574]LogModuleManager: Shutting down and abandoning module ContentBrowser (88)
[2016.01.28-11.37.46:358][574]LogModuleManager: Shutting down and abandoning module Paper2DEditor (87)
[2016.01.28-11.37.46:358][574]LogModuleManager: Shutting down and abandoning module UdpMessaging (86)
[2016.01.28-11.37.46:459][574]LogModuleManager: Shutting down and abandoning module LightPropagationVolumeRuntime (85)
[2016.01.28-11.37.46:459][574]LogModuleManager: Shutting down and abandoning module Paper2D (84)
[2016.01.28-11.37.46:459][574]LogModuleManager: Shutting down and abandoning module WindowsMoviePlayer (83)
[2016.01.28-11.37.46:471][574]LogModuleManager: Shutting down and abandoning module Media (82)
[2016.01.28-11.37.46:471][574]LogModuleManager: Shutting down and abandoning module WmfMedia (81)
[2016.01.28-11.37.46:472][574]LogModuleManager: Shutting down and abandoning module OnlineBlueprintSupport (80)
[2016.01.28-11.37.46:472][574]LogModuleManager: Shutting down and abandoning module GameplayTasksEditor (79)
[2016.01.28-11.37.46:472][574]LogModuleManager: Shutting down and abandoning module PropertyEditor (78)
[2016.01.28-11.37.46:472][574]LogModuleManager: Shutting down and abandoning module BehaviorTreeEditor (77)
[2016.01.28-11.37.46:472][574]LogModuleManager: Shutting down and abandoning module FunctionalTesting (76)
[2016.01.28-11.37.46:472][574]LogModuleManager: Shutting down and abandoning module CollisionAnalyzer (75)
[2016.01.28-11.37.46:472][574]LogModuleManager: Shutting down and abandoning module WorkspaceMenuStructure (74)
[2016.01.28-11.37.46:472][574]LogModuleManager: Shutting down and abandoning module MessageLog (73)
[2016.01.28-11.37.46:472][574]LogModuleManager: Shutting down and abandoning module Sequencer (72)
[2016.01.28-11.37.46:473][574]LogModuleManager: Shutting down and abandoning module AssetTools (71)
[2016.01.28-11.37.46:473][574]LogModuleManager: Shutting down and abandoning module UMGEditor (70)
[2016.01.28-11.37.46:473][574]LogModuleManager: Shutting down and abandoning module UMG (69)
[2016.01.28-11.37.46:473][574]LogModuleManager: Shutting down and abandoning module Slate (68)
[2016.01.28-11.37.46:473][574]LogModuleManager: Shutting down and abandoning module EditorStyle (67)
[2016.01.28-11.37.46:478][574]LogModuleManager: Shutting down and abandoning module SessionServices (66)
[2016.01.28-11.37.46:478][574]LogModuleManager: Shutting down and abandoning module SourceCodeAccess (65)
[2016.01.28-11.37.46:478][574]LogModuleManager: Shutting down and abandoning module HeadMountedDisplay (64)
[2016.01.28-11.37.46:478][574]LogModuleManager: Shutting down and abandoning module XAudio2 (63)
[2016.01.28-11.37.46:478][574]LogModuleManager: Shutting down and abandoning module Networking (61)
[2016.01.28-11.37.46:478][574]LogModuleManager: Shutting down and abandoning module Core (60)
[2016.01.28-11.37.46:478][574]LogModuleManager: Shutting down and abandoning module KismetCompiler (59)
[2016.01.28-11.37.46:478][574]LogModuleManager: Shutting down and abandoning module PhysXFormats (58)
[2016.01.28-11.37.46:478][574]LogModuleManager: Shutting down and abandoning module MeshUtilities (57)
[2016.01.28-11.37.46:478][574]LogModuleManager: Shutting down and abandoning module DerivedDataCache (56)
[2016.01.28-11.37.46:548][574]LogDerivedDataCache: Shutdown
[2016.01.28-11.37.46:548][574]LogModuleManager: Shutting down and abandoning module ShaderFormatOpenGL (55)
[2016.01.28-11.37.46:548][574]LogModuleManager: Shutting down and abandoning module ShaderFormatD3D (54)
[2016.01.28-11.37.46:548][574]LogModuleManager: Shutting down and abandoning module MetalShaderFormat (53)
[2016.01.28-11.37.46:548][574]LogModuleManager: Shutting down and abandoning module TextureFormatUncompressed (52)
[2016.01.28-11.37.46:549][574]LogModuleManager: Shutting down and abandoning module TextureFormatPVR (51)
[2016.01.28-11.37.46:549][574]LogModuleManager: Shutting down and abandoning module TextureFormatIntelISPCTexComp (50)
[2016.01.28-11.37.46:549][574]LogModuleManager: Shutting down and abandoning module TextureFormatDXT (49)
[2016.01.28-11.37.46:549][574]LogModuleManager: Shutting down and abandoning module ImageWrapper (48)
[2016.01.28-11.37.46:549][574]LogModuleManager: Shutting down and abandoning module TextureFormatASTC (47)
[2016.01.28-11.37.46:549][574]LogModuleManager: Shutting down and abandoning module TextureFormatAndroid (46)
[2016.01.28-11.37.46:549][574]LogModuleManager: Shutting down and abandoning module AudioFormatOpus (45)
[2016.01.28-11.37.46:549][574]LogModuleManager: Shutting down and abandoning module AudioFormatOgg (44)
[2016.01.28-11.37.46:549][574]LogModuleManager: Shutting down and abandoning module AudioFormatADPCM (43)
[2016.01.28-11.37.46:549][574]LogModuleManager: Shutting down and abandoning module LinuxTargetPlatform (42)
[2016.01.28-11.37.46:549][574]LogModuleManager: Shutting down and abandoning module LinuxServerTargetPlatform (41)
[2016.01.28-11.37.46:549][574]LogModuleManager: Shutting down and abandoning module LinuxNoEditorTargetPlatform (40)
[2016.01.28-11.37.46:549][574]LogModuleManager: Shutting down and abandoning module Messaging (39)
[2016.01.28-11.37.46:549][574]LogModuleManager: Shutting down and abandoning module IOSTargetPlatform (38)
[2016.01.28-11.37.46:549][574]LogModuleManager: Shutting down and abandoning module HTML5TargetPlatform (37)
[2016.01.28-11.37.46:549][574]LogModuleManager: Shutting down and abandoning module Android_PVRTCTargetPlatform (36)
[2016.01.28-11.37.46:549][574]LogModuleManager: Shutting down and abandoning module Android_MultiTargetPlatform (35)
[2016.01.28-11.37.46:549][574]LogModuleManager: Shutting down and abandoning module Android_ETC2TargetPlatform (34)
[2016.01.28-11.37.46:549][574]LogModuleManager: Shutting down and abandoning module Android_ETC1TargetPlatform (33)
[2016.01.28-11.37.46:549][574]LogModuleManager: Shutting down and abandoning module Android_DXTTargetPlatform (32)
[2016.01.28-11.37.46:549][574]LogModuleManager: Shutting down and abandoning module Android_ATCTargetPlatform (31)
[2016.01.28-11.37.46:549][574]LogModuleManager: Shutting down and abandoning module Android_ASTCTargetPlatform (30)
[2016.01.28-11.37.46:549][574]LogModuleManager: Shutting down and abandoning module AndroidTargetPlatform (29)
[2016.01.28-11.37.46:549][574]LogModuleManager: Shutting down and abandoning module WindowsTargetPlatform (28)
[2016.01.28-11.37.46:549][574]LogModuleManager: Shutting down and abandoning module WindowsServerTargetPlatform (27)
[2016.01.28-11.37.46:549][574]LogModuleManager: Shutting down and abandoning module WindowsNoEditorTargetPlatform (26)
[2016.01.28-11.37.46:549][574]LogModuleManager: Shutting down and abandoning module WindowsClientTargetPlatform (25)
[2016.01.28-11.37.46:549][574]LogModuleManager: Shutting down and abandoning module AllDesktopTargetPlatform (24)
[2016.01.28-11.37.46:549][574]LogModuleManager: Shutting down and abandoning module TargetPlatform (23)
[2016.01.28-11.37.46:549][574]LogModuleManager: Shutting down and abandoning module InputCore (22)
[2016.01.28-11.37.46:549][574]LogModuleManager: Shutting down and abandoning module Settings (21)
[2016.01.28-11.37.46:550][574]LogModuleManager: Shutting down and abandoning module OnlineSubsystem (19)
[2016.01.28-11.37.46:550][574]LogModuleManager: Shutting down and abandoning module HTTP (18)
[2016.01.28-11.37.48:551][574]LogModuleManager: Shutting down and abandoning module XMPP (17)
[2016.01.28-11.37.48:551][574]LogModuleManager: Shutting down and abandoning module OculusRift (16)
[2016.01.28-11.37.48:551][574]LogModuleManager: Shutting down and abandoning module ExampleDeviceProfileSelector (15)
[2016.01.28-11.37.48:551][574]LogModuleManager: Shutting down and abandoning module TextureCompressor (14)
[2016.01.28-11.37.48:551][574]LogModuleManager: Shutting down and abandoning module ShaderCore (13)
[2016.01.28-11.37.48:551][574]LogModuleManager: Shutting down and abandoning module Landscape (12)
[2016.01.28-11.37.48:552][574]LogModuleManager: Shutting down and abandoning module SlateRHIRenderer (11)
[2016.01.28-11.37.48:554][574]LogModuleManager: Shutting down and abandoning module OpenGLDrv (10)
[2016.01.28-11.37.48:554][574]LogModuleManager: Shutting down and abandoning module D3D11RHI (9)
[2016.01.28-11.37.48:554][574]LogModuleManager: Shutting down and abandoning module AnimGraphRuntime (8)
[2016.01.28-11.37.48:554][574]LogModuleManager: Shutting down and abandoning module Renderer (7)
[2016.01.28-11.37.48:554][574]LogModuleManager: Shutting down and abandoning module Engine (6)
[2016.01.28-11.37.48:554][574]LogModuleManager: Shutting down and abandoning module CoreUObject (5)
[2016.01.28-11.37.48:554][574]LogModuleManager: Shutting down and abandoning module NetworkFile (4)
[2016.01.28-11.37.48:554][574]LogModuleManager: Shutting down and abandoning module StreamingFile (3)
[2016.01.28-11.37.48:554][574]LogModuleManager: Shutting down and abandoning module SandboxFile (2)
[2016.01.28-11.37.48:554][574]LogModuleManager: Shutting down and abandoning module PakFile (1)
[2016.01.28-11.37.48:557][574]LogExit: Exiting.
[2016.01.28-11.37.48:560][574]Log file closed, 01/28/16 19:37:48
